Sun Dec  6 22:39:48 2020: Server was asked to start on port: '36705'
Sun Dec  6 22:39:48 2020: Server is using token UUID: '853fad86-4cd2-4370-a225-d4bebd944750'
Sun Dec  6 22:39:48 2020: SESSION_MGR: creating session with session uuid: '6d04a3e9-ade5-4ab9-8d63-1f78fcd2ec76' and name 'default'
Sun Dec  6 22:39:48 2020: Attempting to start server on port '36705'
Sun Dec  6 22:39:48 2020: XCD main fifo: created main fifo '/tmp/xcdmain853fad86-4cd2-4370-a225-d4bebd944750', fd read = 12
Sun Dec  6 22:39:48 2020: Running Dispatch Server
Sun Dec  6 22:39:48 2020: Version 2.1.0
Sun Dec  6 22:39:57 2020: Dispatch Server: Accepted socket connection from client
Sun Dec  6 22:39:57 2020: EXCHANGE_TOKEN received, server token: 853fad86-4cd2-4370-a225-d4bebd944750, passed token: 853fad86-4cd2-4370-a225-d4bebd944750
Sun Dec  6 22:39:57 2020: SESSION_MGR: creating session with session uuid: '60126e2b-ca05-41f7-8418-79296e7f73e2' and name 'v++_link_vadd_hw'
Sun Dec  6 22:39:57 2020: GUIDANCE_SMGR: creating guidance session with uuid: '60126e2b-ca05-41f7-8418-79296e7f73e2' and name 'v++_link_vadd_hw'
Sun Dec  6 22:40:23 2020: Dispatch Server: Accepted socket connection from client
Sun Dec  6 22:40:44 2020: Dispatch Server: Accepted socket connection from client
Sun Dec  6 22:44:50 2020: Dispatch Server: Accepted socket connection from client
Sun Dec  6 22:44:50 2020: Dispatch Server: Accepted socket connection from client
Sun Dec  6 22:47:26 2020: Dispatch Server: Accepted socket connection from client
Sun Dec  6 22:49:13 2020: Dispatch Server: Accepted socket connection from client
Sun Dec  6 22:51:12 2020: Dispatch Server: Accepted socket connection from client
Sun Dec  6 22:57:14 2020: Entering handleUtilizationDuringVivadoRunRequest
Sun Dec  6 22:57:14 2020: Leaving handleUtilizationDuringVivadoRunRequest
Sun Dec  6 23:25:38 2020: Entering handleUtilizationDuringVivadoRunRequest
Sun Dec  6 23:25:38 2020: Leaving handleUtilizationDuringVivadoRunRequest
Sun Dec  6 23:43:44 2020: Entering handleUtilizationDuringVivadoRunRequest
Sun Dec  6 23:43:44 2020: Leaving handleUtilizationDuringVivadoRunRequest
Sun Dec  6 23:55:04 2020: SESSION_MGR: closing session for UUID '60126e2b-ca05-41f7-8418-79296e7f73e2' with name 'v++_link_vadd_hw'
Sun Dec  6 23:55:04 2020: GUIDANCE_SMGR: closing session for UUID '60126e2b-ca05-41f7-8418-79296e7f73e2' with name 'v++_link_vadd_hw'
