
*** Running vivado
    with args -log bd_85ad_axi_apb_bridge_inst_0.vds -m64 -product Vivado -mode batch -messageDb vivado.pb -notrace -source bd_85ad_axi_apb_bridge_inst_0.tcl


****** Vivado v2020.2 (64-bit)
  **** SW Build 3064766 on Wed Nov 18 09:12:47 MST 2020
  **** IP Build 3064653 on Wed Nov 18 14:17:31 MST 2020
    ** Copyright 1986-2020 Xilinx, Inc. All Rights Reserved.

Sourcing tcl script '/home/ravic/.Xilinx/Vivado/Vivado_init.tcl'
54 Beta devices matching pattern found, 54 enabled.
enable_beta_device: Time (s): cpu = 00:00:05 ; elapsed = 00:00:08 . Memory (MB): peak = 2517.945 ; gain = 10.023 ; free physical = 20825 ; free virtual = 167702
0 Beta devices matching pattern found, 0 enabled.
0 Beta devices matching pattern found, 0 enabled.
0 Beta devices matching pattern found, 0 enabled.
0 Beta devices matching pattern found, 0 enabled.
0 Beta devices matching pattern found, 0 enabled.
source bd_85ad_axi_apb_bridge_inst_0.tcl -notrace
INFO: Dispatch client connection id - 37870
INFO: [IP_Flow 19-234] Refreshing IP repositories
INFO: [IP_Flow 19-1700] Loaded user IP repository '/wrk/xsjhdnobkup5/ravic/work/PORT_test1/build/HBM_banksall/temp_dir/link/int/xo/ip_repo/xilinx_com_hls_vadd_1_0'.
INFO: [IP_Flow 19-1700] Loaded user IP repository '/proj/xbuilds/2020.2_daily_latest/internal_platforms/xilinx_u50_gen3x16_xdma_201920_3/hw/xsa/iprepo'.
INFO: [IP_Flow 19-1700] Loaded user IP repository '/proj/xbuilds/SWIP/2020.2_1118_1232/installs/lin64/Vitis/2020.2/data/cache/xilinx'.
INFO: [IP_Flow 19-1700] Loaded user IP repository '/proj/xbuilds/2020.2_daily_latest/internal_platforms/xilinx_u50_gen3x16_xdma_201920_3/hw/xsa/ipcache'.
INFO: [IP_Flow 19-1700] Loaded user IP repository '/proj/xbuilds/SWIP/2020.2_1118_1232/installs/lin64/Vitis/2020.2/data/ip'.
INFO: [IP_Flow 19-2313] Loaded Vivado IP repository '/proj/xbuilds/SWIP/2020.2_1118_1232/installs/lin64/Vivado/2020.2/data/ip'.
WARNING: [IP_Flow 19-1663] Duplicate IP found for 'xilinx.com:ip:axi_clk_metadata_adapter:1.0'. The one found in IP location '/proj/xbuilds/2020.2_daily_latest/internal_platforms/xilinx_u50_gen3x16_xdma_201920_3/hw/xsa/iprepo/ipdefs/ii_infra_ipdefs/axi_clk_metadata_adapter_v1_0' will take precedence over the same IP in location /proj/xbuilds/2020.2_daily_latest/internal_platforms/xilinx_u50_gen3x16_xdma_201920_3/hw/xsa/iprepo/ipdefs/other_ipdefs/axi_clk_metadata_adapter_v1_0
WARNING: [IP_Flow 19-1663] Duplicate IP found for 'xilinx.com:ip:axis_clk_metadata_adapter:1.0'. The one found in IP location '/proj/xbuilds/2020.2_daily_latest/internal_platforms/xilinx_u50_gen3x16_xdma_201920_3/hw/xsa/iprepo/ipdefs/ii_infra_ipdefs/axis_clk_metadata_adapter_v1_0' will take precedence over the same IP in location /proj/xbuilds/2020.2_daily_latest/internal_platforms/xilinx_u50_gen3x16_xdma_201920_3/hw/xsa/iprepo/ipdefs/other_ipdefs/axis_clk_metadata_adapter_v1_0
WARNING: [IP_Flow 19-1663] Duplicate IP found for 'xilinx.com:ip:clk_metadata_adapter:1.0'. The one found in IP location '/proj/xbuilds/2020.2_daily_latest/internal_platforms/xilinx_u50_gen3x16_xdma_201920_3/hw/xsa/iprepo/ipdefs/ii_infra_ipdefs/clk_metadata_adapter_v1_0' will take precedence over the same IP in location /proj/xbuilds/2020.2_daily_latest/internal_platforms/xilinx_u50_gen3x16_xdma_201920_3/hw/xsa/iprepo/ipdefs/other_ipdefs/clk_metadata_adapter_v1_0
WARNING: [IP_Flow 19-1663] Duplicate IP found for 'xilinx.com:ip:shell_utils_build_info:1.0'. The one found in IP location '/proj/xbuilds/2020.2_daily_latest/internal_platforms/xilinx_u50_gen3x16_xdma_201920_3/hw/xsa/iprepo/ipdefs/other_ipdefs/shell_utils_build_info_v1_0' will take precedence over the same IP in the Xilinx installed IP.
update_ip_catalog: Time (s): cpu = 00:00:03 ; elapsed = 00:00:08 . Memory (MB): peak = 2536.203 ; gain = 0.000 ; free physical = 20338 ; free virtual = 167215
Command: synth_design -top bd_85ad_axi_apb_bridge_inst_0 -part xcu50-fsvh2104-2-e -mode out_of_context
Starting synth_design
Attempting to get a license for feature 'Synthesis' and/or device 'xcu50'
INFO: [Common 17-349] Got license for feature 'Synthesis' and/or device 'xcu50'
INFO: [Device 21-403] Loading part xcu50-fsvh2104-2-e
INFO: [Synth 8-7079] Multithreading enabled for synth_design using a maximum of 1 processes.
INFO: [Synth 8-7078] Launching helper process for spawning children vivado processes
INFO: [Synth 8-7075] Helper process launched with PID 12315
---------------------------------------------------------------------------------
Starting RTL Elaboration : Time (s): cpu = 00:00:04 ; elapsed = 00:00:05 . Memory (MB): peak = 3462.277 ; gain = 152.715 ; free physical = 9378 ; free virtual = 156255
---------------------------------------------------------------------------------
INFO: [Synth 8-638] synthesizing module 'bd_85ad_axi_apb_bridge_inst_0' [/wrk/xsjhdnobkup5/ravic/work/PORT_test1/build/HBM_banksall/temp_dir/link/vivado/vpl/prj/prj.gen/my_rm/bd/bd/ip/ulp_hmss_0_0/bd_0/ip/ip_8/synth/bd_85ad_axi_apb_bridge_inst_0.vhd:91]
	Parameter C_FAMILY bound to: virtexuplusHBM - type: string 
	Parameter C_INSTANCE bound to: axi_apb_bridge_inst - type: string 
	Parameter C_S_AXI_ADDR_WIDTH bound to: 23 - type: integer 
	Parameter C_S_AXI_DATA_WIDTH bound to: 32 - type: integer 
	Parameter C_M_APB_ADDR_WIDTH bound to: 23 - type: integer 
	Parameter C_M_APB_DATA_WIDTH bound to: 32 - type: integer 
	Parameter C_APB_NUM_SLAVES bound to: 2 - type: integer 
	Parameter C_M_APB_PROTOCOL bound to: apb3 - type: string 
	Parameter C_BASEADDR bound to: 64'b0000000000000000000000000000000000000000000000000000000000000000 
	Parameter C_HIGHADDR bound to: 64'b0000000000000000000000000000000000000000001111111111111111111111 
	Parameter C_S_AXI_RNG2_BASEADDR bound to: 64'b0000000000000000000000000000000000000000010000000000000000000000 
	Parameter C_S_AXI_RNG2_HIGHADDR bound to: 64'b0000000000000000000000000000000000000000011111111111111111111111 
	Parameter C_S_AXI_RNG3_BASEADDR bound to: 64'b0000000000000000000000000000000000100000000000000000000000000000 
	Parameter C_S_AXI_RNG3_HIGHADDR bound to: 64'b0000000000000000000000000000000000101111111111111111111111111111 
	Parameter C_S_AXI_RNG4_BASEADDR bound to: 64'b0000000000000000000000000000000000110000000000000000000000000000 
	Parameter C_S_AXI_RNG4_HIGHADDR bound to: 64'b0000000000000000000000000000000000111111111111111111111111111111 
	Parameter C_S_AXI_RNG5_BASEADDR bound to: 64'b0000000000000000000000000000000001000000000000000000000000000000 
	Parameter C_S_AXI_RNG5_HIGHADDR bound to: 64'b0000000000000000000000000000000001001111111111111111111111111111 
	Parameter C_S_AXI_RNG6_BASEADDR bound to: 64'b0000000000000000000000000000000001010000000000000000000000000000 
	Parameter C_S_AXI_RNG6_HIGHADDR bound to: 64'b0000000000000000000000000000000001011111111111111111111111111111 
	Parameter C_S_AXI_RNG7_BASEADDR bound to: 64'b0000000000000000000000000000000001100000000000000000000000000000 
	Parameter C_S_AXI_RNG7_HIGHADDR bound to: 64'b0000000000000000000000000000000001101111111111111111111111111111 
	Parameter C_S_AXI_RNG8_BASEADDR bound to: 64'b0000000000000000000000000000000001110000000000000000000000000000 
	Parameter C_S_AXI_RNG8_HIGHADDR bound to: 64'b0000000000000000000000000000000001111111111111111111111111111111 
	Parameter C_S_AXI_RNG9_BASEADDR bound to: 64'b0000000000000000000000000000000010000000000000000000000000000000 
	Parameter C_S_AXI_RNG9_HIGHADDR bound to: 64'b0000000000000000000000000000000010001111111111111111111111111111 
	Parameter C_S_AXI_RNG10_BASEADDR bound to: 64'b0000000000000000000000000000000010010000000000000000000000000000 
	Parameter C_S_AXI_RNG10_HIGHADDR bound to: 64'b0000000000000000000000000000000010011111111111111111111111111111 
	Parameter C_S_AXI_RNG11_BASEADDR bound to: 64'b0000000000000000000000000000000010100000000000000000000000000000 
	Parameter C_S_AXI_RNG11_HIGHADDR bound to: 64'b0000000000000000000000000000000010101111111111111111111111111111 
	Parameter C_S_AXI_RNG12_BASEADDR bound to: 64'b0000000000000000000000000000000010110000000000000000000000000000 
	Parameter C_S_AXI_RNG12_HIGHADDR bound to: 64'b0000000000000000000000000000000010111111111111111111111111111111 
	Parameter C_S_AXI_RNG13_BASEADDR bound to: 64'b0000000000000000000000000000000011000000000000000000000000000000 
	Parameter C_S_AXI_RNG13_HIGHADDR bound to: 64'b0000000000000000000000000000000011001111111111111111111111111111 
	Parameter C_S_AXI_RNG14_BASEADDR bound to: 64'b0000000000000000000000000000000011010000000000000000000000000000 
	Parameter C_S_AXI_RNG14_HIGHADDR bound to: 64'b0000000000000000000000000000000011011111111111111111111111111111 
	Parameter C_S_AXI_RNG15_BASEADDR bound to: 64'b0000000000000000000000000000000011100000000000000000000000000000 
	Parameter C_S_AXI_RNG15_HIGHADDR bound to: 64'b0000000000000000000000000000000011101111111111111111111111111111 
	Parameter C_S_AXI_RNG16_BASEADDR bound to: 64'b0000000000000000000000000000000011110000000000000000000000000000 
	Parameter C_S_AXI_RNG16_HIGHADDR bound to: 64'b0000000000000000000000000000000011111111111111111111111111111111 
	Parameter C_DPHASE_TIMEOUT bound to: 0 - type: integer 
INFO: [Synth 8-3491] module 'axi_apb_bridge' declared at '/wrk/xsjhdnobkup5/ravic/work/PORT_test1/build/HBM_banksall/temp_dir/link/vivado/vpl/prj/prj.gen/my_rm/bd/bd/ipshared/c0b5/hdl/axi_apb_bridge_v3_0_vh_rfs.vhd:7175' bound to instance 'U0' of component 'axi_apb_bridge' [/wrk/xsjhdnobkup5/ravic/work/PORT_test1/build/HBM_banksall/temp_dir/link/vivado/vpl/prj/prj.gen/my_rm/bd/bd/ip/ulp_hmss_0_0/bd_0/ip/ip_8/synth/bd_85ad_axi_apb_bridge_inst_0.vhd:230]
INFO: [Synth 8-638] synthesizing module 'axi_apb_bridge' [/wrk/xsjhdnobkup5/ravic/work/PORT_test1/build/HBM_banksall/temp_dir/link/vivado/vpl/prj/prj.gen/my_rm/bd/bd/ipshared/c0b5/hdl/axi_apb_bridge_v3_0_vh_rfs.vhd:7284]
	Parameter C_FAMILY bound to: virtexuplusHBM - type: string 
	Parameter C_INSTANCE bound to: axi_apb_bridge_inst - type: string 
	Parameter C_S_AXI_ADDR_WIDTH bound to: 23 - type: integer 
	Parameter C_S_AXI_DATA_WIDTH bound to: 32 - type: integer 
	Parameter C_M_APB_ADDR_WIDTH bound to: 23 - type: integer 
	Parameter C_M_APB_DATA_WIDTH bound to: 32 - type: integer 
	Parameter C_APB_NUM_SLAVES bound to: 2 - type: integer 
	Parameter C_M_APB_PROTOCOL bound to: apb3 - type: string 
	Parameter C_BASEADDR bound to: 64'b0000000000000000000000000000000000000000000000000000000000000000 
	Parameter C_HIGHADDR bound to: 64'b0000000000000000000000000000000000000000001111111111111111111111 
	Parameter C_S_AXI_RNG2_BASEADDR bound to: 64'b0000000000000000000000000000000000000000010000000000000000000000 
	Parameter C_S_AXI_RNG2_HIGHADDR bound to: 64'b0000000000000000000000000000000000000000011111111111111111111111 
	Parameter C_S_AXI_RNG3_BASEADDR bound to: 64'b0000000000000000000000000000000000100000000000000000000000000000 
	Parameter C_S_AXI_RNG3_HIGHADDR bound to: 64'b0000000000000000000000000000000000101111111111111111111111111111 
	Parameter C_S_AXI_RNG4_BASEADDR bound to: 64'b0000000000000000000000000000000000110000000000000000000000000000 
	Parameter C_S_AXI_RNG4_HIGHADDR bound to: 64'b0000000000000000000000000000000000111111111111111111111111111111 
	Parameter C_S_AXI_RNG5_BASEADDR bound to: 64'b0000000000000000000000000000000001000000000000000000000000000000 
	Parameter C_S_AXI_RNG5_HIGHADDR bound to: 64'b0000000000000000000000000000000001001111111111111111111111111111 
	Parameter C_S_AXI_RNG6_BASEADDR bound to: 64'b0000000000000000000000000000000001010000000000000000000000000000 
	Parameter C_S_AXI_RNG6_HIGHADDR bound to: 64'b0000000000000000000000000000000001011111111111111111111111111111 
	Parameter C_S_AXI_RNG7_BASEADDR bound to: 64'b0000000000000000000000000000000001100000000000000000000000000000 
	Parameter C_S_AXI_RNG7_HIGHADDR bound to: 64'b0000000000000000000000000000000001101111111111111111111111111111 
	Parameter C_S_AXI_RNG8_BASEADDR bound to: 64'b0000000000000000000000000000000001110000000000000000000000000000 
	Parameter C_S_AXI_RNG8_HIGHADDR bound to: 64'b0000000000000000000000000000000001111111111111111111111111111111 
	Parameter C_S_AXI_RNG9_BASEADDR bound to: 64'b0000000000000000000000000000000010000000000000000000000000000000 
	Parameter C_S_AXI_RNG9_HIGHADDR bound to: 64'b0000000000000000000000000000000010001111111111111111111111111111 
	Parameter C_S_AXI_RNG10_BASEADDR bound to: 64'b0000000000000000000000000000000010010000000000000000000000000000 
	Parameter C_S_AXI_RNG10_HIGHADDR bound to: 64'b0000000000000000000000000000000010011111111111111111111111111111 
	Parameter C_S_AXI_RNG11_BASEADDR bound to: 64'b0000000000000000000000000000000010100000000000000000000000000000 
	Parameter C_S_AXI_RNG11_HIGHADDR bound to: 64'b0000000000000000000000000000000010101111111111111111111111111111 
	Parameter C_S_AXI_RNG12_BASEADDR bound to: 64'b0000000000000000000000000000000010110000000000000000000000000000 
	Parameter C_S_AXI_RNG12_HIGHADDR bound to: 64'b0000000000000000000000000000000010111111111111111111111111111111 
	Parameter C_S_AXI_RNG13_BASEADDR bound to: 64'b0000000000000000000000000000000011000000000000000000000000000000 
	Parameter C_S_AXI_RNG13_HIGHADDR bound to: 64'b0000000000000000000000000000000011001111111111111111111111111111 
	Parameter C_S_AXI_RNG14_BASEADDR bound to: 64'b0000000000000000000000000000000011010000000000000000000000000000 
	Parameter C_S_AXI_RNG14_HIGHADDR bound to: 64'b0000000000000000000000000000000011011111111111111111111111111111 
	Parameter C_S_AXI_RNG15_BASEADDR bound to: 64'b0000000000000000000000000000000011100000000000000000000000000000 
	Parameter C_S_AXI_RNG15_HIGHADDR bound to: 64'b0000000000000000000000000000000011101111111111111111111111111111 
	Parameter C_S_AXI_RNG16_BASEADDR bound to: 64'b0000000000000000000000000000000011110000000000000000000000000000 
	Parameter C_S_AXI_RNG16_HIGHADDR bound to: 64'b0000000000000000000000000000000011111111111111111111111111111111 
	Parameter C_DPHASE_TIMEOUT bound to: 0 - type: integer 
INFO: [Synth 8-638] synthesizing module 'psel_decoder' [/wrk/xsjhdnobkup5/ravic/work/PORT_test1/build/HBM_banksall/temp_dir/link/vivado/vpl/prj/prj.gen/my_rm/bd/bd/ipshared/c0b5/hdl/axi_apb_bridge_v3_0_vh_rfs.vhd:564]
	Parameter C_FAMILY bound to: virtexuplusHBM - type: string 
	Parameter C_S_AXI_ADDR_WIDTH bound to: 23 - type: integer 
	Parameter C_APB_NUM_SLAVES bound to: 2 - type: integer 
	Parameter C_S_AXI_RNG1_BASEADDR bound to: 64'b0000000000000000000000000000000000000000000000000000000000000000 
	Parameter C_S_AXI_RNG1_HIGHADDR bound to: 64'b0000000000000000000000000000000000000000001111111111111111111111 
	Parameter C_S_AXI_RNG2_BASEADDR bound to: 64'b0000000000000000000000000000000000000000010000000000000000000000 
	Parameter C_S_AXI_RNG2_HIGHADDR bound to: 64'b0000000000000000000000000000000000000000011111111111111111111111 
	Parameter C_S_AXI_RNG3_BASEADDR bound to: 64'b0000000000000000000000000000000000100000000000000000000000000000 
	Parameter C_S_AXI_RNG3_HIGHADDR bound to: 64'b0000000000000000000000000000000000101111111111111111111111111111 
	Parameter C_S_AXI_RNG4_BASEADDR bound to: 64'b0000000000000000000000000000000000110000000000000000000000000000 
	Parameter C_S_AXI_RNG4_HIGHADDR bound to: 64'b0000000000000000000000000000000000111111111111111111111111111111 
	Parameter C_S_AXI_RNG5_BASEADDR bound to: 64'b0000000000000000000000000000000001000000000000000000000000000000 
	Parameter C_S_AXI_RNG5_HIGHADDR bound to: 64'b0000000000000000000000000000000001001111111111111111111111111111 
	Parameter C_S_AXI_RNG6_BASEADDR bound to: 64'b0000000000000000000000000000000001010000000000000000000000000000 
	Parameter C_S_AXI_RNG6_HIGHADDR bound to: 64'b0000000000000000000000000000000001011111111111111111111111111111 
	Parameter C_S_AXI_RNG7_BASEADDR bound to: 64'b0000000000000000000000000000000001100000000000000000000000000000 
	Parameter C_S_AXI_RNG7_HIGHADDR bound to: 64'b0000000000000000000000000000000001101111111111111111111111111111 
	Parameter C_S_AXI_RNG8_BASEADDR bound to: 64'b0000000000000000000000000000000001110000000000000000000000000000 
	Parameter C_S_AXI_RNG8_HIGHADDR bound to: 64'b0000000000000000000000000000000001111111111111111111111111111111 
	Parameter C_S_AXI_RNG9_BASEADDR bound to: 64'b0000000000000000000000000000000010000000000000000000000000000000 
	Parameter C_S_AXI_RNG9_HIGHADDR bound to: 64'b0000000000000000000000000000000010001111111111111111111111111111 
	Parameter C_S_AXI_RNG10_BASEADDR bound to: 64'b0000000000000000000000000000000010010000000000000000000000000000 
	Parameter C_S_AXI_RNG10_HIGHADDR bound to: 64'b0000000000000000000000000000000010011111111111111111111111111111 
	Parameter C_S_AXI_RNG11_BASEADDR bound to: 64'b0000000000000000000000000000000010100000000000000000000000000000 
	Parameter C_S_AXI_RNG11_HIGHADDR bound to: 64'b0000000000000000000000000000000010101111111111111111111111111111 
	Parameter C_S_AXI_RNG12_BASEADDR bound to: 64'b0000000000000000000000000000000010110000000000000000000000000000 
	Parameter C_S_AXI_RNG12_HIGHADDR bound to: 64'b0000000000000000000000000000000010111111111111111111111111111111 
	Parameter C_S_AXI_RNG13_BASEADDR bound to: 64'b0000000000000000000000000000000011000000000000000000000000000000 
	Parameter C_S_AXI_RNG13_HIGHADDR bound to: 64'b0000000000000000000000000000000011001111111111111111111111111111 
	Parameter C_S_AXI_RNG14_BASEADDR bound to: 64'b0000000000000000000000000000000011010000000000000000000000000000 
	Parameter C_S_AXI_RNG14_HIGHADDR bound to: 64'b0000000000000000000000000000000011011111111111111111111111111111 
	Parameter C_S_AXI_RNG15_BASEADDR bound to: 64'b0000000000000000000000000000000011100000000000000000000000000000 
	Parameter C_S_AXI_RNG15_HIGHADDR bound to: 64'b0000000000000000000000000000000011101111111111111111111111111111 
	Parameter C_S_AXI_RNG16_BASEADDR bound to: 64'b0000000000000000000000000000000011110000000000000000000000000000 
	Parameter C_S_AXI_RNG16_HIGHADDR bound to: 64'b0000000000000000000000000000000011111111111111111111111111111111 
INFO: [Synth 8-638] synthesizing module 'pselect_f' [/wrk/xsjhdnobkup5/ravic/work/PORT_test1/build/HBM_banksall/temp_dir/link/vivado/vpl/prj/prj.gen/my_rm/bd/bd/ipshared/c0b5/hdl/axi_apb_bridge_v3_0_vh_rfs.vhd:151]
	Parameter C_AB bound to: 1 - type: integer 
	Parameter C_AW bound to: 23 - type: integer 
	Parameter C_BAR bound to: 64'b0000000000000000000000000000000000000000000000000000000000000000 
	Parameter C_FAMILY bound to: virtexuplusHBM - type: string 
INFO: [Synth 8-256] done synthesizing module 'pselect_f' (1#1) [/wrk/xsjhdnobkup5/ravic/work/PORT_test1/build/HBM_banksall/temp_dir/link/vivado/vpl/prj/prj.gen/my_rm/bd/bd/ipshared/c0b5/hdl/axi_apb_bridge_v3_0_vh_rfs.vhd:151]
INFO: [Synth 8-638] synthesizing module 'pselect_f__parameterized0' [/wrk/xsjhdnobkup5/ravic/work/PORT_test1/build/HBM_banksall/temp_dir/link/vivado/vpl/prj/prj.gen/my_rm/bd/bd/ipshared/c0b5/hdl/axi_apb_bridge_v3_0_vh_rfs.vhd:151]
	Parameter C_AB bound to: 1 - type: integer 
	Parameter C_AW bound to: 23 - type: integer 
	Parameter C_BAR bound to: 64'b0000000000000000000000000000000000000000010000000000000000000000 
	Parameter C_FAMILY bound to: virtexuplusHBM - type: string 
INFO: [Synth 8-256] done synthesizing module 'pselect_f__parameterized0' (1#1) [/wrk/xsjhdnobkup5/ravic/work/PORT_test1/build/HBM_banksall/temp_dir/link/vivado/vpl/prj/prj.gen/my_rm/bd/bd/ipshared/c0b5/hdl/axi_apb_bridge_v3_0_vh_rfs.vhd:151]
INFO: [Synth 8-256] done synthesizing module 'psel_decoder' (2#1) [/wrk/xsjhdnobkup5/ravic/work/PORT_test1/build/HBM_banksall/temp_dir/link/vivado/vpl/prj/prj.gen/my_rm/bd/bd/ipshared/c0b5/hdl/axi_apb_bridge_v3_0_vh_rfs.vhd:564]
INFO: [Synth 8-638] synthesizing module 'multiplexor' [/wrk/xsjhdnobkup5/ravic/work/PORT_test1/build/HBM_banksall/temp_dir/link/vivado/vpl/prj/prj.gen/my_rm/bd/bd/ipshared/c0b5/hdl/axi_apb_bridge_v3_0_vh_rfs.vhd:4148]
	Parameter C_M_APB_DATA_WIDTH bound to: 32 - type: integer 
	Parameter C_APB_NUM_SLAVES bound to: 2 - type: integer 
INFO: [Synth 8-256] done synthesizing module 'multiplexor' (3#1) [/wrk/xsjhdnobkup5/ravic/work/PORT_test1/build/HBM_banksall/temp_dir/link/vivado/vpl/prj/prj.gen/my_rm/bd/bd/ipshared/c0b5/hdl/axi_apb_bridge_v3_0_vh_rfs.vhd:4148]
INFO: [Synth 8-638] synthesizing module 'axilite_sif' [/wrk/xsjhdnobkup5/ravic/work/PORT_test1/build/HBM_banksall/temp_dir/link/vivado/vpl/prj/prj.gen/my_rm/bd/bd/ipshared/c0b5/hdl/axi_apb_bridge_v3_0_vh_rfs.vhd:6098]
	Parameter C_FAMILY bound to: virtexuplusHBM - type: string 
	Parameter C_S_AXI_ADDR_WIDTH bound to: 23 - type: integer 
	Parameter C_S_AXI_DATA_WIDTH bound to: 32 - type: integer 
	Parameter C_DPHASE_TIMEOUT bound to: 0 - type: integer 
	Parameter C_M_APB_PROTOCOL bound to: apb3 - type: string 
INFO: [Synth 8-226] default block is never used [/wrk/xsjhdnobkup5/ravic/work/PORT_test1/build/HBM_banksall/temp_dir/link/vivado/vpl/prj/prj.gen/my_rm/bd/bd/ipshared/c0b5/hdl/axi_apb_bridge_v3_0_vh_rfs.vhd:6346]
INFO: [Synth 8-256] done synthesizing module 'axilite_sif' (4#1) [/wrk/xsjhdnobkup5/ravic/work/PORT_test1/build/HBM_banksall/temp_dir/link/vivado/vpl/prj/prj.gen/my_rm/bd/bd/ipshared/c0b5/hdl/axi_apb_bridge_v3_0_vh_rfs.vhd:6098]
INFO: [Synth 8-638] synthesizing module 'apb_mif' [/wrk/xsjhdnobkup5/ravic/work/PORT_test1/build/HBM_banksall/temp_dir/link/vivado/vpl/prj/prj.gen/my_rm/bd/bd/ipshared/c0b5/hdl/axi_apb_bridge_v3_0_vh_rfs.vhd:6674]
	Parameter C_M_APB_ADDR_WIDTH bound to: 23 - type: integer 
	Parameter C_M_APB_DATA_WIDTH bound to: 32 - type: integer 
	Parameter C_S_AXI_DATA_WIDTH bound to: 32 - type: integer 
	Parameter C_APB_NUM_SLAVES bound to: 2 - type: integer 
	Parameter C_M_APB_PROTOCOL bound to: apb3 - type: string 
INFO: [Synth 8-256] done synthesizing module 'apb_mif' (5#1) [/wrk/xsjhdnobkup5/ravic/work/PORT_test1/build/HBM_banksall/temp_dir/link/vivado/vpl/prj/prj.gen/my_rm/bd/bd/ipshared/c0b5/hdl/axi_apb_bridge_v3_0_vh_rfs.vhd:6674]
INFO: [Synth 8-256] done synthesizing module 'axi_apb_bridge' (6#1) [/wrk/xsjhdnobkup5/ravic/work/PORT_test1/build/HBM_banksall/temp_dir/link/vivado/vpl/prj/prj.gen/my_rm/bd/bd/ipshared/c0b5/hdl/axi_apb_bridge_v3_0_vh_rfs.vhd:7284]
INFO: [Synth 8-256] done synthesizing module 'bd_85ad_axi_apb_bridge_inst_0' (7#1) [/wrk/xsjhdnobkup5/ravic/work/PORT_test1/build/HBM_banksall/temp_dir/link/vivado/vpl/prj/prj.gen/my_rm/bd/bd/ip/ulp_hmss_0_0/bd_0/ip/ip_8/synth/bd_85ad_axi_apb_bridge_inst_0.vhd:91]
---------------------------------------------------------------------------------
Finished RTL Elaboration : Time (s): cpu = 00:00:05 ; elapsed = 00:00:06 . Memory (MB): peak = 3510.195 ; gain = 200.633 ; free physical = 12966 ; free virtual = 159844
---------------------------------------------------------------------------------
---------------------------------------------------------------------------------
Start Handling Custom Attributes
---------------------------------------------------------------------------------
---------------------------------------------------------------------------------
Finished Handling Custom Attributes : Time (s): cpu = 00:00:05 ; elapsed = 00:00:07 . Memory (MB): peak = 3528.031 ; gain = 218.469 ; free physical = 12941 ; free virtual = 159820
---------------------------------------------------------------------------------
---------------------------------------------------------------------------------
Finished RTL Optimization Phase 1 : Time (s): cpu = 00:00:05 ; elapsed = 00:00:07 . Memory (MB): peak = 3528.031 ; gain = 218.469 ; free physical = 12941 ; free virtual = 159820
---------------------------------------------------------------------------------
Netlist sorting complete. Time (s): cpu = 00:00:00.01 ; elapsed = 00:00:00.01 . Memory (MB): peak = 3528.031 ; gain = 0.000 ; free physical = 12923 ; free virtual = 159802
INFO: [Project 1-570] Preparing netlist for logic optimization

Processing XDC Constraints
Initializing timing engine
Parsing XDC File [/wrk/xsjhdnobkup5/ravic/work/PORT_test1/build/HBM_banksall/temp_dir/link/vivado/vpl/prj/prj.gen/my_rm/bd/bd/ip/ulp_hmss_0_0/bd_0/ip/ip_8/bd_85ad_axi_apb_bridge_inst_0_ooc.xdc] for cell 'U0'
Finished Parsing XDC File [/wrk/xsjhdnobkup5/ravic/work/PORT_test1/build/HBM_banksall/temp_dir/link/vivado/vpl/prj/prj.gen/my_rm/bd/bd/ip/ulp_hmss_0_0/bd_0/ip/ip_8/bd_85ad_axi_apb_bridge_inst_0_ooc.xdc] for cell 'U0'
Parsing XDC File [/wrk/xsjhdnobkup5/ravic/work/PORT_test1/build/HBM_banksall/temp_dir/link/vivado/vpl/prj/prj.runs/bd_85ad_axi_apb_bridge_inst_0_synth_1/dont_touch.xdc]
Finished Parsing XDC File [/wrk/xsjhdnobkup5/ravic/work/PORT_test1/build/HBM_banksall/temp_dir/link/vivado/vpl/prj/prj.runs/bd_85ad_axi_apb_bridge_inst_0_synth_1/dont_touch.xdc]
Completed Processing XDC Constraints

Netlist sorting complete. Time (s): cpu = 00:00:00 ; elapsed = 00:00:00 . Memory (MB): peak = 3638.652 ; gain = 0.000 ; free physical = 12707 ; free virtual = 159596
INFO: [Project 1-111] Unisim Transformation Summary:
No Unisim elements were transformed.

Constraint Validation Runtime : Time (s): cpu = 00:00:00.02 ; elapsed = 00:00:00.04 . Memory (MB): peak = 3638.656 ; gain = 0.004 ; free physical = 12706 ; free virtual = 159595
---------------------------------------------------------------------------------
Finished Constraint Validation : Time (s): cpu = 00:00:14 ; elapsed = 00:00:19 . Memory (MB): peak = 3638.656 ; gain = 329.094 ; free physical = 12523 ; free virtual = 159413
---------------------------------------------------------------------------------
---------------------------------------------------------------------------------
Start Loading Part and Timing Information
---------------------------------------------------------------------------------
Loading part: xcu50-fsvh2104-2-e
INFO: [Synth 8-6742] Reading net delay rules and data
---------------------------------------------------------------------------------
Finished Loading Part and Timing Information : Time (s): cpu = 00:00:14 ; elapsed = 00:00:19 . Memory (MB): peak = 3638.656 ; gain = 329.094 ; free physical = 12520 ; free virtual = 159410
---------------------------------------------------------------------------------
---------------------------------------------------------------------------------
Start Applying 'set_property' XDC Constraints
---------------------------------------------------------------------------------
Applied set_property KEEP_HIERARCHY = SOFT for U0. (constraint file  /wrk/xsjhdnobkup5/ravic/work/PORT_test1/build/HBM_banksall/temp_dir/link/vivado/vpl/prj/prj.runs/bd_85ad_axi_apb_bridge_inst_0_synth_1/dont_touch.xdc, line 6).
---------------------------------------------------------------------------------
Finished applying 'set_property' XDC Constraints : Time (s): cpu = 00:00:14 ; elapsed = 00:00:19 . Memory (MB): peak = 3638.656 ; gain = 329.094 ; free physical = 12519 ; free virtual = 159409
---------------------------------------------------------------------------------
INFO: [Synth 8-802] inferred FSM for state register 'axi_wr_rd_cs_reg' in module 'axilite_sif'
INFO: [Synth 8-802] inferred FSM for state register 'apb_wr_rd_cs_reg' in module 'apb_mif'
---------------------------------------------------------------------------------------------------
                   State |                     New Encoding |                Previous Encoding 
---------------------------------------------------------------------------------------------------
                axi_idle |                              000 |                              000
               read_wait |                              001 |                              110
                    read |                              010 |                              101
                 rd_resp |                              011 |                              111
              write_wait |                              100 |                              011
            write_w_wait |                              101 |                              010
                   write |                              110 |                              001
                 wr_resp |                              111 |                              100
---------------------------------------------------------------------------------------------------
INFO: [Synth 8-3354] encoded FSM with state register 'axi_wr_rd_cs_reg' using encoding 'sequential' in module 'axilite_sif'
---------------------------------------------------------------------------------------------------
                   State |                     New Encoding |                Previous Encoding 
---------------------------------------------------------------------------------------------------
                apb_idle |                              001 |                               00
               apb_setup |                              010 |                               01
              apb_access |                              100 |                               10
---------------------------------------------------------------------------------------------------
INFO: [Synth 8-3354] encoded FSM with state register 'apb_wr_rd_cs_reg' using encoding 'one-hot' in module 'apb_mif'
---------------------------------------------------------------------------------
Finished RTL Optimization Phase 2 : Time (s): cpu = 00:00:15 ; elapsed = 00:00:19 . Memory (MB): peak = 3638.664 ; gain = 329.102 ; free physical = 12493 ; free virtual = 159383
---------------------------------------------------------------------------------
---------------------------------------------------------------------------------
Start RTL Component Statistics 
---------------------------------------------------------------------------------
Detailed RTL Component Info : 
+---Registers : 
	               32 Bit    Registers := 2     
	               23 Bit    Registers := 2     
	                2 Bit    Registers := 1     
	                1 Bit    Registers := 9     
+---Muxes : 
	   3 Input   32 Bit        Muxes := 2     
	   2 Input   32 Bit        Muxes := 3     
	   2 Input   23 Bit        Muxes := 4     
	   8 Input    3 Bit        Muxes := 1     
	   2 Input    3 Bit        Muxes := 5     
	   3 Input    2 Bit        Muxes := 1     
	   3 Input    1 Bit        Muxes := 7     
	   2 Input    1 Bit        Muxes := 13    
	   8 Input    1 Bit        Muxes := 8     
---------------------------------------------------------------------------------
Finished RTL Component Statistics 
---------------------------------------------------------------------------------
---------------------------------------------------------------------------------
Start Part Resource Summary
---------------------------------------------------------------------------------
Part Resources:
DSPs: 5952 (col length:93)
BRAMs: 2688 (col length: RAMB18 192 RAMB36 96)
---------------------------------------------------------------------------------
Finished Part Resource Summary
---------------------------------------------------------------------------------
---------------------------------------------------------------------------------
Start Cross Boundary and Area Optimization
---------------------------------------------------------------------------------
---------------------------------------------------------------------------------
Finished Cross Boundary and Area Optimization : Time (s): cpu = 00:00:16 ; elapsed = 00:00:21 . Memory (MB): peak = 3638.664 ; gain = 329.102 ; free physical = 12382 ; free virtual = 159276
---------------------------------------------------------------------------------
---------------------------------------------------------------------------------
Start Applying XDC Timing Constraints
---------------------------------------------------------------------------------
---------------------------------------------------------------------------------
Finished Applying XDC Timing Constraints : Time (s): cpu = 00:00:31 ; elapsed = 00:00:56 . Memory (MB): peak = 3954.938 ; gain = 645.375 ; free physical = 11639 ; free virtual = 158607
---------------------------------------------------------------------------------
---------------------------------------------------------------------------------
Start Timing Optimization
---------------------------------------------------------------------------------
---------------------------------------------------------------------------------
Finished Timing Optimization : Time (s): cpu = 00:00:31 ; elapsed = 00:00:56 . Memory (MB): peak = 3980.961 ; gain = 671.398 ; free physical = 11621 ; free virtual = 158589
---------------------------------------------------------------------------------
---------------------------------------------------------------------------------
Start Technology Mapping
---------------------------------------------------------------------------------
---------------------------------------------------------------------------------
Finished Technology Mapping : Time (s): cpu = 00:00:32 ; elapsed = 00:00:56 . Memory (MB): peak = 3988.969 ; gain = 679.406 ; free physical = 11607 ; free virtual = 158575
---------------------------------------------------------------------------------
---------------------------------------------------------------------------------
Start IO Insertion
---------------------------------------------------------------------------------
---------------------------------------------------------------------------------
Start Flattening Before IO Insertion
---------------------------------------------------------------------------------
---------------------------------------------------------------------------------
Finished Flattening Before IO Insertion
---------------------------------------------------------------------------------
---------------------------------------------------------------------------------
Start Final Netlist Cleanup
---------------------------------------------------------------------------------
---------------------------------------------------------------------------------
Finished Final Netlist Cleanup
---------------------------------------------------------------------------------
---------------------------------------------------------------------------------
Finished IO Insertion : Time (s): cpu = 00:00:34 ; elapsed = 00:00:59 . Memory (MB): peak = 3988.973 ; gain = 679.410 ; free physical = 13882 ; free virtual = 160847
---------------------------------------------------------------------------------
---------------------------------------------------------------------------------
Start Renaming Generated Instances
---------------------------------------------------------------------------------
---------------------------------------------------------------------------------
Finished Renaming Generated Instances : Time (s): cpu = 00:00:34 ; elapsed = 00:00:59 . Memory (MB): peak = 3988.973 ; gain = 679.410 ; free physical = 13884 ; free virtual = 160849
---------------------------------------------------------------------------------
---------------------------------------------------------------------------------
Start Rebuilding User Hierarchy
---------------------------------------------------------------------------------
---------------------------------------------------------------------------------
Finished Rebuilding User Hierarchy : Time (s): cpu = 00:00:34 ; elapsed = 00:00:59 . Memory (MB): peak = 3988.973 ; gain = 679.410 ; free physical = 13930 ; free virtual = 160895
---------------------------------------------------------------------------------
---------------------------------------------------------------------------------
Start Renaming Generated Ports
---------------------------------------------------------------------------------
---------------------------------------------------------------------------------
Finished Renaming Generated Ports : Time (s): cpu = 00:00:34 ; elapsed = 00:00:59 . Memory (MB): peak = 3988.973 ; gain = 679.410 ; free physical = 13930 ; free virtual = 160895
---------------------------------------------------------------------------------
---------------------------------------------------------------------------------
Start Handling Custom Attributes
---------------------------------------------------------------------------------
---------------------------------------------------------------------------------
Finished Handling Custom Attributes : Time (s): cpu = 00:00:34 ; elapsed = 00:00:59 . Memory (MB): peak = 3988.973 ; gain = 679.410 ; free physical = 13930 ; free virtual = 160895
---------------------------------------------------------------------------------
---------------------------------------------------------------------------------
Start Renaming Generated Nets
---------------------------------------------------------------------------------
---------------------------------------------------------------------------------
Finished Renaming Generated Nets : Time (s): cpu = 00:00:34 ; elapsed = 00:00:59 . Memory (MB): peak = 3988.973 ; gain = 679.410 ; free physical = 13930 ; free virtual = 160895
---------------------------------------------------------------------------------
---------------------------------------------------------------------------------
Start Writing Synthesis Report
---------------------------------------------------------------------------------

Report BlackBoxes: 
+-+--------------+----------+
| |BlackBox name |Instances |
+-+--------------+----------+
+-+--------------+----------+

Report Cell Usage: 
+------+-----+------+
|      |Cell |Count |
+------+-----+------+
|1     |LUT1 |     2|
|2     |LUT2 |    32|
|3     |LUT3 |    26|
|4     |LUT4 |     4|
|5     |LUT5 |    14|
|6     |LUT6 |    77|
|7     |FDRE |   126|
|8     |FDSE |     1|
+------+-----+------+
---------------------------------------------------------------------------------
Finished Writing Synthesis Report : Time (s): cpu = 00:00:34 ; elapsed = 00:00:59 . Memory (MB): peak = 3988.973 ; gain = 679.410 ; free physical = 13930 ; free virtual = 160895
---------------------------------------------------------------------------------
Synthesis finished with 0 errors, 0 critical warnings and 0 warnings.
Synthesis Optimization Runtime : Time (s): cpu = 00:00:28 ; elapsed = 00:00:51 . Memory (MB): peak = 3988.973 ; gain = 568.785 ; free physical = 13973 ; free virtual = 160938
Synthesis Optimization Complete : Time (s): cpu = 00:00:34 ; elapsed = 00:00:59 . Memory (MB): peak = 3988.977 ; gain = 679.410 ; free physical = 13972 ; free virtual = 160937
INFO: [Project 1-571] Translating synthesized netlist
Netlist sorting complete. Time (s): cpu = 00:00:00.01 ; elapsed = 00:00:00 . Memory (MB): peak = 3999.941 ; gain = 0.000 ; free physical = 14042 ; free virtual = 161007
INFO: [Project 1-570] Preparing netlist for logic optimization
INFO: [Opt 31-138] Pushed 0 inverter(s) to 0 load pin(s).
Netlist sorting complete. Time (s): cpu = 00:00:00 ; elapsed = 00:00:00 . Memory (MB): peak = 4039.598 ; gain = 0.000 ; free physical = 13931 ; free virtual = 160896
INFO: [Project 1-111] Unisim Transformation Summary:
No Unisim elements were transformed.

INFO: [Common 17-83] Releasing license: Synthesis
42 Infos, 4 Warnings, 0 Critical Warnings and 0 Errors encountered.
synth_design completed successfully
synth_design: Time (s): cpu = 00:00:49 ; elapsed = 00:01:24 . Memory (MB): peak = 4039.598 ; gain = 1503.395 ; free physical = 14074 ; free virtual = 161039
INFO: [Common 17-600] The following parameters have non-default value.
general.maxThreads
INFO: [Common 17-1381] The checkpoint '/wrk/xsjhdnobkup5/ravic/work/PORT_test1/build/HBM_banksall/temp_dir/link/vivado/vpl/prj/prj.runs/bd_85ad_axi_apb_bridge_inst_0_synth_1/bd_85ad_axi_apb_bridge_inst_0.dcp' has been generated.
WARNING: [Common 17-576] 'use_project_ipc' is deprecated. This option is deprecated and no longer used.
INFO: [Coretcl 2-1648] Added synthesis output to IP cache for IP bd_85ad_axi_apb_bridge_inst_0, cache-ID = 90a8b991ba843e58
INFO: [Coretcl 2-1174] Renamed 4 cell refs.
INFO: [Common 17-1381] The checkpoint '/wrk/xsjhdnobkup5/ravic/work/PORT_test1/build/HBM_banksall/temp_dir/link/vivado/vpl/prj/prj.runs/bd_85ad_axi_apb_bridge_inst_0_synth_1/bd_85ad_axi_apb_bridge_inst_0.dcp' has been generated.
INFO: [runtcl-4] Executing : report_utilization -file bd_85ad_axi_apb_bridge_inst_0_utilization_synth.rpt -pb bd_85ad_axi_apb_bridge_inst_0_utilization_synth.pb
INFO: [Common 17-206] Exiting Vivado at Sun Dec  6 20:14:24 2020...
