INFO-FLOW: Workspace /wrk/xsjhdnobkup5/ravic/work/Port_DDR_to_HBM/build/DDR_banks/temp_dir/vadd_sw_emu/vadd/vadd/solution opened at Sun Dec 06 13:41:46 PST 2020
Execute       send_msg_by_id INFO @200-1505@%s%s  vitis 
INFO: [HLS 200-1505] Using flow_target 'vitis'
Execute       get_config_interface -m_axi_latency 
Execute       send_msg_by_id INFO @200-435@%s%s 'open_solution -flow_target vitis' config_interface -m_axi_latency=64 
INFO: [HLS 200-435] Setting 'open_solution -flow_target vitis' configuration: config_interface -m_axi_latency=64
Execute       config_interface -m_axi_latency=64 
Execute       get_config_interface -m_axi_alignment_byte_size 
Execute       send_msg_by_id INFO @200-435@%s%s 'open_solution -flow_target vitis' config_interface -m_axi_alignment_byte_size=64 
INFO: [HLS 200-435] Setting 'open_solution -flow_target vitis' configuration: config_interface -m_axi_alignment_byte_size=64
Execute       config_interface -m_axi_alignment_byte_size=64 
Execute       get_config_interface -m_axi_max_widen_bitwidth 
Execute       send_msg_by_id INFO @200-435@%s%s 'open_solution -flow_target vitis' config_interface -m_axi_max_widen_bitwidth=512 
INFO: [HLS 200-435] Setting 'open_solution -flow_target vitis' configuration: config_interface -m_axi_max_widen_bitwidth=512
Execute       config_interface -m_axi_max_widen_bitwidth=512 
Execute       get_config_interface -default_interface 
INFO-FLOW: Setting macro_cmd open_solution -flow_target vitis configuration: config_interface -default_interface=kernel
Execute       config_interface -default_interface=kernel 
Execute       get_config_interface -m_axi_offset 
Execute       send_msg_by_id INFO @200-435@%s%s 'open_solution -flow_target vitis' config_interface -m_axi_offset=slave 
INFO: [HLS 200-435] Setting 'open_solution -flow_target vitis' configuration: config_interface -m_axi_offset=slave
Execute       config_interface -m_axi_offset=slave 
Execute       get_config_rtl -register_reset_num 
Execute       send_msg_by_id INFO @200-435@%s%s 'open_solution -flow_target vitis' config_rtl -register_reset_num=3 
INFO: [HLS 200-435] Setting 'open_solution -flow_target vitis' configuration: config_rtl -register_reset_num=3
Execute       config_rtl -register_reset_num=3 
Execute     set_part xcu200-fsgd2104-2-e 
INFO: [HLS 200-1510] Running: set_part xcu200-fsgd2104-2-e 
INFO-FLOW: DBG:set_part: XILINX_VIVADO=/proj/xbuilds/SWIP/2020.2_1118_1232/installs/lin64/Vivado/2020.2
INFO-FLOW: DBG:set_part: RDI_DATADIR=/proj/xbuilds/SWIP/2020.2_1118_1232/installs/lin64/Vivado/2020.2/data:/proj/xbuilds/SWIP/2020.2_1118_1232/installs/lin64/Vitis_HLS/2020.2/data
Execute       ap_part_info -name xcu200-fsgd2104-2-e -data single -quiet 
Execute       ap_part_info -name xcu200-fsgd2104-2-e -data info 
Execute       add_library xilinx/virtexuplus/virtexuplus:xcu200:-fsgd2104:-2-e 
Execute         get_default_platform 
Execute         open_platform DefaultPlatform 
Execute         ap_part_info -data single -name xcu200-fsgd2104-2-e 
Execute         ap_part_info -name xcu200-fsgd2104-2-e -data resources 
Execute         config_chip_info -resource {SLICE 147780} {LUT 1182240} {FF 2364480} {DSP 6840} {BRAM 4320} {URAM 960} {SLR 3} 
Execute         ap_part_info -name xcu200-fsgd2104-2-e -data info 
Execute         config_chip_info -speed medium 
Execute         ap_part_info -name xcu200-fsgd2104-2-e -data info 
Execute         config_library_info -library virtexuplus_medium 
Execute         config_library_info -family virtexuplus 
Execute         config_library_info -part xcu200:-fsgd2104:-2-e 
Execute         import_lib /proj/xbuilds/SWIP/2020.2_1118_1232/installs/lin64/Vitis_HLS/2020.2/common/technology/xilinx/virtexuplus/virtexuplus 
Execute           source /proj/xbuilds/SWIP/2020.2_1118_1232/installs/lin64/Vitis_HLS/2020.2/common/technology/xilinx/interface/xilinx_interface.hlp 
Execute             source /proj/xbuilds/SWIP/2020.2_1118_1232/installs/lin64/Vitis_HLS/2020.2/common/technology/xilinx/interface/maxi.hlp 
Execute             source /proj/xbuilds/SWIP/2020.2_1118_1232/installs/lin64/Vitis_HLS/2020.2/common/technology/xilinx/interface/saxilite.hlp 
Execute           source /proj/xbuilds/SWIP/2020.2_1118_1232/installs/lin64/Vitis_HLS/2020.2/common/technology/xilinx/DSP48/dsp48.hlp 
Execute           source /proj/xbuilds/SWIP/2020.2_1118_1232/installs/lin64/Vitis_HLS/2020.2/common/technology/xilinx/DSP48/virtexuplus_dsp48e2.hlp 
Execute         source /proj/xbuilds/SWIP/2020.2_1118_1232/installs/lin64/Vitis_HLS/2020.2/common/technology/xilinx/common/xilinx.gen 
Execute           source /proj/xbuilds/SWIP/2020.2_1118_1232/installs/lin64/Vitis_HLS/2020.2/common/technology/xilinx/interface/plb46.gen 
Execute           source /proj/xbuilds/SWIP/2020.2_1118_1232/installs/lin64/Vitis_HLS/2020.2/common/technology/xilinx/interface/axi4.gen 
Execute           source /proj/xbuilds/SWIP/2020.2_1118_1232/installs/lin64/Vitis_HLS/2020.2/common/technology/xilinx/interface/nativeAXI4.gen 
Execute             source /proj/xbuilds/SWIP/2020.2_1118_1232/installs/lin64/Vitis_HLS/2020.2/common/technology/xilinx/interface/saxilite.gen 
Execute             source /proj/xbuilds/SWIP/2020.2_1118_1232/installs/lin64/Vitis_HLS/2020.2/common/technology/xilinx/interface/maxi.gen 
Execute           source /proj/xbuilds/SWIP/2020.2_1118_1232/installs/lin64/Vitis_HLS/2020.2/common/technology/xilinx/scripts/xilinxcoregen.gen 
Execute           source /proj/xbuilds/SWIP/2020.2_1118_1232/installs/lin64/Vitis_HLS/2020.2/common/technology/xilinx/interface/XilEDKCoreGen.gen 
Execute           source /proj/xbuilds/SWIP/2020.2_1118_1232/installs/lin64/Vitis_HLS/2020.2/common/technology/xilinx/ip/dds_compiler.gen 
Execute           source /proj/xbuilds/SWIP/2020.2_1118_1232/installs/lin64/Vitis_HLS/2020.2/common/technology/xilinx/ip/util.gen 
Execute           source /proj/xbuilds/SWIP/2020.2_1118_1232/installs/lin64/Vitis_HLS/2020.2/common/technology/xilinx/ip/xfft.gen 
Command           ap_source done; 0.11 sec.
Execute           source /proj/xbuilds/SWIP/2020.2_1118_1232/installs/lin64/Vitis_HLS/2020.2/common/technology/xilinx/ip/xfir.gen 
Execute           source /proj/xbuilds/SWIP/2020.2_1118_1232/installs/lin64/Vitis_HLS/2020.2/common/technology/xilinx/DSP48/dsp48.gen 
Command         ap_source done; 0.15 sec.
Command       add_library done; 0.23 sec.
INFO: [HLS 200-10] Setting target device to 'xcu200-fsgd2104-2-e'
Execute       ap_part_info -name xcu200-fsgd2104-2-e -data info 
Execute       config_compile -quiet -complex-mul-dsp=0 
Command     set_part done; 0.27 sec.
Execute     create_clock -period 300.000000MHz -name default 
INFO: [HLS 200-1510] Running: create_clock -period 300.000000MHz -name default 
Execute       ap_set_clock -name default -period 3.333 -unit ns -default=false 
INFO: [SYN 201-201] Setting up clock 'default' with a period of 3.333ns.
Execute     config_rtl -kernel_profile 
INFO: [HLS 200-1510] Running: config_rtl -kernel_profile 
Execute     config_dataflow -strict_mode warning 
INFO: [HLS 200-1510] Running: config_dataflow -strict_mode warning 
Execute     config_debug -enable 
INFO: [HLS 200-1510] Running: config_debug -enable 
Execute     config_export -disable_deadlock_detection=true 
INFO: [HLS 200-1510] Running: config_export -disable_deadlock_detection=true 
Execute     config_rtl -m_axi_conservative_mode=1 
INFO: [HLS 200-1510] Running: config_rtl -m_axi_conservative_mode=1 
WARNING: [HLS 200-483] The 'config_rtl -m_axi_conservative_mode' command is deprecated and will be removed in a future release. Use 'config_interface -m_axi_conservative_mode' as its replacement.
Execute     config_interface -m_axi_addr64 
INFO: [HLS 200-1510] Running: config_interface -m_axi_addr64 
Execute     config_interface -m_axi_auto_max_ports=0 
INFO: [HLS 200-1510] Running: config_interface -m_axi_auto_max_ports=0 
Execute     config_export -format ip_catalog -ipname vadd 
INFO: [HLS 200-1510] Running: config_export -format ip_catalog -ipname vadd 
Execute     csynth_design -synthesis_check 
INFO: [HLS 200-1510] Running: csynth_design -synthesis_check 
Execute       get_config_compile -effort 
Execute       get_config_compile -enable_clang39 
Execute       get_config_compile -g 
Execute       get_config_compile -ng 
Execute       get_config_compile -opt_fp 
Execute       get_config_compile -skip_cdt 
Execute       get_config_compile -skip_syncheck 
Execute       get_config_compile -skip_transform 
Execute       get_config_compile -keep_printf 
Execute       elaborate -effort=medium -skip_syncheck=0 -keep_printf=0 -skip_cdt=0 -skip_transform=2 -ng=0 -g=0 -opt_fp=0 -from_csynth_design=1 
INFO: [HLS 200-111] Finished File checks and directory preparation: CPU user time: 0 seconds. CPU system time: 0 seconds. Elapsed time: 0.01 seconds; current allocated memory: 422.288 MB.
INFO: [HLS 200-10] Analyzing design file '/wrk/xsjhdnobkup5/ravic/work/Port_DDR_to_HBM/reference_files/kernel.cpp' ... 
INFO-FLOW: Compiling one TU...
Execute         get_config_compile -pragma_strict_mode 
INFO-FLOW: Handling /wrk/xsjhdnobkup5/ravic/work/Port_DDR_to_HBM/reference_files/kernel.cpp as C++
Execute         ap_part_info -name xcu200-fsgd2104-2-e -data info 
INFO-FLOW: Running: GCC PP 39
INFO-FLOW: Source preprocessing
Execute         ap_eval exec -ignorestderr /proj/xbuilds/SWIP/2020.2_1118_1232/installs/lin64/Vitis_HLS/2020.2/lnx64/tools/clang-3.9-csynth/bin/clang /wrk/xsjhdnobkup5/ravic/work/Port_DDR_to_HBM/reference_files/kernel.cpp -foptimization-record-file=/wrk/xsjhdnobkup5/ravic/work/Port_DDR_to_HBM/build/DDR_banks/temp_dir/vadd_sw_emu/vadd/vadd/solution/.autopilot/db/clang.kernel.cpp.diag.yml -mllvm -pass-remarks-missed=reflow|pasta|unroll -mllvm -pass-remarks=reflow|pasta|unroll|inline -fno-limit-debug-info -gcc-toolchain /proj/xbuilds/SWIP/2020.2_1118_1232/installs/lin64/Vitis_HLS/2020.2/tps/lnx64/gcc-6.2.0 -fhls -fno-exceptions -E -g -DNDDR_BANKS= -I/wrk/xsjhdnobkup5/ravic/work/Port_DDR_to_HBM/reference_files -fno-math-errno -c -emit-llvm -mllvm -disable-llvm-optzns -Werror=implicit-function-declaration -Werror=implicit-hls-streams -Werror=return-type -Wpragmas -Wunused-parameter -fno-threadsafe-statics -fno-use-cxa-atexit -std=gnu++14 -target fpga64-xilinx-linux-gnu -fno-threadsafe-statics -fno-use-cxa-atexit -I /proj/xbuilds/SWIP/2020.2_1118_1232/installs/lin64/Vitis_HLS/2020.2/common/technology/autopilot/39 -D__VITIS_HLS__ -DAESL_SYN -D__SYNTHESIS__ -D__HLS_SYN__ -I /proj/xbuilds/SWIP/2020.2_1118_1232/installs/lin64/Vitis_HLS/2020.2/common/technology/autopilot -I /proj/xbuilds/SWIP/2020.2_1118_1232/installs/lin64/Vitis_HLS/2020.2/common/technology/autopilot/ap_sysc -include etc/autopilot_ssdm_op.h -D__DSP48E2__ -o /wrk/xsjhdnobkup5/ravic/work/Port_DDR_to_HBM/build/DDR_banks/temp_dir/vadd_sw_emu/vadd/vadd/solution/.autopilot/db/kernel.pp.0.cpp > /wrk/xsjhdnobkup5/ravic/work/Port_DDR_to_HBM/build/DDR_banks/temp_dir/vadd_sw_emu/vadd/vadd/solution/.autopilot/db/clang.kernel.cpp.out.log 2> /wrk/xsjhdnobkup5/ravic/work/Port_DDR_to_HBM/build/DDR_banks/temp_dir/vadd_sw_emu/vadd/vadd/solution/.autopilot/db/clang.kernel.cpp.err.log 
Command         ap_eval done; 0.12 sec.
INFO-FLOW: Done: GCC PP 39 time: 0.1 seconds per iteration
Execute         set_directive_top vadd -name=vadd 
INFO-FLOW: Setting directive 'TOP' name=vadd 
INFO-FLOW: Setting directive 'TOP' name=vadd 
Execute         source /proj/xbuilds/SWIP/2020.2_1118_1232/installs/lin64/Vitis_HLS/2020.2/tps/tcl/tcllib1.11.1/yaml/huddle.tcl 
Execute         source /proj/xbuilds/SWIP/2020.2_1118_1232/installs/lin64/Vitis_HLS/2020.2/tps/tcl/tcllib1.11.1/yaml/json2huddle.tcl 
Execute           source /proj/xbuilds/SWIP/2020.2_1118_1232/installs/lin64/Vitis_HLS/2020.2/tps/tcl/tcllib1.11.1/try/try.tcl 
INFO-FLOW: Setting directive 'TOP' name=vadd 
Execute         list_core -type functional_unit 
Execute         clang_tidy xilinx-systemc-detector /wrk/xsjhdnobkup5/ravic/work/Port_DDR_to_HBM/build/DDR_banks/temp_dir/vadd_sw_emu/vadd/vadd/solution/.autopilot/db/kernel.pp.0.cpp std=gnu++14 -target fpga  -directive=/wrk/xsjhdnobkup5/ravic/work/Port_DDR_to_HBM/build/DDR_banks/temp_dir/vadd_sw_emu/vadd/vadd/solution/.autopilot/db/.systemc_flag 
INFO-FLOW: exec /proj/xbuilds/SWIP/2020.2_1118_1232/installs/lin64/Vitis_HLS/2020.2/lnx64/tools/clang-3.9-csynth/bin/clang-tidy -header-filter=.* --checks=-*,xilinx-systemc-detector -import-directive=/wrk/xsjhdnobkup5/ravic/work/Port_DDR_to_HBM/build/DDR_banks/temp_dir/vadd_sw_emu/vadd/vadd/solution/.autopilot/db/.systemc_flag -fix-errors /wrk/xsjhdnobkup5/ravic/work/Port_DDR_to_HBM/build/DDR_banks/temp_dir/vadd_sw_emu/vadd/vadd/solution/.autopilot/db/kernel.pp.0.cpp -- -std=gnu++14 -target fpga -fhls -ferror-limit=0
Command         clang_tidy done; 0.47 sec.
INFO-FLOW: Running: clang-tidy CDT preprocess 39
Execute         clang_tidy xilinx-directive2pragma /wrk/xsjhdnobkup5/ravic/work/Port_DDR_to_HBM/build/DDR_banks/temp_dir/vadd_sw_emu/vadd/vadd/solution/.autopilot/db/kernel.pp.0.cpp std=gnu++14 -target fpga  -directive=/wrk/xsjhdnobkup5/ravic/work/Port_DDR_to_HBM/build/DDR_banks/temp_dir/vadd_sw_emu/vadd/vadd/solution/.autopilot/db/all.directive.json 
INFO-FLOW: exec /proj/xbuilds/SWIP/2020.2_1118_1232/installs/lin64/Vitis_HLS/2020.2/lnx64/tools/clang-3.9-csynth/bin/clang-tidy -header-filter=.* --checks=-*,xilinx-directive2pragma -import-directive=/wrk/xsjhdnobkup5/ravic/work/Port_DDR_to_HBM/build/DDR_banks/temp_dir/vadd_sw_emu/vadd/vadd/solution/.autopilot/db/all.directive.json -fix-errors /wrk/xsjhdnobkup5/ravic/work/Port_DDR_to_HBM/build/DDR_banks/temp_dir/vadd_sw_emu/vadd/vadd/solution/.autopilot/db/kernel.pp.0.cpp -- -std=gnu++14 -target fpga -fhls -ferror-limit=0
Command         clang_tidy done; 0.75 sec.
Execute         clang_tidy xilinx-constantarray-param,xilinx-remove-assert /wrk/xsjhdnobkup5/ravic/work/Port_DDR_to_HBM/build/DDR_banks/temp_dir/vadd_sw_emu/vadd/vadd/solution/.autopilot/db/kernel.pp.0.cpp std=gnu++14 -target fpga  
INFO-FLOW: exec /proj/xbuilds/SWIP/2020.2_1118_1232/installs/lin64/Vitis_HLS/2020.2/lnx64/tools/clang-3.9-csynth/bin/clang-tidy -header-filter=.* --checks=-*,xilinx-constantarray-param,xilinx-remove-assert -fix-errors /wrk/xsjhdnobkup5/ravic/work/Port_DDR_to_HBM/build/DDR_banks/temp_dir/vadd_sw_emu/vadd/vadd/solution/.autopilot/db/kernel.pp.0.cpp -- -std=gnu++14 -target fpga -fhls -ferror-limit=0
Command         clang_tidy done; 0.6 sec.
INFO-FLOW: Done: clang-tidy CDT preprocess 39 time: 1.4 seconds per iteration
Execute         ap_part_info -name xcu200-fsgd2104-2-e -data info 
INFO-FLOW: compiling source code to llvm bc
Execute         ap_eval exec -ignorestderr /proj/xbuilds/SWIP/2020.2_1118_1232/installs/lin64/Vitis_HLS/2020.2/lnx64/tools/clang-3.9-csynth/bin/clang -foptimization-record-file=/wrk/xsjhdnobkup5/ravic/work/Port_DDR_to_HBM/build/DDR_banks/temp_dir/vadd_sw_emu/vadd/vadd/solution/.autopilot/db/clang.kernel.pp.0.cpp.diag.yml -mllvm -pass-remarks-missed=reflow|pasta|unroll -mllvm -pass-remarks=reflow|pasta|unroll|inline -fno-limit-debug-info -fhls -flto -fno-exceptions -Wno-error=c++11-narrowing /wrk/xsjhdnobkup5/ravic/work/Port_DDR_to_HBM/build/DDR_banks/temp_dir/vadd_sw_emu/vadd/vadd/solution/.autopilot/db/kernel.pp.0.cpp -g -DNDDR_BANKS= -I/wrk/xsjhdnobkup5/ravic/work/Port_DDR_to_HBM/reference_files -fno-math-errno -c -emit-llvm -mllvm -disable-llvm-optzns -Werror=implicit-function-declaration -Werror=implicit-hls-streams -Werror=return-type -Wpragmas -Wunused-parameter -fno-threadsafe-statics -fno-use-cxa-atexit -std=gnu++14 -target fpga64-xilinx-linux-gnu -D__VITIS_HLS__ -DAESL_SYN -D__SYNTHESIS__ -D__HLS_SYN__ -I /proj/xbuilds/SWIP/2020.2_1118_1232/installs/lin64/Vitis_HLS/2020.2/common/technology/autopilot -I /proj/xbuilds/SWIP/2020.2_1118_1232/installs/lin64/Vitis_HLS/2020.2/common/technology/autopilot/ap_sysc -include etc/autopilot_ssdm_op.h -D__DSP48E2__ -g -o /wrk/xsjhdnobkup5/ravic/work/Port_DDR_to_HBM/build/DDR_banks/temp_dir/vadd_sw_emu/vadd/vadd/solution/.autopilot/db/kernel.bc > /wrk/xsjhdnobkup5/ravic/work/Port_DDR_to_HBM/build/DDR_banks/temp_dir/vadd_sw_emu/vadd/vadd/solution/.autopilot/db/clang.kernel.pp.0.cpp.out.log 2> /wrk/xsjhdnobkup5/ravic/work/Port_DDR_to_HBM/build/DDR_banks/temp_dir/vadd_sw_emu/vadd/vadd/solution/.autopilot/db/clang.kernel.pp.0.cpp.err.log 
Command         ap_eval done; 0.54 sec.
INFO: [HLS 200-111] Finished Source Code Analysis and Preprocessing: CPU user time: 2.25 seconds. CPU system time: 0.28 seconds. Elapsed time: 2.58 seconds; current allocated memory: 422.933 MB.
INFO-FLOW: Linking Debug ...
INFO-FLOW: Linking dut bc code.
Execute         run_link_or_opt -out /wrk/xsjhdnobkup5/ravic/work/Port_DDR_to_HBM/build/DDR_banks/temp_dir/vadd_sw_emu/vadd/vadd/solution/.autopilot/db/a.g.ld.0.bc -args  "/wrk/xsjhdnobkup5/ravic/work/Port_DDR_to_HBM/build/DDR_banks/temp_dir/vadd_sw_emu/vadd/vadd/solution/.autopilot/db/kernel.g.bc"  
Execute           ap_eval exec -ignorestderr /proj/xbuilds/SWIP/2020.2_1118_1232/installs/lin64/Vitis_HLS/2020.2/lnx64/tools/clang-3.9-csynth/bin/llvm-link /wrk/xsjhdnobkup5/ravic/work/Port_DDR_to_HBM/build/DDR_banks/temp_dir/vadd_sw_emu/vadd/vadd/solution/.autopilot/db/kernel.g.bc -o /wrk/xsjhdnobkup5/ravic/work/Port_DDR_to_HBM/build/DDR_banks/temp_dir/vadd_sw_emu/vadd/vadd/solution/.autopilot/db/a.g.ld.0.bc > /wrk/xsjhdnobkup5/ravic/work/Port_DDR_to_HBM/build/DDR_banks/temp_dir/vadd_sw_emu/vadd/vadd/solution/.autopilot/db/llvm-link.a.g.ld.0.bc.out.log 2> /wrk/xsjhdnobkup5/ravic/work/Port_DDR_to_HBM/build/DDR_banks/temp_dir/vadd_sw_emu/vadd/vadd/solution/.autopilot/db/llvm-link.a.g.ld.0.bc.err.log 
INFO-FLOW: 
Execute         run_link_or_opt -opt -out /wrk/xsjhdnobkup5/ravic/work/Port_DDR_to_HBM/build/DDR_banks/temp_dir/vadd_sw_emu/vadd/vadd/solution/.autopilot/db/a.g.ld.1.lower.bc -args /wrk/xsjhdnobkup5/ravic/work/Port_DDR_to_HBM/build/DDR_banks/temp_dir/vadd_sw_emu/vadd/vadd/solution/.autopilot/db/a.g.ld.0.bc -reflow-lower-math-intrinsics 
Execute           ap_eval exec -ignorestderr /proj/xbuilds/SWIP/2020.2_1118_1232/installs/lin64/Vitis_HLS/2020.2/lnx64/tools/clang-3.9-csynth/bin/opt -pass-remarks-missed=reflow|pasta|unroll -pass-remarks=reflow|pasta|unroll|inline -pass-remarks-output=/wrk/xsjhdnobkup5/ravic/work/Port_DDR_to_HBM/build/DDR_banks/temp_dir/vadd_sw_emu/vadd/vadd/solution/.autopilot/db/opt.a.g.ld.1.lower.bc.diag.yml /wrk/xsjhdnobkup5/ravic/work/Port_DDR_to_HBM/build/DDR_banks/temp_dir/vadd_sw_emu/vadd/vadd/solution/.autopilot/db/a.g.ld.0.bc -reflow-lower-math-intrinsics -o /wrk/xsjhdnobkup5/ravic/work/Port_DDR_to_HBM/build/DDR_banks/temp_dir/vadd_sw_emu/vadd/vadd/solution/.autopilot/db/a.g.ld.1.lower.bc > /wrk/xsjhdnobkup5/ravic/work/Port_DDR_to_HBM/build/DDR_banks/temp_dir/vadd_sw_emu/vadd/vadd/solution/.autopilot/db/opt.a.g.ld.1.lower.bc.out.log 2> /wrk/xsjhdnobkup5/ravic/work/Port_DDR_to_HBM/build/DDR_banks/temp_dir/vadd_sw_emu/vadd/vadd/solution/.autopilot/db/opt.a.g.ld.1.lower.bc.err.log 
INFO-FLOW: 
INFO-FLOW: Linking math bc lib
Execute         run_link_or_opt -out /wrk/xsjhdnobkup5/ravic/work/Port_DDR_to_HBM/build/DDR_banks/temp_dir/vadd_sw_emu/vadd/vadd/solution/.autopilot/db/a.g.ld.2.m1.bc -args /wrk/xsjhdnobkup5/ravic/work/Port_DDR_to_HBM/build/DDR_banks/temp_dir/vadd_sw_emu/vadd/vadd/solution/.autopilot/db/a.g.ld.1.lower.bc -only-needed /proj/xbuilds/SWIP/2020.2_1118_1232/installs/lin64/Vitis_HLS/2020.2/lnx64/lib/libhlsm_39.bc /proj/xbuilds/SWIP/2020.2_1118_1232/installs/lin64/Vitis_HLS/2020.2/lnx64/lib/libhlsmc++_39.bc 
Execute           ap_eval exec -ignorestderr /proj/xbuilds/SWIP/2020.2_1118_1232/installs/lin64/Vitis_HLS/2020.2/lnx64/tools/clang-3.9-csynth/bin/llvm-link /wrk/xsjhdnobkup5/ravic/work/Port_DDR_to_HBM/build/DDR_banks/temp_dir/vadd_sw_emu/vadd/vadd/solution/.autopilot/db/a.g.ld.1.lower.bc -only-needed /proj/xbuilds/SWIP/2020.2_1118_1232/installs/lin64/Vitis_HLS/2020.2/lnx64/lib/libhlsm_39.bc /proj/xbuilds/SWIP/2020.2_1118_1232/installs/lin64/Vitis_HLS/2020.2/lnx64/lib/libhlsmc++_39.bc -o /wrk/xsjhdnobkup5/ravic/work/Port_DDR_to_HBM/build/DDR_banks/temp_dir/vadd_sw_emu/vadd/vadd/solution/.autopilot/db/a.g.ld.2.m1.bc > /wrk/xsjhdnobkup5/ravic/work/Port_DDR_to_HBM/build/DDR_banks/temp_dir/vadd_sw_emu/vadd/vadd/solution/.autopilot/db/llvm-link.a.g.ld.2.m1.bc.out.log 2> /wrk/xsjhdnobkup5/ravic/work/Port_DDR_to_HBM/build/DDR_banks/temp_dir/vadd_sw_emu/vadd/vadd/solution/.autopilot/db/llvm-link.a.g.ld.2.m1.bc.err.log 
Command           ap_eval done; 2.53 sec.
INFO-FLOW: 
Command         run_link_or_opt done; 2.53 sec.
Execute         run_link_or_opt -opt -out /wrk/xsjhdnobkup5/ravic/work/Port_DDR_to_HBM/build/DDR_banks/temp_dir/vadd_sw_emu/vadd/vadd/solution/.autopilot/db/a.g.ld.3.fpc.bc -args /wrk/xsjhdnobkup5/ravic/work/Port_DDR_to_HBM/build/DDR_banks/temp_dir/vadd_sw_emu/vadd/vadd/solution/.autopilot/db/a.g.ld.2.m1.bc -reflow-globaldce -hls-top-function-name=vadd -reflow-float-conversion 
Execute           ap_eval exec -ignorestderr /proj/xbuilds/SWIP/2020.2_1118_1232/installs/lin64/Vitis_HLS/2020.2/lnx64/tools/clang-3.9-csynth/bin/opt -pass-remarks-missed=reflow|pasta|unroll -pass-remarks=reflow|pasta|unroll|inline -pass-remarks-output=/wrk/xsjhdnobkup5/ravic/work/Port_DDR_to_HBM/build/DDR_banks/temp_dir/vadd_sw_emu/vadd/vadd/solution/.autopilot/db/opt.a.g.ld.3.fpc.bc.diag.yml /wrk/xsjhdnobkup5/ravic/work/Port_DDR_to_HBM/build/DDR_banks/temp_dir/vadd_sw_emu/vadd/vadd/solution/.autopilot/db/a.g.ld.2.m1.bc -reflow-globaldce -hls-top-function-name=vadd -reflow-float-conversion -o /wrk/xsjhdnobkup5/ravic/work/Port_DDR_to_HBM/build/DDR_banks/temp_dir/vadd_sw_emu/vadd/vadd/solution/.autopilot/db/a.g.ld.3.fpc.bc > /wrk/xsjhdnobkup5/ravic/work/Port_DDR_to_HBM/build/DDR_banks/temp_dir/vadd_sw_emu/vadd/vadd/solution/.autopilot/db/opt.a.g.ld.3.fpc.bc.out.log 2> /wrk/xsjhdnobkup5/ravic/work/Port_DDR_to_HBM/build/DDR_banks/temp_dir/vadd_sw_emu/vadd/vadd/solution/.autopilot/db/opt.a.g.ld.3.fpc.bc.err.log 
Command           ap_eval done; 0.87 sec.
INFO-FLOW: 
Command         run_link_or_opt done; 0.88 sec.
Execute         run_link_or_opt -out /wrk/xsjhdnobkup5/ravic/work/Port_DDR_to_HBM/build/DDR_banks/temp_dir/vadd_sw_emu/vadd/vadd/solution/.autopilot/db/a.g.ld.4.m2.bc -args /wrk/xsjhdnobkup5/ravic/work/Port_DDR_to_HBM/build/DDR_banks/temp_dir/vadd_sw_emu/vadd/vadd/solution/.autopilot/db/a.g.ld.3.fpc.bc -only-needed /proj/xbuilds/SWIP/2020.2_1118_1232/installs/lin64/Vitis_HLS/2020.2/lnx64/lib/libfloatconversion_39.bc 
Execute           ap_eval exec -ignorestderr /proj/xbuilds/SWIP/2020.2_1118_1232/installs/lin64/Vitis_HLS/2020.2/lnx64/tools/clang-3.9-csynth/bin/llvm-link /wrk/xsjhdnobkup5/ravic/work/Port_DDR_to_HBM/build/DDR_banks/temp_dir/vadd_sw_emu/vadd/vadd/solution/.autopilot/db/a.g.ld.3.fpc.bc -only-needed /proj/xbuilds/SWIP/2020.2_1118_1232/installs/lin64/Vitis_HLS/2020.2/lnx64/lib/libfloatconversion_39.bc -o /wrk/xsjhdnobkup5/ravic/work/Port_DDR_to_HBM/build/DDR_banks/temp_dir/vadd_sw_emu/vadd/vadd/solution/.autopilot/db/a.g.ld.4.m2.bc > /wrk/xsjhdnobkup5/ravic/work/Port_DDR_to_HBM/build/DDR_banks/temp_dir/vadd_sw_emu/vadd/vadd/solution/.autopilot/db/llvm-link.a.g.ld.4.m2.bc.out.log 2> /wrk/xsjhdnobkup5/ravic/work/Port_DDR_to_HBM/build/DDR_banks/temp_dir/vadd_sw_emu/vadd/vadd/solution/.autopilot/db/llvm-link.a.g.ld.4.m2.bc.err.log 
INFO-FLOW: 
Execute         run_link_or_opt -opt -out /wrk/xsjhdnobkup5/ravic/work/Port_DDR_to_HBM/build/DDR_banks/temp_dir/vadd_sw_emu/vadd/vadd/solution/.autopilot/db/a.g.ld.5.gdce.bc -args /wrk/xsjhdnobkup5/ravic/work/Port_DDR_to_HBM/build/DDR_banks/temp_dir/vadd_sw_emu/vadd/vadd/solution/.autopilot/db/a.g.ld.4.m2.bc -reflow-globaldce -hls-top-function-name=vadd 
Execute           ap_eval exec -ignorestderr /proj/xbuilds/SWIP/2020.2_1118_1232/installs/lin64/Vitis_HLS/2020.2/lnx64/tools/clang-3.9-csynth/bin/opt -pass-remarks-missed=reflow|pasta|unroll -pass-remarks=reflow|pasta|unroll|inline -pass-remarks-output=/wrk/xsjhdnobkup5/ravic/work/Port_DDR_to_HBM/build/DDR_banks/temp_dir/vadd_sw_emu/vadd/vadd/solution/.autopilot/db/opt.a.g.ld.5.gdce.bc.diag.yml /wrk/xsjhdnobkup5/ravic/work/Port_DDR_to_HBM/build/DDR_banks/temp_dir/vadd_sw_emu/vadd/vadd/solution/.autopilot/db/a.g.ld.4.m2.bc -reflow-globaldce -hls-top-function-name=vadd -o /wrk/xsjhdnobkup5/ravic/work/Port_DDR_to_HBM/build/DDR_banks/temp_dir/vadd_sw_emu/vadd/vadd/solution/.autopilot/db/a.g.ld.5.gdce.bc > /wrk/xsjhdnobkup5/ravic/work/Port_DDR_to_HBM/build/DDR_banks/temp_dir/vadd_sw_emu/vadd/vadd/solution/.autopilot/db/opt.a.g.ld.5.gdce.bc.out.log 2> /wrk/xsjhdnobkup5/ravic/work/Port_DDR_to_HBM/build/DDR_banks/temp_dir/vadd_sw_emu/vadd/vadd/solution/.autopilot/db/opt.a.g.ld.5.gdce.bc.err.log 
INFO-FLOW: 
Execute         get_solution -flow_target 
Execute         get_config_rtl -module_prefix 
Execute         get_config_interface -default_slave_interface 
Execute         get_solution -flow_target 
Execute         get_config_interface -m_axi_offset 
Execute         get_config_interface -m_axi_latency 
Execute         get_config_interface -m_axi_alignment_byte_size 
Execute         get_config_interface -m_axi_min_bitwidth 
Execute         get_config_interface -m_axi_max_bitwidth 
Execute         get_config_interface -m_axi_max_widen_bitwidth 
Execute         get_config_interface -m_axi_num_read_outstanding 
Execute         get_config_interface -m_axi_num_write_outstanding 
Execute         get_config_interface -m_axi_max_read_burst_length 
Execute         get_config_interface -m_axi_max_write_burst_length 
Execute         get_config_interface -m_axi_min_bitwidth 
Execute         get_config_interface -m_axi_max_bitwidth 
Execute         get_config_interface -m_axi_latency 
Execute         get_config_interface -m_axi_min_bitwidth 
Execute         get_config_interface -m_axi_max_bitwidth 
Execute         get_config_interface -m_axi_max_widen_bitwidth 
Execute         get_config_interface -m_axi_auto_max_ports 
Execute         get_config_interface -m_axi_num_read_outstanding 
Execute         get_config_interface -m_axi_num_write_outstanding 
Execute         get_config_interface -m_axi_max_read_burst_length 
Execute         get_config_interface -m_axi_max_write_burst_length 
Execute         get_config_interface -s_axilite_data64 
Execute         get_config_interface -m_axi_alignment_byte_size 
Execute         get_config_compile -pragma_strict_mode 
Execute         get_config_compile -pipeline_style 
Execute         send_msg_by_id INFO @200-777@%s Vitis 
INFO: [HLS 200-777] Using interface defaults for 'Vitis' flow target.
Execute         is_m_axi_addr64 
INFO-FLOW: Doing LTO.
Execute         ap_eval exec -ignorestderr /proj/xbuilds/SWIP/2020.2_1118_1232/installs/lin64/Vitis_HLS/2020.2/lnx64/tools/clang-3.9-csynth/bin/clang -foptimization-record-file=/wrk/xsjhdnobkup5/ravic/work/Port_DDR_to_HBM/build/DDR_banks/temp_dir/vadd_sw_emu/vadd/vadd/solution/.autopilot/db/clang.a.g.ld.0.bc.diag.yml -mllvm -pass-remarks-missed=reflow|pasta|unroll -mllvm -pass-remarks=reflow|pasta|unroll|inline -fhls -mllvm -hls-top-function-name=vadd -mllvm -hls-db-dir -mllvm /wrk/xsjhdnobkup5/ravic/work/Port_DDR_to_HBM/build/DDR_banks/temp_dir/vadd_sw_emu/vadd/vadd/solution/.autopilot/db -emit-llvm -c -target fpga64-xilinx-none -mllvm -xcl-xmlinfo=/wrk/xsjhdnobkup5/ravic/work/Port_DDR_to_HBM/build/DDR_banks/temp_dir/vadd_sw_emu/vadd/vadd/solution/.autopilot/db/../../../kernel.xml -mllvm -top-io-mapping-info=/wrk/xsjhdnobkup5/ravic/work/Port_DDR_to_HBM/build/DDR_banks/temp_dir/vadd_sw_emu/vadd/vadd/solution/.autopilot/db/top-io-fe.xml -mllvm -xcl-target=cpu -mllvm -hls-bitcode-version=3.1 -mllvm -reflow-enable-slave-interface-default-setting=true -mllvm -gen-kernel-xml=true -mllvm -default-maxi-offset=slave -mllvm -maxi-latency=64 -mllvm -hls-maxi-data-size-in-bits=8 -mllvm -hls-maxi-max-data-size-in-bits=1024 -mllvm -hls-max-widen-size-in-bits=512 -mllvm -xcl-kernel-max-mem-ports=0 -mllvm -maxi-read-trans=16 -mllvm -maxi-write-trans=16 -mllvm -maxi-read-burst-len=16 -mllvm -maxi-write-burst-len=16 -mllvm -reflow-enable-saxi-64bits=0 -mllvm -assume-maxi-align=64 -mllvm -no-unaligned-maxi-accesses=false -mllvm -reflow-pipeline-style-llvm-setting=0 -mllvm -disable-inlined-alloca-merging=true -mllvm -enable-reflow-vitis-flow-setting=true -x ir /wrk/xsjhdnobkup5/ravic/work/Port_DDR_to_HBM/build/DDR_banks/temp_dir/vadd_sw_emu/vadd/vadd/solution/.autopilot/db/a.g.ld.5.gdce.bc -o /wrk/xsjhdnobkup5/ravic/work/Port_DDR_to_HBM/build/DDR_banks/temp_dir/vadd_sw_emu/vadd/vadd/solution/.autopilot/db/a.g.lto.bc > /wrk/xsjhdnobkup5/ravic/work/Port_DDR_to_HBM/build/DDR_banks/temp_dir/vadd_sw_emu/vadd/vadd/solution/.autopilot/db/clang.a.g.ld.0.bc.out.log 2> /wrk/xsjhdnobkup5/ravic/work/Port_DDR_to_HBM/build/DDR_banks/temp_dir/vadd_sw_emu/vadd/vadd/solution/.autopilot/db/clang.a.g.ld.0.bc.err.log 
Command         ap_eval done; 0.15 sec.
Execute         source /proj/xbuilds/SWIP/2020.2_1118_1232/installs/lin64/Vitis_HLS/2020.2/tps/tcl/tcllib1.11.1/yaml/yaml.tcl 
Execute           source /proj/xbuilds/SWIP/2020.2_1118_1232/installs/lin64/Vitis_HLS/2020.2/tps/tcl/tcllib1.11.1/cmdline/cmdline.tcl 
INFO: [HLS 214-178] Inlining function 'minRand(unsigned int, int)' into 'vadd' (/wrk/xsjhdnobkup5/ravic/work/Port_DDR_to_HBM/reference_files/kernel.cpp:85:0)
INFO-FLOW: DBG:CMD: copy_raw_kernel_xml ap_link_39: copying raw kernel.xml: /wrk/xsjhdnobkup5/ravic/work/Port_DDR_to_HBM/build/DDR_banks/temp_dir/vadd_sw_emu/vadd/vadd/solution/.autopilot/db/../../../kernel.xml -> /wrk/xsjhdnobkup5/ravic/work/Port_DDR_to_HBM/build/DDR_banks/temp_dir/vadd_sw_emu/vadd/vadd/solution/.autopilot/db/kernel.internal.xml
INFO: [HLS 200-111] Finished Compiling Optimization and Transform: CPU user time: 3.29 seconds. CPU system time: 0.44 seconds. Elapsed time: 3.85 seconds; current allocated memory: 424.293 MB.
INFO: [HLS 200-111] Finished Checking Pragmas: CPU user time: 0 seconds. CPU system time: 0 seconds. Elapsed time: 0 seconds; current allocated memory: 424.310 MB.
Command       elaborate done; 6.44 sec.
Execute       send_msg_by_id INFO @200-1493@ 
INFO: [HLS 200-1493] Running only source code synthesis checks, skipping scheduling and RTL generation.
Command     csynth_design done; 6.45 sec.
INFO: [HLS 200-111] Finished Command csynth_design CPU user time: 5.54 seconds. CPU system time: 0.72 seconds. Elapsed time: 6.45 seconds; current allocated memory: 424.313 MB.
Execute     close_project 
Execute       cleanup_all -project 
Execute     cleanup_all 
