Copyright 1986-2020 Xilinx, Inc. All Rights Reserved.
------------------------------------------------------------------------------------------
| Tool Version : Vivado v.2020.2 (lin64) Build 3064766 Wed Nov 18 09:12:47 MST 2020
| Date         : Sun Dec  6 18:23:10 2020
| Host         : xsjrdevl110 running 64-bit CentOS Linux release 7.4.1708 (Core)
| Command      : report_utilization -slr -file slr_util_placed.rpt -pb slr_util_placed.pb
| Design       : level0_wrapper
| Device       : xcu50fsvh2104-2
| Design State : Fully Placed
------------------------------------------------------------------------------------------

Utilization Design Information

Table of Contents
-----------------
1. SLR Connectivity
2. SLR Connectivity Matrix
3. SLR CLB Logic and Dedicated Block Utilization
4. SLR IO Utilization

1. SLR Connectivity
-------------------

+----------------------------------+------+-------+-----------+-------+
|                                  | Used | Fixed | Available | Util% |
+----------------------------------+------+-------+-----------+-------+
| SLR1 <-> SLR0                    | 4180 |       |     23040 | 18.14 |
|   SLR0 -> SLR1                   | 2252 |       |           |  9.77 |
|     Using TX_REG only            |    0 |     0 |           |       |
|     Using RX_REG only            |    3 |     3 |           |       |
|     Using Both TX_REG and RX_REG |    0 |     0 |           |       |
|   SLR1 -> SLR0                   | 1928 |       |           |  8.37 |
|     Using TX_REG only            |    1 |     1 |           |       |
|     Using RX_REG only            |    9 |     9 |           |       |
|     Using Both TX_REG and RX_REG |    1 |     1 |           |       |
+----------------------------------+------+-------+-----------+-------+
| Total SLLs Used                  | 4180 |       |           |       |
+----------------------------------+------+-------+-----------+-------+


2. SLR Connectivity Matrix
--------------------------

+-----------+------+------+
| FROM \ TO | SLR1 | SLR0 |
+-----------+------+------+
| SLR1      |    0 | 1928 |
| SLR0      | 2252 |    0 |
+-----------+------+------+


3. SLR CLB Logic and Dedicated Block Utilization
------------------------------------------------

+----------------------------+--------+-------+--------+--------+
|          Site Type         |  SLR0  |  SLR1 | SLR0 % | SLR1 % |
+----------------------------+--------+-------+--------+--------+
| CLB                        |  16263 |  7845 |  29.59 |  14.53 |
|   CLBL                     |   8486 |  4061 |  28.98 |  13.87 |
|   CLBM                     |   7777 |  3784 |  30.28 |  15.31 |
| CLB LUTs                   |  66895 | 51063 |  15.21 |  11.82 |
|   LUT as Logic             |  56972 | 47195 |  12.96 |  10.92 |
|     using O5 output only   |   2647 |   401 |   0.60 |   0.09 |
|     using O6 output only   |  38618 | 37523 |   8.78 |   8.69 |
|     using O5 and O6        |  15707 |  9271 |   3.57 |   2.15 |
|   LUT as Memory            |   9923 |  3868 |   4.83 |   1.96 |
|     LUT as Distributed RAM |   4952 |  3845 |   2.41 |   1.94 |
|       using O5 output only |      0 |     0 |   0.00 |   0.00 |
|       using O6 output only |   1056 |   375 |   0.51 |   0.19 |
|       using O5 and O6      |   3896 |  3470 |   1.90 |   1.75 |
|     LUT as Shift Register  |   4971 |    23 |   2.42 |   0.01 |
|       using O5 output only |      0 |     0 |   0.00 |   0.00 |
|       using O6 output only |   3957 |    23 |   1.93 |   0.01 |
|       using O5 and O6      |   1014 |     0 |   0.49 |   0.00 |
| CLB Registers              | 111175 | 41475 |  12.64 |   4.80 |
| CARRY8                     |   1005 |   467 |   1.83 |   0.86 |
| F7 Muxes                   |   1264 |   714 |   0.57 |   0.33 |
| F8 Muxes                   |     87 |   140 |   0.08 |   0.13 |
| F9 Muxes                   |      0 |     0 |   0.00 |   0.00 |
| Block RAM Tile             |    117 |    81 |  17.41 |  12.05 |
|   RAMB36/FIFO              |    111 |    81 |  16.52 |  12.05 |
|     RAMB36E2 only          |    111 |    81 |  16.52 |  12.05 |
|   RAMB18                   |     12 |     0 |   0.89 |   0.00 |
| URAM                       |      0 |     0 |   0.00 |   0.00 |
| DSPs                       |      4 |     0 |   0.14 |   0.00 |
| PLL                        |      0 |     0 |   0.00 |   0.00 |
| MMCM                       |      0 |     0 |   0.00 |   0.00 |
| Unique Control Sets        |   4280 |  1726 |   3.89 |   1.60 |
+----------------------------+--------+-------+--------+--------+
* Note: Available Control Sets based on CLB Registers / 8


4. SLR IO Utilization
---------------------

+-----------+-----------+---------+------------+----------+------------+----------+-----+
| SLR Index | Used IOBs | (%)IOBs | Used IPADs | (%)IPADs | Used OPADs | (%)OPADs | GTs |
+-----------+-----------+---------+------------+----------+------------+----------+-----+
| SLR1      |         7 |    3.37 |          0 |     0.00 |          0 |     0.00 |   0 |
| SLR0      |         3 |    1.44 |          0 |     0.00 |          0 |     0.00 |  16 |
+-----------+-----------+---------+------------+----------+------------+----------+-----+
| Total     |        10 |         |          0 |          |          0 |          |  16 |
+-----------+-----------+---------+------------+----------+------------+----------+-----+


