Copyright 1986-2020 Xilinx, Inc. All Rights Reserved.
-------------------------------------------------------------------------------------------------------------------------------------------------------------
| Tool Version : Vivado v.2020.2 (lin64) Build 3064766 Wed Nov 18 09:12:47 MST 2020
| Date         : Sun Dec  6 18:39:34 2020
| Host         : xsjrdevl110 running 64-bit CentOS Linux release 7.4.1708 (Core)
| Command      : report_accelerator_utilization -kernels { vadd:level0_i/ulp/vadd_1/inst:vadd_1} -file kernel_util_routed.rpt -name kernel_util_routed -json
| Design       : level0_wrapper
| Device       : xcu50
| Design State : Routed
-------------------------------------------------------------------------------------------------------------------------------------------------------------

Accelerator Utilization Design Information

Table of Contents
-----------------
1. System Utilization

1. System Utilization
---------------------

+---------------------+------------------+------------------+-------------------+----------------+---------------+----------------+
| Name                | LUT              | LUTAsMem         | REG               | BRAM           | URAM          | DSP            |
+---------------------+------------------+------------------+-------------------+----------------+---------------+----------------+
| Platform            | 114983 [ 13.22%] |  13158 [  3.27%] |  148930 [  8.56%] |  194 [ 14.43%] |   0 [  0.00%] |    4 [  0.07%] |
| User Budget         | 755033 [100.00%] | 388858 [100.00%] | 1591102 [100.00%] | 1150 [100.00%] | 640 [100.00%] | 5936 [100.00%] |
|    Used Resources   |   2976 [  0.39%] |    633 [  0.16%] |    3720 [  0.23%] |    4 [  0.35%] |   0 [  0.00%] |    0 [  0.00%] |
|    Unused Resources | 752057 [ 99.61%] | 388225 [ 99.84%] | 1587382 [ 99.77%] | 1146 [ 99.65%] | 640 [100.00%] | 5936 [100.00%] |
| vadd                |   2976 [  0.39%] |    633 [  0.16%] |    3720 [  0.23%] |    4 [  0.35%] |   0 [  0.00%] |    0 [  0.00%] |
|    vadd_1           |   2976 [  0.39%] |    633 [  0.16%] |    3720 [  0.23%] |    4 [  0.35%] |   0 [  0.00%] |    0 [  0.00%] |
+---------------------+------------------+------------------+-------------------+----------------+---------------+----------------+


