INFO: [v++ 60-1306] Additional information associated with this v++ link can be found at:
	Reports: /wrk/xsjhdnobkup5/ravic/work/PORT_test1/build/HBM_banksall/report_dir/link
	Log files: /wrk/xsjhdnobkup5/ravic/work/PORT_test1/build/HBM_banksall/log_dir/link
INFO: [v++ 60-1548] Creating build summary session with primary output /wrk/xsjhdnobkup5/ravic/work/PORT_test1/build/HBM_banksall/vadd_hw.xclbin.link_summary, at Mon Dec  7 12:30:35 2020
INFO: [v++ 60-1316] Initiating connection to rulecheck server, at Mon Dec  7 12:30:35 2020
INFO: [v++ 60-1315] Creating rulecheck session with output '/wrk/xsjhdnobkup5/ravic/work/PORT_test1/build/HBM_banksall/report_dir/link/v++_link_vadd_hw_guidance.html', at Mon Dec  7 12:30:37 2020
INFO: [v++ 60-895]   Target platform: /proj/xbuilds/2020.2_daily_latest/internal_platforms/xilinx_u50_gen3x16_xdma_201920_3/xilinx_u50_gen3x16_xdma_201920_3.xpfm
INFO: [v++ 60-1578]   This platform contains Xilinx Shell Archive '/proj/xbuilds/2020.2_daily_latest/internal_platforms/xilinx_u50_gen3x16_xdma_201920_3/hw/hw.xsa'
INFO: [v++ 74-74] Compiler Version string: 2020.2
INFO: [v++ 60-629] Linking for hardware target
INFO: [v++ 60-423]   Target device: xilinx_u50_gen3x16_xdma_201920_3
INFO: [v++ 60-1332] Run 'run_link' status: Not started
INFO: [v++ 60-1443] [12:30:40] Run run_link: Step system_link: Started
INFO: [v++ 60-1453] Command Line: system_link --xo /wrk/xsjhdnobkup5/ravic/work/PORT_test1/build/HBM_banksall/vadd_hw.xo --config /wrk/xsjhdnobkup5/ravic/work/PORT_test1/build/HBM_banksall/temp_dir/link/int/syslinkConfig.ini --xpfm /proj/xbuilds/2020.2_daily_latest/internal_platforms/xilinx_u50_gen3x16_xdma_201920_3/xilinx_u50_gen3x16_xdma_201920_3.xpfm --target hw --output_dir /wrk/xsjhdnobkup5/ravic/work/PORT_test1/build/HBM_banksall/temp_dir/link/int --temp_dir /wrk/xsjhdnobkup5/ravic/work/PORT_test1/build/HBM_banksall/temp_dir/link/sys_link
INFO: [v++ 60-1454] Run Directory: /wrk/xsjhdnobkup5/ravic/work/PORT_test1/build/HBM_banksall/temp_dir/link/run_link
INFO: [SYSTEM_LINK 60-1316] Initiating connection to rulecheck server, at Mon Dec  7 12:30:42 2020
INFO: [SYSTEM_LINK 82-70] Extracting xo v3 file /wrk/xsjhdnobkup5/ravic/work/PORT_test1/build/HBM_banksall/vadd_hw.xo
INFO: [SYSTEM_LINK 82-53] Creating IP database /wrk/xsjhdnobkup5/ravic/work/PORT_test1/build/HBM_banksall/temp_dir/link/sys_link/_sysl/.cdb/xd_ip_db.xml
INFO: [SYSTEM_LINK 82-38] [12:30:43] build_xd_ip_db started: /proj/xbuilds/SWIP/2020.2_1118_1232/installs/lin64/Vitis/2020.2/bin/build_xd_ip_db -ip_search 0  -sds-pf /wrk/xsjhdnobkup5/ravic/work/PORT_test1/build/HBM_banksall/temp_dir/link/sys_link/hw.hpfm -clkid 0 -ip /wrk/xsjhdnobkup5/ravic/work/PORT_test1/build/HBM_banksall/temp_dir/link/sys_link/iprepo/xilinx_com_hls_vadd_1_0,vadd -o /wrk/xsjhdnobkup5/ravic/work/PORT_test1/build/HBM_banksall/temp_dir/link/sys_link/_sysl/.cdb/xd_ip_db.xml
INFO: [SYSTEM_LINK 82-37] [12:30:49] build_xd_ip_db finished successfully
Time (s): cpu = 00:00:07 ; elapsed = 00:00:06 . Memory (MB): peak = 1663.324 ; gain = 0.000 ; free physical = 34464 ; free virtual = 169314
INFO: [SYSTEM_LINK 82-51] Create system connectivity graph
INFO: [SYSTEM_LINK 82-102] Applying explicit connections to the system connectivity graph: /wrk/xsjhdnobkup5/ravic/work/PORT_test1/build/HBM_banksall/temp_dir/link/sys_link/cfgraph/cfgen_cfgraph.xml
INFO: [SYSTEM_LINK 82-38] [12:30:49] cfgen started: /proj/xbuilds/SWIP/2020.2_1118_1232/installs/lin64/Vitis/2020.2/bin/cfgen  -sp vadd_1.in1:HBM[0:31] -sp vadd_1.in2:HBM[0:31] -sp vadd_1.out:HBM[0:31] -dmclkid 0 -r /wrk/xsjhdnobkup5/ravic/work/PORT_test1/build/HBM_banksall/temp_dir/link/sys_link/_sysl/.cdb/xd_ip_db.xml -o /wrk/xsjhdnobkup5/ravic/work/PORT_test1/build/HBM_banksall/temp_dir/link/sys_link/cfgraph/cfgen_cfgraph.xml
INFO: [CFGEN 83-0] Kernel Specs: 
INFO: [CFGEN 83-0]   kernel: vadd, num: 1  {vadd_1}
INFO: [CFGEN 83-0] Port Specs: 
INFO: [CFGEN 83-0]   kernel: vadd_1, k_port: in1, sptag: HBM[0:31]
INFO: [CFGEN 83-0]   kernel: vadd_1, k_port: in2, sptag: HBM[0:31]
INFO: [CFGEN 83-0]   kernel: vadd_1, k_port: out, sptag: HBM[0:31]
INFO: [CFGEN 83-2228] Creating mapping for argument vadd_1.in1 to HBM[0:31] for directive vadd_1.in1:HBM[0:31]
INFO: [CFGEN 83-2228] Creating mapping for argument vadd_1.in2 to HBM[0:31] for directive vadd_1.in2:HBM[0:31]
INFO: [CFGEN 83-2228] Creating mapping for argument vadd_1.out to HBM[0:31] for directive vadd_1.out:HBM[0:31]
INFO: [SYSTEM_LINK 82-37] [12:30:53] cfgen finished successfully
Time (s): cpu = 00:00:04 ; elapsed = 00:00:04 . Memory (MB): peak = 1663.324 ; gain = 0.000 ; free physical = 34463 ; free virtual = 169314
INFO: [SYSTEM_LINK 82-52] Create top-level block diagram
INFO: [SYSTEM_LINK 82-38] [12:30:53] cf2bd started: /proj/xbuilds/SWIP/2020.2_1118_1232/installs/lin64/Vitis/2020.2/bin/cf2bd  --linux --trace_buffer 1024 --input_file /wrk/xsjhdnobkup5/ravic/work/PORT_test1/build/HBM_banksall/temp_dir/link/sys_link/cfgraph/cfgen_cfgraph.xml --ip_db /wrk/xsjhdnobkup5/ravic/work/PORT_test1/build/HBM_banksall/temp_dir/link/sys_link/_sysl/.cdb/xd_ip_db.xml --cf_name dr --working_dir /wrk/xsjhdnobkup5/ravic/work/PORT_test1/build/HBM_banksall/temp_dir/link/sys_link/_sysl/.xsd --temp_dir /wrk/xsjhdnobkup5/ravic/work/PORT_test1/build/HBM_banksall/temp_dir/link/sys_link --output_dir /wrk/xsjhdnobkup5/ravic/work/PORT_test1/build/HBM_banksall/temp_dir/link/int --target_bd ulp.bd
INFO: [CF2BD 82-31] Launching cf2xd: cf2xd -linux -trace-buffer 1024 -i /wrk/xsjhdnobkup5/ravic/work/PORT_test1/build/HBM_banksall/temp_dir/link/sys_link/cfgraph/cfgen_cfgraph.xml -r /wrk/xsjhdnobkup5/ravic/work/PORT_test1/build/HBM_banksall/temp_dir/link/sys_link/_sysl/.cdb/xd_ip_db.xml -o dr.xml
INFO: [CF2BD 82-28] cf2xd finished successfully
INFO: [CF2BD 82-31] Launching cf_xsd: cf_xsd -disable-address-gen -bd ulp.bd -dn dr -dp /wrk/xsjhdnobkup5/ravic/work/PORT_test1/build/HBM_banksall/temp_dir/link/sys_link/_sysl/.xsd
INFO: [CF2BD 82-28] cf_xsd finished successfully
INFO: [SYSTEM_LINK 82-37] [12:30:56] cf2bd finished successfully
Time (s): cpu = 00:00:03 ; elapsed = 00:00:03 . Memory (MB): peak = 1663.324 ; gain = 0.000 ; free physical = 34456 ; free virtual = 169312
INFO: [v++ 60-1441] [12:30:56] Run run_link: Step system_link: Completed
Time (s): cpu = 00:00:15 ; elapsed = 00:00:16 . Memory (MB): peak = 1682.488 ; gain = 0.000 ; free physical = 34498 ; free virtual = 169349
INFO: [v++ 60-1443] [12:30:56] Run run_link: Step cf2sw: Started
INFO: [v++ 60-1453] Command Line: cf2sw -sdsl /wrk/xsjhdnobkup5/ravic/work/PORT_test1/build/HBM_banksall/temp_dir/link/int/sdsl.dat -rtd /wrk/xsjhdnobkup5/ravic/work/PORT_test1/build/HBM_banksall/temp_dir/link/int/cf2sw.rtd -nofilter /wrk/xsjhdnobkup5/ravic/work/PORT_test1/build/HBM_banksall/temp_dir/link/int/cf2sw_full.rtd -xclbin /wrk/xsjhdnobkup5/ravic/work/PORT_test1/build/HBM_banksall/temp_dir/link/int/xclbin_orig.xml -o /wrk/xsjhdnobkup5/ravic/work/PORT_test1/build/HBM_banksall/temp_dir/link/int/xclbin_orig.1.xml
INFO: [v++ 60-1454] Run Directory: /wrk/xsjhdnobkup5/ravic/work/PORT_test1/build/HBM_banksall/temp_dir/link/run_link
INFO: [v++ 60-1441] [12:30:59] Run run_link: Step cf2sw: Completed
Time (s): cpu = 00:00:03 ; elapsed = 00:00:03 . Memory (MB): peak = 1682.488 ; gain = 0.000 ; free physical = 34498 ; free virtual = 169349
INFO: [v++ 60-1443] [12:30:59] Run run_link: Step rtd2_system_diagram: Started
INFO: [v++ 60-1453] Command Line: rtd2SystemDiagram
INFO: [v++ 60-1454] Run Directory: /wrk/xsjhdnobkup5/ravic/work/PORT_test1/build/HBM_banksall/temp_dir/link/run_link
INFO: [v++ 60-1441] [12:31:00] Run run_link: Step rtd2_system_diagram: Completed
Time (s): cpu = 00:00:00 ; elapsed = 00:00:01 . Memory (MB): peak = 1682.488 ; gain = 0.000 ; free physical = 34006 ; free virtual = 168856
INFO: [v++ 60-1443] [12:31:00] Run run_link: Step vpl: Started
INFO: [v++ 60-1453] Command Line: vpl -t hw -f xilinx_u50_gen3x16_xdma_201920_3 -g --remote_ip_cache /wrk/xsjhdnobkup5/ravic/work/PORT_test1/makefile/.ipcache --output_dir /wrk/xsjhdnobkup5/ravic/work/PORT_test1/build/HBM_banksall/temp_dir/link/int --log_dir /wrk/xsjhdnobkup5/ravic/work/PORT_test1/build/HBM_banksall/log_dir/link --report_dir /wrk/xsjhdnobkup5/ravic/work/PORT_test1/build/HBM_banksall/report_dir/link --config /wrk/xsjhdnobkup5/ravic/work/PORT_test1/build/HBM_banksall/temp_dir/link/int/vplConfig.ini -k /wrk/xsjhdnobkup5/ravic/work/PORT_test1/build/HBM_banksall/temp_dir/link/int/kernel_info.dat --webtalk_flag Vitis --temp_dir /wrk/xsjhdnobkup5/ravic/work/PORT_test1/build/HBM_banksall/temp_dir/link --no-info --iprepo /wrk/xsjhdnobkup5/ravic/work/PORT_test1/build/HBM_banksall/temp_dir/link/int/xo/ip_repo/xilinx_com_hls_vadd_1_0 --messageDb /wrk/xsjhdnobkup5/ravic/work/PORT_test1/build/HBM_banksall/temp_dir/link/run_link/vpl.pb /wrk/xsjhdnobkup5/ravic/work/PORT_test1/build/HBM_banksall/temp_dir/link/int/dr.bd.tcl
INFO: [v++ 60-1454] Run Directory: /wrk/xsjhdnobkup5/ravic/work/PORT_test1/build/HBM_banksall/temp_dir/link/run_link

****** vpl v2020.2 (64-bit)
  **** SW Build (by xbuild) on 2020-11-18-05:13:29
    ** Copyright 1986-2020 Xilinx, Inc. All Rights Reserved.

INFO: [VPL 60-839] Read in kernel information from file '/wrk/xsjhdnobkup5/ravic/work/PORT_test1/build/HBM_banksall/temp_dir/link/int/kernel_info.dat'.
INFO: [VPL 74-74] Compiler Version string: 2020.2
INFO: [VPL 60-423]   Target device: xilinx_u50_gen3x16_xdma_201920_3
INFO: [VPL 60-1317] Skipping hardware platform extraction and using '/proj/xbuilds/2020.2_daily_latest/internal_platforms/xilinx_u50_gen3x16_xdma_201920_3/hw/xsa' instead.
WARNING: /proj/xbuilds/SWIP/2020.2_1118_1232/installs/lin64/Vitis/2020.2/tps/lnx64/jre9.0.4 does not exist.
[12:31:26] Run vpl: Step create_project: Started
Creating Vivado project.
[12:31:28] Run vpl: Step create_project: Completed
[12:31:28] Run vpl: Step create_bd: Started
[12:32:45] Run vpl: Step create_bd: RUNNING...
[12:33:12] Run vpl: Step create_bd: Completed
[12:33:12] Run vpl: Step update_bd: Started
[12:33:20] Run vpl: Step update_bd: Completed
[12:33:20] Run vpl: Step generate_target: Started
[12:34:37] Run vpl: Step generate_target: RUNNING...
[12:35:33] Run vpl: Step generate_target: Completed
[12:35:33] Run vpl: Step config_hw_runs: Started
[12:35:37] Run vpl: Step config_hw_runs: Completed
[12:35:37] Run vpl: Step synth: Started
[12:36:10] Block-level synthesis in progress, 0 of 9 jobs complete, 8 jobs running.
[12:36:41] Block-level synthesis in progress, 0 of 9 jobs complete, 8 jobs running.
[12:37:12] Block-level synthesis in progress, 0 of 9 jobs complete, 8 jobs running.
[12:37:44] Block-level synthesis in progress, 1 of 9 jobs complete, 7 jobs running.
[12:38:15] Block-level synthesis in progress, 2 of 9 jobs complete, 6 jobs running.
[12:38:46] Block-level synthesis in progress, 5 of 9 jobs complete, 3 jobs running.
[12:39:17] Block-level synthesis in progress, 6 of 9 jobs complete, 2 jobs running.
[12:39:48] Block-level synthesis in progress, 7 of 9 jobs complete, 1 job running.
[12:40:19] Block-level synthesis in progress, 7 of 9 jobs complete, 2 jobs running.
[12:40:50] Block-level synthesis in progress, 7 of 9 jobs complete, 2 jobs running.
[12:41:22] Block-level synthesis in progress, 8 of 9 jobs complete, 1 job running.
[12:41:52] Block-level synthesis in progress, 9 of 9 jobs complete, 0 jobs running.
[12:42:23] Top-level synthesis in progress.
[12:42:54] Top-level synthesis in progress.
[12:43:25] Top-level synthesis in progress.
[12:43:40] Run vpl: Step synth: Completed
[12:43:40] Run vpl: Step impl: Started
[12:53:01] Finished 2nd of 6 tasks (FPGA linking synthesized kernels to platform). Elapsed time: 00h 21m 58s 

[12:53:01] Starting logic optimization..
[12:53:32] Phase 1 Retarget
[12:54:03] Phase 2 Constant propagation
[12:54:03] Phase 3 Sweep
[12:54:34] Phase 4 BUFG optimization
[12:54:34] Phase 5 Shift Register Optimization
[12:54:34] Phase 6 Post Processing Netlist
[12:59:14] Finished 3rd of 6 tasks (FPGA logic optimization). Elapsed time: 00h 06m 13s 

[12:59:14] Starting logic placement..
[12:59:45] Phase 1 Placer Initialization
[12:59:45] Phase 1.1 Placer Initialization Netlist Sorting
[13:01:50] Phase 1.2 IO Placement/ Clock Placement/ Build Placer Device
[13:02:21] Phase 1.3 Build Placer Netlist Model
[13:03:24] Phase 1.4 Constrain Clocks/Macros
[13:03:54] Phase 2 Global Placement
[13:03:54] Phase 2.1 Floorplanning
[13:04:26] Phase 2.1.1 Partition Driven Placement
[13:04:26] Phase 2.1.1.1 PBP: Partition Driven Placement
[13:04:57] Phase 2.1.1.2 PBP: Clock Region Placement
[13:05:59] Phase 2.1.1.3 PBP: Compute Congestion
[13:05:59] Phase 2.1.1.4 PBP: UpdateTiming
[13:06:31] Phase 2.1.1.5 PBP: Add part constraints
[13:06:31] Phase 2.2 Update Timing before SLR Path Opt
[13:06:31] Phase 2.3 Global Placement Core
[13:11:43] Phase 2.3.1 Physical Synthesis In Placer
[13:13:47] Phase 3 Detail Placement
[13:13:47] Phase 3.1 Commit Multi Column Macros
[13:13:47] Phase 3.2 Commit Most Macros & LUTRAMs
[13:14:18] Phase 3.3 Small Shape DP
[13:14:18] Phase 3.3.1 Small Shape Clustering
[13:14:50] Phase 3.3.2 Flow Legalize Slice Clusters
[13:14:50] Phase 3.3.3 Slice Area Swap
[13:15:21] Phase 3.4 Place Remaining
[13:15:21] Phase 3.5 Re-assign LUT pins
[13:15:52] Phase 3.6 Pipeline Register Optimization
[13:15:52] Phase 3.7 Fast Optimization
[13:16:23] Phase 4 Post Placement Optimization and Clean-Up
[13:16:23] Phase 4.1 Post Commit Optimization
[13:17:26] Phase 4.1.1 Post Placement Optimization
[13:17:26] Phase 4.1.1.1 BUFG Insertion
[13:17:26] Phase 1 Physical Synthesis Initialization
[13:17:57] Phase 4.1.1.2 BUFG Replication
[13:17:57] Phase 4.1.1.3 Replication
[13:18:28] Phase 4.2 Post Placement Cleanup
[13:18:28] Phase 4.3 Placer Reporting
[13:18:28] Phase 4.3.1 Print Estimated Congestion
[13:18:59] Phase 4.4 Final Placement Cleanup
[13:23:40] Finished 4th of 6 tasks (FPGA logic placement). Elapsed time: 00h 24m 25s 

[13:23:40] Starting logic routing..
[13:24:12] Phase 1 Build RT Design
[13:25:14] Phase 2 Router Initialization
[13:25:14] Phase 2.1 Fix Topology Constraints
[13:27:19] Phase 2.2 Pre Route Cleanup
[13:27:19] Phase 2.3 Global Clock Net Routing
[13:27:50] Phase 2.4 Update Timing
[13:28:52] Phase 2.5 Update Timing for Bus Skew
[13:28:52] Phase 2.5.1 Update Timing
[13:29:24] Phase 3 Initial Routing
[13:29:24] Phase 3.1 Global Routing
[13:29:55] Phase 4 Rip-up And Reroute
[13:29:55] Phase 4.1 Global Iteration 0
[13:32:31] Phase 4.2 Global Iteration 1
[13:33:02] Phase 4.3 Global Iteration 2
[13:34:04] Phase 5 Delay and Skew Optimization
[13:34:04] Phase 5.1 Delay CleanUp
[13:34:04] Phase 5.1.1 Update Timing
[13:34:36] Phase 5.2 Clock Skew Optimization
[13:34:36] Phase 6 Post Hold Fix
[13:34:36] Phase 6.1 Hold Fix Iter
[13:34:36] Phase 6.1.1 Update Timing
[13:35:07] Phase 7 Leaf Clock Prog Delay Opt
[13:35:38] Phase 8 Route finalize
[13:35:38] Phase 9 Verifying routed nets
[13:35:38] Phase 10 Depositing Routes
[13:36:09] Phase 11 Post Router Timing
[13:36:09] Finished 5th of 6 tasks (FPGA routing). Elapsed time: 00h 12m 28s 

[13:36:09] Starting bitstream generation..
[13:44:28] Creating bitmap...
[13:49:10] Writing bitstream ./level0_i_ulp_my_rm_partial.bit...
[13:49:10] Finished 6th of 6 tasks (FPGA bitstream generation). Elapsed time: 00h 13m 00s 
[13:49:39] Run vpl: Step impl: Completed
[13:49:40] Run vpl: FINISHED. Run Status: impl Complete!
INFO: [v++ 60-1441] [13:49:42] Run run_link: Step vpl: Completed
Time (s): cpu = 00:00:43 ; elapsed = 01:18:42 . Memory (MB): peak = 1682.488 ; gain = 0.000 ; free physical = 32256 ; free virtual = 169447
INFO: [v++ 60-1443] [13:49:42] Run run_link: Step rtdgen: Started
INFO: [v++ 60-1453] Command Line: rtdgen
INFO: [v++ 60-1454] Run Directory: /wrk/xsjhdnobkup5/ravic/work/PORT_test1/build/HBM_banksall/temp_dir/link/run_link
INFO: [v++ 60-991] clock name 'clk_kernel2_in' (clock ID '1') is being mapped to clock name 'KERNEL_CLK' in the xclbin
INFO: [v++ 60-991] clock name 'clk_kernel_in' (clock ID '0') is being mapped to clock name 'DATA_CLK' in the xclbin
INFO: [v++ 60-991] clock name 'hbm_aclk' (clock ID '') is being mapped to clock name 'hbm_aclk' in the xclbin
INFO: [v++ 60-1230] The compiler selected the following frequencies for the runtime controllable kernel clock(s) and scalable system clock(s): System (SYSTEM) clock: hbm_aclk = 450, Kernel (KERNEL) clock: clk_kernel2_in = 500, Kernel (DATA) clock: clk_kernel_in = 300
INFO: [v++ 60-1453] Command Line: cf2sw -a /wrk/xsjhdnobkup5/ravic/work/PORT_test1/build/HBM_banksall/temp_dir/link/int/address_map.xml -sdsl /wrk/xsjhdnobkup5/ravic/work/PORT_test1/build/HBM_banksall/temp_dir/link/int/sdsl.dat -xclbin /wrk/xsjhdnobkup5/ravic/work/PORT_test1/build/HBM_banksall/temp_dir/link/int/xclbin_orig.xml -rtd /wrk/xsjhdnobkup5/ravic/work/PORT_test1/build/HBM_banksall/temp_dir/link/int/vadd_hw.rtd -o /wrk/xsjhdnobkup5/ravic/work/PORT_test1/build/HBM_banksall/temp_dir/link/int/vadd_hw.xml
INFO: [v++ 60-1652] Cf2sw returned exit code: 0
INFO: [v++ 60-2311] HPISystemDiagram::writeSystemDiagramAfterRunningVivado, rtdInputFilePath: /wrk/xsjhdnobkup5/ravic/work/PORT_test1/build/HBM_banksall/temp_dir/link/int/vadd_hw.rtd
INFO: [v++ 60-2312] HPISystemDiagram::writeSystemDiagramAfterRunningVivado, systemDiagramOutputFilePath: /wrk/xsjhdnobkup5/ravic/work/PORT_test1/build/HBM_banksall/temp_dir/link/int/systemDiagramModelSlrBaseAddress.json
INFO: [v++ 60-1618] Launching 
INFO: [v++ 60-1441] [13:49:45] Run run_link: Step rtdgen: Completed
Time (s): cpu = 00:00:02 ; elapsed = 00:00:03 . Memory (MB): peak = 1682.488 ; gain = 0.000 ; free physical = 32257 ; free virtual = 169448
INFO: [v++ 60-1443] [13:49:45] Run run_link: Step xclbinutil: Started
INFO: [v++ 60-1453] Command Line: xclbinutil --add-section DEBUG_IP_LAYOUT:JSON:/wrk/xsjhdnobkup5/ravic/work/PORT_test1/build/HBM_banksall/temp_dir/link/int/debug_ip_layout.rtd --add-section BITSTREAM:RAW:/wrk/xsjhdnobkup5/ravic/work/PORT_test1/build/HBM_banksall/temp_dir/link/int/partial.bit --force --target hw --key-value SYS:dfx_enable:true --add-section :JSON:/wrk/xsjhdnobkup5/ravic/work/PORT_test1/build/HBM_banksall/temp_dir/link/int/vadd_hw.rtd --append-section :JSON:/wrk/xsjhdnobkup5/ravic/work/PORT_test1/build/HBM_banksall/temp_dir/link/int/appendSection.rtd --add-section CLOCK_FREQ_TOPOLOGY:JSON:/wrk/xsjhdnobkup5/ravic/work/PORT_test1/build/HBM_banksall/temp_dir/link/int/vadd_hw_xml.rtd --add-section BUILD_METADATA:JSON:/wrk/xsjhdnobkup5/ravic/work/PORT_test1/build/HBM_banksall/temp_dir/link/int/vadd_hw_build.rtd --add-section EMBEDDED_METADATA:RAW:/wrk/xsjhdnobkup5/ravic/work/PORT_test1/build/HBM_banksall/temp_dir/link/int/vadd_hw.xml --add-section SYSTEM_METADATA:RAW:/wrk/xsjhdnobkup5/ravic/work/PORT_test1/build/HBM_banksall/temp_dir/link/int/systemDiagramModelSlrBaseAddress.json --key-value SYS:PlatformVBNV:xilinx_u50_gen3x16_xdma_201920_3 --output /wrk/xsjhdnobkup5/ravic/work/PORT_test1/makefile/././../build/HBM_banksall/vadd_hw.xclbin
INFO: [v++ 60-1454] Run Directory: /wrk/xsjhdnobkup5/ravic/work/PORT_test1/build/HBM_banksall/temp_dir/link/run_link
XRT Build Version: 2.8.743 (2020.2)
       Build Date: 2020-11-16 08:21:45
          Hash ID: 77d5484b5c4daa691a7f78235053fb036829b1e9
Creating a default 'in-memory' xclbin image.

Section: 'DEBUG_IP_LAYOUT'(9) was successfully added.
Size   : 1016 bytes
Format : JSON
File   : '/wrk/xsjhdnobkup5/ravic/work/PORT_test1/build/HBM_banksall/temp_dir/link/int/debug_ip_layout.rtd'

Section: 'BITSTREAM'(0) was successfully added.
Size   : 31408460 bytes
Format : RAW
File   : '/wrk/xsjhdnobkup5/ravic/work/PORT_test1/build/HBM_banksall/temp_dir/link/int/partial.bit'

Section: 'MEM_TOPOLOGY'(6) was successfully added.
Format : JSON
File   : 'mem_topology'

Section: 'IP_LAYOUT'(8) was successfully added.
Format : JSON
File   : 'ip_layout'

Section: 'CONNECTIVITY'(7) was successfully added.
Format : JSON
File   : 'connectivity'

Section: 'CLOCK_FREQ_TOPOLOGY'(11) was successfully added.
Size   : 410 bytes
Format : JSON
File   : '/wrk/xsjhdnobkup5/ravic/work/PORT_test1/build/HBM_banksall/temp_dir/link/int/vadd_hw_xml.rtd'

Section: 'BUILD_METADATA'(14) was successfully added.
Size   : 3263 bytes
Format : JSON
File   : '/wrk/xsjhdnobkup5/ravic/work/PORT_test1/build/HBM_banksall/temp_dir/link/int/vadd_hw_build.rtd'

Section: 'EMBEDDED_METADATA'(2) was successfully added.
Size   : 3810 bytes
Format : RAW
File   : '/wrk/xsjhdnobkup5/ravic/work/PORT_test1/build/HBM_banksall/temp_dir/link/int/vadd_hw.xml'

Section: 'SYSTEM_METADATA'(22) was successfully added.
Size   : 46650 bytes
Format : RAW
File   : '/wrk/xsjhdnobkup5/ravic/work/PORT_test1/build/HBM_banksall/temp_dir/link/int/systemDiagramModelSlrBaseAddress.json'

Section: 'PARTITION_METADATA'(20) was successfully appended to.
Format : JSON
File   : 'partition_metadata'

Section: 'IP_LAYOUT'(8) was successfully appended to.
Format : JSON
File   : 'ip_layout'
Successfully wrote (31506405 bytes) to the output file: /wrk/xsjhdnobkup5/ravic/work/PORT_test1/makefile/././../build/HBM_banksall/vadd_hw.xclbin
Leaving xclbinutil.
INFO: [v++ 60-1441] [13:49:45] Run run_link: Step xclbinutil: Completed
Time (s): cpu = 00:00:00.06 ; elapsed = 00:00:00.29 . Memory (MB): peak = 1682.488 ; gain = 0.000 ; free physical = 32259 ; free virtual = 169450
INFO: [v++ 60-1443] [13:49:45] Run run_link: Step xclbinutilinfo: Started
INFO: [v++ 60-1453] Command Line: xclbinutil --quiet --force --info /wrk/xsjhdnobkup5/ravic/work/PORT_test1/makefile/././../build/HBM_banksall/vadd_hw.xclbin.info --input /wrk/xsjhdnobkup5/ravic/work/PORT_test1/makefile/././../build/HBM_banksall/vadd_hw.xclbin
INFO: [v++ 60-1454] Run Directory: /wrk/xsjhdnobkup5/ravic/work/PORT_test1/build/HBM_banksall/temp_dir/link/run_link
INFO: [v++ 60-1441] [13:49:45] Run run_link: Step xclbinutilinfo: Completed
Time (s): cpu = 00:00:00.35 ; elapsed = 00:00:00.46 . Memory (MB): peak = 1682.488 ; gain = 0.000 ; free physical = 32257 ; free virtual = 169448
INFO: [v++ 60-1443] [13:49:45] Run run_link: Step generate_sc_driver: Started
INFO: [v++ 60-1453] Command Line: 
INFO: [v++ 60-1454] Run Directory: /wrk/xsjhdnobkup5/ravic/work/PORT_test1/build/HBM_banksall/temp_dir/link/run_link
INFO: [v++ 60-1441] [13:49:45] Run run_link: Step generate_sc_driver: Completed
Time (s): cpu = 00:00:00 ; elapsed = 00:00:00 . Memory (MB): peak = 1682.488 ; gain = 0.000 ; free physical = 32257 ; free virtual = 169448
INFO: [v++ 60-244] Generating system estimate report...
INFO: [v++ 60-1092] Generated system estimate report: /wrk/xsjhdnobkup5/ravic/work/PORT_test1/build/HBM_banksall/report_dir/link/system_estimate_vadd_hw.xtxt
INFO: [v++ 60-586] Created /wrk/xsjhdnobkup5/ravic/work/PORT_test1/build/HBM_banksall/vadd_hw.ltx
INFO: [v++ 60-586] Created ././../build/HBM_banksall/vadd_hw.xclbin
INFO: [v++ 60-1307] Run completed. Additional information can be found in:
	Guidance: /wrk/xsjhdnobkup5/ravic/work/PORT_test1/build/HBM_banksall/report_dir/link/v++_link_vadd_hw_guidance.html
	Timing Report: /wrk/xsjhdnobkup5/ravic/work/PORT_test1/build/HBM_banksall/report_dir/link/imp/impl_1_hw_bb_locked_timing_summary_routed.rpt
	Vivado Log: /wrk/xsjhdnobkup5/ravic/work/PORT_test1/build/HBM_banksall/log_dir/link/vivado.log
	Steps Log File: /wrk/xsjhdnobkup5/ravic/work/PORT_test1/build/HBM_banksall/log_dir/link/link.steps.log

INFO: [v++ 60-2343] Use the vitis_analyzer tool to visualize and navigate the relevant reports. Run the following command. 
    vitis_analyzer /wrk/xsjhdnobkup5/ravic/work/PORT_test1/build/HBM_banksall/vadd_hw.xclbin.link_summary 
INFO: [v++ 60-791] Total elapsed time: 1h 19m 23s
