Copyright 1986-2020 Xilinx, Inc. All Rights Reserved.
-------------------------------------------------------------------------------------------------------------------------------------------------------------
| Tool Version : Vivado v.2020.2 (lin64) Build 3064766 Wed Nov 18 09:12:47 MST 2020
| Date         : Sun Dec  6 20:53:13 2020
| Host         : xsjrdevl110 running 64-bit CentOS Linux release 7.4.1708 (Core)
| Command      : report_accelerator_utilization -kernels { vadd:level0_i/ulp/vadd_1/inst:vadd_1} -file kernel_util_placed.rpt -name kernel_util_placed -json
| Design       : level0_wrapper
| Device       : xcu50
| Design State : Fully Placed
-------------------------------------------------------------------------------------------------------------------------------------------------------------

Accelerator Utilization Design Information

Table of Contents
-----------------
1. System Utilization

1. System Utilization
---------------------

+---------------------+------------------+------------------+-------------------+----------------+---------------+----------------+
| Name                | LUT              | LUTAsMem         | REG               | BRAM           | URAM          | DSP            |
+---------------------+------------------+------------------+-------------------+----------------+---------------+----------------+
| Platform            | 115488 [ 13.27%] |  13159 [  3.27%] |  149375 [  8.58%] |  196 [ 14.58%] |   0 [  0.00%] |    4 [  0.07%] |
| User Budget         | 754528 [100.00%] | 388857 [100.00%] | 1590657 [100.00%] | 1148 [100.00%] | 640 [100.00%] | 5936 [100.00%] |
|    Used Resources   |   2968 [  0.39%] |    633 [  0.16%] |    3719 [  0.23%] |    4 [  0.35%] |   0 [  0.00%] |    0 [  0.00%] |
|    Unused Resources | 751560 [ 99.61%] | 388224 [ 99.84%] | 1586938 [ 99.77%] | 1144 [ 99.65%] | 640 [100.00%] | 5936 [100.00%] |
| vadd                |   2968 [  0.39%] |    633 [  0.16%] |    3719 [  0.23%] |    4 [  0.35%] |   0 [  0.00%] |    0 [  0.00%] |
|    vadd_1           |   2968 [  0.39%] |    633 [  0.16%] |    3719 [  0.23%] |    4 [  0.35%] |   0 [  0.00%] |    0 [  0.00%] |
+---------------------+------------------+------------------+-------------------+----------------+---------------+----------------+


