Copyright 1986-2020 Xilinx, Inc. All Rights Reserved.
-------------------------------------------------------------------------------------------------------------------------------------------------------------
| Tool Version : Vivado v.2020.2 (lin64) Build 3064766 Wed Nov 18 09:12:47 MST 2020
| Date         : Mon Dec  7 13:38:24 2020
| Host         : xsjrdevl110 running 64-bit CentOS Linux release 7.4.1708 (Core)
| Command      : report_accelerator_utilization -kernels { vadd:level0_i/ulp/vadd_1/inst:vadd_1} -file kernel_util_routed.rpt -name kernel_util_routed -json
| Design       : level0_wrapper
| Device       : xcu50
| Design State : Routed
-------------------------------------------------------------------------------------------------------------------------------------------------------------

Accelerator Utilization Design Information

Table of Contents
-----------------
1. System Utilization

1. System Utilization
---------------------

+---------------------+------------------+------------------+-------------------+----------------+---------------+----------------+
| Name                | LUT              | LUTAsMem         | REG               | BRAM           | URAM          | DSP            |
+---------------------+------------------+------------------+-------------------+----------------+---------------+----------------+
| Platform            | 121952 [ 14.02%] |  14815 [  3.69%] |  161593 [  9.29%] |  196 [ 14.58%] |   0 [  0.00%] |    4 [  0.07%] |
| User Budget         | 748064 [100.00%] | 387201 [100.00%] | 1578439 [100.00%] | 1148 [100.00%] | 640 [100.00%] | 5936 [100.00%] |
|    Used Resources   |   8033 [  1.07%] |   2332 [  0.60%] |   14426 [  0.91%] |   37 [  3.22%] |   0 [  0.00%] |    4 [  0.07%] |
|    Unused Resources | 740031 [ 98.93%] | 384869 [ 99.40%] | 1564013 [ 99.09%] | 1111 [ 96.78%] | 640 [100.00%] | 5932 [ 99.93%] |
| vadd                |   8033 [  1.07%] |   2332 [  0.60%] |   14426 [  0.91%] |   37 [  3.22%] |   0 [  0.00%] |    4 [  0.07%] |
|    vadd_1           |   8033 [  1.07%] |   2332 [  0.60%] |   14426 [  0.91%] |   37 [  3.22%] |   0 [  0.00%] |    4 [  0.07%] |
+---------------------+------------------+------------------+-------------------+----------------+---------------+----------------+


