Copyright 1986-2020 Xilinx, Inc. All Rights Reserved.
---------------------------------------------------------------------------------------------------------------------------------------------------------------
| Tool Version : Vivado v.2020.2 (lin64) Build 3064766 Wed Nov 18 09:12:47 MST 2020
| Date         : Mon Dec  7 12:50:29 2020
| Host         : xsjrdevl110 running 64-bit CentOS Linux release 7.4.1708 (Core)
| Command      : report_accelerator_utilization -kernels { vadd:level0_i/ulp/vadd_1/inst:vadd_1} -file kernel_util_synthed.rpt -name kernel_util_synthed -json
| Design       : level0_wrapper
| Device       : xcu50
| Design State : Synthesized
---------------------------------------------------------------------------------------------------------------------------------------------------------------

Accelerator Utilization Design Information

Table of Contents
-----------------
1. System Utilization

1. System Utilization
---------------------

+---------------------+------------------+------------------+-------------------+----------------+---------------+----------------+
| Name                | LUT              | LUTAsMem         | REG               | BRAM           | URAM          | DSP            |
+---------------------+------------------+------------------+-------------------+----------------+---------------+----------------+
| Platform            | 136499 [ 15.69%] |  16729 [  4.16%] |  169729 [  9.75%] |  204 [ 15.18%] |   0 [  0.00%] |    4 [  0.07%] |
| User Budget         | 733517 [100.00%] | 385287 [100.00%] | 1570303 [100.00%] | 1140 [100.00%] | 640 [100.00%] | 5936 [100.00%] |
|    Used Resources   |   8381 [  1.14%] |   2650 [  0.69%] |   14385 [  0.92%] |   37 [  3.25%] |   0 [  0.00%] |    4 [  0.07%] |
|    Unused Resources | 725136 [ 98.86%] | 382637 [ 99.31%] | 1555918 [ 99.08%] | 1103 [ 96.75%] | 640 [100.00%] | 5932 [ 99.93%] |
| vadd                |   8381 [  1.14%] |   2650 [  0.69%] |   14385 [  0.92%] |   37 [  3.25%] |   0 [  0.00%] |    4 [  0.07%] |
|    vadd_1           |   8381 [  1.14%] |   2650 [  0.69%] |   14385 [  0.92%] |   37 [  3.25%] |   0 [  0.00%] |    4 [  0.07%] |
+---------------------+------------------+------------------+-------------------+----------------+---------------+----------------+


