# 
# Steps log generated by v++
# This log file contains a collection of steps that describe the kernel compilation flow
# Note: Some steps are tagged as internal, these steps are for debugging purposes and 
#       are not expected to be able to run independently.
# 

# The following environment variables are set when running v++
Environment variables :
------------------------------------------
REMOTEHOST=xsjrdevl100.xilinx.com
MANPATH=.:/usr/local/man:/usr/man
_RDI_DONT_SET_XILINX_AS_PATH=True
XDG_SESSION_ID=21144
HOSTNAME=xsjrdevl110
XiWINMGR=olwm
XILINX_DSP=
SHELL=/bin/csh
KRNL_LOOP=1
TERM=xterm
HOST=xsjrdevl110
MAKEFLAGS=BUILDXCLBIN=1 KRNL_LOOP=1 ADDRNDM=0 DSIZE=600 MEMTYPE=DDR TARGET=sw_emu
SSH_CLIENT=172.19.220.154 33184 22
MYVIVADO=
X11HOME=/tools/x11r5/sun3
RDI_TPS_ROOT=/proj/xbuilds/SWIP/2020.2_1118_1232/installs/lin64/Vivado/2020.2/tps/lnx64
QTDIR=/usr/lib64/qt-3.3
HDI_PROCESSOR=x86_64
QTINC=/usr/lib64/qt-3.3/include
SYNTH_COMMON=/proj/xbuilds/SWIP/2020.2_1118_1232/installs/lin64/Vitis/2020.2/scripts/rt/data
SSH_TTY=/dev/pts/33
RDI_JAVA_VERSION=9.0.4
RT_TCL_PATH=/proj/xbuilds/SWIP/2020.2_1118_1232/installs/lin64/Vitis/2020.2/scripts/rt/base_tcl/tcl
RDI_PREPEND_PATH=/proj/xbuilds/SWIP/2020.2_1118_1232/installs/lin64/Vitis/2020.2/bin
QT_GRAPHICSSYSTEM_CHECKED=1
RDI_OPT_EXT=.o
MAKEOVERRIDES=${-*-command-variables-*-}
USER=ravic
GROUP=newhiredefaultgrp
LS_COLORS=rs=0:di=01;34:ln=01;36:mh=00:pi=40;33:so=01;35:do=01;35:bd=40;33;01:cd=40;33;01:or=40;31;01:mi=01;05;37;41:su=37;41:sg=30;43:ca=30;41:tw=30;42:ow=34;42:st=37;44:ex=01;32:*.tar=01;31:*.tgz=01;31:*.arc=01;31:*.arj=01;31:*.taz=01;31:*.lha=01;31:*.lz4=01;31:*.lzh=01;31:*.lzma=01;31:*.tlz=01;31:*.txz=01;31:*.tzo=01;31:*.t7z=01;31:*.zip=01;31:*.z=01;31:*.Z=01;31:*.dz=01;31:*.gz=01;31:*.lrz=01;31:*.lz=01;31:*.lzo=01;31:*.xz=01;31:*.bz2=01;31:*.bz=01;31:*.tbz=01;31:*.tbz2=01;31:*.tz=01;31:*.deb=01;31:*.rpm=01;31:*.jar=01;31:*.war=01;31:*.ear=01;31:*.sar=01;31:*.rar=01;31:*.alz=01;31:*.ace=01;31:*.zoo=01;31:*.cpio=01;31:*.7z=01;31:*.rz=01;31:*.cab=01;31:*.jpg=01;35:*.jpeg=01;35:*.gif=01;35:*.bmp=01;35:*.pbm=01;35:*.pgm=01;35:*.ppm=01;35:*.tga=01;35:*.xbm=01;35:*.xpm=01;35:*.tif=01;35:*.tiff=01;35:*.png=01;35:*.svg=01;35:*.svgz=01;35:*.mng=01;35:*.pcx=01;35:*.mov=01;35:*.mpg=01;35:*.mpeg=01;35:*.m2v=01;35:*.mkv=01;35:*.webm=01;35:*.ogm=01;35:*.mp4=01;35:*.m4v=01;35:*.mp4v=01;35:*.vob=01;35:*.qt=01;35:*.nuv=01;35:*.wmv=01;35:*.asf=01;35:*.rm=01;35:*.rmvb=01;35:*.flc=01;35:*.avi=01;35:*.fli=01;35:*.flv=01;35:*.gl=01;35:*.dl=01;35:*.xcf=01;35:*.xwd=01;35:*.yuv=01;35:*.cgm=01;35:*.emf=01;35:*.axv=01;35:*.anx=01;35:*.ogv=01;35:*.ogx=01;35:*.aac=01;36:*.au=01;36:*.flac=01;36:*.mid=01;36:*.midi=01;36:*.mka=01;36:*.mp3=01;36:*.mpc=01;36:*.ogg=01;36:*.ra=01;36:*.wav=01;36:*.axa=01;36:*.oga=01;36:*.spx=01;36:*.xspf=01;36:
LD_LIBRARY_PATH=/proj/xbuilds/SWIP/2020.2_1118_1232/installs/lin64/Vitis/2020.2/lib/lnx64.o/Default:/proj/xbuilds/SWIP/2020.2_1118_1232/installs/lin64/Vitis/2020.2/lib/lnx64.o:/proj/xbuilds/SWIP/2020.2_1118_1232/installs/lin64/Vitis/2020.2/lib/lnx64.o/Default:/proj/xbuilds/SWIP/2020.2_1118_1232/installs/lin64/Vitis/2020.2/lib/lnx64.o:/proj/xbuilds/XRT/2020.2/202020.2.8.743/packages/x86_64/xrt-2.8.743_centos_7.4/opt/xilinx/xrt/lib:/proj/xbuilds/XRT/2020.2/202020.2.8.743/packages/x86_64/xrt-2.8.743_centos_7.4/opt/xilinx/xrt/lib:/proj/xbuilds/XRT/2020.2/202020.2.8.721/packages/x86_64/xrt-2.8.721_centos_7.4/opt/xilinx/xrt/lib:/proj/xbuilds/XRT/master/202020.2.8.489/packages/x86_64/xrt-2.8.489_centos_7.4/opt/xilinx/xrt/lib:/proj/xbuilds/XRT/master/202020.2.8.488/packages/x86_64/xrt-2.8.488_centos_7.4/opt/xilinx/xrt/lib:/proj/xbuilds/XRT/master/202020.2.8.426/packages/x86_64/xrt-2.8.426_centos_7.4/opt/xilinx/xrt/lib:/usr/local/lib:/usr/lib:/proj/xbuilds/SWIP/2020.2_1118_1232/installs/lin64/Vitis/2020.2/bin/../lnx64/tools/dot/lib
MEMTYPE=DDR
OPENWINHOME=/usr/openwin
RDI_PATCHROOT=
TCL_LIBRARY=/proj/xbuilds/SWIP/2020.2_1118_1232/installs/lin64/Vitis/2020.2/tps/tcl/tcl8.5
HOSTTYPE=x86_64-linux
RDI_PLATFORM=lnx64
MAKELEVEL=1
RDI_BUILD=yes
MFLAGS=
RT_LIBPATH=/proj/xbuilds/SWIP/2020.2_1118_1232/installs/lin64/Vitis/2020.2/scripts/rt/data
RDI_LIBDIR=/proj/xbuilds/SWIP/2020.2_1118_1232/installs/lin64/Vitis/2020.2/lib/lnx64.o/Default:/proj/xbuilds/SWIP/2020.2_1118_1232/installs/lin64/Vitis/2020.2/lib/lnx64.o
PATH=/proj/xbuilds/SWIP/2020.2_1118_1232/installs/lin64/Vivado/2020.2/tps/lnx64/binutils-2.26/bin:/proj/xbuilds/SWIP/2020.2_1118_1232/installs/lin64/Vitis/2020.2/bin/../gnu/aarch64/lin/aarch64-linux/bin:/proj/xbuilds/SWIP/2020.2_1118_1232/installs/lin64/Vitis/2020.2/bin/../gnu/ppc64le/4.9.3/lnx64/bin:/proj/xbuilds/SWIP/2020.2_1118_1232/installs/lin64/Vitis/2020.2/bin/../gnu/aarch32/lin/gcc-arm-linux-gnueabi/bin:/proj/xbuilds/SWIP/2020.2_1118_1232/installs/lin64/Vivado/2020.2/tps/lnx64/gcc-6.2.0/bin:/proj/xbuilds/SWIP/2020.2_1118_1232/installs/lin64/Vivado/2020.2/gnu/microblaze/lin/bin:/proj/xbuilds/SWIP/2020.2_1118_1232/installs/lin64/Vitis/2020.2/bin:/proj/xbuilds/SWIP/2020.2_1118_1232/installs/lin64/Vivado/2020.2/bin:/proj/xbuilds/XRT/2020.2/202020.2.8.743/packages/x86_64/xrt-2.8.743_centos_7.4/opt/xilinx/xrt/bin:/proj/xbuilds/SWIP/2020.2_1118_1232/installs/lin64/Vitis_HLS/2020.2/bin:/proj/xbuilds/SWIP/2020.2_1118_1232/installs/lin64/Model_Composer/2020.2/bin:/proj/xbuilds/SWIP/2020.2_1118_1232/installs/lin64/Vitis/2020.2/gnu/microblaze/lin/bin:/proj/xbuilds/SWIP/2020.2_1118_1232/installs/lin64/Vitis/2020.2/gnu/arm/lin/bin:/proj/xbuilds/SWIP/2020.2_1118_1232/installs/lin64/Vitis/2020.2/gnu/microblaze/linux_toolchain/lin64_le/bin:/proj/xbuilds/SWIP/2020.2_1118_1232/installs/lin64/Vitis/2020.2/gnu/aarch32/lin/gcc-arm-linux-gnueabi/bin:/proj/xbuilds/SWIP/2020.2_1118_1232/installs/lin64/Vitis/2020.2/gnu/aarch32/lin/gcc-arm-none-eabi/bin:/proj/xbuilds/SWIP/2020.2_1118_1232/installs/lin64/Vitis/2020.2/gnu/aarch64/lin/aarch64-linux/bin:/proj/xbuilds/SWIP/2020.2_1118_1232/installs/lin64/Vitis/2020.2/gnu/aarch64/lin/aarch64-none/bin:/proj/xbuilds/SWIP/2020.2_1118_1232/installs/lin64/Vitis/2020.2/gnu/armr5/lin/gcc-arm-none-eabi/bin:/proj/xbuilds/SWIP/2020.2_1118_1232/installs/lin64/Vitis/2020.2/tps/lnx64/cmake-3.3.2/bin:/proj/xbuilds/SWIP/2020.2_1118_1232/installs/lin64/Vitis/2020.2/aietools/bin:/proj/xbuilds/SWIP/2020.2_1118_1232/installs/lin64/DocNav:/proj/xbuilds/SWIP/2020.2_1120_2158/installs/lin64/Vitis_HLS/2020.2/bin:/proj/xbuilds/SWIP/2020.2_1120_2158/installs/lin64/Model_Composer/2020.2/bin:/proj/xbuilds/SWIP/2020.2_1120_2158/installs/lin64/Vitis/2020.2/bin:/proj/xbuilds/SWIP/2020.2_1120_2158/installs/lin64/Vitis/2020.2/gnu/microblaze/lin/bin:/proj/xbuilds/SWIP/2020.2_1120_2158/installs/lin64/Vitis/2020.2/gnu/arm/lin/bin:/proj/xbuilds/SWIP/2020.2_1120_2158/installs/lin64/Vitis/2020.2/gnu/microblaze/linux_toolchain/lin64_le/bin:/proj/xbuilds/SWIP/2020.2_1120_2158/installs/lin64/Vitis/2020.2/gnu/aarch32/lin/gcc-arm-linux-gnueabi/bin:/proj/xbuilds/SWIP/2020.2_1120_2158/installs/lin64/Vitis/2020.2/gnu/aarch32/lin/gcc-arm-none-eabi/bin:/proj/xbuilds/SWIP/2020.2_1120_2158/installs/lin64/Vitis/2020.2/gnu/aarch64/lin/aarch64-linux/bin:/proj/xbuilds/SWIP/2020.2_1120_2158/installs/lin64/Vitis/2020.2/gnu/aarch64/lin/aarch64-none/bin:/proj/xbuilds/SWIP/2020.2_1120_2158/installs/lin64/Vitis/2020.2/gnu/armr5/lin/gcc-arm-none-eabi/bin:/proj/xbuilds/SWIP/2020.2_1120_2158/installs/lin64/Vitis/2020.2/tps/lnx64/cmake-3.3.2/bin:/proj/xbuilds/SWIP/2020.2_1120_2158/installs/lin64/Vitis/2020.2/aietools/bin:/proj/xbuilds/SWIP/2020.2_1120_2158/installs/lin64/Vivado/2020.2/bin:/proj/xbuilds/SWIP/2020.2_1120_2158/installs/lin64/DocNav:/proj/xbuilds/XRT/2020.2/202020.2.8.721/packages/x86_64/xrt-2.8.721_centos_7.4/opt/xilinx/xrt/bin:/proj/xbuilds/SWIP/2020.2_1109_1932/installs/lin64/Vitis_HLS/2020.2/bin:/proj/xbuilds/SWIP/2020.2_1109_1932/installs/lin64/Model_Composer/2020.2/bin:/proj/xbuilds/SWIP/2020.2_1109_1932/installs/lin64/Vitis/2020.2/bin:/proj/xbuilds/SWIP/2020.2_1109_1932/installs/lin64/Vitis/2020.2/gnu/microblaze/lin/bin:/proj/xbuilds/SWIP/2020.2_1109_1932/installs/lin64/Vitis/2020.2/gnu/arm/lin/bin:/proj/xbuilds/SWIP/2020.2_1109_1932/installs/lin64/Vitis/2020.2/gnu/microblaze/linux_toolchain/lin64_le/bin:/proj/xbuilds/SWIP/2020.2_1109_1932/installs/lin64/Vitis/2020.2/gnu/aarch32/lin/gcc-arm-linux-gnueabi/bin:/proj/xbuilds/SWIP/2020.2_1109_1932/installs/lin64/Vitis/2020.2/gnu/aarch32/lin/gcc-arm-none-eabi/bin:/proj/xbuilds/SWIP/2020.2_1109_1932/installs/lin64/Vitis/2020.2/gnu/aarch64/lin/aarch64-linux/bin:/proj/xbuilds/SWIP/2020.2_1109_1932/installs/lin64/Vitis/2020.2/gnu/aarch64/lin/aarch64-none/bin:/proj/xbuilds/SWIP/2020.2_1109_1932/installs/lin64/Vitis/2020.2/gnu/armr5/lin/gcc-arm-none-eabi/bin:/proj/xbuilds/SWIP/2020.2_1109_1932/installs/lin64/Vitis/2020.2/tps/lnx64/cmake-3.3.2/bin:/proj/xbuilds/SWIP/2020.2_1109_1932/installs/lin64/Vitis/2020.2/aietools/bin:/proj/xbuilds/SWIP/2020.2_1109_1932/installs/lin64/Vivado/2020.2/bin:/proj/xbuilds/SWIP/2020.2_1109_1932/installs/lin64/DocNav:/proj/xbuilds/XRT/master/202020.2.8.489/packages/x86_64/xrt-2.8.489_centos_7.4/opt/xilinx/xrt/bin:/proj/xbuilds/SWIP/2020.2_0920_2006/installs/lin64/Vitis_HLS/2020.2/bin:/proj/xbuilds/SWIP/2020.2_0920_2006/installs/lin64/Model_Composer/2020.2/bin:/proj/xbuilds/SWIP/2020.2_0920_2006/installs/lin64/Vitis/2020.2/bin:/proj/xbuilds/SWIP/2020.2_0920_2006/installs/lin64/Vitis/2020.2/gnu/microblaze/lin/bin:/proj/xbuilds/SWIP/2020.2_0920_2006/installs/lin64/Vitis/2020.2/gnu/arm/lin/bin:/proj/xbuilds/SWIP/2020.2_0920_2006/installs/lin64/Vitis/2020.2/gnu/microblaze/linux_toolchain/lin64_le/bin:/proj/xbuilds/SWIP/2020.2_0920_2006/installs/lin64/Vitis/2020.2/gnu/aarch32/lin/gcc-arm-linux-gnueabi/bin:/proj/xbuilds/SWIP/2020.2_0920_2006/installs/lin64/Vitis/2020.2/gnu/aarch32/lin/gcc-arm-none-eabi/bin:/proj/xbuilds/SWIP/2020.2_0920_2006/installs/lin64/Vitis/2020.2/gnu/aarch64/lin/aarch64-linux/bin:/proj/xbuilds/SWIP/2020.2_0920_2006/installs/lin64/Vitis/2020.2/gnu/aarch64/lin/aarch64-none/bin:/proj/xbuilds/SWIP/2020.2_0920_2006/installs/lin64/Vitis/2020.2/gnu/armr5/lin/gcc-arm-none-eabi/bin:/proj/xbuilds/SWIP/2020.2_0920_2006/installs/lin64/Vitis/2020.2/tps/lnx64/cmake-3.3.2/bin:/proj/xbuilds/SWIP/2020.2_0920_2006/installs/lin64/Vitis/2020.2/aietools/bin:/proj/xbuilds/SWIP/2020.2_0920_2006/installs/lin64/Vivado/2020.2/bin:/proj/xbuilds/SWIP/2020.2_0920_2006/installs/lin64/DocNav:/proj/xbuilds/XRT/master/202020.2.8.488/packages/x86_64/xrt-2.8.488_centos_7.4/opt/xilinx/xrt/bin:/proj/xbuilds/SWIP/2020.2_0919_1911/installs/lin64/Vitis_HLS/2020.2/bin:/proj/xbuilds/SWIP/2020.2_0919_1911/installs/lin64/Model_Composer/2020.2/bin:/proj/xbuilds/SWIP/2020.2_0919_1911/installs/lin64/Vitis/2020.2/bin:/proj/xbuilds/SWIP/2020.2_0919_1911/installs/lin64/Vitis/2020.2/gnu/microblaze/lin/bin:/proj/xbuilds/SWIP/2020.2_0919_1911/installs/lin64/Vitis/2020.2/gnu/arm/lin/bin:/proj/xbuilds/SWIP/2020.2_0919_1911/installs/lin64/Vitis/2020.2/gnu/microblaze/linux_toolchain/lin64_le/bin:/proj/xbuilds/SWIP/2020.2_0919_1911/installs/lin64/Vitis/2020.2/gnu/aarch32/lin/gcc-arm-linux-gnueabi/bin:/proj/xbuilds/SWIP/2020.2_0919_1911/installs/lin64/Vitis/2020.2/gnu/aarch32/lin/gcc-arm-none-eabi/bin:/proj/xbuilds/SWIP/2020.2_0919_1911/installs/lin64/Vitis/2020.2/gnu/aarch64/lin/aarch64-linux/bin:/proj/xbuilds/SWIP/2020.2_0919_1911/installs/lin64/Vitis/2020.2/gnu/aarch64/lin/aarch64-none/bin:/proj/xbuilds/SWIP/2020.2_0919_1911/installs/lin64/Vitis/2020.2/gnu/armr5/lin/gcc-arm-none-eabi/bin:/proj/xbuilds/SWIP/2020.2_0919_1911/installs/lin64/Vitis/2020.2/tps/lnx64/cmake-3.3.2/bin:/proj/xbuilds/SWIP/2020.2_0919_1911/installs/lin64/Vitis/2020.2/aietools/bin:/proj/xbuilds/SWIP/2020.2_0919_1911/installs/lin64/Vivado/2020.2/bin:/proj/xbuilds/SWIP/2020.2_0919_1911/installs/lin64/DocNav:/proj/xbuilds/XRT/master/202020.2.8.426/packages/x86_64/xrt-2.8.426_centos_7.4/opt/xilinx/xrt/bin:/proj/xbuilds/SWIP/2020.2_0908_0703/installs/lin64/Vitis_HLS/2020.2/bin:/proj/xbuilds/SWIP/2020.2_0908_0703/installs/lin64/Model_Composer/2020.2/bin:/proj/xbuilds/SWIP/2020.2_0908_0703/installs/lin64/Vitis/2020.2/bin:/proj/xbuilds/SWIP/2020.2_0908_0703/installs/lin64/Vitis/2020.2/gnu/microblaze/lin/bin:/proj/xbuilds/SWIP/2020.2_0908_0703/installs/lin64/Vitis/2020.2/gnu/arm/lin/bin:/proj/xbuilds/SWIP/2020.2_0908_0703/installs/lin64/Vitis/2020.2/gnu/microblaze/linux_toolchain/lin64_le/bin:/proj/xbuilds/SWIP/2020.2_0908_0703/installs/lin64/Vitis/2020.2/gnu/aarch32/lin/gcc-arm-linux-gnueabi/bin:/proj/xbuilds/SWIP/2020.2_0908_0703/installs/lin64/Vitis/2020.2/gnu/aarch32/lin/gcc-arm-none-eabi/bin:/proj/xbuilds/SWIP/2020.2_0908_0703/installs/lin64/Vitis/2020.2/gnu/aarch64/lin/aarch64-linux/bin:/proj/xbuilds/SWIP/2020.2_0908_0703/installs/lin64/Vitis/2020.2/gnu/aarch64/lin/aarch64-none/bin:/proj/xbuilds/SWIP/2020.2_0908_0703/installs/lin64/Vitis/2020.2/gnu/armr5/lin/gcc-arm-none-eabi/bin:/proj/xbuilds/SWIP/2020.2_0908_0703/installs/lin64/Vitis/2020.2/tps/lnx64/cmake-3.3.2/bin:/proj/xbuilds/SWIP/2020.2_0908_0703/installs/lin64/Vitis/2020.2/cardano/bin:/proj/xbuilds/SWIP/2020.2_0908_0703/installs/lin64/Vivado/2020.2/bin:/proj/xbuilds/SWIP/2020.2_0908_0703/installs/lin64/DocNav:/home/ravic/bin:/usr/local/bin:/mis/TREE/bin:/usr/bin:/bin:/usr/ucb
MAIL=/home/ravic/mail/inbox
XILINX_VITIS=/proj/xbuilds/SWIP/2020.2_1118_1232/installs/lin64/Vitis/2020.2
PWD=/wrk/xsjhdnobkup5/ravic/work/Port_DDR_to_HBM/makefile
XILINX_XRT=/proj/xbuilds/XRT/2020.2/202020.2.8.743/packages/x86_64/xrt-2.8.743_centos_7.4/opt/xilinx/xrt
XIL_CHECK_TCL_DEBUG=False
XILINX_VIVADO_HLS=/proj/xbuilds/SWIP/2020.2_1118_1232/installs/lin64/Vivado/2020.2
ADDRNDM=0
LANG=en_US.UTF-8
HDI_APPROOT=/proj/xbuilds/SWIP/2020.2_1118_1232/installs/lin64/Vitis/2020.2
KDEDIRS=/usr
DSIZE=600
XILINX_HLS=/proj/xbuilds/SWIP/2020.2_1118_1232/installs/lin64/Vitis_HLS/2020.2
XiSUE=true
XILINX_VIVADO=/proj/xbuilds/SWIP/2020.2_1118_1232/installs/lin64/Vivado/2020.2
XILINX_SDK=/proj/xbuilds/SWIP/2020.2_1118_1232/installs/lin64/Vitis/2020.2
XiSET=true
XiSUEHOME=/tools/sue
BUILDXCLBIN=1
ISL_IOSTREAMS_RSA=/proj/xbuilds/SWIP/2020.2_1118_1232/installs/lin64/Vitis/2020.2/tps/isl
HOME=/home/ravic
SHLVL=7
RDI_BASEROOT=/proj/xbuilds/SWIP/2020.2_1118_1232/installs/lin64/Vitis
OSTYPE=linux
RDI_APPROOT=/proj/xbuilds/SWIP/2020.2_1118_1232/installs/lin64/Vitis/2020.2
VENDOR=unknown
TARGET=sw_emu
MACHTYPE=x86_64
LOGNAME=ravic
PYTHONPATH=/proj/xbuilds/XRT/2020.2/202020.2.8.743/packages/x86_64/xrt-2.8.743_centos_7.4/opt/xilinx/xrt/python:/proj/xbuilds/XRT/2020.2/202020.2.8.743/packages/x86_64/xrt-2.8.743_centos_7.4/opt/xilinx/xrt/python:/proj/xbuilds/XRT/2020.2/202020.2.8.721/packages/x86_64/xrt-2.8.721_centos_7.4/opt/xilinx/xrt/python:/proj/xbuilds/XRT/master/202020.2.8.489/packages/x86_64/xrt-2.8.489_centos_7.4/opt/xilinx/xrt/python:/proj/xbuilds/XRT/master/202020.2.8.488/packages/x86_64/xrt-2.8.488_centos_7.4/opt/xilinx/xrt/python:/proj/xbuilds/XRT/master/202020.2.8.426/packages/x86_64/xrt-2.8.426_centos_7.4/opt/xilinx/xrt/python:
RDI_JAVA_PLATFORM=
QTLIB=/usr/lib64/qt-3.3/lib
SSH_CONNECTION=172.19.220.154 33184 172.19.220.164 22
PLATFORM_REPO_PATHS=/proj/xbuilds/2020.2_daily_latest/internal_platforms
RDI_BINROOT=/proj/xbuilds/SWIP/2020.2_1118_1232/installs/lin64/Vitis/2020.2/bin
LESSOPEN=||/usr/bin/lesspipe.sh %s
XILINX_SDX=
XiGROUPS=newhiredefaultgrp hd textml
RDI_PROG=/proj/xbuilds/SWIP/2020.2_1118_1232/installs/lin64/Vitis/2020.2/bin/unwrapped/lnx64.o/v++
XDG_RUNTIME_DIR=/run/user/31781
DISPLAY=xsjvnc101:24
XIL_NO_OVERRIDE=0
XIL_SUPPRESS_OVERRIDE_WARNINGS=1
XILINX_PLANAHEAD=/proj/xbuilds/SWIP/2020.2_1118_1232/installs/lin64/Vitis/2020.2
QT_PLUGIN_PATH=/usr/lib64/kde4/plugins:/usr/lib/kde4/plugins
XiOSREL=Linux3.10.0-693.el7.x86_64
HDIPRELDPATH=/proj/xbuilds/SWIP/2020.2_1118_1232/installs/lin64/Vitis/2020.2/lib/lnx64.o/Default:/proj/xbuilds/SWIP/2020.2_1118_1232/installs/lin64/Vitis/2020.2/lib/lnx64.o:/proj/xbuilds/XRT/2020.2/202020.2.8.743/packages/x86_64/xrt-2.8.743_centos_7.4/opt/xilinx/xrt/lib:/proj/xbuilds/XRT/2020.2/202020.2.8.743/packages/x86_64/xrt-2.8.743_centos_7.4/opt/xilinx/xrt/lib:/proj/xbuilds/XRT/2020.2/202020.2.8.721/packages/x86_64/xrt-2.8.721_centos_7.4/opt/xilinx/xrt/lib:/proj/xbuilds/XRT/master/202020.2.8.489/packages/x86_64/xrt-2.8.489_centos_7.4/opt/xilinx/xrt/lib:/proj/xbuilds/XRT/master/202020.2.8.488/packages/x86_64/xrt-2.8.488_centos_7.4/opt/xilinx/xrt/lib:/proj/xbuilds/XRT/master/202020.2.8.426/packages/x86_64/xrt-2.8.426_centos_7.4/opt/xilinx/xrt/lib:/usr/local/lib:/usr/lib:/proj/xbuilds/SWIP/2020.2_1118_1232/installs/lin64/Vitis/2020.2/bin/../lnx64/tools/dot/lib
RDI_INSTALLVER=2020.2
RDI_DATADIR=/proj/xbuilds/SWIP/2020.2_1118_1232/installs/lin64/Vitis/2020.2/data
RDI_INSTALLROOT=/proj/xbuilds/SWIP/2020.2_1118_1232/installs/lin64
_=/proj/xbuilds/SWIP/2020.2_1118_1232/installs/lin64/Vitis/2020.2/bin/unwrapped/lnx64.o/v++
XILINX_CD_CONNECT_ID=39290
XILINX_CD_SESSION=6a55c000-5576-4fa0-80af-34beea45de7d
XILINX_RS_PORT=45136
XILINX_RS_SESSION=1a4bfe96-2d2a-4243-81c8-dcf6ebacfb1f


V++ command line:
------------------------------------------
/proj/xbuilds/SWIP/2020.2_1118_1232/installs/lin64/Vitis/2020.2/bin/unwrapped/lnx64.o/v++ -l -g -t sw_emu -R 1 --platform xilinx_u200_xdma_201830_2 --profile.data all:all:all --profile.stall all:all:all --temp_dir ././../build/DDR_banks/temp_dir --report_dir ././../build/DDR_banks/report_dir --log_dir ././../build/DDR_banks/log_dir --config /wrk/xsjhdnobkup5/ravic/work/Port_DDR_to_HBM/makefile/DDR_banks.cfg -I./../reference_files -DNDDR_BANKS= ././../build/DDR_banks/vadd_sw_emu.xo -o ././../build/DDR_banks/vadd_sw_emu.xclbin 

FINAL PROGRAM OPTIONS
--config /wrk/xsjhdnobkup5/ravic/work/Port_DDR_to_HBM/makefile/DDR_banks.cfg
--connectivity.sp vadd_1.in1:DDR[0]
--connectivity.sp vadd_1.in2:DDR[0]
--connectivity.sp vadd_1.out:DDR[1]
--debug
--define NDDR_BANKS=
--include ./../reference_files
--input_files ././../build/DDR_banks/vadd_sw_emu.xo
--link
--log_dir ././../build/DDR_banks/log_dir
--optimize 0
--output ././../build/DDR_banks/vadd_sw_emu.xclbin
--platform xilinx_u200_xdma_201830_2
--profile.data all:all:all
--profile.stall all:all:all
--report_dir ././../build/DDR_banks/report_dir
--report_level 1
--target sw_emu
--temp_dir ././../build/DDR_banks/temp_dir

PARSED COMMAND LINE OPTIONS
-l 
-g 
-t sw_emu 
-R 1 
--platform xilinx_u200_xdma_201830_2 
--profile.data all:all:all 
--profile.stall all:all:all 
--temp_dir ././../build/DDR_banks/temp_dir 
--report_dir ././../build/DDR_banks/report_dir 
--log_dir ././../build/DDR_banks/log_dir 
--config /wrk/xsjhdnobkup5/ravic/work/Port_DDR_to_HBM/makefile/DDR_banks.cfg 
-I./../reference_files 
-DNDDR_BANKS= 
././../build/DDR_banks/vadd_sw_emu.xo 
-o ././../build/DDR_banks/vadd_sw_emu.xclbin 

PARSED CONFIG FILE (1) OPTIONS
file: /wrk/xsjhdnobkup5/ravic/work/Port_DDR_to_HBM/makefile/DDR_banks.cfg
connectivity.sp vadd_1.in1:DDR[0] 
connectivity.sp vadd_1.in2:DDR[0] 
connectivity.sp vadd_1.out:DDR[1] 

EXPANDED PARAMETERS
From application of optMap.xml: 
 --xp "vivado_prop:run.__KERNEL__.{STEPS.SYNTH_DESIGN.ARGS.MORE OPTIONS}={-directive sdx_optimization_effort_high}" --xp vivado_param:project.writeIntermediateCheckpoints=1 --xp "param:compiler.reportFailfast=pre_opt_design {__KERNEL_NAMES__} post_opt_design {__OCL_TOP__}" --xp "misc:report=type report_timing_summary name impl_report_timing_summary_route_design_summary steps {route_design} runs {impl_1} options {-max_paths 10}" --xp "misc:report=type report_timing_summary name impl_report_timing_summary_post_route_phys_opt_design_summary steps {post_route_phys_opt_design} runs {impl_1} options {-max_paths 10}"


FINAL PLATFORM PATH
/proj/xbuilds/2020.2_daily_latest/internal_platforms/xilinx_u200_xdma_201830_2/xilinx_u200_xdma_201830_2.xpfm

==========================================
new:  steps log generated by v++ for new launch 
timestamp: 06 Dec 2020 13:42:23
------------------------------------------
V++ internal step: generating xclbin xml file
timestamp: 06 Dec 2020 13:42:24
output: /wrk/xsjhdnobkup5/ravic/work/Port_DDR_to_HBM/build/DDR_banks/temp_dir/link/int/vadd_sw_emu.xml
------------------------------------------
V++ internal step: running regiongen
timestamp: 06 Dec 2020 13:42:24
launch dir: /wrk/xsjhdnobkup5/ravic/work/Port_DDR_to_HBM/build/DDR_banks/temp_dir/link/int
cmd: /proj/xbuilds/SWIP/2020.2_1118_1232/installs/lin64/Vitis/2020.2/bin/../runtime/bin/regiongen_new -v -m /wrk/xsjhdnobkup5/ravic/work/Port_DDR_to_HBM/build/DDR_banks/temp_dir/link/int/vadd_sw_emu.xml -t alg -o xcl_top
V++ internal step status: success
------------------------------------------
V++ internal step: running gcc to generate obj files for kernel source
timestamp: 06 Dec 2020 13:42:25
launch dir: /wrk/xsjhdnobkup5/ravic/work/Port_DDR_to_HBM/build/DDR_banks/temp_dir/link/int/vadd
cmd: /proj/xbuilds/SWIP/2020.2_1118_1232/installs/lin64/Vivado/2020.2/tps/lnx64/gcc-6.2.0/bin/gcc -I . -I /proj/xbuilds/SWIP/2020.2_1118_1232/installs/lin64/Vitis_HLS/2020.2/bin/../include -I /proj/xbuilds/SWIP/2020.2_1118_1232/installs/lin64/Vitis_HLS/2020.2/bin/../lnx64/tools/auto_cc/include -I /proj/xbuilds/SWIP/2020.2_1118_1232/installs/lin64/Vitis_HLS/2020.2/bin/../common/technology/autopilot/opencl -I /proj/xbuilds/SWIP/2020.2_1118_1232/installs/lin64/Vitis/2020.2/bin/../common/technology/autopilot/opencl -std=c++14 -g -D NDDR_BANKS= -I /wrk/xsjhdnobkup5/ravic/work/Port_DDR_to_HBM/reference_files -g -fPIC -g -c -DHLS_STREAM_THREAD_SAFE -MD -MT obj/kernel.o -MP -MF obj/kernel.Cd /wrk/xsjhdnobkup5/ravic/work/Port_DDR_to_HBM/build/DDR_banks/temp_dir/link/int/xo/vadd/vadd/cpu_sources/kernel.cpp -o obj/kernel.o
V++ internal step status: success
------------------------------------------
V++ internal step: running ar to generate .csim_cu.a
timestamp: 06 Dec 2020 13:42:26
launch dir: /wrk/xsjhdnobkup5/ravic/work/Port_DDR_to_HBM/build/DDR_banks/temp_dir/link/int/vadd
cmd: /proj/xbuilds/SWIP/2020.2_1118_1232/installs/lin64/Vivado/2020.2/tps/lnx64/binutils-2.26/bin/ar -cr /wrk/xsjhdnobkup5/ravic/work/Port_DDR_to_HBM/build/DDR_banks/temp_dir/link/int/vadd/vadd.csim_cu.a /wrk/xsjhdnobkup5/ravic/work/Port_DDR_to_HBM/build/DDR_banks/temp_dir/link/int/vadd/obj/kernel.o
V++ internal step status: success
------------------------------------------
V++ internal step: compiling xcl_top.cpp to obj/xcl_top.o
timestamp: 06 Dec 2020 13:42:26
launch dir: /wrk/xsjhdnobkup5/ravic/work/Port_DDR_to_HBM/build/DDR_banks/temp_dir/link/int
cmd: /proj/xbuilds/SWIP/2020.2_1118_1232/installs/lin64/Vivado/2020.2/tps/lnx64/gcc-6.2.0/bin/g++ -I . -I /proj/xbuilds/SWIP/2020.2_1118_1232/installs/lin64/Vitis_HLS/2020.2/bin/../include -I /proj/xbuilds/SWIP/2020.2_1118_1232/installs/lin64/Vitis_HLS/2020.2/bin/../common/technology/autopilot/opencl -I /proj/xbuilds/SWIP/2020.2_1118_1232/installs/lin64/Vitis/2020.2/bin/../common/technology/autopilot/opencl -I /proj/xbuilds/SWIP/2020.2_1118_1232/installs/lin64/Vitis/2020.2/bin/../data/emulation/include -I /proj/xbuilds/SWIP/2020.2_1118_1232/installs/lin64/Vitis_HLS/2020.2/bin/../lnx64/tools/auto_cc/include -fPIC -g -DHLS_STREAM_THREAD_SAFE -std=c++14 -fpermissive -c -MD -MT obj/xcl_top.o -MP -MF obj/xcl_top.CXXd xcl_top.cpp -o obj/xcl_top.o
V++ internal step status: success
------------------------------------------
V++ internal step: running g++ to generate .so
timestamp: 06 Dec 2020 13:42:28
launch dir: /wrk/xsjhdnobkup5/ravic/work/Port_DDR_to_HBM/build/DDR_banks/temp_dir/link/int
cmd: /proj/xbuilds/SWIP/2020.2_1118_1232/installs/lin64/Vivado/2020.2/tps/lnx64/gcc-6.2.0/bin/g++ -fPIC -DHLS_STREAM_THREAD_SAFE -std=c++14 -Wall -shared -Wl,--whole-archive,-soname,vadd_sw_emu.so -o vadd_sw_emu.so vadd/vadd.csim_cu.a obj/xcl_top.o -Wl,--no-whole-archive -Wl,--as-needed -L /proj/xbuilds/SWIP/2020.2_1118_1232/installs/lin64/Vitis_HLS/2020.2/bin/../lib/lnx64.o -lhlsmathsim -L /proj/xbuilds/SWIP/2020.2_1118_1232/installs/lin64/Vitis_HLS/2020.2/bin/../lnx64/tools/fpo_v7_0 -lgmp -lmpfr -lIp_floating_point_v7_0_bitacc_cmodel -Wl,-rpath,/proj/xbuilds/SWIP/2020.2_1118_1232/installs/lin64/Vitis_HLS/2020.2/bin/../lnx64/tools/fpo_v7_0 -L /proj/xbuilds/SWIP/2020.2_1118_1232/installs/lin64/Vitis_HLS/2020.2/bin/../lnx64/tools/fft_v9_1 -lIp_xfft_v9_1_bitacc_cmodel -L /proj/xbuilds/SWIP/2020.2_1118_1232/installs/lin64/Vitis_HLS/2020.2/bin/../lnx64/tools/fir_v7_0 -lgmp -lIp_fir_compiler_v7_2_bitacc_cmodel -L /proj/xbuilds/SWIP/2020.2_1118_1232/installs/lin64/Vitis_HLS/2020.2/bin/../lnx64/lib/csim -lhlsmc++-GCC46 -L /proj/xbuilds/SWIP/2020.2_1118_1232/installs/lin64/Vivado/2020.2/tps/lnx64/gcc-6.2.0/bin/../lib/gcc/x86_64-pc-linux-gnu/6.2.0/ -lgcov
V++ internal step status: success
------------------------------------------
V++ internal step: running xclbinutil to generate xclbin
timestamp: 06 Dec 2020 13:42:28
launch dir: /wrk/xsjhdnobkup5/ravic/work/Port_DDR_to_HBM/build/DDR_banks/temp_dir/link/int
cmd: /proj/xbuilds/SWIP/2020.2_1118_1232/installs/lin64/Vitis/2020.2/bin/xclbinutil --add-section BITSTREAM:RAW:/wrk/xsjhdnobkup5/ravic/work/Port_DDR_to_HBM/build/DDR_banks/temp_dir/link/int/vadd_sw_emu.so --force --target sw_emu --add-section CLOCK_FREQ_TOPOLOGY:JSON:/wrk/xsjhdnobkup5/ravic/work/Port_DDR_to_HBM/build/DDR_banks/temp_dir/link/int/vadd_sw_emu_xml.rtd --add-section BUILD_METADATA:JSON:/wrk/xsjhdnobkup5/ravic/work/Port_DDR_to_HBM/build/DDR_banks/temp_dir/link/int/vadd_sw_emu_build.rtd --add-section EMBEDDED_METADATA:RAW:/wrk/xsjhdnobkup5/ravic/work/Port_DDR_to_HBM/build/DDR_banks/temp_dir/link/int/vadd_sw_emu.xml --add-section DEBUG_DATA:RAW:/dev/null --output /wrk/xsjhdnobkup5/ravic/work/Port_DDR_to_HBM/makefile/././../build/DDR_banks/vadd_sw_emu.xclbin
V++ internal step status: success
------------------------------------------
V++ internal step: running xclbinutil to generate xclbin info
timestamp: 06 Dec 2020 13:42:28
launch dir: /wrk/xsjhdnobkup5/ravic/work/Port_DDR_to_HBM/build/DDR_banks/temp_dir/link/int
cmd: /proj/xbuilds/SWIP/2020.2_1118_1232/installs/lin64/Vitis/2020.2/bin/xclbinutil --quiet --info --input /wrk/xsjhdnobkup5/ravic/work/Port_DDR_to_HBM/makefile/././../build/DDR_banks/vadd_sw_emu.xclbin
V++ internal step status: success
------------------------------------------
sw emulation completed
timestamp: 06 Dec 2020 13:42:28
------------------------------------------
V++ internal step: generating system estimate report file
timestamp: 06 Dec 2020 13:42:28
output: /wrk/xsjhdnobkup5/ravic/work/Port_DDR_to_HBM/build/DDR_banks/report_dir/link/system_estimate_vadd_sw_emu.xtxt
V++ internal step status: success
------------------------------------------
system estimate report task completed
timestamp: 06 Dec 2020 13:42:28
