INFO: [v++ 60-1306] Additional information associated with this v++ link can be found at:
	Reports: /wrk/xsjhdnobkup5/ravic/work/Port_DDR_to_HBM/build/DDR_banks/report_dir/link
	Log files: /wrk/xsjhdnobkup5/ravic/work/Port_DDR_to_HBM/build/DDR_banks/log_dir/link
INFO: [v++ 60-1548] Creating build summary session with primary output /wrk/xsjhdnobkup5/ravic/work/Port_DDR_to_HBM/build/DDR_banks/vadd_sw_emu.xclbin.link_summary, at Sun Dec  6 13:42:13 2020
INFO: [v++ 60-1316] Initiating connection to rulecheck server, at Sun Dec  6 13:42:13 2020
INFO: [v++ 60-1315] Creating rulecheck session with output '/wrk/xsjhdnobkup5/ravic/work/Port_DDR_to_HBM/build/DDR_banks/report_dir/link/v++_link_vadd_sw_emu_guidance.html', at Sun Dec  6 13:42:15 2020
INFO: [v++ 60-895]   Target platform: /proj/xbuilds/2020.2_daily_latest/internal_platforms/xilinx_u200_xdma_201830_2/xilinx_u200_xdma_201830_2.xpfm
INFO: [v++ 60-1578]   This platform contains Device Support Archive '/proj/xbuilds/2020.2_daily_latest/internal_platforms/xilinx_u200_xdma_201830_2/hw/xilinx_u200_xdma_201830_2.dsa'
INFO: [v++ 74-74] Compiler Version string: 2020.2
INFO: [v++ 60-1302] Platform 'xilinx_u200_xdma_201830_2.xpfm' has been explicitly enabled for this release.
INFO: [v++ 60-629] Linking for software emulation target
INFO: [v++ 60-423]   Target device: xilinx_u200_xdma_201830_2
INFO: [v++ 60-645] kernel flags are '-g -D NDDR_BANKS= -I /wrk/xsjhdnobkup5/ravic/work/Port_DDR_to_HBM/reference_files -g'
INFO: [v++ 60-586] Created ././../build/DDR_banks/vadd_sw_emu.xclbin
INFO: [v++ 60-1307] Run completed. Additional information can be found in:
	Guidance: /wrk/xsjhdnobkup5/ravic/work/Port_DDR_to_HBM/build/DDR_banks/report_dir/link/v++_link_vadd_sw_emu_guidance.html
	Steps Log File: /wrk/xsjhdnobkup5/ravic/work/Port_DDR_to_HBM/build/DDR_banks/log_dir/link/link.steps.log

INFO: [v++ 60-2343] Use the vitis_analyzer tool to visualize and navigate the relevant reports. Run the following command. 
    vitis_analyzer /wrk/xsjhdnobkup5/ravic/work/Port_DDR_to_HBM/build/DDR_banks/vadd_sw_emu.xclbin.link_summary 
INFO: [v++ 60-791] Total elapsed time: 0h 0m 33s
