
*** Running vivado
    with args -log bd_85ad_interconnect1_0_0.vds -m64 -product Vivado -mode batch -messageDb vivado.pb -notrace -source bd_85ad_interconnect1_0_0.tcl


****** Vivado v2020.2 (64-bit)
  **** SW Build 3064766 on Wed Nov 18 09:12:47 MST 2020
  **** IP Build 3064653 on Wed Nov 18 14:17:31 MST 2020
    ** Copyright 1986-2020 Xilinx, Inc. All Rights Reserved.

Sourcing tcl script '/home/ravic/.Xilinx/Vivado/Vivado_init.tcl'
54 Beta devices matching pattern found, 54 enabled.
0 Beta devices matching pattern found, 0 enabled.
0 Beta devices matching pattern found, 0 enabled.
0 Beta devices matching pattern found, 0 enabled.
0 Beta devices matching pattern found, 0 enabled.
0 Beta devices matching pattern found, 0 enabled.
source bd_85ad_interconnect1_0_0.tcl -notrace
INFO: Dispatch client connection id - 45141
INFO: [IP_Flow 19-234] Refreshing IP repositories
INFO: [IP_Flow 19-1700] Loaded user IP repository '/wrk/xsjhdnobkup5/ravic/work/PORT_test1/build/HBM_banks2/temp_dir/link/int/xo/ip_repo/xilinx_com_hls_vadd_1_0'.
INFO: [IP_Flow 19-1700] Loaded user IP repository '/proj/xbuilds/2020.2_daily_latest/internal_platforms/xilinx_u50_gen3x16_xdma_201920_3/hw/xsa/iprepo'.
INFO: [IP_Flow 19-1700] Loaded user IP repository '/proj/xbuilds/SWIP/2020.2_1118_1232/installs/lin64/Vitis/2020.2/data/cache/xilinx'.
INFO: [IP_Flow 19-1700] Loaded user IP repository '/proj/xbuilds/2020.2_daily_latest/internal_platforms/xilinx_u50_gen3x16_xdma_201920_3/hw/xsa/ipcache'.
INFO: [IP_Flow 19-1700] Loaded user IP repository '/proj/xbuilds/SWIP/2020.2_1118_1232/installs/lin64/Vitis/2020.2/data/ip'.
INFO: [IP_Flow 19-2313] Loaded Vivado IP repository '/proj/xbuilds/SWIP/2020.2_1118_1232/installs/lin64/Vivado/2020.2/data/ip'.
WARNING: [IP_Flow 19-1663] Duplicate IP found for 'xilinx.com:ip:axi_clk_metadata_adapter:1.0'. The one found in IP location '/proj/xbuilds/2020.2_daily_latest/internal_platforms/xilinx_u50_gen3x16_xdma_201920_3/hw/xsa/iprepo/ipdefs/ii_infra_ipdefs/axi_clk_metadata_adapter_v1_0' will take precedence over the same IP in location /proj/xbuilds/2020.2_daily_latest/internal_platforms/xilinx_u50_gen3x16_xdma_201920_3/hw/xsa/iprepo/ipdefs/other_ipdefs/axi_clk_metadata_adapter_v1_0
WARNING: [IP_Flow 19-1663] Duplicate IP found for 'xilinx.com:ip:axis_clk_metadata_adapter:1.0'. The one found in IP location '/proj/xbuilds/2020.2_daily_latest/internal_platforms/xilinx_u50_gen3x16_xdma_201920_3/hw/xsa/iprepo/ipdefs/ii_infra_ipdefs/axis_clk_metadata_adapter_v1_0' will take precedence over the same IP in location /proj/xbuilds/2020.2_daily_latest/internal_platforms/xilinx_u50_gen3x16_xdma_201920_3/hw/xsa/iprepo/ipdefs/other_ipdefs/axis_clk_metadata_adapter_v1_0
WARNING: [IP_Flow 19-1663] Duplicate IP found for 'xilinx.com:ip:clk_metadata_adapter:1.0'. The one found in IP location '/proj/xbuilds/2020.2_daily_latest/internal_platforms/xilinx_u50_gen3x16_xdma_201920_3/hw/xsa/iprepo/ipdefs/ii_infra_ipdefs/clk_metadata_adapter_v1_0' will take precedence over the same IP in location /proj/xbuilds/2020.2_daily_latest/internal_platforms/xilinx_u50_gen3x16_xdma_201920_3/hw/xsa/iprepo/ipdefs/other_ipdefs/clk_metadata_adapter_v1_0
WARNING: [IP_Flow 19-1663] Duplicate IP found for 'xilinx.com:ip:shell_utils_build_info:1.0'. The one found in IP location '/proj/xbuilds/2020.2_daily_latest/internal_platforms/xilinx_u50_gen3x16_xdma_201920_3/hw/xsa/iprepo/ipdefs/other_ipdefs/shell_utils_build_info_v1_0' will take precedence over the same IP in the Xilinx installed IP.
update_ip_catalog: Time (s): cpu = 00:00:03 ; elapsed = 00:00:05 . Memory (MB): peak = 2557.988 ; gain = 0.000 ; free physical = 20577 ; free virtual = 167212
Command: synth_design -top bd_85ad_interconnect1_0_0 -part xcu50-fsvh2104-2-e -mode out_of_context
Starting synth_design
Attempting to get a license for feature 'Synthesis' and/or device 'xcu50'
INFO: [Common 17-349] Got license for feature 'Synthesis' and/or device 'xcu50'
INFO: [Device 21-403] Loading part xcu50-fsvh2104-2-e
INFO: [Synth 8-7079] Multithreading enabled for synth_design using a maximum of 1 processes.
INFO: [Synth 8-7078] Launching helper process for spawning children vivado processes
INFO: [Synth 8-7075] Helper process launched with PID 62184
---------------------------------------------------------------------------------
Starting RTL Elaboration : Time (s): cpu = 00:00:04 ; elapsed = 00:00:06 . Memory (MB): peak = 3474.031 ; gain = 151.684 ; free physical = 13154 ; free virtual = 159790
---------------------------------------------------------------------------------
INFO: [Synth 8-6157] synthesizing module 'bd_85ad_interconnect1_0_0' [/wrk/xsjhdnobkup5/ravic/work/PORT_test1/build/HBM_banks2/temp_dir/link/vivado/vpl/prj/prj.gen/my_rm/bd/bd/ip/ulp_hmss_0_0/bd_0/ip/ip_2/synth/bd_85ad_interconnect1_0_0.v:57]
INFO: [Synth 8-6157] synthesizing module 'bd_baa4' [/wrk/xsjhdnobkup5/ravic/work/PORT_test1/build/HBM_banks2/temp_dir/link/vivado/vpl/prj/prj.gen/my_rm/bd/bd/ip/ulp_hmss_0_0/bd_1/synth/bd_baa4.v:10]
INFO: [Synth 8-6157] synthesizing module 'clk_map_imp_1CIL6EU' [/wrk/xsjhdnobkup5/ravic/work/PORT_test1/build/HBM_banks2/temp_dir/link/vivado/vpl/prj/prj.gen/my_rm/bd/bd/ip/ulp_hmss_0_0/bd_1/synth/bd_baa4.v:768]
INFO: [Synth 8-6157] synthesizing module 'bd_baa4_one_0' [/wrk/xsjhdnobkup5/ravic/work/PORT_test1/build/HBM_banks2/temp_dir/link/vivado/vpl/prj/prj.gen/my_rm/bd/bd/ip/ulp_hmss_0_0/bd_1/ip/ip_0/synth/bd_baa4_one_0.v:57]
INFO: [Synth 8-6157] synthesizing module 'xlconstant_v1_1_7_xlconstant' [/wrk/xsjhdnobkup5/ravic/work/PORT_test1/build/HBM_banks2/temp_dir/link/vivado/vpl/prj/prj.gen/my_rm/bd/bd/ipshared/fcfc/hdl/xlconstant_v1_1_vl_rfs.v:23]
	Parameter CONST_VAL bound to: 1'b1 
	Parameter CONST_WIDTH bound to: 1 - type: integer 
INFO: [Synth 8-6155] done synthesizing module 'xlconstant_v1_1_7_xlconstant' (1#1) [/wrk/xsjhdnobkup5/ravic/work/PORT_test1/build/HBM_banks2/temp_dir/link/vivado/vpl/prj/prj.gen/my_rm/bd/bd/ipshared/fcfc/hdl/xlconstant_v1_1_vl_rfs.v:23]
INFO: [Synth 8-6155] done synthesizing module 'bd_baa4_one_0' (2#1) [/wrk/xsjhdnobkup5/ravic/work/PORT_test1/build/HBM_banks2/temp_dir/link/vivado/vpl/prj/prj.gen/my_rm/bd/bd/ip/ulp_hmss_0_0/bd_1/ip/ip_0/synth/bd_baa4_one_0.v:57]
INFO: [Synth 8-638] synthesizing module 'bd_baa4_psr0_0' [/wrk/xsjhdnobkup5/ravic/work/PORT_test1/build/HBM_banks2/temp_dir/link/vivado/vpl/prj/prj.gen/my_rm/bd/bd/ip/ulp_hmss_0_0/bd_1/ip/ip_1/synth/bd_baa4_psr0_0.vhd:74]
	Parameter C_FAMILY bound to: virtexuplusHBM - type: string 
	Parameter C_EXT_RST_WIDTH bound to: 4 - type: integer 
	Parameter C_AUX_RST_WIDTH bound to: 1 - type: integer 
	Parameter C_EXT_RESET_HIGH bound to: 1'b0 
	Parameter C_AUX_RESET_HIGH bound to: 1'b0 
	Parameter C_NUM_BUS_RST bound to: 1 - type: integer 
	Parameter C_NUM_PERP_RST bound to: 1 - type: integer 
	Parameter C_NUM_INTERCONNECT_ARESETN bound to: 1 - type: integer 
	Parameter C_NUM_PERP_ARESETN bound to: 1 - type: integer 
INFO: [Synth 8-3491] module 'proc_sys_reset' declared at '/wrk/xsjhdnobkup5/ravic/work/PORT_test1/build/HBM_banks2/temp_dir/link/vivado/vpl/prj/prj.gen/my_rm/bd/bd/ipshared/8842/hdl/proc_sys_reset_v5_0_vh_rfs.vhd:1264' bound to instance 'U0' of component 'proc_sys_reset' [/wrk/xsjhdnobkup5/ravic/work/PORT_test1/build/HBM_banks2/temp_dir/link/vivado/vpl/prj/prj.gen/my_rm/bd/bd/ip/ulp_hmss_0_0/bd_1/ip/ip_1/synth/bd_baa4_psr0_0.vhd:129]
INFO: [Synth 8-638] synthesizing module 'proc_sys_reset' [/wrk/xsjhdnobkup5/ravic/work/PORT_test1/build/HBM_banks2/temp_dir/link/vivado/vpl/prj/prj.gen/my_rm/bd/bd/ipshared/8842/hdl/proc_sys_reset_v5_0_vh_rfs.vhd:1323]
	Parameter C_FAMILY bound to: virtexuplusHBM - type: string 
	Parameter C_EXT_RST_WIDTH bound to: 4 - type: integer 
	Parameter C_AUX_RST_WIDTH bound to: 1 - type: integer 
	Parameter C_EXT_RESET_HIGH bound to: 1'b0 
	Parameter C_AUX_RESET_HIGH bound to: 1'b0 
	Parameter C_NUM_BUS_RST bound to: 1 - type: integer 
	Parameter C_NUM_PERP_RST bound to: 1 - type: integer 
	Parameter C_NUM_INTERCONNECT_ARESETN bound to: 1 - type: integer 
	Parameter C_NUM_PERP_ARESETN bound to: 1 - type: integer 
	Parameter INIT bound to: 1'b1 
	Parameter IS_C_INVERTED bound to: 1'b0 
	Parameter IS_D_INVERTED bound to: 1'b0 
	Parameter IS_R_INVERTED bound to: 1'b0 
INFO: [Synth 8-113] binding component instance 'FDRE_inst' to cell 'FDRE' [/wrk/xsjhdnobkup5/ravic/work/PORT_test1/build/HBM_banks2/temp_dir/link/vivado/vpl/prj/prj.gen/my_rm/bd/bd/ipshared/8842/hdl/proc_sys_reset_v5_0_vh_rfs.vhd:1392]
	Parameter INIT bound to: 1'b1 
	Parameter IS_C_INVERTED bound to: 1'b0 
	Parameter IS_D_INVERTED bound to: 1'b0 
	Parameter IS_R_INVERTED bound to: 1'b0 
INFO: [Synth 8-113] binding component instance 'FDRE_BSR' to cell 'FDRE' [/wrk/xsjhdnobkup5/ravic/work/PORT_test1/build/HBM_banks2/temp_dir/link/vivado/vpl/prj/prj.gen/my_rm/bd/bd/ipshared/8842/hdl/proc_sys_reset_v5_0_vh_rfs.vhd:1408]
	Parameter INIT bound to: 1'b0 
	Parameter IS_C_INVERTED bound to: 1'b0 
	Parameter IS_D_INVERTED bound to: 1'b0 
	Parameter IS_R_INVERTED bound to: 1'b0 
INFO: [Synth 8-113] binding component instance 'FDRE_BSR_N' to cell 'FDRE' [/wrk/xsjhdnobkup5/ravic/work/PORT_test1/build/HBM_banks2/temp_dir/link/vivado/vpl/prj/prj.gen/my_rm/bd/bd/ipshared/8842/hdl/proc_sys_reset_v5_0_vh_rfs.vhd:1434]
	Parameter INIT bound to: 1'b1 
	Parameter IS_C_INVERTED bound to: 1'b0 
	Parameter IS_D_INVERTED bound to: 1'b0 
	Parameter IS_R_INVERTED bound to: 1'b0 
INFO: [Synth 8-113] binding component instance 'FDRE_PER' to cell 'FDRE' [/wrk/xsjhdnobkup5/ravic/work/PORT_test1/build/HBM_banks2/temp_dir/link/vivado/vpl/prj/prj.gen/my_rm/bd/bd/ipshared/8842/hdl/proc_sys_reset_v5_0_vh_rfs.vhd:1457]
	Parameter INIT bound to: 1'b0 
	Parameter IS_C_INVERTED bound to: 1'b0 
	Parameter IS_D_INVERTED bound to: 1'b0 
	Parameter IS_R_INVERTED bound to: 1'b0 
INFO: [Synth 8-113] binding component instance 'FDRE_PER_N' to cell 'FDRE' [/wrk/xsjhdnobkup5/ravic/work/PORT_test1/build/HBM_banks2/temp_dir/link/vivado/vpl/prj/prj.gen/my_rm/bd/bd/ipshared/8842/hdl/proc_sys_reset_v5_0_vh_rfs.vhd:1481]
INFO: [Synth 8-638] synthesizing module 'lpf' [/wrk/xsjhdnobkup5/ravic/work/PORT_test1/build/HBM_banks2/temp_dir/link/vivado/vpl/prj/prj.gen/my_rm/bd/bd/ipshared/8842/hdl/proc_sys_reset_v5_0_vh_rfs.vhd:816]
	Parameter C_EXT_RST_WIDTH bound to: 4 - type: integer 
	Parameter C_AUX_RST_WIDTH bound to: 1 - type: integer 
	Parameter C_EXT_RESET_HIGH bound to: 1'b0 
	Parameter C_AUX_RESET_HIGH bound to: 1'b0 
INFO: [Synth 8-3491] module 'SRL16' declared at '/proj/xbuilds/SWIP/2020.2_1118_1232/installs/lin64/Vivado/2020.2/scripts/rt/data/unisim_comp.v:78018' bound to instance 'POR_SRL_I' of component 'SRL16' [/wrk/xsjhdnobkup5/ravic/work/PORT_test1/build/HBM_banks2/temp_dir/link/vivado/vpl/prj/prj.gen/my_rm/bd/bd/ipshared/8842/hdl/proc_sys_reset_v5_0_vh_rfs.vhd:868]
INFO: [Synth 8-6157] synthesizing module 'SRL16' [/proj/xbuilds/SWIP/2020.2_1118_1232/installs/lin64/Vivado/2020.2/scripts/rt/data/unisim_comp.v:78018]
	Parameter INIT bound to: 16'b0000000000000000 
INFO: [Synth 8-6155] done synthesizing module 'SRL16' (3#1) [/proj/xbuilds/SWIP/2020.2_1118_1232/installs/lin64/Vivado/2020.2/scripts/rt/data/unisim_comp.v:78018]
INFO: [Synth 8-638] synthesizing module 'cdc_sync' [/wrk/xsjhdnobkup5/ravic/work/PORT_test1/build/HBM_banks2/temp_dir/link/vivado/vpl/prj/prj.gen/my_rm/bd/bd/ipshared/ef1e/hdl/lib_cdc_v1_0_rfs.vhd:106]
	Parameter C_CDC_TYPE bound to: 1 - type: integer 
	Parameter C_RESET_STATE bound to: 0 - type: integer 
	Parameter C_SINGLE_BIT bound to: 1 - type: integer 
	Parameter C_FLOP_INPUT bound to: 0 - type: integer 
	Parameter C_VECTOR_WIDTH bound to: 2 - type: integer 
	Parameter C_MTBF_STAGES bound to: 4 - type: integer 
	Parameter INIT bound to: 1'b0 
INFO: [Synth 8-113] binding component instance 'CROSS_PLEVEL_IN2SCNDRY_IN_cdc_to' to cell 'FDR' [/wrk/xsjhdnobkup5/ravic/work/PORT_test1/build/HBM_banks2/temp_dir/link/vivado/vpl/prj/prj.gen/my_rm/bd/bd/ipshared/ef1e/hdl/lib_cdc_v1_0_rfs.vhd:514]
	Parameter INIT bound to: 1'b0 
INFO: [Synth 8-113] binding component instance 'CROSS_PLEVEL_IN2SCNDRY_s_level_out_d2' to cell 'FDR' [/wrk/xsjhdnobkup5/ravic/work/PORT_test1/build/HBM_banks2/temp_dir/link/vivado/vpl/prj/prj.gen/my_rm/bd/bd/ipshared/ef1e/hdl/lib_cdc_v1_0_rfs.vhd:545]
	Parameter INIT bound to: 1'b0 
INFO: [Synth 8-113] binding component instance 'CROSS_PLEVEL_IN2SCNDRY_s_level_out_d3' to cell 'FDR' [/wrk/xsjhdnobkup5/ravic/work/PORT_test1/build/HBM_banks2/temp_dir/link/vivado/vpl/prj/prj.gen/my_rm/bd/bd/ipshared/ef1e/hdl/lib_cdc_v1_0_rfs.vhd:554]
	Parameter INIT bound to: 1'b0 
INFO: [Synth 8-113] binding component instance 'CROSS_PLEVEL_IN2SCNDRY_s_level_out_d4' to cell 'FDR' [/wrk/xsjhdnobkup5/ravic/work/PORT_test1/build/HBM_banks2/temp_dir/link/vivado/vpl/prj/prj.gen/my_rm/bd/bd/ipshared/ef1e/hdl/lib_cdc_v1_0_rfs.vhd:564]
	Parameter INIT bound to: 1'b0 
INFO: [Synth 8-113] binding component instance 'CROSS_PLEVEL_IN2SCNDRY_s_level_out_d5' to cell 'FDR' [/wrk/xsjhdnobkup5/ravic/work/PORT_test1/build/HBM_banks2/temp_dir/link/vivado/vpl/prj/prj.gen/my_rm/bd/bd/ipshared/ef1e/hdl/lib_cdc_v1_0_rfs.vhd:574]
	Parameter INIT bound to: 1'b0 
INFO: [Synth 8-113] binding component instance 'CROSS_PLEVEL_IN2SCNDRY_s_level_out_d6' to cell 'FDR' [/wrk/xsjhdnobkup5/ravic/work/PORT_test1/build/HBM_banks2/temp_dir/link/vivado/vpl/prj/prj.gen/my_rm/bd/bd/ipshared/ef1e/hdl/lib_cdc_v1_0_rfs.vhd:584]
INFO: [Synth 8-256] done synthesizing module 'cdc_sync' (4#1) [/wrk/xsjhdnobkup5/ravic/work/PORT_test1/build/HBM_banks2/temp_dir/link/vivado/vpl/prj/prj.gen/my_rm/bd/bd/ipshared/ef1e/hdl/lib_cdc_v1_0_rfs.vhd:106]
INFO: [Synth 8-256] done synthesizing module 'lpf' (5#1) [/wrk/xsjhdnobkup5/ravic/work/PORT_test1/build/HBM_banks2/temp_dir/link/vivado/vpl/prj/prj.gen/my_rm/bd/bd/ipshared/8842/hdl/proc_sys_reset_v5_0_vh_rfs.vhd:816]
INFO: [Synth 8-638] synthesizing module 'sequence_psr' [/wrk/xsjhdnobkup5/ravic/work/PORT_test1/build/HBM_banks2/temp_dir/link/vivado/vpl/prj/prj.gen/my_rm/bd/bd/ipshared/8842/hdl/proc_sys_reset_v5_0_vh_rfs.vhd:301]
INFO: [Synth 8-638] synthesizing module 'upcnt_n' [/wrk/xsjhdnobkup5/ravic/work/PORT_test1/build/HBM_banks2/temp_dir/link/vivado/vpl/prj/prj.gen/my_rm/bd/bd/ipshared/8842/hdl/proc_sys_reset_v5_0_vh_rfs.vhd:125]
	Parameter C_SIZE bound to: 6 - type: integer 
INFO: [Synth 8-256] done synthesizing module 'upcnt_n' (6#1) [/wrk/xsjhdnobkup5/ravic/work/PORT_test1/build/HBM_banks2/temp_dir/link/vivado/vpl/prj/prj.gen/my_rm/bd/bd/ipshared/8842/hdl/proc_sys_reset_v5_0_vh_rfs.vhd:125]
INFO: [Synth 8-256] done synthesizing module 'sequence_psr' (7#1) [/wrk/xsjhdnobkup5/ravic/work/PORT_test1/build/HBM_banks2/temp_dir/link/vivado/vpl/prj/prj.gen/my_rm/bd/bd/ipshared/8842/hdl/proc_sys_reset_v5_0_vh_rfs.vhd:301]
INFO: [Synth 8-256] done synthesizing module 'proc_sys_reset' (8#1) [/wrk/xsjhdnobkup5/ravic/work/PORT_test1/build/HBM_banks2/temp_dir/link/vivado/vpl/prj/prj.gen/my_rm/bd/bd/ipshared/8842/hdl/proc_sys_reset_v5_0_vh_rfs.vhd:1323]
INFO: [Synth 8-256] done synthesizing module 'bd_baa4_psr0_0' (9#1) [/wrk/xsjhdnobkup5/ravic/work/PORT_test1/build/HBM_banks2/temp_dir/link/vivado/vpl/prj/prj.gen/my_rm/bd/bd/ip/ulp_hmss_0_0/bd_1/ip/ip_1/synth/bd_baa4_psr0_0.vhd:74]
WARNING: [Synth 8-7071] port 'mb_reset' of module 'bd_baa4_psr0_0' is unconnected for instance 'psr0' [/wrk/xsjhdnobkup5/ravic/work/PORT_test1/build/HBM_banks2/temp_dir/link/vivado/vpl/prj/prj.gen/my_rm/bd/bd/ip/ulp_hmss_0_0/bd_1/synth/bd_baa4.v:809]
WARNING: [Synth 8-7071] port 'bus_struct_reset' of module 'bd_baa4_psr0_0' is unconnected for instance 'psr0' [/wrk/xsjhdnobkup5/ravic/work/PORT_test1/build/HBM_banks2/temp_dir/link/vivado/vpl/prj/prj.gen/my_rm/bd/bd/ip/ulp_hmss_0_0/bd_1/synth/bd_baa4.v:809]
WARNING: [Synth 8-7071] port 'peripheral_reset' of module 'bd_baa4_psr0_0' is unconnected for instance 'psr0' [/wrk/xsjhdnobkup5/ravic/work/PORT_test1/build/HBM_banks2/temp_dir/link/vivado/vpl/prj/prj.gen/my_rm/bd/bd/ip/ulp_hmss_0_0/bd_1/synth/bd_baa4.v:809]
WARNING: [Synth 8-7071] port 'peripheral_aresetn' of module 'bd_baa4_psr0_0' is unconnected for instance 'psr0' [/wrk/xsjhdnobkup5/ravic/work/PORT_test1/build/HBM_banks2/temp_dir/link/vivado/vpl/prj/prj.gen/my_rm/bd/bd/ip/ulp_hmss_0_0/bd_1/synth/bd_baa4.v:809]
WARNING: [Synth 8-7023] instance 'psr0' of module 'bd_baa4_psr0_0' has 10 connections declared, but only 6 given [/wrk/xsjhdnobkup5/ravic/work/PORT_test1/build/HBM_banks2/temp_dir/link/vivado/vpl/prj/prj.gen/my_rm/bd/bd/ip/ulp_hmss_0_0/bd_1/synth/bd_baa4.v:809]
INFO: [Synth 8-638] synthesizing module 'bd_baa4_psr_aclk_0' [/wrk/xsjhdnobkup5/ravic/work/PORT_test1/build/HBM_banks2/temp_dir/link/vivado/vpl/prj/prj.gen/my_rm/bd/bd/ip/ulp_hmss_0_0/bd_1/ip/ip_2/synth/bd_baa4_psr_aclk_0.vhd:74]
	Parameter C_FAMILY bound to: virtexuplusHBM - type: string 
	Parameter C_EXT_RST_WIDTH bound to: 4 - type: integer 
	Parameter C_AUX_RST_WIDTH bound to: 1 - type: integer 
	Parameter C_EXT_RESET_HIGH bound to: 1'b0 
	Parameter C_AUX_RESET_HIGH bound to: 1'b0 
	Parameter C_NUM_BUS_RST bound to: 1 - type: integer 
	Parameter C_NUM_PERP_RST bound to: 1 - type: integer 
	Parameter C_NUM_INTERCONNECT_ARESETN bound to: 1 - type: integer 
	Parameter C_NUM_PERP_ARESETN bound to: 1 - type: integer 
INFO: [Synth 8-3491] module 'proc_sys_reset' declared at '/wrk/xsjhdnobkup5/ravic/work/PORT_test1/build/HBM_banks2/temp_dir/link/vivado/vpl/prj/prj.gen/my_rm/bd/bd/ipshared/8842/hdl/proc_sys_reset_v5_0_vh_rfs.vhd:1264' bound to instance 'U0' of component 'proc_sys_reset' [/wrk/xsjhdnobkup5/ravic/work/PORT_test1/build/HBM_banks2/temp_dir/link/vivado/vpl/prj/prj.gen/my_rm/bd/bd/ip/ulp_hmss_0_0/bd_1/ip/ip_2/synth/bd_baa4_psr_aclk_0.vhd:129]
INFO: [Synth 8-256] done synthesizing module 'bd_baa4_psr_aclk_0' (10#1) [/wrk/xsjhdnobkup5/ravic/work/PORT_test1/build/HBM_banks2/temp_dir/link/vivado/vpl/prj/prj.gen/my_rm/bd/bd/ip/ulp_hmss_0_0/bd_1/ip/ip_2/synth/bd_baa4_psr_aclk_0.vhd:74]
WARNING: [Synth 8-7071] port 'mb_reset' of module 'bd_baa4_psr_aclk_0' is unconnected for instance 'psr_aclk' [/wrk/xsjhdnobkup5/ravic/work/PORT_test1/build/HBM_banks2/temp_dir/link/vivado/vpl/prj/prj.gen/my_rm/bd/bd/ip/ulp_hmss_0_0/bd_1/synth/bd_baa4.v:816]
WARNING: [Synth 8-7071] port 'bus_struct_reset' of module 'bd_baa4_psr_aclk_0' is unconnected for instance 'psr_aclk' [/wrk/xsjhdnobkup5/ravic/work/PORT_test1/build/HBM_banks2/temp_dir/link/vivado/vpl/prj/prj.gen/my_rm/bd/bd/ip/ulp_hmss_0_0/bd_1/synth/bd_baa4.v:816]
WARNING: [Synth 8-7071] port 'peripheral_reset' of module 'bd_baa4_psr_aclk_0' is unconnected for instance 'psr_aclk' [/wrk/xsjhdnobkup5/ravic/work/PORT_test1/build/HBM_banks2/temp_dir/link/vivado/vpl/prj/prj.gen/my_rm/bd/bd/ip/ulp_hmss_0_0/bd_1/synth/bd_baa4.v:816]
WARNING: [Synth 8-7071] port 'peripheral_aresetn' of module 'bd_baa4_psr_aclk_0' is unconnected for instance 'psr_aclk' [/wrk/xsjhdnobkup5/ravic/work/PORT_test1/build/HBM_banks2/temp_dir/link/vivado/vpl/prj/prj.gen/my_rm/bd/bd/ip/ulp_hmss_0_0/bd_1/synth/bd_baa4.v:816]
WARNING: [Synth 8-7023] instance 'psr_aclk' of module 'bd_baa4_psr_aclk_0' has 10 connections declared, but only 6 given [/wrk/xsjhdnobkup5/ravic/work/PORT_test1/build/HBM_banks2/temp_dir/link/vivado/vpl/prj/prj.gen/my_rm/bd/bd/ip/ulp_hmss_0_0/bd_1/synth/bd_baa4.v:816]
INFO: [Synth 8-638] synthesizing module 'bd_baa4_psr_aclk1_0' [/wrk/xsjhdnobkup5/ravic/work/PORT_test1/build/HBM_banks2/temp_dir/link/vivado/vpl/prj/prj.gen/my_rm/bd/bd/ip/ulp_hmss_0_0/bd_1/ip/ip_3/synth/bd_baa4_psr_aclk1_0.vhd:74]
	Parameter C_FAMILY bound to: virtexuplusHBM - type: string 
	Parameter C_EXT_RST_WIDTH bound to: 4 - type: integer 
	Parameter C_AUX_RST_WIDTH bound to: 1 - type: integer 
	Parameter C_EXT_RESET_HIGH bound to: 1'b0 
	Parameter C_AUX_RESET_HIGH bound to: 1'b0 
	Parameter C_NUM_BUS_RST bound to: 1 - type: integer 
	Parameter C_NUM_PERP_RST bound to: 1 - type: integer 
	Parameter C_NUM_INTERCONNECT_ARESETN bound to: 1 - type: integer 
	Parameter C_NUM_PERP_ARESETN bound to: 1 - type: integer 
INFO: [Synth 8-3491] module 'proc_sys_reset' declared at '/wrk/xsjhdnobkup5/ravic/work/PORT_test1/build/HBM_banks2/temp_dir/link/vivado/vpl/prj/prj.gen/my_rm/bd/bd/ipshared/8842/hdl/proc_sys_reset_v5_0_vh_rfs.vhd:1264' bound to instance 'U0' of component 'proc_sys_reset' [/wrk/xsjhdnobkup5/ravic/work/PORT_test1/build/HBM_banks2/temp_dir/link/vivado/vpl/prj/prj.gen/my_rm/bd/bd/ip/ulp_hmss_0_0/bd_1/ip/ip_3/synth/bd_baa4_psr_aclk1_0.vhd:129]
INFO: [Synth 8-256] done synthesizing module 'bd_baa4_psr_aclk1_0' (11#1) [/wrk/xsjhdnobkup5/ravic/work/PORT_test1/build/HBM_banks2/temp_dir/link/vivado/vpl/prj/prj.gen/my_rm/bd/bd/ip/ulp_hmss_0_0/bd_1/ip/ip_3/synth/bd_baa4_psr_aclk1_0.vhd:74]
WARNING: [Synth 8-7071] port 'mb_reset' of module 'bd_baa4_psr_aclk1_0' is unconnected for instance 'psr_aclk1' [/wrk/xsjhdnobkup5/ravic/work/PORT_test1/build/HBM_banks2/temp_dir/link/vivado/vpl/prj/prj.gen/my_rm/bd/bd/ip/ulp_hmss_0_0/bd_1/synth/bd_baa4.v:823]
WARNING: [Synth 8-7071] port 'bus_struct_reset' of module 'bd_baa4_psr_aclk1_0' is unconnected for instance 'psr_aclk1' [/wrk/xsjhdnobkup5/ravic/work/PORT_test1/build/HBM_banks2/temp_dir/link/vivado/vpl/prj/prj.gen/my_rm/bd/bd/ip/ulp_hmss_0_0/bd_1/synth/bd_baa4.v:823]
WARNING: [Synth 8-7071] port 'peripheral_reset' of module 'bd_baa4_psr_aclk1_0' is unconnected for instance 'psr_aclk1' [/wrk/xsjhdnobkup5/ravic/work/PORT_test1/build/HBM_banks2/temp_dir/link/vivado/vpl/prj/prj.gen/my_rm/bd/bd/ip/ulp_hmss_0_0/bd_1/synth/bd_baa4.v:823]
WARNING: [Synth 8-7071] port 'peripheral_aresetn' of module 'bd_baa4_psr_aclk1_0' is unconnected for instance 'psr_aclk1' [/wrk/xsjhdnobkup5/ravic/work/PORT_test1/build/HBM_banks2/temp_dir/link/vivado/vpl/prj/prj.gen/my_rm/bd/bd/ip/ulp_hmss_0_0/bd_1/synth/bd_baa4.v:823]
WARNING: [Synth 8-7023] instance 'psr_aclk1' of module 'bd_baa4_psr_aclk1_0' has 10 connections declared, but only 6 given [/wrk/xsjhdnobkup5/ravic/work/PORT_test1/build/HBM_banks2/temp_dir/link/vivado/vpl/prj/prj.gen/my_rm/bd/bd/ip/ulp_hmss_0_0/bd_1/synth/bd_baa4.v:823]
INFO: [Synth 8-6155] done synthesizing module 'clk_map_imp_1CIL6EU' (12#1) [/wrk/xsjhdnobkup5/ravic/work/PORT_test1/build/HBM_banks2/temp_dir/link/vivado/vpl/prj/prj.gen/my_rm/bd/bd/ip/ulp_hmss_0_0/bd_1/synth/bd_baa4.v:768]
INFO: [Synth 8-6157] synthesizing module 'm00_exit_pipeline_imp_NZK3N1' [/wrk/xsjhdnobkup5/ravic/work/PORT_test1/build/HBM_banks2/temp_dir/link/vivado/vpl/prj/prj.gen/my_rm/bd/bd/ip/ulp_hmss_0_0/bd_1/synth/bd_baa4.v:832]
INFO: [Synth 8-6157] synthesizing module 'bd_baa4_m00e_0' [/wrk/xsjhdnobkup5/ravic/work/PORT_test1/build/HBM_banks2/temp_dir/link/vivado/vpl/prj/prj.gen/my_rm/bd/bd/ip/ulp_hmss_0_0/bd_1/ip/ip_14/synth/bd_baa4_m00e_0.sv:58]
INFO: [Synth 8-6157] synthesizing module 'xpm_cdc_async_rst' [/proj/xbuilds/SWIP/2020.2_1118_1232/installs/lin64/Vivado/2020.2/data/ip/xpm/xpm_cdc/hdl/xpm_cdc.sv:1175]
INFO: [Synth 8-6155] done synthesizing module 'xpm_cdc_async_rst' (13#1) [/proj/xbuilds/SWIP/2020.2_1118_1232/installs/lin64/Vivado/2020.2/data/ip/xpm/xpm_cdc/hdl/xpm_cdc.sv:1175]
INFO: [Synth 8-6155] done synthesizing module 'bd_baa4_m00e_0' (23#1) [/wrk/xsjhdnobkup5/ravic/work/PORT_test1/build/HBM_banks2/temp_dir/link/vivado/vpl/prj/prj.gen/my_rm/bd/bd/ip/ulp_hmss_0_0/bd_1/ip/ip_14/synth/bd_baa4_m00e_0.sv:58]
INFO: [Synth 8-6155] done synthesizing module 'm00_exit_pipeline_imp_NZK3N1' (24#1) [/wrk/xsjhdnobkup5/ravic/work/PORT_test1/build/HBM_banks2/temp_dir/link/vivado/vpl/prj/prj.gen/my_rm/bd/bd/ip/ulp_hmss_0_0/bd_1/synth/bd_baa4.v:832]
INFO: [Synth 8-6157] synthesizing module 'bd_baa4_m00s2a_0' [/wrk/xsjhdnobkup5/ravic/work/PORT_test1/build/HBM_banks2/temp_dir/link/vivado/vpl/prj/prj.gen/my_rm/bd/bd/ip/ulp_hmss_0_0/bd_1/ip/ip_13/synth/bd_baa4_m00s2a_0.sv:58]
INFO: [Synth 8-6155] done synthesizing module 'bd_baa4_m00s2a_0' (26#1) [/wrk/xsjhdnobkup5/ravic/work/PORT_test1/build/HBM_banks2/temp_dir/link/vivado/vpl/prj/prj.gen/my_rm/bd/bd/ip/ulp_hmss_0_0/bd_1/ip/ip_13/synth/bd_baa4_m00s2a_0.sv:58]
INFO: [Synth 8-6157] synthesizing module 'bd_baa4_s00a2s_0' [/wrk/xsjhdnobkup5/ravic/work/PORT_test1/build/HBM_banks2/temp_dir/link/vivado/vpl/prj/prj.gen/my_rm/bd/bd/ip/ulp_hmss_0_0/bd_1/ip/ip_7/synth/bd_baa4_s00a2s_0.sv:58]
INFO: [Synth 8-6155] done synthesizing module 'bd_baa4_s00a2s_0' (28#1) [/wrk/xsjhdnobkup5/ravic/work/PORT_test1/build/HBM_banks2/temp_dir/link/vivado/vpl/prj/prj.gen/my_rm/bd/bd/ip/ulp_hmss_0_0/bd_1/ip/ip_7/synth/bd_baa4_s00a2s_0.sv:58]
INFO: [Synth 8-6157] synthesizing module 's00_entry_pipeline_imp_1N79GFI' [/wrk/xsjhdnobkup5/ravic/work/PORT_test1/build/HBM_banks2/temp_dir/link/vivado/vpl/prj/prj.gen/my_rm/bd/bd/ip/ulp_hmss_0_0/bd_1/synth/bd_baa4.v:1203]
INFO: [Synth 8-6157] synthesizing module 'bd_baa4_s00mmu_0' [/wrk/xsjhdnobkup5/ravic/work/PORT_test1/build/HBM_banks2/temp_dir/link/vivado/vpl/prj/prj.gen/my_rm/bd/bd/ip/ulp_hmss_0_0/bd_1/ip/ip_4/synth/bd_baa4_s00mmu_0.sv:59]
INFO: [Synth 8-6155] done synthesizing module 'bd_baa4_s00mmu_0' (31#1) [/wrk/xsjhdnobkup5/ravic/work/PORT_test1/build/HBM_banks2/temp_dir/link/vivado/vpl/prj/prj.gen/my_rm/bd/bd/ip/ulp_hmss_0_0/bd_1/ip/ip_4/synth/bd_baa4_s00mmu_0.sv:59]
INFO: [Synth 8-6157] synthesizing module 'bd_baa4_s00sic_0' [/wrk/xsjhdnobkup5/ravic/work/PORT_test1/build/HBM_banks2/temp_dir/link/vivado/vpl/prj/prj.gen/my_rm/bd/bd/ip/ulp_hmss_0_0/bd_1/ip/ip_6/synth/bd_baa4_s00sic_0.sv:59]
INFO: [Synth 8-6155] done synthesizing module 'bd_baa4_s00sic_0' (34#1) [/wrk/xsjhdnobkup5/ravic/work/PORT_test1/build/HBM_banks2/temp_dir/link/vivado/vpl/prj/prj.gen/my_rm/bd/bd/ip/ulp_hmss_0_0/bd_1/ip/ip_6/synth/bd_baa4_s00sic_0.sv:59]
INFO: [Synth 8-6157] synthesizing module 'bd_baa4_s00tr_0' [/wrk/xsjhdnobkup5/ravic/work/PORT_test1/build/HBM_banks2/temp_dir/link/vivado/vpl/prj/prj.gen/my_rm/bd/bd/ip/ulp_hmss_0_0/bd_1/ip/ip_5/synth/bd_baa4_s00tr_0.sv:58]
INFO: [Synth 8-6155] done synthesizing module 'bd_baa4_s00tr_0' (37#1) [/wrk/xsjhdnobkup5/ravic/work/PORT_test1/build/HBM_banks2/temp_dir/link/vivado/vpl/prj/prj.gen/my_rm/bd/bd/ip/ulp_hmss_0_0/bd_1/ip/ip_5/synth/bd_baa4_s00tr_0.sv:58]
WARNING: [Synth 8-7071] port 'm_axi_awburst' of module 'bd_baa4_s00tr_0' is unconnected for instance 's00_transaction_regulator' [/wrk/xsjhdnobkup5/ravic/work/PORT_test1/build/HBM_banks2/temp_dir/link/vivado/vpl/prj/prj.gen/my_rm/bd/bd/ip/ulp_hmss_0_0/bd_1/synth/bd_baa4.v:1731]
WARNING: [Synth 8-7071] port 'm_axi_arburst' of module 'bd_baa4_s00tr_0' is unconnected for instance 's00_transaction_regulator' [/wrk/xsjhdnobkup5/ravic/work/PORT_test1/build/HBM_banks2/temp_dir/link/vivado/vpl/prj/prj.gen/my_rm/bd/bd/ip/ulp_hmss_0_0/bd_1/synth/bd_baa4.v:1731]
WARNING: [Synth 8-7023] instance 's00_transaction_regulator' of module 'bd_baa4_s00tr_0' has 82 connections declared, but only 80 given [/wrk/xsjhdnobkup5/ravic/work/PORT_test1/build/HBM_banks2/temp_dir/link/vivado/vpl/prj/prj.gen/my_rm/bd/bd/ip/ulp_hmss_0_0/bd_1/synth/bd_baa4.v:1731]
INFO: [Synth 8-6155] done synthesizing module 's00_entry_pipeline_imp_1N79GFI' (38#1) [/wrk/xsjhdnobkup5/ravic/work/PORT_test1/build/HBM_banks2/temp_dir/link/vivado/vpl/prj/prj.gen/my_rm/bd/bd/ip/ulp_hmss_0_0/bd_1/synth/bd_baa4.v:1203]
INFO: [Synth 8-6157] synthesizing module 's00_nodes_imp_1HIR790' [/wrk/xsjhdnobkup5/ravic/work/PORT_test1/build/HBM_banks2/temp_dir/link/vivado/vpl/prj/prj.gen/my_rm/bd/bd/ip/ulp_hmss_0_0/bd_1/synth/bd_baa4.v:1814]
INFO: [Synth 8-6157] synthesizing module 'bd_baa4_sarn_0' [/wrk/xsjhdnobkup5/ravic/work/PORT_test1/build/HBM_banks2/temp_dir/link/vivado/vpl/prj/prj.gen/my_rm/bd/bd/ip/ulp_hmss_0_0/bd_1/ip/ip_8/synth/bd_baa4_sarn_0.sv:58]
INFO: [Synth 8-6157] synthesizing module 'xpm_memory_sdpram' [/proj/xbuilds/SWIP/2020.2_1118_1232/installs/lin64/Vivado/2020.2/data/ip/xpm/xpm_memory/hdl/xpm_memory.sv:8404]
INFO: [Synth 8-6157] synthesizing module 'xpm_memory_base' [/proj/xbuilds/SWIP/2020.2_1118_1232/installs/lin64/Vivado/2020.2/data/ip/xpm/xpm_memory/hdl/xpm_memory.sv:57]
	Parameter MEMORY_TYPE bound to: 1 - type: integer 
	Parameter MEMORY_SIZE bound to: 6080 - type: integer 
	Parameter MEMORY_PRIMITIVE bound to: 1 - type: integer 
	Parameter CLOCKING_MODE bound to: 1 - type: integer 
	Parameter ECC_MODE bound to: 0 - type: integer 
	Parameter MEMORY_INIT_FILE bound to: none - type: string 
	Parameter MEMORY_INIT_PARAM bound to: (null) - type: string 
	Parameter USE_MEM_INIT_MMI bound to: 0 - type: integer 
	Parameter USE_MEM_INIT bound to: 0 - type: integer 
	Parameter MEMORY_OPTIMIZATION bound to: true - type: string 
	Parameter WAKEUP_TIME bound to: 0 - type: integer 
	Parameter AUTO_SLEEP_TIME bound to: 0 - type: integer 
	Parameter MESSAGE_CONTROL bound to: 0 - type: integer 
	Parameter VERSION bound to: 0 - type: integer 
	Parameter USE_EMBEDDED_CONSTRAINT bound to: 1 - type: integer 
	Parameter CASCADE_HEIGHT bound to: 0 - type: integer 
	Parameter SIM_ASSERT_CHK bound to: 0 - type: integer 
	Parameter WRITE_PROTECT bound to: 1 - type: integer 
	Parameter WRITE_DATA_WIDTH_A bound to: 190 - type: integer 
	Parameter READ_DATA_WIDTH_A bound to: 190 - type: integer 
	Parameter BYTE_WRITE_WIDTH_A bound to: 190 - type: integer 
	Parameter ADDR_WIDTH_A bound to: 5 - type: integer 
	Parameter READ_RESET_VALUE_A bound to: 0 - type: string 
	Parameter READ_LATENCY_A bound to: 2 - type: integer 
	Parameter WRITE_MODE_A bound to: 1 - type: integer 
	Parameter RST_MODE_A bound to: SYNC - type: string 
	Parameter WRITE_DATA_WIDTH_B bound to: 190 - type: integer 
	Parameter READ_DATA_WIDTH_B bound to: 190 - type: integer 
	Parameter BYTE_WRITE_WIDTH_B bound to: 190 - type: integer 
	Parameter ADDR_WIDTH_B bound to: 5 - type: integer 
	Parameter READ_RESET_VALUE_B bound to: 0 - type: string 
	Parameter READ_LATENCY_B bound to: 1 - type: integer 
	Parameter WRITE_MODE_B bound to: 1 - type: integer 
	Parameter RST_MODE_B bound to: SYNC - type: string 
	Parameter P_MEMORY_PRIMITIVE bound to: distributed - type: string 
	Parameter P_MIN_WIDTH_DATA_A bound to: 190 - type: integer 
	Parameter P_MIN_WIDTH_DATA_B bound to: 190 - type: integer 
	Parameter P_MIN_WIDTH_DATA bound to: 190 - type: integer 
	Parameter P_MIN_WIDTH_DATA_ECC bound to: 190 - type: integer 
	Parameter P_MAX_DEPTH_DATA bound to: 32 - type: integer 
	Parameter P_ECC_MODE bound to: no_ecc - type: string 
	Parameter P_MEMORY_OPT bound to: yes - type: string 
	Parameter P_WIDTH_COL_WRITE_A bound to: 190 - type: integer 
	Parameter P_WIDTH_COL_WRITE_B bound to: 190 - type: integer 
	Parameter P_NUM_COLS_WRITE_A bound to: 1 - type: integer 
	Parameter P_NUM_COLS_WRITE_B bound to: 1 - type: integer 
	Parameter P_NUM_ROWS_WRITE_A bound to: 1 - type: integer 
	Parameter P_NUM_ROWS_WRITE_B bound to: 1 - type: integer 
	Parameter P_NUM_ROWS_READ_A bound to: 1 - type: integer 
	Parameter P_NUM_ROWS_READ_B bound to: 1 - type: integer 
	Parameter P_WIDTH_ADDR_WRITE_A bound to: 5 - type: integer 
	Parameter P_WIDTH_ADDR_WRITE_B bound to: 5 - type: integer 
	Parameter P_WIDTH_ADDR_READ_A bound to: 5 - type: integer 
	Parameter P_WIDTH_ADDR_READ_B bound to: 5 - type: integer 
	Parameter P_WIDTH_ADDR_LSB_WRITE_A bound to: 0 - type: integer 
	Parameter P_WIDTH_ADDR_LSB_WRITE_B bound to: 0 - type: integer 
	Parameter P_WIDTH_ADDR_LSB_READ_A bound to: 0 - type: integer 
	Parameter P_WIDTH_ADDR_LSB_READ_B bound to: 0 - type: integer 
	Parameter P_ENABLE_BYTE_WRITE_A bound to: 0 - type: integer 
	Parameter P_ENABLE_BYTE_WRITE_B bound to: 0 - type: integer 
	Parameter P_SDP_WRITE_MODE bound to: yes - type: string 
	Parameter rsta_loop_iter bound to: 192 - type: integer 
	Parameter rstb_loop_iter bound to: 192 - type: integer 
	Parameter NUM_CHAR_LOC bound to: 0 - type: integer 
	Parameter MAX_NUM_CHAR bound to: 0 - type: integer 
	Parameter P_MIN_WIDTH_DATA_SHFT bound to: 190 - type: integer 
	Parameter P_MIN_WIDTH_DATA_LDW bound to: 4 - type: integer 
INFO: [Synth 8-6155] done synthesizing module 'xpm_memory_base' (43#1) [/proj/xbuilds/SWIP/2020.2_1118_1232/installs/lin64/Vivado/2020.2/data/ip/xpm/xpm_memory/hdl/xpm_memory.sv:57]
INFO: [Synth 8-6155] done synthesizing module 'xpm_memory_sdpram' (44#1) [/proj/xbuilds/SWIP/2020.2_1118_1232/installs/lin64/Vivado/2020.2/data/ip/xpm/xpm_memory/hdl/xpm_memory.sv:8404]
INFO: [Synth 8-6157] synthesizing module 'xpm_cdc_gray' [/proj/xbuilds/SWIP/2020.2_1118_1232/installs/lin64/Vivado/2020.2/data/ip/xpm/xpm_cdc/hdl/xpm_cdc.sv:284]
INFO: [Synth 8-6155] done synthesizing module 'xpm_cdc_gray' (46#1) [/proj/xbuilds/SWIP/2020.2_1118_1232/installs/lin64/Vivado/2020.2/data/ip/xpm/xpm_cdc/hdl/xpm_cdc.sv:284]
INFO: [Synth 8-6155] done synthesizing module 'bd_baa4_sarn_0' (54#1) [/wrk/xsjhdnobkup5/ravic/work/PORT_test1/build/HBM_banks2/temp_dir/link/vivado/vpl/prj/prj.gen/my_rm/bd/bd/ip/ulp_hmss_0_0/bd_1/ip/ip_8/synth/bd_baa4_sarn_0.sv:58]
INFO: [Synth 8-6157] synthesizing module 'bd_baa4_sawn_0' [/wrk/xsjhdnobkup5/ravic/work/PORT_test1/build/HBM_banks2/temp_dir/link/vivado/vpl/prj/prj.gen/my_rm/bd/bd/ip/ulp_hmss_0_0/bd_1/ip/ip_10/synth/bd_baa4_sawn_0.sv:58]
INFO: [Synth 8-6155] done synthesizing module 'bd_baa4_sawn_0' (55#1) [/wrk/xsjhdnobkup5/ravic/work/PORT_test1/build/HBM_banks2/temp_dir/link/vivado/vpl/prj/prj.gen/my_rm/bd/bd/ip/ulp_hmss_0_0/bd_1/ip/ip_10/synth/bd_baa4_sawn_0.sv:58]
INFO: [Synth 8-6157] synthesizing module 'bd_baa4_sbn_0' [/wrk/xsjhdnobkup5/ravic/work/PORT_test1/build/HBM_banks2/temp_dir/link/vivado/vpl/prj/prj.gen/my_rm/bd/bd/ip/ulp_hmss_0_0/bd_1/ip/ip_12/synth/bd_baa4_sbn_0.sv:58]
INFO: [Synth 8-6157] synthesizing module 'xpm_memory_sdpram__parameterized0' [/proj/xbuilds/SWIP/2020.2_1118_1232/installs/lin64/Vivado/2020.2/data/ip/xpm/xpm_memory/hdl/xpm_memory.sv:8404]
INFO: [Synth 8-6157] synthesizing module 'xpm_memory_base__parameterized0' [/proj/xbuilds/SWIP/2020.2_1118_1232/installs/lin64/Vivado/2020.2/data/ip/xpm/xpm_memory/hdl/xpm_memory.sv:57]
	Parameter MEMORY_TYPE bound to: 1 - type: integer 
	Parameter MEMORY_SIZE bound to: 768 - type: integer 
	Parameter MEMORY_PRIMITIVE bound to: 1 - type: integer 
	Parameter CLOCKING_MODE bound to: 1 - type: integer 
	Parameter ECC_MODE bound to: 0 - type: integer 
	Parameter MEMORY_INIT_FILE bound to: none - type: string 
	Parameter MEMORY_INIT_PARAM bound to: (null) - type: string 
	Parameter USE_MEM_INIT_MMI bound to: 0 - type: integer 
	Parameter USE_MEM_INIT bound to: 0 - type: integer 
	Parameter MEMORY_OPTIMIZATION bound to: true - type: string 
	Parameter WAKEUP_TIME bound to: 0 - type: integer 
	Parameter AUTO_SLEEP_TIME bound to: 0 - type: integer 
	Parameter MESSAGE_CONTROL bound to: 0 - type: integer 
	Parameter VERSION bound to: 0 - type: integer 
	Parameter USE_EMBEDDED_CONSTRAINT bound to: 1 - type: integer 
	Parameter CASCADE_HEIGHT bound to: 0 - type: integer 
	Parameter SIM_ASSERT_CHK bound to: 0 - type: integer 
	Parameter WRITE_PROTECT bound to: 1 - type: integer 
	Parameter WRITE_DATA_WIDTH_A bound to: 24 - type: integer 
	Parameter READ_DATA_WIDTH_A bound to: 24 - type: integer 
	Parameter BYTE_WRITE_WIDTH_A bound to: 24 - type: integer 
	Parameter ADDR_WIDTH_A bound to: 5 - type: integer 
	Parameter READ_RESET_VALUE_A bound to: 0 - type: string 
	Parameter READ_LATENCY_A bound to: 2 - type: integer 
	Parameter WRITE_MODE_A bound to: 1 - type: integer 
	Parameter RST_MODE_A bound to: SYNC - type: string 
	Parameter WRITE_DATA_WIDTH_B bound to: 24 - type: integer 
	Parameter READ_DATA_WIDTH_B bound to: 24 - type: integer 
	Parameter BYTE_WRITE_WIDTH_B bound to: 24 - type: integer 
	Parameter ADDR_WIDTH_B bound to: 5 - type: integer 
	Parameter READ_RESET_VALUE_B bound to: 0 - type: string 
	Parameter READ_LATENCY_B bound to: 1 - type: integer 
	Parameter WRITE_MODE_B bound to: 1 - type: integer 
	Parameter RST_MODE_B bound to: SYNC - type: string 
	Parameter P_MEMORY_PRIMITIVE bound to: distributed - type: string 
	Parameter P_MIN_WIDTH_DATA_A bound to: 24 - type: integer 
	Parameter P_MIN_WIDTH_DATA_B bound to: 24 - type: integer 
	Parameter P_MIN_WIDTH_DATA bound to: 24 - type: integer 
	Parameter P_MIN_WIDTH_DATA_ECC bound to: 24 - type: integer 
	Parameter P_MAX_DEPTH_DATA bound to: 32 - type: integer 
	Parameter P_ECC_MODE bound to: no_ecc - type: string 
	Parameter P_MEMORY_OPT bound to: yes - type: string 
	Parameter P_WIDTH_COL_WRITE_A bound to: 24 - type: integer 
	Parameter P_WIDTH_COL_WRITE_B bound to: 24 - type: integer 
	Parameter P_NUM_COLS_WRITE_A bound to: 1 - type: integer 
	Parameter P_NUM_COLS_WRITE_B bound to: 1 - type: integer 
	Parameter P_NUM_ROWS_WRITE_A bound to: 1 - type: integer 
	Parameter P_NUM_ROWS_WRITE_B bound to: 1 - type: integer 
	Parameter P_NUM_ROWS_READ_A bound to: 1 - type: integer 
	Parameter P_NUM_ROWS_READ_B bound to: 1 - type: integer 
	Parameter P_WIDTH_ADDR_WRITE_A bound to: 5 - type: integer 
	Parameter P_WIDTH_ADDR_WRITE_B bound to: 5 - type: integer 
	Parameter P_WIDTH_ADDR_READ_A bound to: 5 - type: integer 
	Parameter P_WIDTH_ADDR_READ_B bound to: 5 - type: integer 
	Parameter P_WIDTH_ADDR_LSB_WRITE_A bound to: 0 - type: integer 
	Parameter P_WIDTH_ADDR_LSB_WRITE_B bound to: 0 - type: integer 
	Parameter P_WIDTH_ADDR_LSB_READ_A bound to: 0 - type: integer 
	Parameter P_WIDTH_ADDR_LSB_READ_B bound to: 0 - type: integer 
	Parameter P_ENABLE_BYTE_WRITE_A bound to: 0 - type: integer 
	Parameter P_ENABLE_BYTE_WRITE_B bound to: 0 - type: integer 
	Parameter P_SDP_WRITE_MODE bound to: yes - type: string 
	Parameter rsta_loop_iter bound to: 24 - type: integer 
	Parameter rstb_loop_iter bound to: 24 - type: integer 
	Parameter NUM_CHAR_LOC bound to: 0 - type: integer 
	Parameter MAX_NUM_CHAR bound to: 0 - type: integer 
	Parameter P_MIN_WIDTH_DATA_SHFT bound to: 24 - type: integer 
	Parameter P_MIN_WIDTH_DATA_LDW bound to: 4 - type: integer 
INFO: [Synth 8-6155] done synthesizing module 'xpm_memory_base__parameterized0' (55#1) [/proj/xbuilds/SWIP/2020.2_1118_1232/installs/lin64/Vivado/2020.2/data/ip/xpm/xpm_memory/hdl/xpm_memory.sv:57]
INFO: [Synth 8-6155] done synthesizing module 'xpm_memory_sdpram__parameterized0' (55#1) [/proj/xbuilds/SWIP/2020.2_1118_1232/installs/lin64/Vivado/2020.2/data/ip/xpm/xpm_memory/hdl/xpm_memory.sv:8404]
INFO: [Synth 8-6155] done synthesizing module 'bd_baa4_sbn_0' (56#1) [/wrk/xsjhdnobkup5/ravic/work/PORT_test1/build/HBM_banks2/temp_dir/link/vivado/vpl/prj/prj.gen/my_rm/bd/bd/ip/ulp_hmss_0_0/bd_1/ip/ip_12/synth/bd_baa4_sbn_0.sv:58]
INFO: [Synth 8-6157] synthesizing module 'bd_baa4_srn_0' [/wrk/xsjhdnobkup5/ravic/work/PORT_test1/build/HBM_banks2/temp_dir/link/vivado/vpl/prj/prj.gen/my_rm/bd/bd/ip/ulp_hmss_0_0/bd_1/ip/ip_9/synth/bd_baa4_srn_0.sv:58]
INFO: [Synth 8-6157] synthesizing module 'xpm_memory_sdpram__parameterized1' [/proj/xbuilds/SWIP/2020.2_1118_1232/installs/lin64/Vivado/2020.2/data/ip/xpm/xpm_memory/hdl/xpm_memory.sv:8404]
INFO: [Synth 8-6157] synthesizing module 'xpm_memory_base__parameterized1' [/proj/xbuilds/SWIP/2020.2_1118_1232/installs/lin64/Vivado/2020.2/data/ip/xpm/xpm_memory/hdl/xpm_memory.sv:57]
	Parameter MEMORY_TYPE bound to: 1 - type: integer 
	Parameter MEMORY_SIZE bound to: 4736 - type: integer 
	Parameter MEMORY_PRIMITIVE bound to: 1 - type: integer 
	Parameter CLOCKING_MODE bound to: 1 - type: integer 
	Parameter ECC_MODE bound to: 0 - type: integer 
	Parameter MEMORY_INIT_FILE bound to: none - type: string 
	Parameter MEMORY_INIT_PARAM bound to: (null) - type: string 
	Parameter USE_MEM_INIT_MMI bound to: 0 - type: integer 
	Parameter USE_MEM_INIT bound to: 0 - type: integer 
	Parameter MEMORY_OPTIMIZATION bound to: true - type: string 
	Parameter WAKEUP_TIME bound to: 0 - type: integer 
	Parameter AUTO_SLEEP_TIME bound to: 0 - type: integer 
	Parameter MESSAGE_CONTROL bound to: 0 - type: integer 
	Parameter VERSION bound to: 0 - type: integer 
	Parameter USE_EMBEDDED_CONSTRAINT bound to: 1 - type: integer 
	Parameter CASCADE_HEIGHT bound to: 0 - type: integer 
	Parameter SIM_ASSERT_CHK bound to: 0 - type: integer 
	Parameter WRITE_PROTECT bound to: 1 - type: integer 
	Parameter WRITE_DATA_WIDTH_A bound to: 148 - type: integer 
	Parameter READ_DATA_WIDTH_A bound to: 148 - type: integer 
	Parameter BYTE_WRITE_WIDTH_A bound to: 148 - type: integer 
	Parameter ADDR_WIDTH_A bound to: 5 - type: integer 
	Parameter READ_RESET_VALUE_A bound to: 0 - type: string 
	Parameter READ_LATENCY_A bound to: 2 - type: integer 
	Parameter WRITE_MODE_A bound to: 1 - type: integer 
	Parameter RST_MODE_A bound to: SYNC - type: string 
	Parameter WRITE_DATA_WIDTH_B bound to: 148 - type: integer 
	Parameter READ_DATA_WIDTH_B bound to: 148 - type: integer 
	Parameter BYTE_WRITE_WIDTH_B bound to: 148 - type: integer 
	Parameter ADDR_WIDTH_B bound to: 5 - type: integer 
	Parameter READ_RESET_VALUE_B bound to: 0 - type: string 
	Parameter READ_LATENCY_B bound to: 1 - type: integer 
	Parameter WRITE_MODE_B bound to: 1 - type: integer 
	Parameter RST_MODE_B bound to: SYNC - type: string 
	Parameter P_MEMORY_PRIMITIVE bound to: distributed - type: string 
	Parameter P_MIN_WIDTH_DATA_A bound to: 148 - type: integer 
	Parameter P_MIN_WIDTH_DATA_B bound to: 148 - type: integer 
	Parameter P_MIN_WIDTH_DATA bound to: 148 - type: integer 
	Parameter P_MIN_WIDTH_DATA_ECC bound to: 148 - type: integer 
	Parameter P_MAX_DEPTH_DATA bound to: 32 - type: integer 
	Parameter P_ECC_MODE bound to: no_ecc - type: string 
	Parameter P_MEMORY_OPT bound to: yes - type: string 
	Parameter P_WIDTH_COL_WRITE_A bound to: 148 - type: integer 
	Parameter P_WIDTH_COL_WRITE_B bound to: 148 - type: integer 
	Parameter P_NUM_COLS_WRITE_A bound to: 1 - type: integer 
	Parameter P_NUM_COLS_WRITE_B bound to: 1 - type: integer 
	Parameter P_NUM_ROWS_WRITE_A bound to: 1 - type: integer 
	Parameter P_NUM_ROWS_WRITE_B bound to: 1 - type: integer 
	Parameter P_NUM_ROWS_READ_A bound to: 1 - type: integer 
	Parameter P_NUM_ROWS_READ_B bound to: 1 - type: integer 
	Parameter P_WIDTH_ADDR_WRITE_A bound to: 5 - type: integer 
	Parameter P_WIDTH_ADDR_WRITE_B bound to: 5 - type: integer 
	Parameter P_WIDTH_ADDR_READ_A bound to: 5 - type: integer 
	Parameter P_WIDTH_ADDR_READ_B bound to: 5 - type: integer 
	Parameter P_WIDTH_ADDR_LSB_WRITE_A bound to: 0 - type: integer 
	Parameter P_WIDTH_ADDR_LSB_WRITE_B bound to: 0 - type: integer 
	Parameter P_WIDTH_ADDR_LSB_READ_A bound to: 0 - type: integer 
	Parameter P_WIDTH_ADDR_LSB_READ_B bound to: 0 - type: integer 
	Parameter P_ENABLE_BYTE_WRITE_A bound to: 0 - type: integer 
	Parameter P_ENABLE_BYTE_WRITE_B bound to: 0 - type: integer 
	Parameter P_SDP_WRITE_MODE bound to: yes - type: string 
	Parameter rsta_loop_iter bound to: 148 - type: integer 
	Parameter rstb_loop_iter bound to: 148 - type: integer 
	Parameter NUM_CHAR_LOC bound to: 0 - type: integer 
	Parameter MAX_NUM_CHAR bound to: 0 - type: integer 
	Parameter P_MIN_WIDTH_DATA_SHFT bound to: 148 - type: integer 
	Parameter P_MIN_WIDTH_DATA_LDW bound to: 4 - type: integer 
INFO: [Synth 8-6155] done synthesizing module 'xpm_memory_base__parameterized1' (57#1) [/proj/xbuilds/SWIP/2020.2_1118_1232/installs/lin64/Vivado/2020.2/data/ip/xpm/xpm_memory/hdl/xpm_memory.sv:57]
INFO: [Synth 8-6155] done synthesizing module 'xpm_memory_sdpram__parameterized1' (57#1) [/proj/xbuilds/SWIP/2020.2_1118_1232/installs/lin64/Vivado/2020.2/data/ip/xpm/xpm_memory/hdl/xpm_memory.sv:8404]
INFO: [Synth 8-6155] done synthesizing module 'bd_baa4_srn_0' (58#1) [/wrk/xsjhdnobkup5/ravic/work/PORT_test1/build/HBM_banks2/temp_dir/link/vivado/vpl/prj/prj.gen/my_rm/bd/bd/ip/ulp_hmss_0_0/bd_1/ip/ip_9/synth/bd_baa4_srn_0.sv:58]
INFO: [Synth 8-6157] synthesizing module 'bd_baa4_swn_0' [/wrk/xsjhdnobkup5/ravic/work/PORT_test1/build/HBM_banks2/temp_dir/link/vivado/vpl/prj/prj.gen/my_rm/bd/bd/ip/ulp_hmss_0_0/bd_1/ip/ip_11/synth/bd_baa4_swn_0.sv:58]
INFO: [Synth 8-6157] synthesizing module 'xpm_memory_sdpram__parameterized2' [/proj/xbuilds/SWIP/2020.2_1118_1232/installs/lin64/Vivado/2020.2/data/ip/xpm/xpm_memory/hdl/xpm_memory.sv:8404]
INFO: [Synth 8-6157] synthesizing module 'xpm_memory_base__parameterized2' [/proj/xbuilds/SWIP/2020.2_1118_1232/installs/lin64/Vivado/2020.2/data/ip/xpm/xpm_memory/hdl/xpm_memory.sv:57]
	Parameter MEMORY_TYPE bound to: 1 - type: integer 
	Parameter MEMORY_SIZE bound to: 5152 - type: integer 
	Parameter MEMORY_PRIMITIVE bound to: 1 - type: integer 
	Parameter CLOCKING_MODE bound to: 1 - type: integer 
	Parameter ECC_MODE bound to: 0 - type: integer 
	Parameter MEMORY_INIT_FILE bound to: none - type: string 
	Parameter MEMORY_INIT_PARAM bound to: (null) - type: string 
	Parameter USE_MEM_INIT_MMI bound to: 0 - type: integer 
	Parameter USE_MEM_INIT bound to: 0 - type: integer 
	Parameter MEMORY_OPTIMIZATION bound to: true - type: string 
	Parameter WAKEUP_TIME bound to: 0 - type: integer 
	Parameter AUTO_SLEEP_TIME bound to: 0 - type: integer 
	Parameter MESSAGE_CONTROL bound to: 0 - type: integer 
	Parameter VERSION bound to: 0 - type: integer 
	Parameter USE_EMBEDDED_CONSTRAINT bound to: 1 - type: integer 
	Parameter CASCADE_HEIGHT bound to: 0 - type: integer 
	Parameter SIM_ASSERT_CHK bound to: 0 - type: integer 
	Parameter WRITE_PROTECT bound to: 1 - type: integer 
	Parameter WRITE_DATA_WIDTH_A bound to: 161 - type: integer 
	Parameter READ_DATA_WIDTH_A bound to: 161 - type: integer 
	Parameter BYTE_WRITE_WIDTH_A bound to: 161 - type: integer 
	Parameter ADDR_WIDTH_A bound to: 5 - type: integer 
	Parameter READ_RESET_VALUE_A bound to: 0 - type: string 
	Parameter READ_LATENCY_A bound to: 2 - type: integer 
	Parameter WRITE_MODE_A bound to: 1 - type: integer 
	Parameter RST_MODE_A bound to: SYNC - type: string 
	Parameter WRITE_DATA_WIDTH_B bound to: 161 - type: integer 
	Parameter READ_DATA_WIDTH_B bound to: 161 - type: integer 
	Parameter BYTE_WRITE_WIDTH_B bound to: 161 - type: integer 
	Parameter ADDR_WIDTH_B bound to: 5 - type: integer 
	Parameter READ_RESET_VALUE_B bound to: 0 - type: string 
	Parameter READ_LATENCY_B bound to: 1 - type: integer 
	Parameter WRITE_MODE_B bound to: 1 - type: integer 
	Parameter RST_MODE_B bound to: SYNC - type: string 
	Parameter P_MEMORY_PRIMITIVE bound to: distributed - type: string 
	Parameter P_MIN_WIDTH_DATA_A bound to: 161 - type: integer 
	Parameter P_MIN_WIDTH_DATA_B bound to: 161 - type: integer 
	Parameter P_MIN_WIDTH_DATA bound to: 161 - type: integer 
	Parameter P_MIN_WIDTH_DATA_ECC bound to: 161 - type: integer 
	Parameter P_MAX_DEPTH_DATA bound to: 32 - type: integer 
	Parameter P_ECC_MODE bound to: no_ecc - type: string 
	Parameter P_MEMORY_OPT bound to: yes - type: string 
	Parameter P_WIDTH_COL_WRITE_A bound to: 161 - type: integer 
	Parameter P_WIDTH_COL_WRITE_B bound to: 161 - type: integer 
	Parameter P_NUM_COLS_WRITE_A bound to: 1 - type: integer 
	Parameter P_NUM_COLS_WRITE_B bound to: 1 - type: integer 
	Parameter P_NUM_ROWS_WRITE_A bound to: 1 - type: integer 
	Parameter P_NUM_ROWS_WRITE_B bound to: 1 - type: integer 
	Parameter P_NUM_ROWS_READ_A bound to: 1 - type: integer 
	Parameter P_NUM_ROWS_READ_B bound to: 1 - type: integer 
	Parameter P_WIDTH_ADDR_WRITE_A bound to: 5 - type: integer 
	Parameter P_WIDTH_ADDR_WRITE_B bound to: 5 - type: integer 
	Parameter P_WIDTH_ADDR_READ_A bound to: 5 - type: integer 
	Parameter P_WIDTH_ADDR_READ_B bound to: 5 - type: integer 
	Parameter P_WIDTH_ADDR_LSB_WRITE_A bound to: 0 - type: integer 
	Parameter P_WIDTH_ADDR_LSB_WRITE_B bound to: 0 - type: integer 
	Parameter P_WIDTH_ADDR_LSB_READ_A bound to: 0 - type: integer 
	Parameter P_WIDTH_ADDR_LSB_READ_B bound to: 0 - type: integer 
	Parameter P_ENABLE_BYTE_WRITE_A bound to: 0 - type: integer 
	Parameter P_ENABLE_BYTE_WRITE_B bound to: 0 - type: integer 
	Parameter P_SDP_WRITE_MODE bound to: yes - type: string 
	Parameter rsta_loop_iter bound to: 164 - type: integer 
	Parameter rstb_loop_iter bound to: 164 - type: integer 
	Parameter NUM_CHAR_LOC bound to: 0 - type: integer 
	Parameter MAX_NUM_CHAR bound to: 0 - type: integer 
	Parameter P_MIN_WIDTH_DATA_SHFT bound to: 161 - type: integer 
	Parameter P_MIN_WIDTH_DATA_LDW bound to: 4 - type: integer 
INFO: [Synth 8-6155] done synthesizing module 'xpm_memory_base__parameterized2' (60#1) [/proj/xbuilds/SWIP/2020.2_1118_1232/installs/lin64/Vivado/2020.2/data/ip/xpm/xpm_memory/hdl/xpm_memory.sv:57]
INFO: [Synth 8-6155] done synthesizing module 'xpm_memory_sdpram__parameterized2' (60#1) [/proj/xbuilds/SWIP/2020.2_1118_1232/installs/lin64/Vivado/2020.2/data/ip/xpm/xpm_memory/hdl/xpm_memory.sv:8404]
INFO: [Synth 8-6155] done synthesizing module 'bd_baa4_swn_0' (61#1) [/wrk/xsjhdnobkup5/ravic/work/PORT_test1/build/HBM_banks2/temp_dir/link/vivado/vpl/prj/prj.gen/my_rm/bd/bd/ip/ulp_hmss_0_0/bd_1/ip/ip_11/synth/bd_baa4_swn_0.sv:58]
INFO: [Synth 8-6155] done synthesizing module 's00_nodes_imp_1HIR790' (62#1) [/wrk/xsjhdnobkup5/ravic/work/PORT_test1/build/HBM_banks2/temp_dir/link/vivado/vpl/prj/prj.gen/my_rm/bd/bd/ip/ulp_hmss_0_0/bd_1/synth/bd_baa4.v:1814]
INFO: [Synth 8-6155] done synthesizing module 'bd_baa4' (63#1) [/wrk/xsjhdnobkup5/ravic/work/PORT_test1/build/HBM_banks2/temp_dir/link/vivado/vpl/prj/prj.gen/my_rm/bd/bd/ip/ulp_hmss_0_0/bd_1/synth/bd_baa4.v:10]
INFO: [Synth 8-6155] done synthesizing module 'bd_85ad_interconnect1_0_0' (64#1) [/wrk/xsjhdnobkup5/ravic/work/PORT_test1/build/HBM_banks2/temp_dir/link/vivado/vpl/prj/prj.gen/my_rm/bd/bd/ip/ulp_hmss_0_0/bd_0/ip/ip_2/synth/bd_85ad_interconnect1_0_0.v:57]
---------------------------------------------------------------------------------
Finished RTL Elaboration : Time (s): cpu = 00:00:08 ; elapsed = 00:00:11 . Memory (MB): peak = 3631.887 ; gain = 309.539 ; free physical = 12868 ; free virtual = 159507
---------------------------------------------------------------------------------
---------------------------------------------------------------------------------
Start Handling Custom Attributes
---------------------------------------------------------------------------------
---------------------------------------------------------------------------------
Finished Handling Custom Attributes : Time (s): cpu = 00:00:10 ; elapsed = 00:00:13 . Memory (MB): peak = 3646.723 ; gain = 324.375 ; free physical = 12912 ; free virtual = 159554
---------------------------------------------------------------------------------
---------------------------------------------------------------------------------
Finished RTL Optimization Phase 1 : Time (s): cpu = 00:00:10 ; elapsed = 00:00:13 . Memory (MB): peak = 3646.723 ; gain = 324.375 ; free physical = 12912 ; free virtual = 159554
---------------------------------------------------------------------------------
Netlist sorting complete. Time (s): cpu = 00:00:00.81 ; elapsed = 00:00:00.83 . Memory (MB): peak = 3660.656 ; gain = 0.000 ; free physical = 12749 ; free virtual = 159400
INFO: [Netlist 29-17] Analyzing 39 Unisim elements for replacement
INFO: [Netlist 29-28] Unisim Transformation completed in 0 CPU seconds
INFO: [Project 1-570] Preparing netlist for logic optimization

Processing XDC Constraints
Initializing timing engine
Parsing XDC File [/wrk/xsjhdnobkup5/ravic/work/PORT_test1/build/HBM_banks2/temp_dir/link/vivado/vpl/prj/prj.gen/my_rm/bd/bd/ip/ulp_hmss_0_0/bd_0/ip/ip_2/ooc.xdc] for cell 'inst'
Finished Parsing XDC File [/wrk/xsjhdnobkup5/ravic/work/PORT_test1/build/HBM_banks2/temp_dir/link/vivado/vpl/prj/prj.gen/my_rm/bd/bd/ip/ulp_hmss_0_0/bd_0/ip/ip_2/ooc.xdc] for cell 'inst'
Parsing XDC File [/wrk/xsjhdnobkup5/ravic/work/PORT_test1/build/HBM_banks2/temp_dir/link/vivado/vpl/prj/prj.gen/my_rm/bd/bd/ip/ulp_hmss_0_0/bd_1/ip/ip_1/bd_baa4_psr0_0_board.xdc] for cell 'inst/clk_map/psr0/U0'
Finished Parsing XDC File [/wrk/xsjhdnobkup5/ravic/work/PORT_test1/build/HBM_banks2/temp_dir/link/vivado/vpl/prj/prj.gen/my_rm/bd/bd/ip/ulp_hmss_0_0/bd_1/ip/ip_1/bd_baa4_psr0_0_board.xdc] for cell 'inst/clk_map/psr0/U0'
Parsing XDC File [/wrk/xsjhdnobkup5/ravic/work/PORT_test1/build/HBM_banks2/temp_dir/link/vivado/vpl/prj/prj.gen/my_rm/bd/bd/ip/ulp_hmss_0_0/bd_1/ip/ip_1/bd_baa4_psr0_0.xdc] for cell 'inst/clk_map/psr0/U0'
Finished Parsing XDC File [/wrk/xsjhdnobkup5/ravic/work/PORT_test1/build/HBM_banks2/temp_dir/link/vivado/vpl/prj/prj.gen/my_rm/bd/bd/ip/ulp_hmss_0_0/bd_1/ip/ip_1/bd_baa4_psr0_0.xdc] for cell 'inst/clk_map/psr0/U0'
Parsing XDC File [/wrk/xsjhdnobkup5/ravic/work/PORT_test1/build/HBM_banks2/temp_dir/link/vivado/vpl/prj/prj.gen/my_rm/bd/bd/ip/ulp_hmss_0_0/bd_1/ip/ip_2/bd_baa4_psr_aclk_0_board.xdc] for cell 'inst/clk_map/psr_aclk/U0'
Finished Parsing XDC File [/wrk/xsjhdnobkup5/ravic/work/PORT_test1/build/HBM_banks2/temp_dir/link/vivado/vpl/prj/prj.gen/my_rm/bd/bd/ip/ulp_hmss_0_0/bd_1/ip/ip_2/bd_baa4_psr_aclk_0_board.xdc] for cell 'inst/clk_map/psr_aclk/U0'
Parsing XDC File [/wrk/xsjhdnobkup5/ravic/work/PORT_test1/build/HBM_banks2/temp_dir/link/vivado/vpl/prj/prj.gen/my_rm/bd/bd/ip/ulp_hmss_0_0/bd_1/ip/ip_2/bd_baa4_psr_aclk_0.xdc] for cell 'inst/clk_map/psr_aclk/U0'
Finished Parsing XDC File [/wrk/xsjhdnobkup5/ravic/work/PORT_test1/build/HBM_banks2/temp_dir/link/vivado/vpl/prj/prj.gen/my_rm/bd/bd/ip/ulp_hmss_0_0/bd_1/ip/ip_2/bd_baa4_psr_aclk_0.xdc] for cell 'inst/clk_map/psr_aclk/U0'
Parsing XDC File [/wrk/xsjhdnobkup5/ravic/work/PORT_test1/build/HBM_banks2/temp_dir/link/vivado/vpl/prj/prj.gen/my_rm/bd/bd/ip/ulp_hmss_0_0/bd_1/ip/ip_3/bd_baa4_psr_aclk1_0_board.xdc] for cell 'inst/clk_map/psr_aclk1/U0'
Finished Parsing XDC File [/wrk/xsjhdnobkup5/ravic/work/PORT_test1/build/HBM_banks2/temp_dir/link/vivado/vpl/prj/prj.gen/my_rm/bd/bd/ip/ulp_hmss_0_0/bd_1/ip/ip_3/bd_baa4_psr_aclk1_0_board.xdc] for cell 'inst/clk_map/psr_aclk1/U0'
Parsing XDC File [/wrk/xsjhdnobkup5/ravic/work/PORT_test1/build/HBM_banks2/temp_dir/link/vivado/vpl/prj/prj.gen/my_rm/bd/bd/ip/ulp_hmss_0_0/bd_1/ip/ip_3/bd_baa4_psr_aclk1_0.xdc] for cell 'inst/clk_map/psr_aclk1/U0'
Finished Parsing XDC File [/wrk/xsjhdnobkup5/ravic/work/PORT_test1/build/HBM_banks2/temp_dir/link/vivado/vpl/prj/prj.gen/my_rm/bd/bd/ip/ulp_hmss_0_0/bd_1/ip/ip_3/bd_baa4_psr_aclk1_0.xdc] for cell 'inst/clk_map/psr_aclk1/U0'
Parsing XDC File [/wrk/xsjhdnobkup5/ravic/work/PORT_test1/build/HBM_banks2/temp_dir/link/vivado/vpl/prj/prj.runs/bd_85ad_interconnect1_0_0_synth_1/dont_touch.xdc]
Finished Parsing XDC File [/wrk/xsjhdnobkup5/ravic/work/PORT_test1/build/HBM_banks2/temp_dir/link/vivado/vpl/prj/prj.runs/bd_85ad_interconnect1_0_0_synth_1/dont_touch.xdc]
INFO: [Project 1-236] Implementation specific constraints were found while reading constraint file [/proj/xbuilds/SWIP/2020.2_1118_1232/installs/lin64/Vivado/2020.2/data/ip/xpm/xpm_cdc/tcl/xpm_cdc_gray.tcl]. These constraints will be ignored for synthesis but will be used in implementation. Impacted constraints are listed in the file [.Xil/bd_85ad_interconnect1_0_0_propImpl.xdc].
Resolution: To avoid this warning, move constraints listed in [.Xil/bd_85ad_interconnect1_0_0_propImpl.xdc] to another XDC file and exclude this new file from synthesis with the used_in_synthesis property (File Properties dialog in GUI) and re-run elaboration/synthesis.
WARNING: [Vivado 12-180] No cells matched 'get_cells -hier -filter {PRIMITIVE_SUBGROUP==LUTRAM || PRIMITIVE_SUBGROUP==dram || PRIMITIVE_SUBGROUP==uram || PRIMITIVE_SUBGROUP==BRAM}'. [/proj/xbuilds/SWIP/2020.2_1118_1232/installs/lin64/Vivado/2020.2/data/ip/xpm/xpm_memory/tcl/xpm_memory_xdc.tcl:3]
WARNING: [Vivado 12-180] No cells matched 'get_cells -hier -filter {PRIMITIVE_SUBGROUP==LUTRAM || PRIMITIVE_SUBGROUP==dram || PRIMITIVE_SUBGROUP==uram || PRIMITIVE_SUBGROUP==BRAM}'. [/proj/xbuilds/SWIP/2020.2_1118_1232/installs/lin64/Vivado/2020.2/data/ip/xpm/xpm_memory/tcl/xpm_memory_xdc.tcl:3]
WARNING: [Vivado 12-180] No cells matched 'get_cells -hier -filter {PRIMITIVE_SUBGROUP==LUTRAM || PRIMITIVE_SUBGROUP==dram || PRIMITIVE_SUBGROUP==uram || PRIMITIVE_SUBGROUP==BRAM}'. [/proj/xbuilds/SWIP/2020.2_1118_1232/installs/lin64/Vivado/2020.2/data/ip/xpm/xpm_memory/tcl/xpm_memory_xdc.tcl:3]
WARNING: [Vivado 12-180] No cells matched 'get_cells -hier -filter {PRIMITIVE_SUBGROUP==LUTRAM || PRIMITIVE_SUBGROUP==dram || PRIMITIVE_SUBGROUP==uram || PRIMITIVE_SUBGROUP==BRAM}'. [/proj/xbuilds/SWIP/2020.2_1118_1232/installs/lin64/Vivado/2020.2/data/ip/xpm/xpm_memory/tcl/xpm_memory_xdc.tcl:3]
WARNING: [Vivado 12-180] No cells matched 'get_cells -hier -filter {PRIMITIVE_SUBGROUP==LUTRAM || PRIMITIVE_SUBGROUP==dram || PRIMITIVE_SUBGROUP==uram || PRIMITIVE_SUBGROUP==BRAM}'. [/proj/xbuilds/SWIP/2020.2_1118_1232/installs/lin64/Vivado/2020.2/data/ip/xpm/xpm_memory/tcl/xpm_memory_xdc.tcl:3]
WARNING: [Vivado 12-180] No cells matched 'get_cells -hier -filter {PRIMITIVE_SUBGROUP==LUTRAM || PRIMITIVE_SUBGROUP==dram || PRIMITIVE_SUBGROUP==uram || PRIMITIVE_SUBGROUP==BRAM}'. [/proj/xbuilds/SWIP/2020.2_1118_1232/installs/lin64/Vivado/2020.2/data/ip/xpm/xpm_memory/tcl/xpm_memory_xdc.tcl:3]
WARNING: [Vivado 12-180] No cells matched 'get_cells -hier -filter {PRIMITIVE_SUBGROUP==LUTRAM || PRIMITIVE_SUBGROUP==dram || PRIMITIVE_SUBGROUP==uram || PRIMITIVE_SUBGROUP==BRAM}'. [/proj/xbuilds/SWIP/2020.2_1118_1232/installs/lin64/Vivado/2020.2/data/ip/xpm/xpm_memory/tcl/xpm_memory_xdc.tcl:3]
INFO: [Project 1-236] Implementation specific constraints were found while reading constraint file [/proj/xbuilds/SWIP/2020.2_1118_1232/installs/lin64/Vivado/2020.2/data/ip/xpm/xpm_memory/tcl/xpm_memory_xdc.tcl]. These constraints will be ignored for synthesis but will be used in implementation. Impacted constraints are listed in the file [.Xil/bd_85ad_interconnect1_0_0_propImpl.xdc].
Resolution: To avoid this warning, move constraints listed in [.Xil/bd_85ad_interconnect1_0_0_propImpl.xdc] to another XDC file and exclude this new file from synthesis with the used_in_synthesis property (File Properties dialog in GUI) and re-run elaboration/synthesis.
INFO: [Project 1-1715] 3 XPM XDC files have been applied to the design.
Completed Processing XDC Constraints

Netlist sorting complete. Time (s): cpu = 00:00:00 ; elapsed = 00:00:00 . Memory (MB): peak = 3965.656 ; gain = 0.000 ; free physical = 12159 ; free virtual = 158825
INFO: [Project 1-111] Unisim Transformation Summary:
  A total of 39 instances were transformed.
  FDR => FDRE: 36 instances
  SRL16 => SRL16E: 3 instances

Constraint Validation Runtime : Time (s): cpu = 00:00:00.26 ; elapsed = 00:00:00.27 . Memory (MB): peak = 3968.625 ; gain = 2.969 ; free physical = 12141 ; free virtual = 158807
---------------------------------------------------------------------------------
Finished Constraint Validation : Time (s): cpu = 00:00:28 ; elapsed = 00:00:34 . Memory (MB): peak = 3968.629 ; gain = 646.281 ; free physical = 12670 ; free virtual = 159336
---------------------------------------------------------------------------------
---------------------------------------------------------------------------------
Start Loading Part and Timing Information
---------------------------------------------------------------------------------
Loading part: xcu50-fsvh2104-2-e
INFO: [Synth 8-6742] Reading net delay rules and data
---------------------------------------------------------------------------------
Finished Loading Part and Timing Information : Time (s): cpu = 00:00:28 ; elapsed = 00:00:34 . Memory (MB): peak = 3968.629 ; gain = 646.281 ; free physical = 12662 ; free virtual = 159328
---------------------------------------------------------------------------------
---------------------------------------------------------------------------------
Start Applying 'set_property' XDC Constraints
---------------------------------------------------------------------------------
Applied set_property KEEP_HIERARCHY = SOFT for inst. (constraint file  /wrk/xsjhdnobkup5/ravic/work/PORT_test1/build/HBM_banks2/temp_dir/link/vivado/vpl/prj/prj.runs/bd_85ad_interconnect1_0_0_synth_1/dont_touch.xdc, line 86).
Applied set_property KEEP_HIERARCHY = SOFT for inst/s00_nodes/s00_ar_node/inst/m_sc_xpm_cdc_async_rst_inst. (constraint file  auto generated constraint).
Applied set_property KEEP_HIERARCHY = SOFT for inst/s00_nodes/s00_aw_node/inst/m_sc_xpm_cdc_async_rst_inst. (constraint file  auto generated constraint).
Applied set_property KEEP_HIERARCHY = SOFT for inst/s00_nodes/s00_b_node/inst/m_sc_xpm_cdc_async_rst_inst. (constraint file  auto generated constraint).
Applied set_property KEEP_HIERARCHY = SOFT for inst/s00_nodes/s00_r_node/inst/m_sc_xpm_cdc_async_rst_inst. (constraint file  auto generated constraint).
Applied set_property KEEP_HIERARCHY = SOFT for inst/s00_nodes/s00_w_node/inst/m_sc_xpm_cdc_async_rst_inst. (constraint file  auto generated constraint).
Applied set_property KEEP_HIERARCHY = SOFT for inst/s00_nodes/s00_ar_node/inst/s_sc_xpm_cdc_async_rst_inst. (constraint file  auto generated constraint).
Applied set_property KEEP_HIERARCHY = SOFT for inst/s00_nodes/s00_aw_node/inst/s_sc_xpm_cdc_async_rst_inst. (constraint file  auto generated constraint).
Applied set_property KEEP_HIERARCHY = SOFT for inst/s00_nodes/s00_b_node/inst/s_sc_xpm_cdc_async_rst_inst. (constraint file  auto generated constraint).
Applied set_property KEEP_HIERARCHY = SOFT for inst/s00_nodes/s00_r_node/inst/s_sc_xpm_cdc_async_rst_inst. (constraint file  auto generated constraint).
Applied set_property KEEP_HIERARCHY = SOFT for inst/s00_nodes/s00_w_node/inst/s_sc_xpm_cdc_async_rst_inst. (constraint file  auto generated constraint).
Applied set_property KEEP_HIERARCHY = SOFT for inst/m00_exit_pipeline/m00_exit/inst/xpm_cdc_async_rst_inst. (constraint file  auto generated constraint).
Applied set_property KEEP_HIERARCHY = SOFT for inst/s00_entry_pipeline/s00_mmu/inst/xpm_cdc_async_rst_inst. (constraint file  auto generated constraint).
Applied set_property KEEP_HIERARCHY = SOFT for inst/s00_entry_pipeline/s00_si_converter/inst/xpm_cdc_async_rst_inst. (constraint file  auto generated constraint).
Applied set_property KEEP_HIERARCHY = SOFT for inst/s00_entry_pipeline/s00_transaction_regulator/inst/xpm_cdc_async_rst_inst. (constraint file  auto generated constraint).
Applied set_property KEEP_HIERARCHY = SOFT for inst/s00_nodes/s00_ar_node/inst/inst_mi_handler/\gen_normal_area.inst_fifo_node_payld /\gen_xpm_memory_fifo.inst_fifo /\gen_async_clocks.inst_cdc_addra_to_rd_clk . (constraint file  auto generated constraint).
Applied set_property KEEP_HIERARCHY = SOFT for inst/s00_nodes/s00_aw_node/inst/inst_mi_handler/\gen_normal_area.inst_fifo_node_payld /\gen_xpm_memory_fifo.inst_fifo /\gen_async_clocks.inst_cdc_addra_to_rd_clk . (constraint file  auto generated constraint).
Applied set_property KEEP_HIERARCHY = SOFT for inst/s00_nodes/s00_b_node/inst/inst_mi_handler/\gen_normal_area.inst_fifo_node_payld /\gen_xpm_memory_fifo.inst_fifo /\gen_async_clocks.inst_cdc_addra_to_rd_clk . (constraint file  auto generated constraint).
Applied set_property KEEP_HIERARCHY = SOFT for inst/s00_nodes/s00_r_node/inst/inst_mi_handler/\gen_normal_area.inst_fifo_node_payld /\gen_xpm_memory_fifo.inst_fifo /\gen_async_clocks.inst_cdc_addra_to_rd_clk . (constraint file  auto generated constraint).
Applied set_property KEEP_HIERARCHY = SOFT for inst/s00_nodes/s00_w_node/inst/inst_mi_handler/\gen_normal_area.inst_fifo_node_payld /\gen_xpm_memory_fifo.inst_fifo /\gen_async_clocks.inst_cdc_addra_to_rd_clk . (constraint file  auto generated constraint).
Applied set_property KEEP_HIERARCHY = SOFT for inst/s00_nodes/s00_ar_node/inst/inst_mi_handler/\gen_normal_area.inst_fifo_node_payld /\gen_xpm_memory_fifo.inst_fifo /\gen_async_clocks.inst_cdc_addrb_to_wr_clk . (constraint file  auto generated constraint).
Applied set_property KEEP_HIERARCHY = SOFT for inst/s00_nodes/s00_aw_node/inst/inst_mi_handler/\gen_normal_area.inst_fifo_node_payld /\gen_xpm_memory_fifo.inst_fifo /\gen_async_clocks.inst_cdc_addrb_to_wr_clk . (constraint file  auto generated constraint).
Applied set_property KEEP_HIERARCHY = SOFT for inst/s00_nodes/s00_b_node/inst/inst_mi_handler/\gen_normal_area.inst_fifo_node_payld /\gen_xpm_memory_fifo.inst_fifo /\gen_async_clocks.inst_cdc_addrb_to_wr_clk . (constraint file  auto generated constraint).
Applied set_property KEEP_HIERARCHY = SOFT for inst/s00_nodes/s00_r_node/inst/inst_mi_handler/\gen_normal_area.inst_fifo_node_payld /\gen_xpm_memory_fifo.inst_fifo /\gen_async_clocks.inst_cdc_addrb_to_wr_clk . (constraint file  auto generated constraint).
Applied set_property KEEP_HIERARCHY = SOFT for inst/s00_nodes/s00_w_node/inst/inst_mi_handler/\gen_normal_area.inst_fifo_node_payld /\gen_xpm_memory_fifo.inst_fifo /\gen_async_clocks.inst_cdc_addrb_to_wr_clk . (constraint file  auto generated constraint).
Applied set_property KEEP_HIERARCHY = SOFT for inst/s00_nodes/s00_ar_node/inst/inst_mi_handler/\gen_normal_area.inst_fifo_node_payld /\gen_xpm_memory_fifo.inst_fifo /\gen_mem_rep[0].inst_xpm_memory . (constraint file  auto generated constraint).
Applied set_property KEEP_HIERARCHY = SOFT for inst/s00_nodes/s00_aw_node/inst/inst_mi_handler/\gen_normal_area.inst_fifo_node_payld /\gen_xpm_memory_fifo.inst_fifo /\gen_mem_rep[0].inst_xpm_memory . (constraint file  auto generated constraint).
Applied set_property KEEP_HIERARCHY = SOFT for inst/s00_nodes/s00_b_node/inst/inst_mi_handler/\gen_normal_area.inst_fifo_node_payld /\gen_xpm_memory_fifo.inst_fifo /\gen_mem_rep[0].inst_xpm_memory . (constraint file  auto generated constraint).
Applied set_property KEEP_HIERARCHY = SOFT for inst/s00_nodes/s00_r_node/inst/inst_mi_handler/\gen_normal_area.inst_fifo_node_payld /\gen_xpm_memory_fifo.inst_fifo /\gen_mem_rep[0].inst_xpm_memory . (constraint file  auto generated constraint).
Applied set_property KEEP_HIERARCHY = SOFT for inst/s00_nodes/s00_r_node/inst/inst_mi_handler/\gen_normal_area.inst_fifo_node_payld /\gen_xpm_memory_fifo.inst_fifo /\gen_mem_rep[1].inst_xpm_memory . (constraint file  auto generated constraint).
Applied set_property KEEP_HIERARCHY = SOFT for inst/s00_nodes/s00_w_node/inst/inst_mi_handler/\gen_normal_area.inst_fifo_node_payld /\gen_xpm_memory_fifo.inst_fifo /\gen_mem_rep[0].inst_xpm_memory . (constraint file  auto generated constraint).
Applied set_property KEEP_HIERARCHY = SOFT for inst/s00_nodes/s00_w_node/inst/inst_mi_handler/\gen_normal_area.inst_fifo_node_payld /\gen_xpm_memory_fifo.inst_fifo /\gen_mem_rep[1].inst_xpm_memory . (constraint file  auto generated constraint).
---------------------------------------------------------------------------------
Finished applying 'set_property' XDC Constraints : Time (s): cpu = 00:00:29 ; elapsed = 00:00:34 . Memory (MB): peak = 3968.629 ; gain = 646.281 ; free physical = 12661 ; free virtual = 159327
---------------------------------------------------------------------------------
INFO: [Synth 8-4490] FSM extraction disabled for register 'gen_pipelined.state_reg' through user attribute
INFO: [Synth 8-4490] FSM extraction disabled for register 'gen_pipelined.state_reg' through user attribute
INFO: [Synth 8-4490] FSM extraction disabled for register 'gen_pipelined.state_reg' through user attribute
INFO: [Synth 8-4490] FSM extraction disabled for register 'gen_pipelined.state_reg' through user attribute
INFO: [Synth 8-4490] FSM extraction disabled for register 'gen_pipelined.state_reg' through user attribute
INFO: [Synth 8-4490] FSM extraction disabled for register 'gen_pipelined.state_reg' through user attribute
---------------------------------------------------------------------------------
Finished RTL Optimization Phase 2 : Time (s): cpu = 00:00:32 ; elapsed = 00:00:38 . Memory (MB): peak = 3968.637 ; gain = 646.289 ; free physical = 12516 ; free virtual = 159182
---------------------------------------------------------------------------------
---------------------------------------------------------------------------------
Start RTL Component Statistics 
---------------------------------------------------------------------------------
Detailed RTL Component Info : 
+---Adders : 
	   2 Input   33 Bit       Adders := 2     
	   2 Input    8 Bit       Adders := 3     
	   3 Input    8 Bit       Adders := 2     
	   2 Input    7 Bit       Adders := 2     
	   2 Input    6 Bit       Adders := 41    
	   2 Input    5 Bit       Adders := 5     
	   2 Input    4 Bit       Adders := 13    
	   2 Input    3 Bit       Adders := 3     
	   3 Input    3 Bit       Adders := 1     
	   3 Input    1 Bit       Adders := 1     
+---XORs : 
	   2 Input      6 Bit         XORs := 10    
	   2 Input      1 Bit         XORs := 103   
+---Registers : 
	             2178 Bit    Registers := 6     
	              512 Bit    Registers := 2     
	              190 Bit    Registers := 2     
	              161 Bit    Registers := 2     
	              148 Bit    Registers := 2     
	               64 Bit    Registers := 4     
	               47 Bit    Registers := 1     
	               33 Bit    Registers := 1     
	               32 Bit    Registers := 1     
	               24 Bit    Registers := 1     
	               18 Bit    Registers := 1     
	               16 Bit    Registers := 2     
	               14 Bit    Registers := 1     
	                9 Bit    Registers := 1     
	                8 Bit    Registers := 41    
	                7 Bit    Registers := 6     
	                6 Bit    Registers := 64    
	                5 Bit    Registers := 5     
	                4 Bit    Registers := 18    
	                3 Bit    Registers := 37    
	                2 Bit    Registers := 4     
	                1 Bit    Registers := 217   
+---Muxes : 
	   2 Input 2178 Bit        Muxes := 4     
	   2 Input  512 Bit        Muxes := 2     
	   2 Input   64 Bit        Muxes := 4     
	   2 Input   47 Bit        Muxes := 1     
	   2 Input   33 Bit        Muxes := 3     
	   2 Input   32 Bit        Muxes := 5     
	   2 Input   14 Bit        Muxes := 1     
	   2 Input    9 Bit        Muxes := 1     
	   2 Input    8 Bit        Muxes := 11    
	   2 Input    7 Bit        Muxes := 24    
	   2 Input    6 Bit        Muxes := 9     
	   2 Input    4 Bit        Muxes := 4     
	   4 Input    3 Bit        Muxes := 8     
	  11 Input    3 Bit        Muxes := 8     
	   2 Input    3 Bit        Muxes := 12    
	   2 Input    2 Bit        Muxes := 41    
	   3 Input    2 Bit        Muxes := 1     
	   2 Input    1 Bit        Muxes := 108   
	   6 Input    1 Bit        Muxes := 48    
	  12 Input    1 Bit        Muxes := 8     
	   5 Input    1 Bit        Muxes := 10    
	   3 Input    1 Bit        Muxes := 2     
	   4 Input    1 Bit        Muxes := 4     
	  10 Input    1 Bit        Muxes := 6     
	   7 Input    1 Bit        Muxes := 4     
---------------------------------------------------------------------------------
Finished RTL Component Statistics 
---------------------------------------------------------------------------------
---------------------------------------------------------------------------------
Start Part Resource Summary
---------------------------------------------------------------------------------
Part Resources:
DSPs: 5952 (col length:93)
BRAMs: 2688 (col length: RAMB18 192 RAMB36 96)
---------------------------------------------------------------------------------
Finished Part Resource Summary
---------------------------------------------------------------------------------
---------------------------------------------------------------------------------
Start Cross Boundary and Area Optimization
---------------------------------------------------------------------------------
---------------------------------------------------------------------------------
Finished Cross Boundary and Area Optimization : Time (s): cpu = 00:00:45 ; elapsed = 00:00:52 . Memory (MB): peak = 3968.637 ; gain = 646.289 ; free physical = 12026 ; free virtual = 158755
---------------------------------------------------------------------------------
---------------------------------------------------------------------------------
Start ROM, RAM, DSP, Shift Register and Retiming Reporting
---------------------------------------------------------------------------------

Distributed RAM: Preliminary Mapping	Report (see note below)
+--------------------------------------------------------------------------------------------------------------------------------------------------------------------------+----------------------------------+----------------+----------------------+----------------+
|Module Name                                                                                                                                                               | RTL Object                       | Inference      | Size (Depth x Width) | Primitives     | 
+--------------------------------------------------------------------------------------------------------------------------------------------------------------------------+----------------------------------+----------------+----------------------+----------------+
|xpm_memory_sdpram:/xpm_memory_base_inst                                                                                                                                   | gen_wr_a.gen_word_narrow.mem_reg | User Attribute | 32 x 190             | RAM32M16 x 14	 | 
|xpm_memory_sdpram:/xpm_memory_base_inst                                                                                                                                   | gen_wr_a.gen_word_narrow.mem_reg | User Attribute | 32 x 190             | RAM32M16 x 14	 | 
|inst/\s00_nodes/s00_b_node/inst /\inst_mi_handler/gen_normal_area.inst_fifo_node_payld/gen_xpm_memory_fifo.inst_fifo/gen_mem_rep[0].inst_xpm_memory /xpm_memory_base_inst | gen_wr_a.gen_word_narrow.mem_reg | User Attribute | 32 x 24              | RAM32M16 x 2	  | 
|xpm_memory_sdpram__parameterized1:/xpm_memory_base_inst                                                                                                                   | gen_wr_a.gen_word_narrow.mem_reg | User Attribute | 32 x 148             | RAM32M16 x 11	 | 
|xpm_memory_sdpram__parameterized1:/xpm_memory_base_inst                                                                                                                   | gen_wr_a.gen_word_narrow.mem_reg | User Attribute | 32 x 148             | RAM32M16 x 11	 | 
|xpm_memory_sdpram__parameterized2:/xpm_memory_base_inst                                                                                                                   | gen_wr_a.gen_word_narrow.mem_reg | User Attribute | 32 x 161             | RAM32M16 x 12	 | 
|xpm_memory_sdpram__parameterized2:/xpm_memory_base_inst                                                                                                                   | gen_wr_a.gen_word_narrow.mem_reg | User Attribute | 32 x 161             | RAM32M16 x 12	 | 
+--------------------------------------------------------------------------------------------------------------------------------------------------------------------------+----------------------------------+----------------+----------------------+----------------+

Note: The table above is a preliminary report that shows the Distributed RAMs at the current stage of the synthesis flow. Some Distributed RAMs may be reimplemented as non Distributed RAM primitives later in the synthesis flow. Multiple instantiated RAMs are reported only once.
---------------------------------------------------------------------------------
Finished ROM, RAM, DSP, Shift Register and Retiming Reporting
---------------------------------------------------------------------------------
---------------------------------------------------------------------------------
Start Applying XDC Timing Constraints
---------------------------------------------------------------------------------
---------------------------------------------------------------------------------
Finished Applying XDC Timing Constraints : Time (s): cpu = 00:01:00 ; elapsed = 00:01:27 . Memory (MB): peak = 4015.504 ; gain = 693.156 ; free physical = 13283 ; free virtual = 160013
---------------------------------------------------------------------------------
---------------------------------------------------------------------------------
Start Timing Optimization
---------------------------------------------------------------------------------
---------------------------------------------------------------------------------
Finished Timing Optimization : Time (s): cpu = 00:01:02 ; elapsed = 00:01:29 . Memory (MB): peak = 4054.527 ; gain = 732.180 ; free physical = 13467 ; free virtual = 160203
---------------------------------------------------------------------------------
---------------------------------------------------------------------------------
Start ROM, RAM, DSP, Shift Register and Retiming Reporting
---------------------------------------------------------------------------------

Distributed RAM: Final Mapping	Report
+--------------------------------------------------------------------------------------------------------------------------------------------------------------------------+----------------------------------+----------------+----------------------+----------------+
|Module Name                                                                                                                                                               | RTL Object                       | Inference      | Size (Depth x Width) | Primitives     | 
+--------------------------------------------------------------------------------------------------------------------------------------------------------------------------+----------------------------------+----------------+----------------------+----------------+
|xpm_memory_sdpram:/xpm_memory_base_inst                                                                                                                                   | gen_wr_a.gen_word_narrow.mem_reg | User Attribute | 32 x 190             | RAM32M16 x 14	 | 
|xpm_memory_sdpram:/xpm_memory_base_inst                                                                                                                                   | gen_wr_a.gen_word_narrow.mem_reg | User Attribute | 32 x 190             | RAM32M16 x 14	 | 
|inst/\s00_nodes/s00_b_node/inst /\inst_mi_handler/gen_normal_area.inst_fifo_node_payld/gen_xpm_memory_fifo.inst_fifo/gen_mem_rep[0].inst_xpm_memory /xpm_memory_base_inst | gen_wr_a.gen_word_narrow.mem_reg | User Attribute | 32 x 24              | RAM32M16 x 2	  | 
|xpm_memory_sdpram__parameterized1:/xpm_memory_base_inst                                                                                                                   | gen_wr_a.gen_word_narrow.mem_reg | User Attribute | 32 x 148             | RAM32M16 x 11	 | 
|xpm_memory_sdpram__parameterized1:/xpm_memory_base_inst                                                                                                                   | gen_wr_a.gen_word_narrow.mem_reg | User Attribute | 32 x 148             | RAM32M16 x 11	 | 
|xpm_memory_sdpram__parameterized2:/xpm_memory_base_inst                                                                                                                   | gen_wr_a.gen_word_narrow.mem_reg | User Attribute | 32 x 161             | RAM32M16 x 12	 | 
|xpm_memory_sdpram__parameterized2:/xpm_memory_base_inst                                                                                                                   | gen_wr_a.gen_word_narrow.mem_reg | User Attribute | 32 x 161             | RAM32M16 x 12	 | 
+--------------------------------------------------------------------------------------------------------------------------------------------------------------------------+----------------------------------+----------------+----------------------+----------------+

---------------------------------------------------------------------------------
Finished ROM, RAM, DSP, Shift Register and Retiming Reporting
---------------------------------------------------------------------------------
---------------------------------------------------------------------------------
Start Technology Mapping
---------------------------------------------------------------------------------
---------------------------------------------------------------------------------
Finished Technology Mapping : Time (s): cpu = 00:01:05 ; elapsed = 00:01:32 . Memory (MB): peak = 4070.543 ; gain = 748.195 ; free physical = 13486 ; free virtual = 160240
---------------------------------------------------------------------------------
---------------------------------------------------------------------------------
Start IO Insertion
---------------------------------------------------------------------------------
---------------------------------------------------------------------------------
Start Flattening Before IO Insertion
---------------------------------------------------------------------------------
---------------------------------------------------------------------------------
Finished Flattening Before IO Insertion
---------------------------------------------------------------------------------
---------------------------------------------------------------------------------
Start Final Netlist Cleanup
---------------------------------------------------------------------------------
---------------------------------------------------------------------------------
Finished Final Netlist Cleanup
---------------------------------------------------------------------------------
---------------------------------------------------------------------------------
Finished IO Insertion : Time (s): cpu = 00:01:07 ; elapsed = 00:01:35 . Memory (MB): peak = 4070.547 ; gain = 748.199 ; free physical = 13500 ; free virtual = 160237
---------------------------------------------------------------------------------
---------------------------------------------------------------------------------
Start Renaming Generated Instances
---------------------------------------------------------------------------------
---------------------------------------------------------------------------------
Finished Renaming Generated Instances : Time (s): cpu = 00:01:07 ; elapsed = 00:01:35 . Memory (MB): peak = 4070.547 ; gain = 748.199 ; free physical = 13510 ; free virtual = 160247
---------------------------------------------------------------------------------
---------------------------------------------------------------------------------
Start Rebuilding User Hierarchy
---------------------------------------------------------------------------------
---------------------------------------------------------------------------------
Finished Rebuilding User Hierarchy : Time (s): cpu = 00:01:08 ; elapsed = 00:01:35 . Memory (MB): peak = 4070.547 ; gain = 748.199 ; free physical = 13635 ; free virtual = 160384
---------------------------------------------------------------------------------
---------------------------------------------------------------------------------
Start Renaming Generated Ports
---------------------------------------------------------------------------------
---------------------------------------------------------------------------------
Finished Renaming Generated Ports : Time (s): cpu = 00:01:08 ; elapsed = 00:01:35 . Memory (MB): peak = 4070.547 ; gain = 748.199 ; free physical = 13646 ; free virtual = 160395
---------------------------------------------------------------------------------
---------------------------------------------------------------------------------
Start Handling Custom Attributes
---------------------------------------------------------------------------------
---------------------------------------------------------------------------------
Finished Handling Custom Attributes : Time (s): cpu = 00:01:08 ; elapsed = 00:01:36 . Memory (MB): peak = 4070.547 ; gain = 748.199 ; free physical = 13833 ; free virtual = 160582
---------------------------------------------------------------------------------
---------------------------------------------------------------------------------
Start Renaming Generated Nets
---------------------------------------------------------------------------------
---------------------------------------------------------------------------------
Finished Renaming Generated Nets : Time (s): cpu = 00:01:08 ; elapsed = 00:01:36 . Memory (MB): peak = 4070.547 ; gain = 748.199 ; free physical = 13865 ; free virtual = 160614
---------------------------------------------------------------------------------
---------------------------------------------------------------------------------
Start ROM, RAM, DSP, Shift Register and Retiming Reporting
---------------------------------------------------------------------------------

Dynamic Shift Register Report:
+------------+---------------+--------+------------+--------+---------+--------+--------+--------+
|Module Name | RTL Name      | Length | Data Width | SRL16E | SRLC32E | Mux F7 | Mux F8 | Mux F9 | 
+------------+---------------+--------+------------+--------+---------+--------+--------+--------+
|dsrl        | shift_reg_reg | 16     | 1          | 1      | 0       | 0      | 0      | 0      | 
|dsrl__119   | shift_reg_reg | 16     | 1          | 1      | 0       | 0      | 0      | 0      | 
+------------+---------------+--------+------------+--------+---------+--------+--------+--------+

---------------------------------------------------------------------------------
Finished ROM, RAM, DSP, Shift Register and Retiming Reporting
---------------------------------------------------------------------------------
---------------------------------------------------------------------------------
Start Writing Synthesis Report
---------------------------------------------------------------------------------

Report BlackBoxes: 
+-+--------------+----------+
| |BlackBox name |Instances |
+-+--------------+----------+
+-+--------------+----------+

Report Cell Usage: 
+------+---------+------+
|      |Cell     |Count |
+------+---------+------+
|1     |CARRY8   |    14|
|2     |LUT1     |    90|
|3     |LUT2     |   172|
|4     |LUT3     |   410|
|5     |LUT4     |   169|
|6     |LUT5     |   193|
|7     |LUT6     |   438|
|8     |MUXF7    |    32|
|9     |RAM32M16 |    59|
|10    |SRL16    |     3|
|11    |SRL16E   |    27|
|12    |FDCE     |    42|
|13    |FDR      |    20|
|14    |FDRE     |  2091|
|15    |FDSE     |    80|
+------+---------+------+
---------------------------------------------------------------------------------
Finished Writing Synthesis Report : Time (s): cpu = 00:01:08 ; elapsed = 00:01:36 . Memory (MB): peak = 4070.547 ; gain = 748.199 ; free physical = 13875 ; free virtual = 160625
---------------------------------------------------------------------------------
Synthesis finished with 0 errors, 0 critical warnings and 0 warnings.
Synthesis Optimization Runtime : Time (s): cpu = 00:00:53 ; elapsed = 00:01:19 . Memory (MB): peak = 4070.547 ; gain = 426.293 ; free physical = 13984 ; free virtual = 160733
Synthesis Optimization Complete : Time (s): cpu = 00:01:08 ; elapsed = 00:01:36 . Memory (MB): peak = 4070.551 ; gain = 748.199 ; free physical = 13993 ; free virtual = 160742
INFO: [Project 1-571] Translating synthesized netlist
Netlist sorting complete. Time (s): cpu = 00:00:00.16 ; elapsed = 00:00:00.16 . Memory (MB): peak = 4070.551 ; gain = 0.000 ; free physical = 16021 ; free virtual = 162771
INFO: [Netlist 29-17] Analyzing 128 Unisim elements for replacement
INFO: [Netlist 29-28] Unisim Transformation completed in 0 CPU seconds
INFO: [Project 1-570] Preparing netlist for logic optimization
INFO: [Opt 31-138] Pushed 0 inverter(s) to 0 load pin(s).
Netlist sorting complete. Time (s): cpu = 00:00:00 ; elapsed = 00:00:00 . Memory (MB): peak = 4134.773 ; gain = 0.000 ; free physical = 15877 ; free virtual = 162618
INFO: [Project 1-111] Unisim Transformation Summary:
  A total of 82 instances were transformed.
  FDR => FDRE: 20 instances
  RAM32M16 => RAM32M16 (RAMD32(x14), RAMS32(x2)): 59 instances
  SRL16 => SRL16E: 3 instances

INFO: [Common 17-83] Releasing license: Synthesis
124 Infos, 29 Warnings, 0 Critical Warnings and 0 Errors encountered.
synth_design completed successfully
synth_design: Time (s): cpu = 00:01:25 ; elapsed = 00:01:56 . Memory (MB): peak = 4134.773 ; gain = 1576.785 ; free physical = 16047 ; free virtual = 162790
INFO: [Common 17-600] The following parameters have non-default value.
general.maxThreads
INFO: [Common 17-1381] The checkpoint '/wrk/xsjhdnobkup5/ravic/work/PORT_test1/build/HBM_banks2/temp_dir/link/vivado/vpl/prj/prj.runs/bd_85ad_interconnect1_0_0_synth_1/bd_85ad_interconnect1_0_0.dcp' has been generated.
WARNING: [Common 17-576] 'use_project_ipc' is deprecated. This option is deprecated and no longer used.
INFO: [Coretcl 2-1648] Added synthesis output to IP cache for IP bd_85ad_interconnect1_0_0, cache-ID = 2ecbe08811100ae9
INFO: [Coretcl 2-1174] Renamed 172 cell refs.
INFO: [Common 17-1381] The checkpoint '/wrk/xsjhdnobkup5/ravic/work/PORT_test1/build/HBM_banks2/temp_dir/link/vivado/vpl/prj/prj.runs/bd_85ad_interconnect1_0_0_synth_1/bd_85ad_interconnect1_0_0.dcp' has been generated.
INFO: [runtcl-4] Executing : report_utilization -file bd_85ad_interconnect1_0_0_utilization_synth.rpt -pb bd_85ad_interconnect1_0_0_utilization_synth.pb
INFO: [Common 17-206] Exiting Vivado at Sun Dec  6 17:47:39 2020...
