
*** Running vivado
    with args -log ulp_dpa_mon0_0.vds -m64 -product Vivado -mode batch -messageDb vivado.pb -notrace -source ulp_dpa_mon0_0.tcl


****** Vivado v2020.2 (64-bit)
  **** SW Build 3064766 on Wed Nov 18 09:12:47 MST 2020
  **** IP Build 3064653 on Wed Nov 18 14:17:31 MST 2020
    ** Copyright 1986-2020 Xilinx, Inc. All Rights Reserved.

Sourcing tcl script '/home/ravic/.Xilinx/Vivado/Vivado_init.tcl'
54 Beta devices matching pattern found, 54 enabled.
0 Beta devices matching pattern found, 0 enabled.
0 Beta devices matching pattern found, 0 enabled.
0 Beta devices matching pattern found, 0 enabled.
0 Beta devices matching pattern found, 0 enabled.
0 Beta devices matching pattern found, 0 enabled.
source ulp_dpa_mon0_0.tcl -notrace
INFO: Dispatch client connection id - 45141
INFO: [IP_Flow 19-234] Refreshing IP repositories
INFO: [IP_Flow 19-1700] Loaded user IP repository '/wrk/xsjhdnobkup5/ravic/work/PORT_test1/build/HBM_banks2/temp_dir/link/int/xo/ip_repo/xilinx_com_hls_vadd_1_0'.
INFO: [IP_Flow 19-1700] Loaded user IP repository '/proj/xbuilds/2020.2_daily_latest/internal_platforms/xilinx_u50_gen3x16_xdma_201920_3/hw/xsa/iprepo'.
INFO: [IP_Flow 19-1700] Loaded user IP repository '/proj/xbuilds/SWIP/2020.2_1118_1232/installs/lin64/Vitis/2020.2/data/cache/xilinx'.
INFO: [IP_Flow 19-1700] Loaded user IP repository '/proj/xbuilds/2020.2_daily_latest/internal_platforms/xilinx_u50_gen3x16_xdma_201920_3/hw/xsa/ipcache'.
INFO: [IP_Flow 19-1700] Loaded user IP repository '/proj/xbuilds/SWIP/2020.2_1118_1232/installs/lin64/Vitis/2020.2/data/ip'.
INFO: [IP_Flow 19-2313] Loaded Vivado IP repository '/proj/xbuilds/SWIP/2020.2_1118_1232/installs/lin64/Vivado/2020.2/data/ip'.
WARNING: [IP_Flow 19-1663] Duplicate IP found for 'xilinx.com:ip:axi_clk_metadata_adapter:1.0'. The one found in IP location '/proj/xbuilds/2020.2_daily_latest/internal_platforms/xilinx_u50_gen3x16_xdma_201920_3/hw/xsa/iprepo/ipdefs/ii_infra_ipdefs/axi_clk_metadata_adapter_v1_0' will take precedence over the same IP in location /proj/xbuilds/2020.2_daily_latest/internal_platforms/xilinx_u50_gen3x16_xdma_201920_3/hw/xsa/iprepo/ipdefs/other_ipdefs/axi_clk_metadata_adapter_v1_0
WARNING: [IP_Flow 19-1663] Duplicate IP found for 'xilinx.com:ip:axis_clk_metadata_adapter:1.0'. The one found in IP location '/proj/xbuilds/2020.2_daily_latest/internal_platforms/xilinx_u50_gen3x16_xdma_201920_3/hw/xsa/iprepo/ipdefs/ii_infra_ipdefs/axis_clk_metadata_adapter_v1_0' will take precedence over the same IP in location /proj/xbuilds/2020.2_daily_latest/internal_platforms/xilinx_u50_gen3x16_xdma_201920_3/hw/xsa/iprepo/ipdefs/other_ipdefs/axis_clk_metadata_adapter_v1_0
WARNING: [IP_Flow 19-1663] Duplicate IP found for 'xilinx.com:ip:clk_metadata_adapter:1.0'. The one found in IP location '/proj/xbuilds/2020.2_daily_latest/internal_platforms/xilinx_u50_gen3x16_xdma_201920_3/hw/xsa/iprepo/ipdefs/ii_infra_ipdefs/clk_metadata_adapter_v1_0' will take precedence over the same IP in location /proj/xbuilds/2020.2_daily_latest/internal_platforms/xilinx_u50_gen3x16_xdma_201920_3/hw/xsa/iprepo/ipdefs/other_ipdefs/clk_metadata_adapter_v1_0
WARNING: [IP_Flow 19-1663] Duplicate IP found for 'xilinx.com:ip:shell_utils_build_info:1.0'. The one found in IP location '/proj/xbuilds/2020.2_daily_latest/internal_platforms/xilinx_u50_gen3x16_xdma_201920_3/hw/xsa/iprepo/ipdefs/other_ipdefs/shell_utils_build_info_v1_0' will take precedence over the same IP in the Xilinx installed IP.
Command: synth_design -top ulp_dpa_mon0_0 -part xcu50-fsvh2104-2-e -mode out_of_context
Starting synth_design
Attempting to get a license for feature 'Synthesis' and/or device 'xcu50'
INFO: [Common 17-349] Got license for feature 'Synthesis' and/or device 'xcu50'
INFO: [Device 21-403] Loading part xcu50-fsvh2104-2-e
INFO: [Synth 8-7079] Multithreading enabled for synth_design using a maximum of 1 processes.
INFO: [Synth 8-7078] Launching helper process for spawning children vivado processes
INFO: [Synth 8-7075] Helper process launched with PID 61984
WARNING: [Synth 8-2507] parameter declaration becomes local in min_max_ctr with formal parameter declaration list [/wrk/xsjhdnobkup5/ravic/work/PORT_test1/build/HBM_banks2/temp_dir/link/vivado/vpl/prj/prj.gen/my_rm/bd/bd/ipshared/deb4/hdl/accelerator_monitor_v1_1_vl_rfs.v:1887]
---------------------------------------------------------------------------------
Starting RTL Elaboration : Time (s): cpu = 00:00:03 ; elapsed = 00:00:04 . Memory (MB): peak = 3462.121 ; gain = 152.715 ; free physical = 11561 ; free virtual = 158195
---------------------------------------------------------------------------------
INFO: [Synth 8-6157] synthesizing module 'ulp_dpa_mon0_0' [/wrk/xsjhdnobkup5/ravic/work/PORT_test1/build/HBM_banks2/temp_dir/link/vivado/vpl/prj/prj.gen/my_rm/bd/bd/ip/ulp_dpa_mon0_0/synth/ulp_dpa_mon0_0.v:57]
INFO: [Synth 8-6157] synthesizing module 'accelerator_monitor' [/wrk/xsjhdnobkup5/ravic/work/PORT_test1/build/HBM_banks2/temp_dir/link/vivado/vpl/prj/prj.gen/my_rm/bd/bd/ipshared/deb4/hdl/accelerator_monitor_v1_1_vl_rfs.v:55]
	Parameter STALL_MON bound to: 1 - type: integer 
	Parameter TRACE_ID bound to: 64 - type: integer 
	Parameter MONITOR_MODE bound to: 1 - type: integer 
	Parameter ENABLE_TRACE bound to: 1 - type: integer 
	Parameter EN_AXI_LITE bound to: 1 - type: integer 
	Parameter COUNT_WIDTH bound to: 64 - type: integer 
	Parameter EXT_TRACE_RST bound to: 1 - type: integer 
	Parameter EXT_MON_RST bound to: 1 - type: integer 
INFO: [Synth 8-6157] synthesizing module 'monitor_axilite' [/wrk/xsjhdnobkup5/ravic/work/PORT_test1/build/HBM_banks2/temp_dir/link/vivado/vpl/prj/prj.gen/my_rm/bd/bd/ipshared/deb4/hdl/accelerator_monitor_v1_1_vl_rfs.v:1277]
INFO: [Synth 8-6155] done synthesizing module 'monitor_axilite' (1#1) [/wrk/xsjhdnobkup5/ravic/work/PORT_test1/build/HBM_banks2/temp_dir/link/vivado/vpl/prj/prj.gen/my_rm/bd/bd/ipshared/deb4/hdl/accelerator_monitor_v1_1_vl_rfs.v:1277]
INFO: [Synth 8-6157] synthesizing module 'accel_counters' [/wrk/xsjhdnobkup5/ravic/work/PORT_test1/build/HBM_banks2/temp_dir/link/vivado/vpl/prj/prj.gen/my_rm/bd/bd/ipshared/deb4/hdl/accelerator_monitor_v1_1_vl_rfs.v:775]
	Parameter STALL_MON bound to: 1 - type: integer 
	Parameter C_WIDTH bound to: 64 - type: integer 
	Parameter SAMPLE_WIDTH bound to: 32 - type: integer 
	Parameter NUM_EVENT_COUNTERS bound to: 3 - type: integer 
	Parameter EN_64 bound to: 1 - type: integer 
INFO: [Synth 8-6157] synthesizing module 'event_mon' [/wrk/xsjhdnobkup5/ravic/work/PORT_test1/build/HBM_banks2/temp_dir/link/vivado/vpl/prj/prj.gen/my_rm/bd/bd/ipshared/deb4/hdl/accelerator_monitor_v1_1_vl_rfs.v:1162]
	Parameter C_WIDTH bound to: 64 - type: integer 
INFO: [Synth 8-6155] done synthesizing module 'event_mon' (2#1) [/wrk/xsjhdnobkup5/ravic/work/PORT_test1/build/HBM_banks2/temp_dir/link/vivado/vpl/prj/prj.gen/my_rm/bd/bd/ipshared/deb4/hdl/accelerator_monitor_v1_1_vl_rfs.v:1162]
INFO: [Synth 8-6157] synthesizing module 'min_max_ctr' [/wrk/xsjhdnobkup5/ravic/work/PORT_test1/build/HBM_banks2/temp_dir/link/vivado/vpl/prj/prj.gen/my_rm/bd/bd/ipshared/deb4/hdl/accelerator_monitor_v1_1_vl_rfs.v:1874]
	Parameter C_WIDTH bound to: 64 - type: integer 
	Parameter MAX_CONCURRENT_TX bound to: 16 - type: integer 
INFO: [Synth 8-6157] synthesizing module 'trace_fifo_i' [/wrk/xsjhdnobkup5/ravic/work/PORT_test1/build/HBM_banks2/temp_dir/link/vivado/vpl/prj/prj.gen/my_rm/bd/bd/ipshared/deb4/hdl/accelerator_monitor_v1_1_vl_rfs.v:1752]
	Parameter DEPTH bound to: 16 - type: integer 
	Parameter WIDTH bound to: 64 - type: integer 
	Parameter ADDR_WIDTH bound to: 4 - type: integer 
	Parameter FIFO_TYPE bound to: distributed - type: string 
INFO: [Synth 8-6157] synthesizing module 'xpm_fifo_async' [/proj/xbuilds/SWIP/2020.2_1118_1232/installs/lin64/Vivado/2020.2/data/ip/xpm/xpm_fifo/hdl/xpm_fifo.sv:2142]
	Parameter FIFO_MEMORY_TYPE bound to: distributed - type: string 
	Parameter ECC_MODE bound to: no_ecc - type: string 
	Parameter RELATED_CLOCKS bound to: 0 - type: integer 
	Parameter SIM_ASSERT_CHK bound to: 0 - type: integer 
	Parameter CASCADE_HEIGHT bound to: 0 - type: integer 
	Parameter FIFO_WRITE_DEPTH bound to: 16 - type: integer 
	Parameter WRITE_DATA_WIDTH bound to: 64 - type: integer 
	Parameter WR_DATA_COUNT_WIDTH bound to: 4 - type: integer 
	Parameter PROG_FULL_THRESH bound to: 10 - type: integer 
	Parameter FULL_RESET_VALUE bound to: 0 - type: integer 
	Parameter USE_ADV_FEATURES bound to: 0707 - type: string 
	Parameter READ_MODE bound to: fwft - type: string 
	Parameter FIFO_READ_LATENCY bound to: 1 - type: integer 
	Parameter READ_DATA_WIDTH bound to: 64 - type: integer 
	Parameter RD_DATA_COUNT_WIDTH bound to: 4 - type: integer 
	Parameter PROG_EMPTY_THRESH bound to: 10 - type: integer 
	Parameter DOUT_RESET_VALUE bound to: 0 - type: string 
	Parameter CDC_SYNC_STAGES bound to: 3 - type: integer 
	Parameter WAKEUP_TIME bound to: 0 - type: integer 
	Parameter EN_ADV_FEATURE_ASYNC bound to: 16'b0000011100000111 
	Parameter P_FIFO_MEMORY_TYPE bound to: 1 - type: integer 
	Parameter P_COMMON_CLOCK bound to: 0 - type: integer 
	Parameter P_ECC_MODE bound to: 0 - type: integer 
	Parameter P_READ_MODE bound to: 1 - type: integer 
	Parameter P_WAKEUP_TIME bound to: 2 - type: integer 
INFO: [Synth 8-6157] synthesizing module 'xpm_fifo_base' [/proj/xbuilds/SWIP/2020.2_1118_1232/installs/lin64/Vivado/2020.2/data/ip/xpm/xpm_fifo/hdl/xpm_fifo.sv:56]
	Parameter COMMON_CLOCK bound to: 0 - type: integer 
	Parameter RELATED_CLOCKS bound to: 0 - type: integer 
	Parameter FIFO_MEMORY_TYPE bound to: 1 - type: integer 
	Parameter ECC_MODE bound to: 0 - type: integer 
	Parameter SIM_ASSERT_CHK bound to: 0 - type: integer 
	Parameter CASCADE_HEIGHT bound to: 0 - type: integer 
	Parameter FIFO_WRITE_DEPTH bound to: 16 - type: integer 
	Parameter WRITE_DATA_WIDTH bound to: 64 - type: integer 
	Parameter WR_DATA_COUNT_WIDTH bound to: 4 - type: integer 
	Parameter PROG_FULL_THRESH bound to: 10 - type: integer 
	Parameter USE_ADV_FEATURES bound to: 0707 - type: string 
	Parameter READ_MODE bound to: 1 - type: integer 
	Parameter FIFO_READ_LATENCY bound to: 1 - type: integer 
	Parameter READ_DATA_WIDTH bound to: 64 - type: integer 
	Parameter RD_DATA_COUNT_WIDTH bound to: 4 - type: integer 
	Parameter PROG_EMPTY_THRESH bound to: 10 - type: integer 
	Parameter DOUT_RESET_VALUE bound to: 0 - type: string 
	Parameter CDC_DEST_SYNC_FF bound to: 3 - type: integer 
	Parameter FULL_RESET_VALUE bound to: 0 - type: integer 
	Parameter REMOVE_WR_RD_PROT_LOGIC bound to: 0 - type: integer 
	Parameter WAKEUP_TIME bound to: 0 - type: integer 
	Parameter VERSION bound to: 0 - type: integer 
	Parameter invalid bound to: 0 - type: integer 
	Parameter stage1_valid bound to: 2 - type: integer 
	Parameter stage2_valid bound to: 1 - type: integer 
	Parameter both_stages_valid bound to: 3 - type: integer 
	Parameter FIFO_MEM_TYPE bound to: 1 - type: integer 
	Parameter RD_MODE bound to: 1 - type: integer 
	Parameter ENABLE_ECC bound to: 0 - type: integer 
	Parameter FIFO_READ_DEPTH bound to: 16 - type: integer 
	Parameter FIFO_SIZE bound to: 1024 - type: integer 
	Parameter WR_WIDTH_LOG bound to: 6 - type: integer 
	Parameter WR_DEPTH_LOG bound to: 4 - type: integer 
	Parameter WR_PNTR_WIDTH bound to: 4 - type: integer 
	Parameter RD_PNTR_WIDTH bound to: 4 - type: integer 
	Parameter FULL_RST_VAL bound to: 1'b0 
	Parameter WR_RD_RATIO bound to: 0 - type: integer 
	Parameter READ_MODE_LL bound to: 1 - type: integer 
	Parameter PF_THRESH_ADJ bound to: 8 - type: integer 
	Parameter PE_THRESH_ADJ bound to: 8 - type: integer 
	Parameter PF_THRESH_MIN bound to: 8 - type: integer 
	Parameter PF_THRESH_MAX bound to: 11 - type: integer 
	Parameter PE_THRESH_MIN bound to: 5 - type: integer 
	Parameter PE_THRESH_MAX bound to: 11 - type: integer 
	Parameter WR_DC_WIDTH_EXT bound to: 5 - type: integer 
	Parameter RD_DC_WIDTH_EXT bound to: 5 - type: integer 
	Parameter RD_LATENCY bound to: 2 - type: integer 
	Parameter WIDTH_RATIO bound to: 1 - type: integer 
	Parameter EN_ADV_FEATURE bound to: 16'b0000011100000111 
	Parameter EN_OF bound to: 1'b1 
	Parameter EN_PF bound to: 1'b1 
	Parameter EN_WDC bound to: 1'b1 
	Parameter EN_AF bound to: 1'b0 
	Parameter EN_WACK bound to: 1'b0 
	Parameter FG_EQ_ASYM_DOUT bound to: 1'b0 
	Parameter EN_UF bound to: 1'b1 
	Parameter EN_PE bound to: 1'b1 
	Parameter EN_RDC bound to: 1'b1 
	Parameter EN_AE bound to: 1'b0 
	Parameter EN_DVLD bound to: 1'b0 
INFO: [Synth 8-6157] synthesizing module 'xpm_memory_base' [/proj/xbuilds/SWIP/2020.2_1118_1232/installs/lin64/Vivado/2020.2/data/ip/xpm/xpm_memory/hdl/xpm_memory.sv:57]
	Parameter MEMORY_TYPE bound to: 1 - type: integer 
	Parameter MEMORY_SIZE bound to: 1024 - type: integer 
	Parameter MEMORY_PRIMITIVE bound to: 1 - type: integer 
	Parameter CLOCKING_MODE bound to: 1 - type: integer 
	Parameter ECC_MODE bound to: 0 - type: integer 
	Parameter MEMORY_INIT_FILE bound to: none - type: string 
	Parameter MEMORY_INIT_PARAM bound to: (null) - type: string 
	Parameter USE_MEM_INIT_MMI bound to: 0 - type: integer 
	Parameter USE_MEM_INIT bound to: 0 - type: integer 
	Parameter MEMORY_OPTIMIZATION bound to: true - type: string 
	Parameter WAKEUP_TIME bound to: 0 - type: integer 
	Parameter AUTO_SLEEP_TIME bound to: 0 - type: integer 
	Parameter MESSAGE_CONTROL bound to: 0 - type: integer 
	Parameter VERSION bound to: 0 - type: integer 
	Parameter USE_EMBEDDED_CONSTRAINT bound to: 1 - type: integer 
	Parameter CASCADE_HEIGHT bound to: 0 - type: integer 
	Parameter SIM_ASSERT_CHK bound to: 0 - type: integer 
	Parameter WRITE_PROTECT bound to: 1 - type: integer 
	Parameter WRITE_DATA_WIDTH_A bound to: 64 - type: integer 
	Parameter READ_DATA_WIDTH_A bound to: 64 - type: integer 
	Parameter BYTE_WRITE_WIDTH_A bound to: 64 - type: integer 
	Parameter ADDR_WIDTH_A bound to: 4 - type: integer 
	Parameter READ_RESET_VALUE_A bound to: 0 - type: string 
	Parameter READ_LATENCY_A bound to: 2 - type: integer 
	Parameter WRITE_MODE_A bound to: 2 - type: integer 
	Parameter RST_MODE_A bound to: SYNC - type: string 
	Parameter WRITE_DATA_WIDTH_B bound to: 64 - type: integer 
	Parameter READ_DATA_WIDTH_B bound to: 64 - type: integer 
	Parameter BYTE_WRITE_WIDTH_B bound to: 64 - type: integer 
	Parameter ADDR_WIDTH_B bound to: 4 - type: integer 
	Parameter READ_RESET_VALUE_B bound to: 0 - type: string 
	Parameter READ_LATENCY_B bound to: 2 - type: integer 
	Parameter WRITE_MODE_B bound to: 1 - type: integer 
	Parameter RST_MODE_B bound to: SYNC - type: string 
	Parameter P_MEMORY_PRIMITIVE bound to: distributed - type: string 
	Parameter P_MIN_WIDTH_DATA_A bound to: 64 - type: integer 
	Parameter P_MIN_WIDTH_DATA_B bound to: 64 - type: integer 
	Parameter P_MIN_WIDTH_DATA bound to: 64 - type: integer 
	Parameter P_MIN_WIDTH_DATA_ECC bound to: 64 - type: integer 
	Parameter P_MAX_DEPTH_DATA bound to: 16 - type: integer 
	Parameter P_ECC_MODE bound to: no_ecc - type: string 
	Parameter P_MEMORY_OPT bound to: yes - type: string 
	Parameter P_WIDTH_COL_WRITE_A bound to: 64 - type: integer 
	Parameter P_WIDTH_COL_WRITE_B bound to: 64 - type: integer 
	Parameter P_NUM_COLS_WRITE_A bound to: 1 - type: integer 
	Parameter P_NUM_COLS_WRITE_B bound to: 1 - type: integer 
	Parameter P_NUM_ROWS_WRITE_A bound to: 1 - type: integer 
	Parameter P_NUM_ROWS_WRITE_B bound to: 1 - type: integer 
	Parameter P_NUM_ROWS_READ_A bound to: 1 - type: integer 
	Parameter P_NUM_ROWS_READ_B bound to: 1 - type: integer 
	Parameter P_WIDTH_ADDR_WRITE_A bound to: 4 - type: integer 
	Parameter P_WIDTH_ADDR_WRITE_B bound to: 4 - type: integer 
	Parameter P_WIDTH_ADDR_READ_A bound to: 4 - type: integer 
	Parameter P_WIDTH_ADDR_READ_B bound to: 4 - type: integer 
	Parameter P_WIDTH_ADDR_LSB_WRITE_A bound to: 0 - type: integer 
	Parameter P_WIDTH_ADDR_LSB_WRITE_B bound to: 0 - type: integer 
	Parameter P_WIDTH_ADDR_LSB_READ_A bound to: 0 - type: integer 
	Parameter P_WIDTH_ADDR_LSB_READ_B bound to: 0 - type: integer 
	Parameter P_ENABLE_BYTE_WRITE_A bound to: 0 - type: integer 
	Parameter P_ENABLE_BYTE_WRITE_B bound to: 0 - type: integer 
	Parameter P_SDP_WRITE_MODE bound to: yes - type: string 
	Parameter rsta_loop_iter bound to: 64 - type: integer 
	Parameter rstb_loop_iter bound to: 64 - type: integer 
	Parameter NUM_CHAR_LOC bound to: 0 - type: integer 
	Parameter MAX_NUM_CHAR bound to: 0 - type: integer 
	Parameter P_MIN_WIDTH_DATA_SHFT bound to: 64 - type: integer 
	Parameter P_MIN_WIDTH_DATA_LDW bound to: 4 - type: integer 
INFO: [Synth 8-6155] done synthesizing module 'xpm_memory_base' (3#1) [/proj/xbuilds/SWIP/2020.2_1118_1232/installs/lin64/Vivado/2020.2/data/ip/xpm/xpm_memory/hdl/xpm_memory.sv:57]
INFO: [Synth 8-6157] synthesizing module 'xpm_cdc_gray' [/proj/xbuilds/SWIP/2020.2_1118_1232/installs/lin64/Vivado/2020.2/data/ip/xpm/xpm_cdc/hdl/xpm_cdc.sv:284]
	Parameter DEST_SYNC_FF bound to: 3 - type: integer 
	Parameter INIT_SYNC_FF bound to: 1 - type: integer 
	Parameter REG_OUTPUT bound to: 0 - type: integer 
	Parameter SIM_ASSERT_CHK bound to: 0 - type: integer 
	Parameter SIM_LOSSLESS_GRAY_CHK bound to: 0 - type: integer 
	Parameter VERSION bound to: 0 - type: integer 
	Parameter WIDTH bound to: 4 - type: integer 
INFO: [Synth 8-6155] done synthesizing module 'xpm_cdc_gray' (4#1) [/proj/xbuilds/SWIP/2020.2_1118_1232/installs/lin64/Vivado/2020.2/data/ip/xpm/xpm_cdc/hdl/xpm_cdc.sv:284]
INFO: [Synth 8-6157] synthesizing module 'xpm_fifo_reg_vec' [/proj/xbuilds/SWIP/2020.2_1118_1232/installs/lin64/Vivado/2020.2/data/ip/xpm/xpm_fifo/hdl/xpm_fifo.sv:1880]
	Parameter REG_WIDTH bound to: 4 - type: integer 
INFO: [Synth 8-6155] done synthesizing module 'xpm_fifo_reg_vec' (5#1) [/proj/xbuilds/SWIP/2020.2_1118_1232/installs/lin64/Vivado/2020.2/data/ip/xpm/xpm_fifo/hdl/xpm_fifo.sv:1880]
INFO: [Synth 8-6157] synthesizing module 'xpm_cdc_gray__parameterized0' [/proj/xbuilds/SWIP/2020.2_1118_1232/installs/lin64/Vivado/2020.2/data/ip/xpm/xpm_cdc/hdl/xpm_cdc.sv:284]
	Parameter DEST_SYNC_FF bound to: 5 - type: integer 
	Parameter INIT_SYNC_FF bound to: 1 - type: integer 
	Parameter REG_OUTPUT bound to: 0 - type: integer 
	Parameter SIM_ASSERT_CHK bound to: 0 - type: integer 
	Parameter SIM_LOSSLESS_GRAY_CHK bound to: 0 - type: integer 
	Parameter VERSION bound to: 0 - type: integer 
	Parameter WIDTH bound to: 5 - type: integer 
INFO: [Synth 8-6155] done synthesizing module 'xpm_cdc_gray__parameterized0' (5#1) [/proj/xbuilds/SWIP/2020.2_1118_1232/installs/lin64/Vivado/2020.2/data/ip/xpm/xpm_cdc/hdl/xpm_cdc.sv:284]
INFO: [Synth 8-6157] synthesizing module 'xpm_fifo_reg_vec__parameterized0' [/proj/xbuilds/SWIP/2020.2_1118_1232/installs/lin64/Vivado/2020.2/data/ip/xpm/xpm_fifo/hdl/xpm_fifo.sv:1880]
	Parameter REG_WIDTH bound to: 5 - type: integer 
INFO: [Synth 8-6155] done synthesizing module 'xpm_fifo_reg_vec__parameterized0' (5#1) [/proj/xbuilds/SWIP/2020.2_1118_1232/installs/lin64/Vivado/2020.2/data/ip/xpm/xpm_fifo/hdl/xpm_fifo.sv:1880]
INFO: [Synth 8-6157] synthesizing module 'xpm_cdc_gray__parameterized1' [/proj/xbuilds/SWIP/2020.2_1118_1232/installs/lin64/Vivado/2020.2/data/ip/xpm/xpm_cdc/hdl/xpm_cdc.sv:284]
	Parameter DEST_SYNC_FF bound to: 3 - type: integer 
	Parameter INIT_SYNC_FF bound to: 1 - type: integer 
	Parameter REG_OUTPUT bound to: 0 - type: integer 
	Parameter SIM_ASSERT_CHK bound to: 0 - type: integer 
	Parameter SIM_LOSSLESS_GRAY_CHK bound to: 0 - type: integer 
	Parameter VERSION bound to: 0 - type: integer 
	Parameter WIDTH bound to: 5 - type: integer 
INFO: [Synth 8-6155] done synthesizing module 'xpm_cdc_gray__parameterized1' (5#1) [/proj/xbuilds/SWIP/2020.2_1118_1232/installs/lin64/Vivado/2020.2/data/ip/xpm/xpm_cdc/hdl/xpm_cdc.sv:284]
INFO: [Synth 8-226] default block is never used [/proj/xbuilds/SWIP/2020.2_1118_1232/installs/lin64/Vivado/2020.2/data/ip/xpm/xpm_fifo/hdl/xpm_fifo.sv:1204]
INFO: [Synth 8-226] default block is never used [/proj/xbuilds/SWIP/2020.2_1118_1232/installs/lin64/Vivado/2020.2/data/ip/xpm/xpm_fifo/hdl/xpm_fifo.sv:1271]
INFO: [Synth 8-226] default block is never used [/proj/xbuilds/SWIP/2020.2_1118_1232/installs/lin64/Vivado/2020.2/data/ip/xpm/xpm_fifo/hdl/xpm_fifo.sv:1293]
INFO: [Synth 8-6157] synthesizing module 'xpm_fifo_reg_bit' [/proj/xbuilds/SWIP/2020.2_1118_1232/installs/lin64/Vivado/2020.2/data/ip/xpm/xpm_fifo/hdl/xpm_fifo.sv:1902]
	Parameter RST_VALUE bound to: 0 - type: integer 
INFO: [Synth 8-6155] done synthesizing module 'xpm_fifo_reg_bit' (6#1) [/proj/xbuilds/SWIP/2020.2_1118_1232/installs/lin64/Vivado/2020.2/data/ip/xpm/xpm_fifo/hdl/xpm_fifo.sv:1902]
INFO: [Synth 8-6157] synthesizing module 'xpm_counter_updn' [/proj/xbuilds/SWIP/2020.2_1118_1232/installs/lin64/Vivado/2020.2/data/ip/xpm/xpm_fifo/hdl/xpm_fifo.sv:1854]
	Parameter COUNTER_WIDTH bound to: 2 - type: integer 
	Parameter RESET_VALUE bound to: 0 - type: integer 
INFO: [Synth 8-6155] done synthesizing module 'xpm_counter_updn' (7#1) [/proj/xbuilds/SWIP/2020.2_1118_1232/installs/lin64/Vivado/2020.2/data/ip/xpm/xpm_fifo/hdl/xpm_fifo.sv:1854]
INFO: [Synth 8-6157] synthesizing module 'xpm_fifo_rst' [/proj/xbuilds/SWIP/2020.2_1118_1232/installs/lin64/Vivado/2020.2/data/ip/xpm/xpm_fifo/hdl/xpm_fifo.sv:1618]
	Parameter COMMON_CLOCK bound to: 0 - type: integer 
	Parameter CDC_DEST_SYNC_FF bound to: 3 - type: integer 
	Parameter SIM_ASSERT_CHK bound to: 0 - type: integer 
INFO: [Synth 8-6157] synthesizing module 'xpm_cdc_sync_rst' [/proj/xbuilds/SWIP/2020.2_1118_1232/installs/lin64/Vivado/2020.2/data/ip/xpm/xpm_cdc/hdl/xpm_cdc.sv:1059]
	Parameter DEST_SYNC_FF bound to: 3 - type: integer 
	Parameter INIT bound to: 32'sb00000000000000000000000000000000 
	Parameter INIT_SYNC_FF bound to: 1 - type: integer 
	Parameter SIM_ASSERT_CHK bound to: 0 - type: integer 
	Parameter VERSION bound to: 0 - type: integer 
	Parameter DEF_VAL bound to: 1'b0 
INFO: [Synth 8-6155] done synthesizing module 'xpm_cdc_sync_rst' (8#1) [/proj/xbuilds/SWIP/2020.2_1118_1232/installs/lin64/Vivado/2020.2/data/ip/xpm/xpm_cdc/hdl/xpm_cdc.sv:1059]
INFO: [Synth 8-6155] done synthesizing module 'xpm_fifo_rst' (9#1) [/proj/xbuilds/SWIP/2020.2_1118_1232/installs/lin64/Vivado/2020.2/data/ip/xpm/xpm_fifo/hdl/xpm_fifo.sv:1618]
INFO: [Synth 8-6157] synthesizing module 'xpm_counter_updn__parameterized0' [/proj/xbuilds/SWIP/2020.2_1118_1232/installs/lin64/Vivado/2020.2/data/ip/xpm/xpm_fifo/hdl/xpm_fifo.sv:1854]
	Parameter COUNTER_WIDTH bound to: 5 - type: integer 
	Parameter RESET_VALUE bound to: 0 - type: integer 
INFO: [Synth 8-6155] done synthesizing module 'xpm_counter_updn__parameterized0' (9#1) [/proj/xbuilds/SWIP/2020.2_1118_1232/installs/lin64/Vivado/2020.2/data/ip/xpm/xpm_fifo/hdl/xpm_fifo.sv:1854]
INFO: [Synth 8-6157] synthesizing module 'xpm_counter_updn__parameterized1' [/proj/xbuilds/SWIP/2020.2_1118_1232/installs/lin64/Vivado/2020.2/data/ip/xpm/xpm_fifo/hdl/xpm_fifo.sv:1854]
	Parameter COUNTER_WIDTH bound to: 4 - type: integer 
	Parameter RESET_VALUE bound to: 1 - type: integer 
INFO: [Synth 8-6155] done synthesizing module 'xpm_counter_updn__parameterized1' (9#1) [/proj/xbuilds/SWIP/2020.2_1118_1232/installs/lin64/Vivado/2020.2/data/ip/xpm/xpm_fifo/hdl/xpm_fifo.sv:1854]
INFO: [Synth 8-6157] synthesizing module 'xpm_counter_updn__parameterized2' [/proj/xbuilds/SWIP/2020.2_1118_1232/installs/lin64/Vivado/2020.2/data/ip/xpm/xpm_fifo/hdl/xpm_fifo.sv:1854]
	Parameter COUNTER_WIDTH bound to: 4 - type: integer 
	Parameter RESET_VALUE bound to: 2 - type: integer 
INFO: [Synth 8-6155] done synthesizing module 'xpm_counter_updn__parameterized2' (9#1) [/proj/xbuilds/SWIP/2020.2_1118_1232/installs/lin64/Vivado/2020.2/data/ip/xpm/xpm_fifo/hdl/xpm_fifo.sv:1854]
INFO: [Synth 8-6155] done synthesizing module 'xpm_fifo_base' (10#1) [/proj/xbuilds/SWIP/2020.2_1118_1232/installs/lin64/Vivado/2020.2/data/ip/xpm/xpm_fifo/hdl/xpm_fifo.sv:56]
INFO: [Synth 8-6155] done synthesizing module 'xpm_fifo_async' (11#1) [/proj/xbuilds/SWIP/2020.2_1118_1232/installs/lin64/Vivado/2020.2/data/ip/xpm/xpm_fifo/hdl/xpm_fifo.sv:2142]
WARNING: [Synth 8-7071] port 'prog_full' of module 'xpm_fifo_async' is unconnected for instance 'xpm_fifo_async_inst' [/wrk/xsjhdnobkup5/ravic/work/PORT_test1/build/HBM_banks2/temp_dir/link/vivado/vpl/prj/prj.gen/my_rm/bd/bd/ipshared/deb4/hdl/accelerator_monitor_v1_1_vl_rfs.v:1799]
WARNING: [Synth 8-7071] port 'wr_data_count' of module 'xpm_fifo_async' is unconnected for instance 'xpm_fifo_async_inst' [/wrk/xsjhdnobkup5/ravic/work/PORT_test1/build/HBM_banks2/temp_dir/link/vivado/vpl/prj/prj.gen/my_rm/bd/bd/ipshared/deb4/hdl/accelerator_monitor_v1_1_vl_rfs.v:1799]
WARNING: [Synth 8-7071] port 'overflow' of module 'xpm_fifo_async' is unconnected for instance 'xpm_fifo_async_inst' [/wrk/xsjhdnobkup5/ravic/work/PORT_test1/build/HBM_banks2/temp_dir/link/vivado/vpl/prj/prj.gen/my_rm/bd/bd/ipshared/deb4/hdl/accelerator_monitor_v1_1_vl_rfs.v:1799]
WARNING: [Synth 8-7071] port 'almost_full' of module 'xpm_fifo_async' is unconnected for instance 'xpm_fifo_async_inst' [/wrk/xsjhdnobkup5/ravic/work/PORT_test1/build/HBM_banks2/temp_dir/link/vivado/vpl/prj/prj.gen/my_rm/bd/bd/ipshared/deb4/hdl/accelerator_monitor_v1_1_vl_rfs.v:1799]
WARNING: [Synth 8-7071] port 'wr_ack' of module 'xpm_fifo_async' is unconnected for instance 'xpm_fifo_async_inst' [/wrk/xsjhdnobkup5/ravic/work/PORT_test1/build/HBM_banks2/temp_dir/link/vivado/vpl/prj/prj.gen/my_rm/bd/bd/ipshared/deb4/hdl/accelerator_monitor_v1_1_vl_rfs.v:1799]
WARNING: [Synth 8-7071] port 'prog_empty' of module 'xpm_fifo_async' is unconnected for instance 'xpm_fifo_async_inst' [/wrk/xsjhdnobkup5/ravic/work/PORT_test1/build/HBM_banks2/temp_dir/link/vivado/vpl/prj/prj.gen/my_rm/bd/bd/ipshared/deb4/hdl/accelerator_monitor_v1_1_vl_rfs.v:1799]
WARNING: [Synth 8-7071] port 'rd_data_count' of module 'xpm_fifo_async' is unconnected for instance 'xpm_fifo_async_inst' [/wrk/xsjhdnobkup5/ravic/work/PORT_test1/build/HBM_banks2/temp_dir/link/vivado/vpl/prj/prj.gen/my_rm/bd/bd/ipshared/deb4/hdl/accelerator_monitor_v1_1_vl_rfs.v:1799]
WARNING: [Synth 8-7071] port 'underflow' of module 'xpm_fifo_async' is unconnected for instance 'xpm_fifo_async_inst' [/wrk/xsjhdnobkup5/ravic/work/PORT_test1/build/HBM_banks2/temp_dir/link/vivado/vpl/prj/prj.gen/my_rm/bd/bd/ipshared/deb4/hdl/accelerator_monitor_v1_1_vl_rfs.v:1799]
WARNING: [Synth 8-7071] port 'rd_rst_busy' of module 'xpm_fifo_async' is unconnected for instance 'xpm_fifo_async_inst' [/wrk/xsjhdnobkup5/ravic/work/PORT_test1/build/HBM_banks2/temp_dir/link/vivado/vpl/prj/prj.gen/my_rm/bd/bd/ipshared/deb4/hdl/accelerator_monitor_v1_1_vl_rfs.v:1799]
WARNING: [Synth 8-7071] port 'almost_empty' of module 'xpm_fifo_async' is unconnected for instance 'xpm_fifo_async_inst' [/wrk/xsjhdnobkup5/ravic/work/PORT_test1/build/HBM_banks2/temp_dir/link/vivado/vpl/prj/prj.gen/my_rm/bd/bd/ipshared/deb4/hdl/accelerator_monitor_v1_1_vl_rfs.v:1799]
WARNING: [Synth 8-7071] port 'data_valid' of module 'xpm_fifo_async' is unconnected for instance 'xpm_fifo_async_inst' [/wrk/xsjhdnobkup5/ravic/work/PORT_test1/build/HBM_banks2/temp_dir/link/vivado/vpl/prj/prj.gen/my_rm/bd/bd/ipshared/deb4/hdl/accelerator_monitor_v1_1_vl_rfs.v:1799]
WARNING: [Synth 8-7071] port 'sbiterr' of module 'xpm_fifo_async' is unconnected for instance 'xpm_fifo_async_inst' [/wrk/xsjhdnobkup5/ravic/work/PORT_test1/build/HBM_banks2/temp_dir/link/vivado/vpl/prj/prj.gen/my_rm/bd/bd/ipshared/deb4/hdl/accelerator_monitor_v1_1_vl_rfs.v:1799]
WARNING: [Synth 8-7071] port 'dbiterr' of module 'xpm_fifo_async' is unconnected for instance 'xpm_fifo_async_inst' [/wrk/xsjhdnobkup5/ravic/work/PORT_test1/build/HBM_banks2/temp_dir/link/vivado/vpl/prj/prj.gen/my_rm/bd/bd/ipshared/deb4/hdl/accelerator_monitor_v1_1_vl_rfs.v:1799]
WARNING: [Synth 8-7023] instance 'xpm_fifo_async_inst' of module 'xpm_fifo_async' has 26 connections declared, but only 13 given [/wrk/xsjhdnobkup5/ravic/work/PORT_test1/build/HBM_banks2/temp_dir/link/vivado/vpl/prj/prj.gen/my_rm/bd/bd/ipshared/deb4/hdl/accelerator_monitor_v1_1_vl_rfs.v:1799]
INFO: [Synth 8-6155] done synthesizing module 'trace_fifo_i' (12#1) [/wrk/xsjhdnobkup5/ravic/work/PORT_test1/build/HBM_banks2/temp_dir/link/vivado/vpl/prj/prj.gen/my_rm/bd/bd/ipshared/deb4/hdl/accelerator_monitor_v1_1_vl_rfs.v:1752]
INFO: [Synth 8-6155] done synthesizing module 'min_max_ctr' (13#1) [/wrk/xsjhdnobkup5/ravic/work/PORT_test1/build/HBM_banks2/temp_dir/link/vivado/vpl/prj/prj.gen/my_rm/bd/bd/ipshared/deb4/hdl/accelerator_monitor_v1_1_vl_rfs.v:1874]
INFO: [Synth 8-6155] done synthesizing module 'accel_counters' (14#1) [/wrk/xsjhdnobkup5/ravic/work/PORT_test1/build/HBM_banks2/temp_dir/link/vivado/vpl/prj/prj.gen/my_rm/bd/bd/ipshared/deb4/hdl/accelerator_monitor_v1_1_vl_rfs.v:775]
WARNING: [Synth 8-689] width (14) of port connection 'addr' does not match port width (8) of module 'accel_counters' [/wrk/xsjhdnobkup5/ravic/work/PORT_test1/build/HBM_banks2/temp_dir/link/vivado/vpl/prj/prj.gen/my_rm/bd/bd/ipshared/deb4/hdl/accelerator_monitor_v1_1_vl_rfs.v:263]
INFO: [Synth 8-6157] synthesizing module 'register_module' [/wrk/xsjhdnobkup5/ravic/work/PORT_test1/build/HBM_banks2/temp_dir/link/vivado/vpl/prj/prj.gen/my_rm/bd/bd/ipshared/deb4/hdl/accelerator_monitor_v1_1_vl_rfs.v:1422]
	Parameter RST_ACTIVE bound to: 1'b0 
	Parameter VERSION_VALUE bound to: -558956288 - type: integer 
INFO: [Synth 8-6157] synthesizing module 'counter' [/wrk/xsjhdnobkup5/ravic/work/PORT_test1/build/HBM_banks2/temp_dir/link/vivado/vpl/prj/prj.gen/my_rm/bd/bd/ipshared/deb4/hdl/accelerator_monitor_v1_1_vl_rfs.v:1019]
	Parameter C_FAMILY bound to: nofamily - type: string 
	Parameter C_NUM_BITS bound to: 32 - type: integer 
	Parameter COUNTER_LOAD_VALUE bound to: 0 - type: integer 
	Parameter RST_ACTIVE bound to: 1'b0 
INFO: [Synth 8-6155] done synthesizing module 'counter' (15#1) [/wrk/xsjhdnobkup5/ravic/work/PORT_test1/build/HBM_banks2/temp_dir/link/vivado/vpl/prj/prj.gen/my_rm/bd/bd/ipshared/deb4/hdl/accelerator_monitor_v1_1_vl_rfs.v:1019]
INFO: [Synth 8-6155] done synthesizing module 'register_module' (16#1) [/wrk/xsjhdnobkup5/ravic/work/PORT_test1/build/HBM_banks2/temp_dir/link/vivado/vpl/prj/prj.gen/my_rm/bd/bd/ipshared/deb4/hdl/accelerator_monitor_v1_1_vl_rfs.v:1422]
WARNING: [Synth 8-689] width (14) of port connection 'slv_reg_addr' does not match port width (8) of module 'register_module' [/wrk/xsjhdnobkup5/ravic/work/PORT_test1/build/HBM_banks2/temp_dir/link/vivado/vpl/prj/prj.gen/my_rm/bd/bd/ipshared/deb4/hdl/accelerator_monitor_v1_1_vl_rfs.v:278]
INFO: [Synth 8-6157] synthesizing module 'AXI_LITE_IF' [/wrk/xsjhdnobkup5/ravic/work/PORT_test1/build/HBM_banks2/temp_dir/link/vivado/vpl/prj/prj.gen/my_rm/bd/bd/ipshared/deb4/hdl/accelerator_monitor_v1_1_vl_rfs.v:456]
	Parameter C_S_AXI_DATA_WIDTH bound to: 32 - type: integer 
INFO: [Synth 8-6155] done synthesizing module 'AXI_LITE_IF' (17#1) [/wrk/xsjhdnobkup5/ravic/work/PORT_test1/build/HBM_banks2/temp_dir/link/vivado/vpl/prj/prj.gen/my_rm/bd/bd/ipshared/deb4/hdl/accelerator_monitor_v1_1_vl_rfs.v:456]
WARNING: [Synth 8-689] width (14) of port connection 'slv_reg_addr' does not match port width (8) of module 'AXI_LITE_IF' [/wrk/xsjhdnobkup5/ravic/work/PORT_test1/build/HBM_banks2/temp_dir/link/vivado/vpl/prj/prj.gen/my_rm/bd/bd/ipshared/deb4/hdl/accelerator_monitor_v1_1_vl_rfs.v:297]
WARNING: [Synth 8-689] width (32) of port connection 'S_AXI_AWADDR' does not match port width (8) of module 'AXI_LITE_IF' [/wrk/xsjhdnobkup5/ravic/work/PORT_test1/build/HBM_banks2/temp_dir/link/vivado/vpl/prj/prj.gen/my_rm/bd/bd/ipshared/deb4/hdl/accelerator_monitor_v1_1_vl_rfs.v:301]
WARNING: [Synth 8-689] width (32) of port connection 'S_AXI_ARADDR' does not match port width (8) of module 'AXI_LITE_IF' [/wrk/xsjhdnobkup5/ravic/work/PORT_test1/build/HBM_banks2/temp_dir/link/vivado/vpl/prj/prj.gen/my_rm/bd/bd/ipshared/deb4/hdl/accelerator_monitor_v1_1_vl_rfs.v:312]
INFO: [Synth 8-6157] synthesizing module 'timestamper' [/wrk/xsjhdnobkup5/ravic/work/PORT_test1/build/HBM_banks2/temp_dir/link/vivado/vpl/prj/prj.gen/my_rm/bd/bd/ipshared/deb4/hdl/accelerator_monitor_v1_1_vl_rfs.v:1653]
	Parameter TRACE_ID bound to: 64 - type: integer 
	Parameter START_TYPE bound to: 0 - type: integer 
	Parameter STOP_TYPE bound to: 1 - type: integer 
INFO: [Synth 8-6157] synthesizing module 'trace_fifo_i__parameterized0' [/wrk/xsjhdnobkup5/ravic/work/PORT_test1/build/HBM_banks2/temp_dir/link/vivado/vpl/prj/prj.gen/my_rm/bd/bd/ipshared/deb4/hdl/accelerator_monitor_v1_1_vl_rfs.v:1752]
	Parameter DEPTH bound to: 16 - type: integer 
	Parameter WIDTH bound to: 56 - type: integer 
	Parameter ADDR_WIDTH bound to: 4 - type: integer 
	Parameter FIFO_TYPE bound to: distributed - type: string 
INFO: [Synth 8-6157] synthesizing module 'xpm_fifo_async__parameterized0' [/proj/xbuilds/SWIP/2020.2_1118_1232/installs/lin64/Vivado/2020.2/data/ip/xpm/xpm_fifo/hdl/xpm_fifo.sv:2142]
	Parameter FIFO_MEMORY_TYPE bound to: distributed - type: string 
	Parameter ECC_MODE bound to: no_ecc - type: string 
	Parameter RELATED_CLOCKS bound to: 0 - type: integer 
	Parameter SIM_ASSERT_CHK bound to: 0 - type: integer 
	Parameter CASCADE_HEIGHT bound to: 0 - type: integer 
	Parameter FIFO_WRITE_DEPTH bound to: 16 - type: integer 
	Parameter WRITE_DATA_WIDTH bound to: 56 - type: integer 
	Parameter WR_DATA_COUNT_WIDTH bound to: 4 - type: integer 
	Parameter PROG_FULL_THRESH bound to: 10 - type: integer 
	Parameter FULL_RESET_VALUE bound to: 0 - type: integer 
	Parameter USE_ADV_FEATURES bound to: 0707 - type: string 
	Parameter READ_MODE bound to: fwft - type: string 
	Parameter FIFO_READ_LATENCY bound to: 1 - type: integer 
	Parameter READ_DATA_WIDTH bound to: 56 - type: integer 
	Parameter RD_DATA_COUNT_WIDTH bound to: 4 - type: integer 
	Parameter PROG_EMPTY_THRESH bound to: 10 - type: integer 
	Parameter DOUT_RESET_VALUE bound to: 0 - type: string 
	Parameter CDC_SYNC_STAGES bound to: 3 - type: integer 
	Parameter WAKEUP_TIME bound to: 0 - type: integer 
	Parameter EN_ADV_FEATURE_ASYNC bound to: 16'b0000011100000111 
	Parameter P_FIFO_MEMORY_TYPE bound to: 1 - type: integer 
	Parameter P_COMMON_CLOCK bound to: 0 - type: integer 
	Parameter P_ECC_MODE bound to: 0 - type: integer 
	Parameter P_READ_MODE bound to: 1 - type: integer 
	Parameter P_WAKEUP_TIME bound to: 2 - type: integer 
INFO: [Synth 8-6157] synthesizing module 'xpm_fifo_base__parameterized0' [/proj/xbuilds/SWIP/2020.2_1118_1232/installs/lin64/Vivado/2020.2/data/ip/xpm/xpm_fifo/hdl/xpm_fifo.sv:56]
	Parameter COMMON_CLOCK bound to: 0 - type: integer 
	Parameter RELATED_CLOCKS bound to: 0 - type: integer 
	Parameter FIFO_MEMORY_TYPE bound to: 1 - type: integer 
	Parameter ECC_MODE bound to: 0 - type: integer 
	Parameter SIM_ASSERT_CHK bound to: 0 - type: integer 
	Parameter CASCADE_HEIGHT bound to: 0 - type: integer 
	Parameter FIFO_WRITE_DEPTH bound to: 16 - type: integer 
	Parameter WRITE_DATA_WIDTH bound to: 56 - type: integer 
	Parameter WR_DATA_COUNT_WIDTH bound to: 4 - type: integer 
	Parameter PROG_FULL_THRESH bound to: 10 - type: integer 
	Parameter USE_ADV_FEATURES bound to: 0707 - type: string 
	Parameter READ_MODE bound to: 1 - type: integer 
	Parameter FIFO_READ_LATENCY bound to: 1 - type: integer 
	Parameter READ_DATA_WIDTH bound to: 56 - type: integer 
	Parameter RD_DATA_COUNT_WIDTH bound to: 4 - type: integer 
	Parameter PROG_EMPTY_THRESH bound to: 10 - type: integer 
	Parameter DOUT_RESET_VALUE bound to: 0 - type: string 
	Parameter CDC_DEST_SYNC_FF bound to: 3 - type: integer 
	Parameter FULL_RESET_VALUE bound to: 0 - type: integer 
	Parameter REMOVE_WR_RD_PROT_LOGIC bound to: 0 - type: integer 
	Parameter WAKEUP_TIME bound to: 0 - type: integer 
	Parameter VERSION bound to: 0 - type: integer 
	Parameter invalid bound to: 0 - type: integer 
	Parameter stage1_valid bound to: 2 - type: integer 
	Parameter stage2_valid bound to: 1 - type: integer 
	Parameter both_stages_valid bound to: 3 - type: integer 
	Parameter FIFO_MEM_TYPE bound to: 1 - type: integer 
	Parameter RD_MODE bound to: 1 - type: integer 
	Parameter ENABLE_ECC bound to: 0 - type: integer 
	Parameter FIFO_READ_DEPTH bound to: 16 - type: integer 
	Parameter FIFO_SIZE bound to: 896 - type: integer 
	Parameter WR_WIDTH_LOG bound to: 6 - type: integer 
	Parameter WR_DEPTH_LOG bound to: 4 - type: integer 
	Parameter WR_PNTR_WIDTH bound to: 4 - type: integer 
	Parameter RD_PNTR_WIDTH bound to: 4 - type: integer 
	Parameter FULL_RST_VAL bound to: 1'b0 
	Parameter WR_RD_RATIO bound to: 0 - type: integer 
	Parameter READ_MODE_LL bound to: 1 - type: integer 
	Parameter PF_THRESH_ADJ bound to: 8 - type: integer 
	Parameter PE_THRESH_ADJ bound to: 8 - type: integer 
	Parameter PF_THRESH_MIN bound to: 8 - type: integer 
	Parameter PF_THRESH_MAX bound to: 11 - type: integer 
	Parameter PE_THRESH_MIN bound to: 5 - type: integer 
	Parameter PE_THRESH_MAX bound to: 11 - type: integer 
	Parameter WR_DC_WIDTH_EXT bound to: 5 - type: integer 
	Parameter RD_DC_WIDTH_EXT bound to: 5 - type: integer 
	Parameter RD_LATENCY bound to: 2 - type: integer 
	Parameter WIDTH_RATIO bound to: 1 - type: integer 
	Parameter EN_ADV_FEATURE bound to: 16'b0000011100000111 
	Parameter EN_OF bound to: 1'b1 
	Parameter EN_PF bound to: 1'b1 
	Parameter EN_WDC bound to: 1'b1 
	Parameter EN_AF bound to: 1'b0 
	Parameter EN_WACK bound to: 1'b0 
	Parameter FG_EQ_ASYM_DOUT bound to: 1'b0 
	Parameter EN_UF bound to: 1'b1 
	Parameter EN_PE bound to: 1'b1 
	Parameter EN_RDC bound to: 1'b1 
	Parameter EN_AE bound to: 1'b0 
	Parameter EN_DVLD bound to: 1'b0 
INFO: [Synth 8-6157] synthesizing module 'xpm_memory_base__parameterized0' [/proj/xbuilds/SWIP/2020.2_1118_1232/installs/lin64/Vivado/2020.2/data/ip/xpm/xpm_memory/hdl/xpm_memory.sv:57]
	Parameter MEMORY_TYPE bound to: 1 - type: integer 
	Parameter MEMORY_SIZE bound to: 896 - type: integer 
	Parameter MEMORY_PRIMITIVE bound to: 1 - type: integer 
	Parameter CLOCKING_MODE bound to: 1 - type: integer 
	Parameter ECC_MODE bound to: 0 - type: integer 
	Parameter MEMORY_INIT_FILE bound to: none - type: string 
	Parameter MEMORY_INIT_PARAM bound to: (null) - type: string 
	Parameter USE_MEM_INIT_MMI bound to: 0 - type: integer 
	Parameter USE_MEM_INIT bound to: 0 - type: integer 
	Parameter MEMORY_OPTIMIZATION bound to: true - type: string 
	Parameter WAKEUP_TIME bound to: 0 - type: integer 
	Parameter AUTO_SLEEP_TIME bound to: 0 - type: integer 
	Parameter MESSAGE_CONTROL bound to: 0 - type: integer 
	Parameter VERSION bound to: 0 - type: integer 
	Parameter USE_EMBEDDED_CONSTRAINT bound to: 1 - type: integer 
	Parameter CASCADE_HEIGHT bound to: 0 - type: integer 
	Parameter SIM_ASSERT_CHK bound to: 0 - type: integer 
	Parameter WRITE_PROTECT bound to: 1 - type: integer 
	Parameter WRITE_DATA_WIDTH_A bound to: 56 - type: integer 
	Parameter READ_DATA_WIDTH_A bound to: 56 - type: integer 
	Parameter BYTE_WRITE_WIDTH_A bound to: 56 - type: integer 
	Parameter ADDR_WIDTH_A bound to: 4 - type: integer 
	Parameter READ_RESET_VALUE_A bound to: 0 - type: string 
	Parameter READ_LATENCY_A bound to: 2 - type: integer 
	Parameter WRITE_MODE_A bound to: 2 - type: integer 
	Parameter RST_MODE_A bound to: SYNC - type: string 
	Parameter WRITE_DATA_WIDTH_B bound to: 56 - type: integer 
	Parameter READ_DATA_WIDTH_B bound to: 56 - type: integer 
	Parameter BYTE_WRITE_WIDTH_B bound to: 56 - type: integer 
	Parameter ADDR_WIDTH_B bound to: 4 - type: integer 
	Parameter READ_RESET_VALUE_B bound to: 0 - type: string 
	Parameter READ_LATENCY_B bound to: 2 - type: integer 
	Parameter WRITE_MODE_B bound to: 1 - type: integer 
	Parameter RST_MODE_B bound to: SYNC - type: string 
	Parameter P_MEMORY_PRIMITIVE bound to: distributed - type: string 
	Parameter P_MIN_WIDTH_DATA_A bound to: 56 - type: integer 
	Parameter P_MIN_WIDTH_DATA_B bound to: 56 - type: integer 
	Parameter P_MIN_WIDTH_DATA bound to: 56 - type: integer 
	Parameter P_MIN_WIDTH_DATA_ECC bound to: 56 - type: integer 
	Parameter P_MAX_DEPTH_DATA bound to: 16 - type: integer 
	Parameter P_ECC_MODE bound to: no_ecc - type: string 
	Parameter P_MEMORY_OPT bound to: yes - type: string 
	Parameter P_WIDTH_COL_WRITE_A bound to: 56 - type: integer 
	Parameter P_WIDTH_COL_WRITE_B bound to: 56 - type: integer 
	Parameter P_NUM_COLS_WRITE_A bound to: 1 - type: integer 
	Parameter P_NUM_COLS_WRITE_B bound to: 1 - type: integer 
	Parameter P_NUM_ROWS_WRITE_A bound to: 1 - type: integer 
	Parameter P_NUM_ROWS_WRITE_B bound to: 1 - type: integer 
	Parameter P_NUM_ROWS_READ_A bound to: 1 - type: integer 
	Parameter P_NUM_ROWS_READ_B bound to: 1 - type: integer 
	Parameter P_WIDTH_ADDR_WRITE_A bound to: 4 - type: integer 
	Parameter P_WIDTH_ADDR_WRITE_B bound to: 4 - type: integer 
	Parameter P_WIDTH_ADDR_READ_A bound to: 4 - type: integer 
	Parameter P_WIDTH_ADDR_READ_B bound to: 4 - type: integer 
	Parameter P_WIDTH_ADDR_LSB_WRITE_A bound to: 0 - type: integer 
	Parameter P_WIDTH_ADDR_LSB_WRITE_B bound to: 0 - type: integer 
	Parameter P_WIDTH_ADDR_LSB_READ_A bound to: 0 - type: integer 
	Parameter P_WIDTH_ADDR_LSB_READ_B bound to: 0 - type: integer 
	Parameter P_ENABLE_BYTE_WRITE_A bound to: 0 - type: integer 
	Parameter P_ENABLE_BYTE_WRITE_B bound to: 0 - type: integer 
	Parameter P_SDP_WRITE_MODE bound to: yes - type: string 
	Parameter rsta_loop_iter bound to: 56 - type: integer 
	Parameter rstb_loop_iter bound to: 56 - type: integer 
	Parameter NUM_CHAR_LOC bound to: 0 - type: integer 
	Parameter MAX_NUM_CHAR bound to: 0 - type: integer 
	Parameter P_MIN_WIDTH_DATA_SHFT bound to: 56 - type: integer 
	Parameter P_MIN_WIDTH_DATA_LDW bound to: 4 - type: integer 
INFO: [Synth 8-6155] done synthesizing module 'xpm_memory_base__parameterized0' (17#1) [/proj/xbuilds/SWIP/2020.2_1118_1232/installs/lin64/Vivado/2020.2/data/ip/xpm/xpm_memory/hdl/xpm_memory.sv:57]
INFO: [Synth 8-226] default block is never used [/proj/xbuilds/SWIP/2020.2_1118_1232/installs/lin64/Vivado/2020.2/data/ip/xpm/xpm_fifo/hdl/xpm_fifo.sv:1204]
INFO: [Synth 8-226] default block is never used [/proj/xbuilds/SWIP/2020.2_1118_1232/installs/lin64/Vivado/2020.2/data/ip/xpm/xpm_fifo/hdl/xpm_fifo.sv:1271]
INFO: [Synth 8-226] default block is never used [/proj/xbuilds/SWIP/2020.2_1118_1232/installs/lin64/Vivado/2020.2/data/ip/xpm/xpm_fifo/hdl/xpm_fifo.sv:1293]
INFO: [Synth 8-6155] done synthesizing module 'xpm_fifo_base__parameterized0' (17#1) [/proj/xbuilds/SWIP/2020.2_1118_1232/installs/lin64/Vivado/2020.2/data/ip/xpm/xpm_fifo/hdl/xpm_fifo.sv:56]
INFO: [Synth 8-6155] done synthesizing module 'xpm_fifo_async__parameterized0' (17#1) [/proj/xbuilds/SWIP/2020.2_1118_1232/installs/lin64/Vivado/2020.2/data/ip/xpm/xpm_fifo/hdl/xpm_fifo.sv:2142]
WARNING: [Synth 8-7071] port 'prog_full' of module 'xpm_fifo_async' is unconnected for instance 'xpm_fifo_async_inst' [/wrk/xsjhdnobkup5/ravic/work/PORT_test1/build/HBM_banks2/temp_dir/link/vivado/vpl/prj/prj.gen/my_rm/bd/bd/ipshared/deb4/hdl/accelerator_monitor_v1_1_vl_rfs.v:1799]
WARNING: [Synth 8-7071] port 'wr_data_count' of module 'xpm_fifo_async' is unconnected for instance 'xpm_fifo_async_inst' [/wrk/xsjhdnobkup5/ravic/work/PORT_test1/build/HBM_banks2/temp_dir/link/vivado/vpl/prj/prj.gen/my_rm/bd/bd/ipshared/deb4/hdl/accelerator_monitor_v1_1_vl_rfs.v:1799]
WARNING: [Synth 8-7071] port 'overflow' of module 'xpm_fifo_async' is unconnected for instance 'xpm_fifo_async_inst' [/wrk/xsjhdnobkup5/ravic/work/PORT_test1/build/HBM_banks2/temp_dir/link/vivado/vpl/prj/prj.gen/my_rm/bd/bd/ipshared/deb4/hdl/accelerator_monitor_v1_1_vl_rfs.v:1799]
WARNING: [Synth 8-7071] port 'almost_full' of module 'xpm_fifo_async' is unconnected for instance 'xpm_fifo_async_inst' [/wrk/xsjhdnobkup5/ravic/work/PORT_test1/build/HBM_banks2/temp_dir/link/vivado/vpl/prj/prj.gen/my_rm/bd/bd/ipshared/deb4/hdl/accelerator_monitor_v1_1_vl_rfs.v:1799]
WARNING: [Synth 8-7071] port 'wr_ack' of module 'xpm_fifo_async' is unconnected for instance 'xpm_fifo_async_inst' [/wrk/xsjhdnobkup5/ravic/work/PORT_test1/build/HBM_banks2/temp_dir/link/vivado/vpl/prj/prj.gen/my_rm/bd/bd/ipshared/deb4/hdl/accelerator_monitor_v1_1_vl_rfs.v:1799]
WARNING: [Synth 8-7071] port 'prog_empty' of module 'xpm_fifo_async' is unconnected for instance 'xpm_fifo_async_inst' [/wrk/xsjhdnobkup5/ravic/work/PORT_test1/build/HBM_banks2/temp_dir/link/vivado/vpl/prj/prj.gen/my_rm/bd/bd/ipshared/deb4/hdl/accelerator_monitor_v1_1_vl_rfs.v:1799]
WARNING: [Synth 8-7071] port 'rd_data_count' of module 'xpm_fifo_async' is unconnected for instance 'xpm_fifo_async_inst' [/wrk/xsjhdnobkup5/ravic/work/PORT_test1/build/HBM_banks2/temp_dir/link/vivado/vpl/prj/prj.gen/my_rm/bd/bd/ipshared/deb4/hdl/accelerator_monitor_v1_1_vl_rfs.v:1799]
WARNING: [Synth 8-7071] port 'underflow' of module 'xpm_fifo_async' is unconnected for instance 'xpm_fifo_async_inst' [/wrk/xsjhdnobkup5/ravic/work/PORT_test1/build/HBM_banks2/temp_dir/link/vivado/vpl/prj/prj.gen/my_rm/bd/bd/ipshared/deb4/hdl/accelerator_monitor_v1_1_vl_rfs.v:1799]
WARNING: [Synth 8-7071] port 'rd_rst_busy' of module 'xpm_fifo_async' is unconnected for instance 'xpm_fifo_async_inst' [/wrk/xsjhdnobkup5/ravic/work/PORT_test1/build/HBM_banks2/temp_dir/link/vivado/vpl/prj/prj.gen/my_rm/bd/bd/ipshared/deb4/hdl/accelerator_monitor_v1_1_vl_rfs.v:1799]
WARNING: [Synth 8-7071] port 'almost_empty' of module 'xpm_fifo_async' is unconnected for instance 'xpm_fifo_async_inst' [/wrk/xsjhdnobkup5/ravic/work/PORT_test1/build/HBM_banks2/temp_dir/link/vivado/vpl/prj/prj.gen/my_rm/bd/bd/ipshared/deb4/hdl/accelerator_monitor_v1_1_vl_rfs.v:1799]
WARNING: [Synth 8-7071] port 'data_valid' of module 'xpm_fifo_async' is unconnected for instance 'xpm_fifo_async_inst' [/wrk/xsjhdnobkup5/ravic/work/PORT_test1/build/HBM_banks2/temp_dir/link/vivado/vpl/prj/prj.gen/my_rm/bd/bd/ipshared/deb4/hdl/accelerator_monitor_v1_1_vl_rfs.v:1799]
WARNING: [Synth 8-7071] port 'sbiterr' of module 'xpm_fifo_async' is unconnected for instance 'xpm_fifo_async_inst' [/wrk/xsjhdnobkup5/ravic/work/PORT_test1/build/HBM_banks2/temp_dir/link/vivado/vpl/prj/prj.gen/my_rm/bd/bd/ipshared/deb4/hdl/accelerator_monitor_v1_1_vl_rfs.v:1799]
WARNING: [Synth 8-7071] port 'dbiterr' of module 'xpm_fifo_async' is unconnected for instance 'xpm_fifo_async_inst' [/wrk/xsjhdnobkup5/ravic/work/PORT_test1/build/HBM_banks2/temp_dir/link/vivado/vpl/prj/prj.gen/my_rm/bd/bd/ipshared/deb4/hdl/accelerator_monitor_v1_1_vl_rfs.v:1799]
WARNING: [Synth 8-7023] instance 'xpm_fifo_async_inst' of module 'xpm_fifo_async' has 26 connections declared, but only 13 given [/wrk/xsjhdnobkup5/ravic/work/PORT_test1/build/HBM_banks2/temp_dir/link/vivado/vpl/prj/prj.gen/my_rm/bd/bd/ipshared/deb4/hdl/accelerator_monitor_v1_1_vl_rfs.v:1799]
INFO: [Synth 8-6155] done synthesizing module 'trace_fifo_i__parameterized0' (17#1) [/wrk/xsjhdnobkup5/ravic/work/PORT_test1/build/HBM_banks2/temp_dir/link/vivado/vpl/prj/prj.gen/my_rm/bd/bd/ipshared/deb4/hdl/accelerator_monitor_v1_1_vl_rfs.v:1752]
INFO: [Synth 8-6155] done synthesizing module 'timestamper' (18#1) [/wrk/xsjhdnobkup5/ravic/work/PORT_test1/build/HBM_banks2/temp_dir/link/vivado/vpl/prj/prj.gen/my_rm/bd/bd/ipshared/deb4/hdl/accelerator_monitor_v1_1_vl_rfs.v:1653]
INFO: [Synth 8-6157] synthesizing module 'xpm_cdc_array_single' [/proj/xbuilds/SWIP/2020.2_1118_1232/installs/lin64/Vivado/2020.2/data/ip/xpm/xpm_cdc/hdl/xpm_cdc.sv:903]
	Parameter DEST_SYNC_FF bound to: 4 - type: integer 
	Parameter INIT_SYNC_FF bound to: 0 - type: integer 
	Parameter SIM_ASSERT_CHK bound to: 0 - type: integer 
	Parameter SRC_INPUT_REG bound to: 1 - type: integer 
	Parameter VERSION bound to: 0 - type: integer 
	Parameter WIDTH bound to: 4 - type: integer 
INFO: [Synth 8-6155] done synthesizing module 'xpm_cdc_array_single' (19#1) [/proj/xbuilds/SWIP/2020.2_1118_1232/installs/lin64/Vivado/2020.2/data/ip/xpm/xpm_cdc/hdl/xpm_cdc.sv:903]
INFO: [Synth 8-6155] done synthesizing module 'accelerator_monitor' (20#1) [/wrk/xsjhdnobkup5/ravic/work/PORT_test1/build/HBM_banks2/temp_dir/link/vivado/vpl/prj/prj.gen/my_rm/bd/bd/ipshared/deb4/hdl/accelerator_monitor_v1_1_vl_rfs.v:55]
INFO: [Synth 8-6155] done synthesizing module 'ulp_dpa_mon0_0' (21#1) [/wrk/xsjhdnobkup5/ravic/work/PORT_test1/build/HBM_banks2/temp_dir/link/vivado/vpl/prj/prj.gen/my_rm/bd/bd/ip/ulp_dpa_mon0_0/synth/ulp_dpa_mon0_0.v:57]
---------------------------------------------------------------------------------
Finished RTL Elaboration : Time (s): cpu = 00:00:05 ; elapsed = 00:00:06 . Memory (MB): peak = 3515.039 ; gain = 205.633 ; free physical = 11680 ; free virtual = 158315
---------------------------------------------------------------------------------
---------------------------------------------------------------------------------
Start Handling Custom Attributes
---------------------------------------------------------------------------------
---------------------------------------------------------------------------------
Finished Handling Custom Attributes : Time (s): cpu = 00:00:05 ; elapsed = 00:00:07 . Memory (MB): peak = 3532.875 ; gain = 223.469 ; free physical = 13137 ; free virtual = 159776
---------------------------------------------------------------------------------
---------------------------------------------------------------------------------
Finished RTL Optimization Phase 1 : Time (s): cpu = 00:00:05 ; elapsed = 00:00:07 . Memory (MB): peak = 3532.875 ; gain = 223.469 ; free physical = 13137 ; free virtual = 159776
---------------------------------------------------------------------------------
Netlist sorting complete. Time (s): cpu = 00:00:00.04 ; elapsed = 00:00:00.04 . Memory (MB): peak = 3532.875 ; gain = 0.000 ; free physical = 13179 ; free virtual = 159824
INFO: [Project 1-570] Preparing netlist for logic optimization

Processing XDC Constraints
Initializing timing engine
INFO: [Project 1-236] Implementation specific constraints were found while reading constraint file [/proj/xbuilds/SWIP/2020.2_1118_1232/installs/lin64/Vivado/2020.2/data/ip/xpm/xpm_cdc/tcl/xpm_cdc_array_single.tcl]. These constraints will be ignored for synthesis but will be used in implementation. Impacted constraints are listed in the file [.Xil/ulp_dpa_mon0_0_propImpl.xdc].
Resolution: To avoid this warning, move constraints listed in [.Xil/ulp_dpa_mon0_0_propImpl.xdc] to another XDC file and exclude this new file from synthesis with the used_in_synthesis property (File Properties dialog in GUI) and re-run elaboration/synthesis.
INFO: [Project 1-236] Implementation specific constraints were found while reading constraint file [/proj/xbuilds/SWIP/2020.2_1118_1232/installs/lin64/Vivado/2020.2/data/ip/xpm/xpm_cdc/tcl/xpm_cdc_gray.tcl]. These constraints will be ignored for synthesis but will be used in implementation. Impacted constraints are listed in the file [.Xil/ulp_dpa_mon0_0_propImpl.xdc].
Resolution: To avoid this warning, move constraints listed in [.Xil/ulp_dpa_mon0_0_propImpl.xdc] to another XDC file and exclude this new file from synthesis with the used_in_synthesis property (File Properties dialog in GUI) and re-run elaboration/synthesis.
INFO: [Project 1-236] Implementation specific constraints were found while reading constraint file [/proj/xbuilds/SWIP/2020.2_1118_1232/installs/lin64/Vivado/2020.2/data/ip/xpm/xpm_fifo/tcl/xpm_fifo_rst.tcl]. These constraints will be ignored for synthesis but will be used in implementation. Impacted constraints are listed in the file [.Xil/ulp_dpa_mon0_0_propImpl.xdc].
Resolution: To avoid this warning, move constraints listed in [.Xil/ulp_dpa_mon0_0_propImpl.xdc] to another XDC file and exclude this new file from synthesis with the used_in_synthesis property (File Properties dialog in GUI) and re-run elaboration/synthesis.
INFO: [Project 1-1715] 4 XPM XDC files have been applied to the design.
Completed Processing XDC Constraints

Netlist sorting complete. Time (s): cpu = 00:00:00 ; elapsed = 00:00:00 . Memory (MB): peak = 3625.688 ; gain = 0.000 ; free physical = 12871 ; free virtual = 159510
INFO: [Project 1-111] Unisim Transformation Summary:
No Unisim elements were transformed.

Constraint Validation Runtime : Time (s): cpu = 00:00:00.03 ; elapsed = 00:00:00.04 . Memory (MB): peak = 3649.496 ; gain = 23.809 ; free physical = 12865 ; free virtual = 159503
---------------------------------------------------------------------------------
Finished Constraint Validation : Time (s): cpu = 00:00:10 ; elapsed = 00:00:14 . Memory (MB): peak = 3649.500 ; gain = 340.094 ; free physical = 12821 ; free virtual = 159486
---------------------------------------------------------------------------------
---------------------------------------------------------------------------------
Start Loading Part and Timing Information
---------------------------------------------------------------------------------
Loading part: xcu50-fsvh2104-2-e
INFO: [Synth 8-6742] Reading net delay rules and data
---------------------------------------------------------------------------------
Finished Loading Part and Timing Information : Time (s): cpu = 00:00:10 ; elapsed = 00:00:14 . Memory (MB): peak = 3649.500 ; gain = 340.094 ; free physical = 12819 ; free virtual = 159484
---------------------------------------------------------------------------------
---------------------------------------------------------------------------------
Start Applying 'set_property' XDC Constraints
---------------------------------------------------------------------------------
Applied set_property KEEP_HIERARCHY = SOFT for inst/tr_cdc_start_0. (constraint file  auto generated constraint).
Applied set_property KEEP_HIERARCHY = SOFT for inst/tr_cdc_stop_0. (constraint file  auto generated constraint).
Applied set_property KEEP_HIERARCHY = SOFT for inst/acc_ctr_i/min_max_ctr_i/fifo_minmax/xpm_fifo_async_inst/\gnuram_async_fifo.xpm_fifo_base_inst /\gen_cdc_pntr.rd_pntr_cdc_inst . (constraint file  auto generated constraint).
Applied set_property KEEP_HIERARCHY = SOFT for inst/trace_i/fifo_i/xpm_fifo_async_inst/\gnuram_async_fifo.xpm_fifo_base_inst /\gen_cdc_pntr.rd_pntr_cdc_inst . (constraint file  auto generated constraint).
Applied set_property KEEP_HIERARCHY = SOFT for inst/acc_ctr_i/min_max_ctr_i/fifo_minmax/xpm_fifo_async_inst/\gnuram_async_fifo.xpm_fifo_base_inst /\gen_cdc_pntr.wr_pntr_cdc_inst . (constraint file  auto generated constraint).
Applied set_property KEEP_HIERARCHY = SOFT for inst/trace_i/fifo_i/xpm_fifo_async_inst/\gnuram_async_fifo.xpm_fifo_base_inst /\gen_cdc_pntr.wr_pntr_cdc_inst . (constraint file  auto generated constraint).
Applied set_property KEEP_HIERARCHY = SOFT for inst/acc_ctr_i/min_max_ctr_i/fifo_minmax/xpm_fifo_async_inst/\gnuram_async_fifo.xpm_fifo_base_inst /\gen_cdc_pntr.rd_pntr_cdc_dc_inst . (constraint file  auto generated constraint).
Applied set_property KEEP_HIERARCHY = SOFT for inst/trace_i/fifo_i/xpm_fifo_async_inst/\gnuram_async_fifo.xpm_fifo_base_inst /\gen_cdc_pntr.rd_pntr_cdc_dc_inst . (constraint file  auto generated constraint).
Applied set_property KEEP_HIERARCHY = SOFT for inst/acc_ctr_i/min_max_ctr_i/fifo_minmax/xpm_fifo_async_inst/\gnuram_async_fifo.xpm_fifo_base_inst /\gen_cdc_pntr.wr_pntr_cdc_dc_inst . (constraint file  auto generated constraint).
Applied set_property KEEP_HIERARCHY = SOFT for inst/trace_i/fifo_i/xpm_fifo_async_inst/\gnuram_async_fifo.xpm_fifo_base_inst /\gen_cdc_pntr.wr_pntr_cdc_dc_inst . (constraint file  auto generated constraint).
Applied set_property KEEP_HIERARCHY = SOFT for inst/acc_ctr_i/min_max_ctr_i/fifo_minmax/xpm_fifo_async_inst/\gnuram_async_fifo.xpm_fifo_base_inst /xpm_fifo_rst_inst/\gen_rst_ic.rrst_wr_inst . (constraint file  auto generated constraint).
Applied set_property KEEP_HIERARCHY = SOFT for inst/trace_i/fifo_i/xpm_fifo_async_inst/\gnuram_async_fifo.xpm_fifo_base_inst /xpm_fifo_rst_inst/\gen_rst_ic.rrst_wr_inst . (constraint file  auto generated constraint).
Applied set_property KEEP_HIERARCHY = SOFT for inst/acc_ctr_i/min_max_ctr_i/fifo_minmax/xpm_fifo_async_inst/\gnuram_async_fifo.xpm_fifo_base_inst /xpm_fifo_rst_inst/\gen_rst_ic.wrst_rd_inst . (constraint file  auto generated constraint).
Applied set_property KEEP_HIERARCHY = SOFT for inst/trace_i/fifo_i/xpm_fifo_async_inst/\gnuram_async_fifo.xpm_fifo_base_inst /xpm_fifo_rst_inst/\gen_rst_ic.wrst_rd_inst . (constraint file  auto generated constraint).
Applied set_property KEEP_HIERARCHY = SOFT for inst/acc_ctr_i/min_max_ctr_i/fifo_minmax/xpm_fifo_async_inst. (constraint file  auto generated constraint).
Applied set_property KEEP_HIERARCHY = SOFT for inst/trace_i/fifo_i/xpm_fifo_async_inst. (constraint file  auto generated constraint).
---------------------------------------------------------------------------------
Finished applying 'set_property' XDC Constraints : Time (s): cpu = 00:00:11 ; elapsed = 00:00:14 . Memory (MB): peak = 3649.500 ; gain = 340.094 ; free physical = 12823 ; free virtual = 159469
---------------------------------------------------------------------------------
INFO: [Synth 8-802] inferred FSM for state register 'gen_rst_ic.curr_wrst_state_reg' in module 'xpm_fifo_rst__xdcDup__1'
INFO: [Synth 8-802] inferred FSM for state register 'gen_rst_ic.curr_rrst_state_reg' in module 'xpm_fifo_rst__xdcDup__1'
INFO: [Synth 8-802] inferred FSM for state register 'gen_fwft.curr_fwft_state_reg' in module 'xpm_fifo_base'
INFO: [Synth 8-802] inferred FSM for state register 'gen_rst_ic.curr_wrst_state_reg' in module 'xpm_fifo_rst'
INFO: [Synth 8-802] inferred FSM for state register 'gen_rst_ic.curr_rrst_state_reg' in module 'xpm_fifo_rst'
INFO: [Synth 8-802] inferred FSM for state register 'gen_fwft.curr_fwft_state_reg' in module 'xpm_fifo_base__parameterized0'
INFO: [Synth 8-5552] Implemented safe state 'default_state' for state register 'gen_rst_ic.curr_wrst_state_reg' in module 'xpm_fifo_rst__xdcDup__1'
---------------------------------------------------------------------------------------------------
                   State |                     New Encoding |                Previous Encoding 
---------------------------------------------------------------------------------------------------
*
               WRST_IDLE |                            00001 |                              000
                 WRST_IN |                            00010 |                              010
                WRST_OUT |                            00100 |                              111
               WRST_EXIT |                            01000 |                              110
            WRST_GO2IDLE |                            10000 |                              100
---------------------------------------------------------------------------------------------------
INFO: [Synth 8-3354] encoded FSM with state register 'gen_rst_ic.curr_wrst_state_reg' using encoding 'one-hot' in module 'xpm_fifo_rst__xdcDup__1'
INFO: [Synth 8-5552] Implemented safe state 'default_state' for state register 'gen_rst_ic.curr_rrst_state_reg' in module 'xpm_fifo_rst__xdcDup__1'
---------------------------------------------------------------------------------------------------
                   State |                     New Encoding |                Previous Encoding 
---------------------------------------------------------------------------------------------------
                  iSTATE |                               00 |                               00
                 iSTATE0 |                               01 |                               10
                 iSTATE1 |                               10 |                               11
                 iSTATE2 |                               11 |                               01
---------------------------------------------------------------------------------------------------
INFO: [Synth 8-3354] encoded FSM with state register 'gen_rst_ic.curr_rrst_state_reg' using encoding 'sequential' in module 'xpm_fifo_rst__xdcDup__1'
---------------------------------------------------------------------------------------------------
                   State |                     New Encoding |                Previous Encoding 
---------------------------------------------------------------------------------------------------
                 invalid |                               00 |                               00
            stage1_valid |                               01 |                               10
       both_stages_valid |                               10 |                               11
            stage2_valid |                               11 |                               01
---------------------------------------------------------------------------------------------------
INFO: [Synth 8-3354] encoded FSM with state register 'gen_fwft.curr_fwft_state_reg' using encoding 'sequential' in module 'xpm_fifo_base'
INFO: [Synth 8-5552] Implemented safe state 'default_state' for state register 'gen_rst_ic.curr_wrst_state_reg' in module 'xpm_fifo_rst'
---------------------------------------------------------------------------------------------------
                   State |                     New Encoding |                Previous Encoding 
---------------------------------------------------------------------------------------------------
*
               WRST_IDLE |                            00001 |                              000
                 WRST_IN |                            00010 |                              010
                WRST_OUT |                            00100 |                              111
               WRST_EXIT |                            01000 |                              110
            WRST_GO2IDLE |                            10000 |                              100
---------------------------------------------------------------------------------------------------
INFO: [Synth 8-3354] encoded FSM with state register 'gen_rst_ic.curr_wrst_state_reg' using encoding 'one-hot' in module 'xpm_fifo_rst'
INFO: [Synth 8-5552] Implemented safe state 'default_state' for state register 'gen_rst_ic.curr_rrst_state_reg' in module 'xpm_fifo_rst'
---------------------------------------------------------------------------------------------------
                   State |                     New Encoding |                Previous Encoding 
---------------------------------------------------------------------------------------------------
                  iSTATE |                               00 |                               00
                 iSTATE0 |                               01 |                               10
                 iSTATE1 |                               10 |                               11
                 iSTATE2 |                               11 |                               01
---------------------------------------------------------------------------------------------------
INFO: [Synth 8-3354] encoded FSM with state register 'gen_rst_ic.curr_rrst_state_reg' using encoding 'sequential' in module 'xpm_fifo_rst'
---------------------------------------------------------------------------------------------------
                   State |                     New Encoding |                Previous Encoding 
---------------------------------------------------------------------------------------------------
                 invalid |                               00 |                               00
            stage1_valid |                               01 |                               10
       both_stages_valid |                               10 |                               11
            stage2_valid |                               11 |                               01
---------------------------------------------------------------------------------------------------
INFO: [Synth 8-3354] encoded FSM with state register 'gen_fwft.curr_fwft_state_reg' using encoding 'sequential' in module 'xpm_fifo_base__parameterized0'
---------------------------------------------------------------------------------
Finished RTL Optimization Phase 2 : Time (s): cpu = 00:00:11 ; elapsed = 00:00:15 . Memory (MB): peak = 3649.508 ; gain = 340.102 ; free physical = 12771 ; free virtual = 159416
---------------------------------------------------------------------------------
---------------------------------------------------------------------------------
Start RTL Component Statistics 
---------------------------------------------------------------------------------
Detailed RTL Component Info : 
+---Adders : 
	   3 Input   64 Bit       Adders := 1     
	   2 Input   33 Bit       Adders := 1     
	   4 Input    5 Bit       Adders := 6     
	   2 Input    5 Bit       Adders := 2     
	   3 Input    5 Bit       Adders := 4     
	   4 Input    4 Bit       Adders := 6     
	   3 Input    4 Bit       Adders := 2     
	   4 Input    2 Bit       Adders := 2     
+---XORs : 
	   2 Input      5 Bit         XORs := 4     
	   2 Input      4 Bit         XORs := 4     
	   2 Input      1 Bit         XORs := 28    
+---Registers : 
	               64 Bit    Registers := 9     
	               56 Bit    Registers := 3     
	               33 Bit    Registers := 1     
	               32 Bit    Registers := 6     
	                6 Bit    Registers := 2     
	                5 Bit    Registers := 34    
	                4 Bit    Registers := 38    
	                3 Bit    Registers := 4     
	                2 Bit    Registers := 6     
	                1 Bit    Registers := 61    
+---Muxes : 
	   2 Input   64 Bit        Muxes := 2     
	   3 Input   33 Bit        Muxes := 1     
	   2 Input   33 Bit        Muxes := 1     
	   3 Input   32 Bit        Muxes := 2     
	   2 Input   32 Bit        Muxes := 1     
	   6 Input   32 Bit        Muxes := 1     
	   3 Input    8 Bit        Muxes := 1     
	   2 Input    6 Bit        Muxes := 1     
	   6 Input    5 Bit        Muxes := 2     
	   2 Input    5 Bit        Muxes := 16    
	   4 Input    2 Bit        Muxes := 16    
	   2 Input    2 Bit        Muxes := 66    
	   2 Input    1 Bit        Muxes := 31    
	   6 Input    1 Bit        Muxes := 4     
	   5 Input    1 Bit        Muxes := 4     
	   4 Input    1 Bit        Muxes := 6     
---------------------------------------------------------------------------------
Finished RTL Component Statistics 
---------------------------------------------------------------------------------
---------------------------------------------------------------------------------
Start Part Resource Summary
---------------------------------------------------------------------------------
Part Resources:
DSPs: 5952 (col length:93)
BRAMs: 2688 (col length: RAMB18 192 RAMB36 96)
---------------------------------------------------------------------------------
Finished Part Resource Summary
---------------------------------------------------------------------------------
---------------------------------------------------------------------------------
Start Cross Boundary and Area Optimization
---------------------------------------------------------------------------------
---------------------------------------------------------------------------------
Finished Cross Boundary and Area Optimization : Time (s): cpu = 00:00:16 ; elapsed = 00:00:21 . Memory (MB): peak = 3649.508 ; gain = 340.102 ; free physical = 12702 ; free virtual = 159353
---------------------------------------------------------------------------------
---------------------------------------------------------------------------------
Start ROM, RAM, DSP, Shift Register and Retiming Reporting
---------------------------------------------------------------------------------

Distributed RAM: Preliminary Mapping	Report (see note below)
+----------------------------------------------------------------------------------------------------------------------------------------+----------------------------------+----------------+----------------------+---------------+
|Module Name                                                                                                                             | RTL Object                       | Inference      | Size (Depth x Width) | Primitives    | 
+----------------------------------------------------------------------------------------------------------------------------------------+----------------------------------+----------------+----------------------+---------------+
|\inst/acc_ctr_i/min_max_ctr_i/fifo_minmax/xpm_fifo_async_inst /\gnuram_async_fifo.xpm_fifo_base_inst /\gen_sdpram.xpm_memory_base_inst  | gen_wr_a.gen_word_narrow.mem_reg | User Attribute | 16 x 64              | RAM32M16 x 5	 | 
|\inst/trace_i/fifo_i/xpm_fifo_async_inst /\gnuram_async_fifo.xpm_fifo_base_inst /\gen_sdpram.xpm_memory_base_inst                       | gen_wr_a.gen_word_narrow.mem_reg | User Attribute | 16 x 56              | RAM32M16 x 4	 | 
+----------------------------------------------------------------------------------------------------------------------------------------+----------------------------------+----------------+----------------------+---------------+

Note: The table above is a preliminary report that shows the Distributed RAMs at the current stage of the synthesis flow. Some Distributed RAMs may be reimplemented as non Distributed RAM primitives later in the synthesis flow. Multiple instantiated RAMs are reported only once.
---------------------------------------------------------------------------------
Finished ROM, RAM, DSP, Shift Register and Retiming Reporting
---------------------------------------------------------------------------------
---------------------------------------------------------------------------------
Start Applying XDC Timing Constraints
---------------------------------------------------------------------------------
---------------------------------------------------------------------------------
Finished Applying XDC Timing Constraints : Time (s): cpu = 00:00:32 ; elapsed = 00:00:56 . Memory (MB): peak = 3961.805 ; gain = 652.398 ; free physical = 11879 ; free virtual = 158607
---------------------------------------------------------------------------------
---------------------------------------------------------------------------------
Start Timing Optimization
---------------------------------------------------------------------------------
---------------------------------------------------------------------------------
Finished Timing Optimization : Time (s): cpu = 00:00:33 ; elapsed = 00:00:56 . Memory (MB): peak = 3962.805 ; gain = 653.398 ; free physical = 11852 ; free virtual = 158580
---------------------------------------------------------------------------------
---------------------------------------------------------------------------------
Start ROM, RAM, DSP, Shift Register and Retiming Reporting
---------------------------------------------------------------------------------

Distributed RAM: Final Mapping	Report
+----------------------------------------------------------------------------------------------------------------------------------------+----------------------------------+----------------+----------------------+---------------+
|Module Name                                                                                                                             | RTL Object                       | Inference      | Size (Depth x Width) | Primitives    | 
+----------------------------------------------------------------------------------------------------------------------------------------+----------------------------------+----------------+----------------------+---------------+
|\inst/acc_ctr_i/min_max_ctr_i/fifo_minmax/xpm_fifo_async_inst /\gnuram_async_fifo.xpm_fifo_base_inst /\gen_sdpram.xpm_memory_base_inst  | gen_wr_a.gen_word_narrow.mem_reg | User Attribute | 16 x 64              | RAM32M16 x 5	 | 
|\inst/trace_i/fifo_i/xpm_fifo_async_inst /\gnuram_async_fifo.xpm_fifo_base_inst /\gen_sdpram.xpm_memory_base_inst                       | gen_wr_a.gen_word_narrow.mem_reg | User Attribute | 16 x 56              | RAM32M16 x 4	 | 
+----------------------------------------------------------------------------------------------------------------------------------------+----------------------------------+----------------+----------------------+---------------+

---------------------------------------------------------------------------------
Finished ROM, RAM, DSP, Shift Register and Retiming Reporting
---------------------------------------------------------------------------------
---------------------------------------------------------------------------------
Start Technology Mapping
---------------------------------------------------------------------------------
---------------------------------------------------------------------------------
Finished Technology Mapping : Time (s): cpu = 00:00:34 ; elapsed = 00:00:58 . Memory (MB): peak = 3991.852 ; gain = 682.445 ; free physical = 11776 ; free virtual = 158504
---------------------------------------------------------------------------------
---------------------------------------------------------------------------------
Start IO Insertion
---------------------------------------------------------------------------------
---------------------------------------------------------------------------------
Start Flattening Before IO Insertion
---------------------------------------------------------------------------------
---------------------------------------------------------------------------------
Finished Flattening Before IO Insertion
---------------------------------------------------------------------------------
---------------------------------------------------------------------------------
Start Final Netlist Cleanup
---------------------------------------------------------------------------------
---------------------------------------------------------------------------------
Finished Final Netlist Cleanup
---------------------------------------------------------------------------------
---------------------------------------------------------------------------------
Finished IO Insertion : Time (s): cpu = 00:00:36 ; elapsed = 00:01:00 . Memory (MB): peak = 3997.793 ; gain = 688.387 ; free physical = 11618 ; free virtual = 158347
---------------------------------------------------------------------------------
---------------------------------------------------------------------------------
Start Renaming Generated Instances
---------------------------------------------------------------------------------
---------------------------------------------------------------------------------
Finished Renaming Generated Instances : Time (s): cpu = 00:00:36 ; elapsed = 00:01:00 . Memory (MB): peak = 3997.793 ; gain = 688.387 ; free physical = 11616 ; free virtual = 158344
---------------------------------------------------------------------------------
---------------------------------------------------------------------------------
Start Rebuilding User Hierarchy
---------------------------------------------------------------------------------
---------------------------------------------------------------------------------
Finished Rebuilding User Hierarchy : Time (s): cpu = 00:00:36 ; elapsed = 00:01:00 . Memory (MB): peak = 3997.793 ; gain = 688.387 ; free physical = 11602 ; free virtual = 158330
---------------------------------------------------------------------------------
---------------------------------------------------------------------------------
Start Renaming Generated Ports
---------------------------------------------------------------------------------
---------------------------------------------------------------------------------
Finished Renaming Generated Ports : Time (s): cpu = 00:00:36 ; elapsed = 00:01:00 . Memory (MB): peak = 3997.793 ; gain = 688.387 ; free physical = 11602 ; free virtual = 158330
---------------------------------------------------------------------------------
---------------------------------------------------------------------------------
Start Handling Custom Attributes
---------------------------------------------------------------------------------
---------------------------------------------------------------------------------
Finished Handling Custom Attributes : Time (s): cpu = 00:00:37 ; elapsed = 00:01:00 . Memory (MB): peak = 3997.793 ; gain = 688.387 ; free physical = 11595 ; free virtual = 158324
---------------------------------------------------------------------------------
---------------------------------------------------------------------------------
Start Renaming Generated Nets
---------------------------------------------------------------------------------
---------------------------------------------------------------------------------
Finished Renaming Generated Nets : Time (s): cpu = 00:00:37 ; elapsed = 00:01:00 . Memory (MB): peak = 3997.793 ; gain = 688.387 ; free physical = 11595 ; free virtual = 158324
---------------------------------------------------------------------------------
---------------------------------------------------------------------------------
Start Writing Synthesis Report
---------------------------------------------------------------------------------

Report BlackBoxes: 
+-+--------------+----------+
| |BlackBox name |Instances |
+-+--------------+----------+
+-+--------------+----------+

Report Cell Usage: 
+------+---------+------+
|      |Cell     |Count |
+------+---------+------+
|1     |CARRY8   |    99|
|2     |LUT1     |    20|
|3     |LUT2     |   273|
|4     |LUT3     |   138|
|5     |LUT4     |   286|
|6     |LUT5     |    73|
|7     |LUT6     |   285|
|8     |MUXF7    |    64|
|9     |MUXF8    |    32|
|10    |RAM32M16 |     9|
|11    |FDRE     |  1816|
|12    |FDSE     |    84|
+------+---------+------+
---------------------------------------------------------------------------------
Finished Writing Synthesis Report : Time (s): cpu = 00:00:37 ; elapsed = 00:01:01 . Memory (MB): peak = 3997.793 ; gain = 688.387 ; free physical = 11595 ; free virtual = 158324
---------------------------------------------------------------------------------
Synthesis finished with 0 errors, 0 critical warnings and 0 warnings.
Synthesis Optimization Runtime : Time (s): cpu = 00:00:34 ; elapsed = 00:00:57 . Memory (MB): peak = 3997.793 ; gain = 571.762 ; free physical = 11636 ; free virtual = 158365
Synthesis Optimization Complete : Time (s): cpu = 00:00:37 ; elapsed = 00:01:01 . Memory (MB): peak = 3997.797 ; gain = 688.387 ; free physical = 11636 ; free virtual = 158365
INFO: [Project 1-571] Translating synthesized netlist
Netlist sorting complete. Time (s): cpu = 00:00:00.03 ; elapsed = 00:00:00.04 . Memory (MB): peak = 4008.762 ; gain = 0.000 ; free physical = 11698 ; free virtual = 158426
INFO: [Netlist 29-17] Analyzing 204 Unisim elements for replacement
INFO: [Netlist 29-28] Unisim Transformation completed in 0 CPU seconds
INFO: [Project 1-570] Preparing netlist for logic optimization
INFO: [Opt 31-138] Pushed 0 inverter(s) to 0 load pin(s).
Netlist sorting complete. Time (s): cpu = 00:00:00 ; elapsed = 00:00:00 . Memory (MB): peak = 4047.449 ; gain = 0.000 ; free physical = 11515 ; free virtual = 158243
INFO: [Project 1-111] Unisim Transformation Summary:
  A total of 9 instances were transformed.
  RAM32M16 => RAM32M16 (RAMD32(x14), RAMS32(x2)): 9 instances

INFO: [Common 17-83] Releasing license: Synthesis
110 Infos, 38 Warnings, 0 Critical Warnings and 0 Errors encountered.
synth_design completed successfully
synth_design: Time (s): cpu = 00:00:52 ; elapsed = 00:01:20 . Memory (MB): peak = 4047.449 ; gain = 1485.402 ; free physical = 11641 ; free virtual = 158369
INFO: [Common 17-600] The following parameters have non-default value.
general.maxThreads
INFO: [Common 17-1381] The checkpoint '/wrk/xsjhdnobkup5/ravic/work/PORT_test1/build/HBM_banks2/temp_dir/link/vivado/vpl/prj/prj.runs/ulp_dpa_mon0_0_synth_1/ulp_dpa_mon0_0.dcp' has been generated.
WARNING: [Common 17-576] 'use_project_ipc' is deprecated. This option is deprecated and no longer used.
INFO: [Coretcl 2-1648] Added synthesis output to IP cache for IP ulp_dpa_mon0_0, cache-ID = 22fcb90f6e733330
INFO: [Coretcl 2-1174] Renamed 58 cell refs.
INFO: [Common 17-1381] The checkpoint '/wrk/xsjhdnobkup5/ravic/work/PORT_test1/build/HBM_banks2/temp_dir/link/vivado/vpl/prj/prj.runs/ulp_dpa_mon0_0_synth_1/ulp_dpa_mon0_0.dcp' has been generated.
INFO: [runtcl-4] Executing : report_utilization -file ulp_dpa_mon0_0_utilization_synth.rpt -pb ulp_dpa_mon0_0_utilization_synth.pb
INFO: [Common 17-206] Exiting Vivado at Sun Dec  6 17:46:57 2020...
