Sourcing Tcl script '/home/ravic/.Xilinx/HLS_init.tcl'
INFO: [HLS 200-10] Running '/proj/xbuilds/SWIP/2020.2_1120_2158/installs/lin64/Vitis_HLS/2020.2/bin/unwrapped/lnx64.o/vitis_hls'
INFO: [HLS 200-10] For user 'ravic' on host 'xsjrdevl110' (Linux_x86_64 version 3.10.0-693.el7.x86_64) on Wed Dec 02 10:40:53 PST 2020
INFO: [HLS 200-10] On os "CentOS Linux release 7.4.1708 (Core) "
INFO: [HLS 200-10] In directory '/wrk/xsjhdnobkup5/ravic/work/Port_DDR_to_HBM/build/HBM_banks2/temp_dir/vadd_hw_emu/vadd'
Sourcing Tcl script '/wrk/xsjhdnobkup5/ravic/work/Port_DDR_to_HBM/build/HBM_banks2/temp_dir/vadd_hw_emu/vadd/vadd/solution/csynth.tcl'
INFO: [HLS 200-1510] Running: open_project vadd 
INFO: [HLS 200-10] Opening project '/wrk/xsjhdnobkup5/ravic/work/Port_DDR_to_HBM/build/HBM_banks2/temp_dir/vadd_hw_emu/vadd/vadd'.
INFO: [HLS 200-1510] Running: set_top vadd 
INFO: [HLS 200-1510] Running: add_files ../../../../../reference_files/kernel.cpp -cflags -g -DNDDR_BANKS=2 -I/wrk/xsjhdnobkup5/ravic/work/Port_DDR_to_HBM/reference_files 
INFO: [HLS 200-10] Adding design file '../../../../../reference_files/kernel.cpp' to the project
INFO: [HLS 200-1510] Running: open_solution solution -flow_target vitis 
INFO: [HLS 200-10] Opening solution '/wrk/xsjhdnobkup5/ravic/work/Port_DDR_to_HBM/build/HBM_banks2/temp_dir/vadd_hw_emu/vadd/vadd/solution'.
INFO: [SYN 201-201] Setting up clock 'default' with a period of 3.333ns.
INFO: [HLS 200-10] Setting target device to 'xcu50-fsvh2104-2-e'
INFO: [HLS 200-1505] Using flow_target 'vitis'
Resolution: For help on HLS 200-1505 see www.xilinx.com/cgi-bin/docs/rdoc?v=2020.2;t=hls+guidance;d=200-1505.html
INFO: [HLS 200-1464] Running solution command: config_interface -m_axi_latency=64
INFO: [HLS 200-1464] Running solution command: config_interface -m_axi_alignment_byte_size=64
INFO: [HLS 200-1464] Running solution command: config_interface -m_axi_max_widen_bitwidth=512
INFO: [HLS 200-1464] Running solution command: config_interface -default_interface=kernel
INFO: [HLS 200-1464] Running solution command: config_interface -m_axi_offset=slave
INFO: [HLS 200-1464] Running solution command: config_interface -m_axi_addr64=1
INFO: [HLS 200-1464] Running solution command: config_interface -m_axi_conservative_mode=1
INFO: [HLS 200-1464] Running solution command: config_interface -m_axi_auto_max_ports=0
INFO: [HLS 200-1464] Running solution command: config_rtl -register_reset_num=3
INFO: [HLS 200-1464] Running solution command: config_rtl -kernel_profile=1
INFO: [HLS 200-1464] Running solution command: config_dataflow -strict_mode=warning
INFO: [HLS 200-1464] Running solution command: config_debug -enable=1
INFO: [HLS 200-1464] Running solution command: config_export -disable_deadlock_detection=1
INFO: [HLS 200-1464] Running solution command: config_export -format=ip_catalog
INFO: [HLS 200-1464] Running solution command: config_export -ipname=vadd
INFO: [HLS 200-1510] Running: set_part xcu50-fsvh2104-2-e 
INFO: [HLS 200-1510] Running: create_clock -period 300.000000MHz -name default 
INFO: [HLS 200-1510] Running: config_interface -m_axi_addr64 -m_axi_alignment_byte_size 64 -m_axi_auto_max_ports=0 -m_axi_conservative_mode -m_axi_latency 64 -m_axi_max_widen_bitwidth 512 -m_axi_offset slave 
INFO: [HLS 200-1510] Running: config_rtl -kernel_profile -register_reset_num 3 
INFO: [HLS 200-1510] Running: config_dataflow -strict_mode warning 
INFO: [HLS 200-1510] Running: config_debug -enable 
INFO: [HLS 200-1510] Running: config_export -disable_deadlock_detection -format ip_catalog -ipname vadd 
INFO: [HLS 200-1510] Running: set_directive_top -name vadd vadd 
INFO: [HLS 200-1510] Running: csynth_design 
INFO: [HLS 200-111] Finished File checks and directory preparation: CPU user time: 0.01 seconds. CPU system time: 0 seconds. Elapsed time: 0.01 seconds; current allocated memory: 439.614 MB.
INFO: [HLS 200-10] Analyzing design file '../../../../../reference_files/kernel.cpp' ... 
INFO: [HLS 200-111] Finished Source Code Analysis and Preprocessing: CPU user time: 3.43 seconds. CPU system time: 0.44 seconds. Elapsed time: 3.95 seconds; current allocated memory: 440.669 MB.
INFO: [HLS 200-777] Using interface defaults for 'Vitis' flow target.
INFO: [HLS 214-178] Inlining function 'minRand(unsigned int, int)' into 'vadd' (../../../../../reference_files/kernel.cpp:85:0)
INFO: [HLS 214-115] Multiple burst reads of variable length and bit width 32 in loop 'read1'(../../../../../reference_files/kernel.cpp:109:16) has been inferred on port 'gmem' (../../../../../reference_files/kernel.cpp:109:16)
INFO: [HLS 214-115] Multiple burst reads of variable length and bit width 32 in loop 'read2'(../../../../../reference_files/kernel.cpp:114:16) has been inferred on port 'gmem' (../../../../../reference_files/kernel.cpp:114:16)
INFO: [HLS 214-115] Multiple burst writes of variable length and bit width 32 in loop 'write'(../../../../../reference_files/kernel.cpp:129:16) has been inferred on port 'gmem' (../../../../../reference_files/kernel.cpp:129:16)
INFO: [HLS 200-111] Finished Compiling Optimization and Transform: CPU user time: 4.02 seconds. CPU system time: 0.57 seconds. Elapsed time: 4.7 seconds; current allocated memory: 442.117 MB.
INFO: [HLS 200-111] Finished Checking Pragmas: CPU user time: 0 seconds. CPU system time: 0 seconds. Elapsed time: 0 seconds; current allocated memory: 442.117 MB.
INFO: [HLS 200-10] Starting code transformations ...
INFO: [HLS 200-111] Finished Standard Transforms: CPU user time: 0.04 seconds. CPU system time: 0 seconds. Elapsed time: 0.06 seconds; current allocated memory: 444.856 MB.
INFO: [HLS 200-10] Checking synthesizability ...
INFO: [HLS 200-111] Finished Checking Synthesizability: CPU user time: 0.09 seconds. CPU system time: 0.01 seconds. Elapsed time: 0.09 seconds; current allocated memory: 445.985 MB.
INFO: [HLS 200-111] Finished Loop, function and other optimizations: CPU user time: 0.22 seconds. CPU system time: 0 seconds. Elapsed time: 0.24 seconds; current allocated memory: 468.461 MB.
WARNING: [HLS 200-960] Cannot flatten loop 'VITIS_LOOP_99_2' (../../../../../reference_files/kernel.cpp:91:9) in function 'vadd' more than one sub loop.
Resolution: For help on HLS 200-960 see www.xilinx.com/cgi-bin/docs/rdoc?v=2020.2;t=hls+guidance;d=200-960.html
WARNING: [HLS 200-960] Cannot flatten loop 'VITIS_LOOP_95_1' (../../../../../reference_files/kernel.cpp:95:29) in function 'vadd' the outer loop is not a perfect loop because either the parent loop or the sub loop has no computeable trip count.
Resolution: For help on HLS 200-960 see www.xilinx.com/cgi-bin/docs/rdoc?v=2020.2;t=hls+guidance;d=200-960.html
INFO: [HLS 200-472] Inferring partial write operation for 'v1_buffer' (../../../../../reference_files/kernel.cpp:112:15)
INFO: [HLS 200-472] Inferring partial write operation for 'v2_buffer' (../../../../../reference_files/kernel.cpp:117:15)
INFO: [HLS 200-472] Inferring partial write operation for 'vout_buffer' (../../../../../reference_files/kernel.cpp:126:17)
INFO: [HLS 200-111] Finished Architecture Synthesis: CPU user time: 0.17 seconds. CPU system time: 0 seconds. Elapsed time: 0.18 seconds; current allocated memory: 462.754 MB.
INFO: [HLS 200-10] Starting hardware synthesis ...
INFO: [HLS 200-10] Synthesizing 'vadd' ...
WARNING: [SYN 201-107] Renaming port name 'vadd/out' to 'vadd/out_r' to avoid the conflict with HDL keywords or other object names.
INFO: [HLS 200-10] ----------------------------------------------------------------
INFO: [HLS 200-42] -- Implementing module 'vadd' 
INFO: [HLS 200-10] ----------------------------------------------------------------
INFO: [SCHED 204-11] Starting scheduling ...
INFO: [SCHED 204-61] Pipelining loop 'read1'.
INFO: [HLS 200-1470] Pipelining result : Target II = 1, Final II = 1, Depth = 3, loop 'read1'
INFO: [SCHED 204-61] Pipelining loop 'read2'.
INFO: [HLS 200-1470] Pipelining result : Target II = 1, Final II = 1, Depth = 3, loop 'read2'
INFO: [SCHED 204-61] Pipelining loop 'vadd'.
INFO: [HLS 200-1470] Pipelining result : Target II = 1, Final II = 1, Depth = 3, loop 'vadd'
INFO: [SCHED 204-61] Pipelining loop 'write'.
INFO: [HLS 200-1470] Pipelining result : Target II = 1, Final II = 1, Depth = 3, loop 'write'
INFO: [SCHED 204-11] Finished scheduling.
INFO: [HLS 200-111] Finished Scheduling: CPU user time: 0.41 seconds. CPU system time: 0.01 seconds. Elapsed time: 0.45 seconds; current allocated memory: 463.778 MB.
INFO: [BIND 205-100] Starting micro-architecture generation ...
INFO: [BIND 205-101] Performing variable lifetime analysis.
INFO: [BIND 205-101] Exploring resource sharing.
INFO: [BIND 205-101] Binding ...
INFO: [BIND 205-100] Finished micro-architecture generation.
INFO: [HLS 200-111] Finished Binding: CPU user time: 0.99 seconds. CPU system time: 0.02 seconds. Elapsed time: 1.03 seconds; current allocated memory: 465.277 MB.
INFO: [HLS 200-10] ----------------------------------------------------------------
INFO: [HLS 200-10] -- Generating RTL for module 'vadd' 
INFO: [HLS 200-10] ----------------------------------------------------------------
WARNING: [RTGEN 206-101] Design contains AXI ports. Reset is fixed to synchronous and active low.
INFO: [RTGEN 206-500] Setting interface mode on port 'vadd/gmem' to 'm_axi'.
INFO: [RTGEN 206-500] Setting interface mode on port 'vadd/in1' to 's_axilite & ap_none'.
INFO: [RTGEN 206-500] Setting interface mode on port 'vadd/in2' to 's_axilite & ap_none'.
INFO: [RTGEN 206-500] Setting interface mode on port 'vadd/out_r' to 's_axilite & ap_none'.
INFO: [RTGEN 206-500] Setting interface mode on port 'vadd/size' to 's_axilite & ap_none'.
INFO: [RTGEN 206-500] Setting interface mode on port 'vadd/num_times' to 's_axilite & ap_none'.
INFO: [RTGEN 206-500] Setting interface mode on port 'vadd/addRandom' to 's_axilite & ap_none'.
INFO: [RTGEN 206-500] Setting interface mode on function 'vadd' to 's_axilite & ap_ctrl_chain'.
INFO: [RTGEN 206-100] Bundling port 'in1', 'in2', 'out_r', 'size', 'num_times', 'addRandom' to AXI-Lite port control.
INFO: [RTGEN 206-100] Generating core module 'urem_32ns_32ns_32_36_seq_1': 1 instance(s).
INFO: [RTGEN 206-100] Finished creating RTL model for 'vadd'.
INFO: [HLS 200-111] Finished Creating RTL model: CPU user time: 0.42 seconds. CPU system time: 0.01 seconds. Elapsed time: 0.47 seconds; current allocated memory: 468.709 MB.
INFO: [RTMG 210-282] Generating pipelined core: 'vadd_urem_32ns_32ns_32_36_seq_1_div'
INFO: [RTMG 210-278] Implementing memory 'vadd_v1_buffer_ram (RAM)' using auto RAMs.
INFO: [HLS 200-111] Finished Generating all RTL models: CPU user time: 2.25 seconds. CPU system time: 0.1 seconds. Elapsed time: 2.89 seconds; current allocated memory: 480.276 MB.
INFO: [VHDL 208-304] Generating VHDL RTL for vadd.
INFO: [VLOG 209-307] Generating Verilog RTL for vadd.
INFO: [HLS 200-1603] Design has MAXI bursts and missed bursts, see Vitis HLS GUI synthesis summary report for detailed information.
INFO: [HLS 200-790] **** Loop Constraint Status: All loop constraints were satisfied.
INFO: [HLS 200-789] **** Estimated Fmax: 411.00 MHz
INFO: [HLS 200-111] Finished Command csynth_design CPU user time: 12.21 seconds. CPU system time: 1.16 seconds. Elapsed time: 14.26 seconds; current allocated memory: 480.839 MB.
INFO: [HLS 200-112] Total CPU user time: 20.47 seconds. Total CPU system time: 2.63 seconds. Total elapsed time: 22.9 seconds; peak allocated memory: 480.276 MB.
